[2025-05-05T09:49:26.484+0000] {logging_mixin.py:151} INFO - Changing /opt/airflow/logs/dag_id=statsbomb_full_ingestion/run_id=scheduled__2025-05-04T00:00:00+00:00/task_id=ingest_competitions permission to 509
[2025-05-05T09:49:26.597+0000] {logging_mixin.py:151} INFO - Changing /opt/airflow/logs/dag_id=statsbomb_full_ingestion/run_id=scheduled__2025-05-04T00:00:00+00:00/task_id=ingest_competitions permission to 509
[2025-05-05T09:49:26.783+0000] {taskinstance.py:1157} INFO - Dependencies all met for dep_context=non-requeueable deps ti=<TaskInstance: statsbomb_full_ingestion.ingest_competitions scheduled__2025-05-04T00:00:00+00:00 [queued]>
[2025-05-05T09:49:26.827+0000] {taskinstance.py:1157} INFO - Dependencies all met for dep_context=requeueable deps ti=<TaskInstance: statsbomb_full_ingestion.ingest_competitions scheduled__2025-05-04T00:00:00+00:00 [queued]>
[2025-05-05T09:49:26.830+0000] {taskinstance.py:1359} INFO - Starting attempt 1 of 2
[2025-05-05T09:49:26.863+0000] {taskinstance.py:1380} INFO - Executing <Task(PythonOperator): ingest_competitions> on 2025-05-04 00:00:00+00:00
[2025-05-05T09:49:26.872+0000] {standard_task_runner.py:57} INFO - Started process 204 to run task
[2025-05-05T09:49:26.879+0000] {standard_task_runner.py:84} INFO - Running: ['airflow', 'tasks', 'run', 'statsbomb_full_ingestion', 'ingest_competitions', 'scheduled__2025-05-04T00:00:00+00:00', '--job-id', '45', '--raw', '--subdir', 'DAGS_FOLDER/statsbomb_ingestion.py', '--cfg-path', '/tmp/tmp2xckwi2m']
[2025-05-05T09:49:26.904+0000] {standard_task_runner.py:85} INFO - Job 45: Subtask ingest_competitions
[2025-05-05T09:49:27.099+0000] {logging_mixin.py:151} INFO - Changing /opt/airflow/logs/dag_id=statsbomb_full_ingestion/run_id=scheduled__2025-05-04T00:00:00+00:00/task_id=ingest_competitions permission to 509
[2025-05-05T09:49:27.150+0000] {task_command.py:415} INFO - Running <TaskInstance: statsbomb_full_ingestion.ingest_competitions scheduled__2025-05-04T00:00:00+00:00 [running]> on host db0a756e67ca
[2025-05-05T09:49:27.419+0000] {taskinstance.py:1660} INFO - Exporting env vars: AIRFLOW_CTX_DAG_OWNER='airflow' AIRFLOW_CTX_DAG_ID='statsbomb_full_ingestion' AIRFLOW_CTX_TASK_ID='ingest_competitions' AIRFLOW_CTX_EXECUTION_DATE='2025-05-04T00:00:00+00:00' AIRFLOW_CTX_TRY_NUMBER='1' AIRFLOW_CTX_DAG_RUN_ID='scheduled__2025-05-04T00:00:00+00:00'
[2025-05-05T09:49:27.426+0000] {statsbomb_ingestion.py:30} INFO - Downloading https://raw.githubusercontent.com/statsbomb/open-data/master/data/competitions.json
[2025-05-05T09:49:27.817+0000] {crypto.py:82} WARNING - empty cryptography key - values will not be stored encrypted.
[2025-05-05T09:49:27.822+0000] {base.py:73} INFO - Using connection ID 'minio_default' for task execution.
[2025-05-05T09:49:27.836+0000] {logging_mixin.py:151} WARNING - <string>:8 AirflowProviderDeprecationWarning: AWS Connection (conn_id='minio_default', conn_type='s3') has connection type 's3', which has been replaced by connection type 'aws'. Please update your connection to have `conn_type='aws'`.
[2025-05-05T09:49:27.838+0000] {connection_wrapper.py:340} INFO - AWS Connection (conn_id='minio_default', conn_type='s3') credentials retrieved from login and password.
[2025-05-05T09:49:27.843+0000] {logging_mixin.py:151} WARNING - <string>:8 AirflowProviderDeprecationWarning: Host minio specified in the connection is not used. Please, set it on extra['endpoint_url'] instead
[2025-05-05T09:49:29.827+0000] {statsbomb_ingestion.py:42} INFO - Uploaded to s3://statsbomb/competitions.json
[2025-05-05T09:49:29.834+0000] {python.py:194} INFO - Done. Returned value was: None
[2025-05-05T09:49:29.881+0000] {taskinstance.py:1398} INFO - Marking task as SUCCESS. dag_id=statsbomb_full_ingestion, task_id=ingest_competitions, execution_date=20250504T000000, start_date=20250505T094926, end_date=20250505T094929
[2025-05-05T09:49:30.030+0000] {local_task_job_runner.py:228} INFO - Task exited with return code 0
[2025-05-05T09:49:30.098+0000] {taskinstance.py:2776} INFO - 1 downstream tasks scheduled from follow-on schedule check
