[2025-05-02T21:56:40.561+0000] {logging_mixin.py:151} INFO - Changing /opt/airflow/logs/dag_id=statsbomb_full_ingestion/run_id=manual__2025-05-02T21:56:35.270479+00:00/task_id=ingest_matches permission to 509
[2025-05-02T21:56:40.605+0000] {logging_mixin.py:151} INFO - Changing /opt/airflow/logs/dag_id=statsbomb_full_ingestion/run_id=manual__2025-05-02T21:56:35.270479+00:00/task_id=ingest_matches permission to 509
[2025-05-02T21:56:40.637+0000] {taskinstance.py:1157} INFO - Dependencies all met for dep_context=non-requeueable deps ti=<TaskInstance: statsbomb_full_ingestion.ingest_matches manual__2025-05-02T21:56:35.270479+00:00 [queued]>
[2025-05-02T21:56:40.650+0000] {taskinstance.py:1157} INFO - Dependencies all met for dep_context=requeueable deps ti=<TaskInstance: statsbomb_full_ingestion.ingest_matches manual__2025-05-02T21:56:35.270479+00:00 [queued]>
[2025-05-02T21:56:40.651+0000] {taskinstance.py:1359} INFO - Starting attempt 1 of 2
[2025-05-02T21:56:40.668+0000] {taskinstance.py:1380} INFO - Executing <Task(PythonOperator): ingest_matches> on 2025-05-02 21:56:35.270479+00:00
[2025-05-02T21:56:40.673+0000] {standard_task_runner.py:57} INFO - Started process 433 to run task
[2025-05-02T21:56:40.676+0000] {standard_task_runner.py:84} INFO - Running: ['airflow', 'tasks', 'run', 'statsbomb_full_ingestion', 'ingest_matches', 'manual__2025-05-02T21:56:35.270479+00:00', '--job-id', '9', '--raw', '--subdir', 'DAGS_FOLDER/statsbomb_ingestion.py', '--cfg-path', '/tmp/tmpxmqzn_gi']
[2025-05-02T21:56:40.679+0000] {standard_task_runner.py:85} INFO - Job 9: Subtask ingest_matches
[2025-05-02T21:56:40.728+0000] {logging_mixin.py:151} INFO - Changing /opt/airflow/logs/dag_id=statsbomb_full_ingestion/run_id=manual__2025-05-02T21:56:35.270479+00:00/task_id=ingest_matches permission to 509
[2025-05-02T21:56:40.739+0000] {task_command.py:415} INFO - Running <TaskInstance: statsbomb_full_ingestion.ingest_matches manual__2025-05-02T21:56:35.270479+00:00 [running]> on host e2d1066c2b98
[2025-05-02T21:56:40.820+0000] {taskinstance.py:1660} INFO - Exporting env vars: AIRFLOW_CTX_DAG_OWNER='airflow' AIRFLOW_CTX_DAG_ID='statsbomb_full_ingestion' AIRFLOW_CTX_TASK_ID='ingest_matches' AIRFLOW_CTX_EXECUTION_DATE='2025-05-02T21:56:35.270479+00:00' AIRFLOW_CTX_TRY_NUMBER='1' AIRFLOW_CTX_DAG_RUN_ID='manual__2025-05-02T21:56:35.270479+00:00'
[2025-05-02T21:56:40.824+0000] {crypto.py:82} WARNING - empty cryptography key - values will not be stored encrypted.
[2025-05-02T21:56:40.827+0000] {base.py:73} INFO - Using connection ID 'minio_default' for task execution.
[2025-05-02T21:56:40.833+0000] {logging_mixin.py:151} WARNING - <string>:8 AirflowProviderDeprecationWarning: AWS Connection (conn_id='minio_default', conn_type='s3') has connection type 's3', which has been replaced by connection type 'aws'. Please update your connection to have `conn_type='aws'`.
[2025-05-02T21:56:40.835+0000] {connection_wrapper.py:340} INFO - AWS Connection (conn_id='minio_default', conn_type='s3') credentials retrieved from login and password.
[2025-05-02T21:56:40.837+0000] {logging_mixin.py:151} WARNING - <string>:8 AirflowProviderDeprecationWarning: Host minio specified in the connection is not used. Please, set it on extra['endpoint_url'] instead
[2025-05-02T21:56:43.464+0000] {base.py:73} INFO - Using connection ID 'minio_default' for task execution.
[2025-05-02T21:56:43.467+0000] {connection_wrapper.py:340} INFO - AWS Connection (conn_id='minio_default', conn_type='s3') credentials retrieved from login and password.
[2025-05-02T21:56:44.836+0000] {base.py:73} INFO - Using connection ID 'minio_default' for task execution.
[2025-05-02T21:56:44.838+0000] {connection_wrapper.py:340} INFO - AWS Connection (conn_id='minio_default', conn_type='s3') credentials retrieved from login and password.
[2025-05-02T21:56:45.728+0000] {base.py:73} INFO - Using connection ID 'minio_default' for task execution.
[2025-05-02T21:56:45.730+0000] {connection_wrapper.py:340} INFO - AWS Connection (conn_id='minio_default', conn_type='s3') credentials retrieved from login and password.
[2025-05-02T21:56:47.381+0000] {base.py:73} INFO - Using connection ID 'minio_default' for task execution.
[2025-05-02T21:56:47.385+0000] {connection_wrapper.py:340} INFO - AWS Connection (conn_id='minio_default', conn_type='s3') credentials retrieved from login and password.
[2025-05-02T21:56:48.135+0000] {base.py:73} INFO - Using connection ID 'minio_default' for task execution.
[2025-05-02T21:56:48.137+0000] {connection_wrapper.py:340} INFO - AWS Connection (conn_id='minio_default', conn_type='s3') credentials retrieved from login and password.
[2025-05-02T21:56:48.786+0000] {base.py:73} INFO - Using connection ID 'minio_default' for task execution.
[2025-05-02T21:56:48.788+0000] {connection_wrapper.py:340} INFO - AWS Connection (conn_id='minio_default', conn_type='s3') credentials retrieved from login and password.
[2025-05-02T21:56:49.261+0000] {base.py:73} INFO - Using connection ID 'minio_default' for task execution.
[2025-05-02T21:56:49.263+0000] {connection_wrapper.py:340} INFO - AWS Connection (conn_id='minio_default', conn_type='s3') credentials retrieved from login and password.
[2025-05-02T21:56:49.519+0000] {base.py:73} INFO - Using connection ID 'minio_default' for task execution.
[2025-05-02T21:56:49.521+0000] {connection_wrapper.py:340} INFO - AWS Connection (conn_id='minio_default', conn_type='s3') credentials retrieved from login and password.
[2025-05-02T21:56:50.002+0000] {base.py:73} INFO - Using connection ID 'minio_default' for task execution.
[2025-05-02T21:56:50.005+0000] {connection_wrapper.py:340} INFO - AWS Connection (conn_id='minio_default', conn_type='s3') credentials retrieved from login and password.
[2025-05-02T21:56:50.702+0000] {base.py:73} INFO - Using connection ID 'minio_default' for task execution.
[2025-05-02T21:56:50.705+0000] {connection_wrapper.py:340} INFO - AWS Connection (conn_id='minio_default', conn_type='s3') credentials retrieved from login and password.
[2025-05-02T21:56:51.314+0000] {base.py:73} INFO - Using connection ID 'minio_default' for task execution.
[2025-05-02T21:56:51.316+0000] {connection_wrapper.py:340} INFO - AWS Connection (conn_id='minio_default', conn_type='s3') credentials retrieved from login and password.
[2025-05-02T21:56:51.698+0000] {base.py:73} INFO - Using connection ID 'minio_default' for task execution.
[2025-05-02T21:56:51.699+0000] {connection_wrapper.py:340} INFO - AWS Connection (conn_id='minio_default', conn_type='s3') credentials retrieved from login and password.
[2025-05-02T21:56:52.125+0000] {base.py:73} INFO - Using connection ID 'minio_default' for task execution.
[2025-05-02T21:56:52.127+0000] {connection_wrapper.py:340} INFO - AWS Connection (conn_id='minio_default', conn_type='s3') credentials retrieved from login and password.
[2025-05-02T21:56:52.398+0000] {base.py:73} INFO - Using connection ID 'minio_default' for task execution.
[2025-05-02T21:56:52.399+0000] {connection_wrapper.py:340} INFO - AWS Connection (conn_id='minio_default', conn_type='s3') credentials retrieved from login and password.
[2025-05-02T21:56:52.690+0000] {base.py:73} INFO - Using connection ID 'minio_default' for task execution.
[2025-05-02T21:56:52.692+0000] {connection_wrapper.py:340} INFO - AWS Connection (conn_id='minio_default', conn_type='s3') credentials retrieved from login and password.
[2025-05-02T21:56:52.989+0000] {base.py:73} INFO - Using connection ID 'minio_default' for task execution.
[2025-05-02T21:56:52.990+0000] {connection_wrapper.py:340} INFO - AWS Connection (conn_id='minio_default', conn_type='s3') credentials retrieved from login and password.
[2025-05-02T21:56:53.458+0000] {base.py:73} INFO - Using connection ID 'minio_default' for task execution.
[2025-05-02T21:56:53.459+0000] {connection_wrapper.py:340} INFO - AWS Connection (conn_id='minio_default', conn_type='s3') credentials retrieved from login and password.
[2025-05-02T21:56:53.685+0000] {base.py:73} INFO - Using connection ID 'minio_default' for task execution.
[2025-05-02T21:56:53.687+0000] {connection_wrapper.py:340} INFO - AWS Connection (conn_id='minio_default', conn_type='s3') credentials retrieved from login and password.
[2025-05-02T21:56:53.854+0000] {base.py:73} INFO - Using connection ID 'minio_default' for task execution.
[2025-05-02T21:56:53.857+0000] {connection_wrapper.py:340} INFO - AWS Connection (conn_id='minio_default', conn_type='s3') credentials retrieved from login and password.
[2025-05-02T21:56:54.053+0000] {base.py:73} INFO - Using connection ID 'minio_default' for task execution.
[2025-05-02T21:56:54.055+0000] {connection_wrapper.py:340} INFO - AWS Connection (conn_id='minio_default', conn_type='s3') credentials retrieved from login and password.
[2025-05-02T21:56:54.534+0000] {base.py:73} INFO - Using connection ID 'minio_default' for task execution.
[2025-05-02T21:56:54.536+0000] {connection_wrapper.py:340} INFO - AWS Connection (conn_id='minio_default', conn_type='s3') credentials retrieved from login and password.
[2025-05-02T21:56:54.763+0000] {base.py:73} INFO - Using connection ID 'minio_default' for task execution.
[2025-05-02T21:56:54.766+0000] {connection_wrapper.py:340} INFO - AWS Connection (conn_id='minio_default', conn_type='s3') credentials retrieved from login and password.
[2025-05-02T21:56:55.137+0000] {base.py:73} INFO - Using connection ID 'minio_default' for task execution.
[2025-05-02T21:56:55.139+0000] {connection_wrapper.py:340} INFO - AWS Connection (conn_id='minio_default', conn_type='s3') credentials retrieved from login and password.
[2025-05-02T21:56:55.481+0000] {base.py:73} INFO - Using connection ID 'minio_default' for task execution.
[2025-05-02T21:56:55.483+0000] {connection_wrapper.py:340} INFO - AWS Connection (conn_id='minio_default', conn_type='s3') credentials retrieved from login and password.
[2025-05-02T21:56:55.871+0000] {base.py:73} INFO - Using connection ID 'minio_default' for task execution.
[2025-05-02T21:56:55.873+0000] {connection_wrapper.py:340} INFO - AWS Connection (conn_id='minio_default', conn_type='s3') credentials retrieved from login and password.
[2025-05-02T21:56:56.150+0000] {base.py:73} INFO - Using connection ID 'minio_default' for task execution.
[2025-05-02T21:56:56.152+0000] {connection_wrapper.py:340} INFO - AWS Connection (conn_id='minio_default', conn_type='s3') credentials retrieved from login and password.
[2025-05-02T21:56:56.386+0000] {base.py:73} INFO - Using connection ID 'minio_default' for task execution.
[2025-05-02T21:56:56.388+0000] {connection_wrapper.py:340} INFO - AWS Connection (conn_id='minio_default', conn_type='s3') credentials retrieved from login and password.
[2025-05-02T21:56:56.766+0000] {base.py:73} INFO - Using connection ID 'minio_default' for task execution.
[2025-05-02T21:56:56.768+0000] {connection_wrapper.py:340} INFO - AWS Connection (conn_id='minio_default', conn_type='s3') credentials retrieved from login and password.
[2025-05-02T21:56:57.084+0000] {base.py:73} INFO - Using connection ID 'minio_default' for task execution.
[2025-05-02T21:56:57.085+0000] {connection_wrapper.py:340} INFO - AWS Connection (conn_id='minio_default', conn_type='s3') credentials retrieved from login and password.
[2025-05-02T21:56:57.353+0000] {base.py:73} INFO - Using connection ID 'minio_default' for task execution.
[2025-05-02T21:56:57.355+0000] {connection_wrapper.py:340} INFO - AWS Connection (conn_id='minio_default', conn_type='s3') credentials retrieved from login and password.
[2025-05-02T21:56:57.667+0000] {base.py:73} INFO - Using connection ID 'minio_default' for task execution.
[2025-05-02T21:56:57.668+0000] {connection_wrapper.py:340} INFO - AWS Connection (conn_id='minio_default', conn_type='s3') credentials retrieved from login and password.
[2025-05-02T21:56:58.136+0000] {base.py:73} INFO - Using connection ID 'minio_default' for task execution.
[2025-05-02T21:56:58.139+0000] {connection_wrapper.py:340} INFO - AWS Connection (conn_id='minio_default', conn_type='s3') credentials retrieved from login and password.
[2025-05-02T21:56:58.614+0000] {base.py:73} INFO - Using connection ID 'minio_default' for task execution.
[2025-05-02T21:56:58.616+0000] {connection_wrapper.py:340} INFO - AWS Connection (conn_id='minio_default', conn_type='s3') credentials retrieved from login and password.
[2025-05-02T21:56:59.045+0000] {base.py:73} INFO - Using connection ID 'minio_default' for task execution.
[2025-05-02T21:56:59.047+0000] {connection_wrapper.py:340} INFO - AWS Connection (conn_id='minio_default', conn_type='s3') credentials retrieved from login and password.
[2025-05-02T21:56:59.365+0000] {base.py:73} INFO - Using connection ID 'minio_default' for task execution.
[2025-05-02T21:56:59.367+0000] {connection_wrapper.py:340} INFO - AWS Connection (conn_id='minio_default', conn_type='s3') credentials retrieved from login and password.
[2025-05-02T21:56:59.833+0000] {base.py:73} INFO - Using connection ID 'minio_default' for task execution.
[2025-05-02T21:56:59.834+0000] {connection_wrapper.py:340} INFO - AWS Connection (conn_id='minio_default', conn_type='s3') credentials retrieved from login and password.
[2025-05-02T21:57:00.128+0000] {base.py:73} INFO - Using connection ID 'minio_default' for task execution.
[2025-05-02T21:57:00.130+0000] {connection_wrapper.py:340} INFO - AWS Connection (conn_id='minio_default', conn_type='s3') credentials retrieved from login and password.
[2025-05-02T21:57:00.377+0000] {base.py:73} INFO - Using connection ID 'minio_default' for task execution.
[2025-05-02T21:57:00.379+0000] {connection_wrapper.py:340} INFO - AWS Connection (conn_id='minio_default', conn_type='s3') credentials retrieved from login and password.
[2025-05-02T21:57:00.543+0000] {base.py:73} INFO - Using connection ID 'minio_default' for task execution.
[2025-05-02T21:57:00.545+0000] {connection_wrapper.py:340} INFO - AWS Connection (conn_id='minio_default', conn_type='s3') credentials retrieved from login and password.
[2025-05-02T21:57:00.887+0000] {base.py:73} INFO - Using connection ID 'minio_default' for task execution.
[2025-05-02T21:57:00.890+0000] {connection_wrapper.py:340} INFO - AWS Connection (conn_id='minio_default', conn_type='s3') credentials retrieved from login and password.
[2025-05-02T21:57:01.200+0000] {base.py:73} INFO - Using connection ID 'minio_default' for task execution.
[2025-05-02T21:57:01.203+0000] {connection_wrapper.py:340} INFO - AWS Connection (conn_id='minio_default', conn_type='s3') credentials retrieved from login and password.
[2025-05-02T21:57:01.448+0000] {base.py:73} INFO - Using connection ID 'minio_default' for task execution.
[2025-05-02T21:57:01.451+0000] {connection_wrapper.py:340} INFO - AWS Connection (conn_id='minio_default', conn_type='s3') credentials retrieved from login and password.
[2025-05-02T21:57:01.725+0000] {base.py:73} INFO - Using connection ID 'minio_default' for task execution.
[2025-05-02T21:57:01.727+0000] {connection_wrapper.py:340} INFO - AWS Connection (conn_id='minio_default', conn_type='s3') credentials retrieved from login and password.
[2025-05-02T21:57:02.334+0000] {base.py:73} INFO - Using connection ID 'minio_default' for task execution.
[2025-05-02T21:57:02.336+0000] {connection_wrapper.py:340} INFO - AWS Connection (conn_id='minio_default', conn_type='s3') credentials retrieved from login and password.
[2025-05-02T21:57:02.768+0000] {base.py:73} INFO - Using connection ID 'minio_default' for task execution.
[2025-05-02T21:57:02.770+0000] {connection_wrapper.py:340} INFO - AWS Connection (conn_id='minio_default', conn_type='s3') credentials retrieved from login and password.
[2025-05-02T21:57:03.209+0000] {base.py:73} INFO - Using connection ID 'minio_default' for task execution.
[2025-05-02T21:57:03.212+0000] {connection_wrapper.py:340} INFO - AWS Connection (conn_id='minio_default', conn_type='s3') credentials retrieved from login and password.
[2025-05-02T21:57:03.601+0000] {base.py:73} INFO - Using connection ID 'minio_default' for task execution.
[2025-05-02T21:57:03.603+0000] {connection_wrapper.py:340} INFO - AWS Connection (conn_id='minio_default', conn_type='s3') credentials retrieved from login and password.
[2025-05-02T21:57:04.194+0000] {base.py:73} INFO - Using connection ID 'minio_default' for task execution.
[2025-05-02T21:57:04.199+0000] {connection_wrapper.py:340} INFO - AWS Connection (conn_id='minio_default', conn_type='s3') credentials retrieved from login and password.
[2025-05-02T21:57:04.769+0000] {base.py:73} INFO - Using connection ID 'minio_default' for task execution.
[2025-05-02T21:57:04.771+0000] {connection_wrapper.py:340} INFO - AWS Connection (conn_id='minio_default', conn_type='s3') credentials retrieved from login and password.
[2025-05-02T21:57:05.313+0000] {base.py:73} INFO - Using connection ID 'minio_default' for task execution.
[2025-05-02T21:57:05.314+0000] {connection_wrapper.py:340} INFO - AWS Connection (conn_id='minio_default', conn_type='s3') credentials retrieved from login and password.
[2025-05-02T21:57:06.026+0000] {base.py:73} INFO - Using connection ID 'minio_default' for task execution.
[2025-05-02T21:57:06.027+0000] {connection_wrapper.py:340} INFO - AWS Connection (conn_id='minio_default', conn_type='s3') credentials retrieved from login and password.
[2025-05-02T21:57:06.937+0000] {base.py:73} INFO - Using connection ID 'minio_default' for task execution.
[2025-05-02T21:57:06.939+0000] {connection_wrapper.py:340} INFO - AWS Connection (conn_id='minio_default', conn_type='s3') credentials retrieved from login and password.
[2025-05-02T21:57:07.650+0000] {base.py:73} INFO - Using connection ID 'minio_default' for task execution.
[2025-05-02T21:57:07.653+0000] {connection_wrapper.py:340} INFO - AWS Connection (conn_id='minio_default', conn_type='s3') credentials retrieved from login and password.
[2025-05-02T21:57:08.161+0000] {base.py:73} INFO - Using connection ID 'minio_default' for task execution.
[2025-05-02T21:57:08.164+0000] {connection_wrapper.py:340} INFO - AWS Connection (conn_id='minio_default', conn_type='s3') credentials retrieved from login and password.
[2025-05-02T21:57:08.548+0000] {base.py:73} INFO - Using connection ID 'minio_default' for task execution.
[2025-05-02T21:57:08.549+0000] {connection_wrapper.py:340} INFO - AWS Connection (conn_id='minio_default', conn_type='s3') credentials retrieved from login and password.
[2025-05-02T21:57:09.342+0000] {base.py:73} INFO - Using connection ID 'minio_default' for task execution.
[2025-05-02T21:57:09.344+0000] {connection_wrapper.py:340} INFO - AWS Connection (conn_id='minio_default', conn_type='s3') credentials retrieved from login and password.
[2025-05-02T21:57:09.912+0000] {base.py:73} INFO - Using connection ID 'minio_default' for task execution.
[2025-05-02T21:57:09.914+0000] {connection_wrapper.py:340} INFO - AWS Connection (conn_id='minio_default', conn_type='s3') credentials retrieved from login and password.
[2025-05-02T21:57:10.199+0000] {base.py:73} INFO - Using connection ID 'minio_default' for task execution.
[2025-05-02T21:57:10.201+0000] {connection_wrapper.py:340} INFO - AWS Connection (conn_id='minio_default', conn_type='s3') credentials retrieved from login and password.
[2025-05-02T21:57:10.435+0000] {base.py:73} INFO - Using connection ID 'minio_default' for task execution.
[2025-05-02T21:57:10.437+0000] {connection_wrapper.py:340} INFO - AWS Connection (conn_id='minio_default', conn_type='s3') credentials retrieved from login and password.
[2025-05-02T21:57:10.723+0000] {base.py:73} INFO - Using connection ID 'minio_default' for task execution.
[2025-05-02T21:57:10.724+0000] {connection_wrapper.py:340} INFO - AWS Connection (conn_id='minio_default', conn_type='s3') credentials retrieved from login and password.
[2025-05-02T21:57:11.077+0000] {base.py:73} INFO - Using connection ID 'minio_default' for task execution.
[2025-05-02T21:57:11.078+0000] {connection_wrapper.py:340} INFO - AWS Connection (conn_id='minio_default', conn_type='s3') credentials retrieved from login and password.
[2025-05-02T21:57:11.396+0000] {base.py:73} INFO - Using connection ID 'minio_default' for task execution.
[2025-05-02T21:57:11.397+0000] {connection_wrapper.py:340} INFO - AWS Connection (conn_id='minio_default', conn_type='s3') credentials retrieved from login and password.
[2025-05-02T21:57:11.715+0000] {base.py:73} INFO - Using connection ID 'minio_default' for task execution.
[2025-05-02T21:57:11.717+0000] {connection_wrapper.py:340} INFO - AWS Connection (conn_id='minio_default', conn_type='s3') credentials retrieved from login and password.
[2025-05-02T21:57:12.175+0000] {base.py:73} INFO - Using connection ID 'minio_default' for task execution.
[2025-05-02T21:57:12.176+0000] {connection_wrapper.py:340} INFO - AWS Connection (conn_id='minio_default', conn_type='s3') credentials retrieved from login and password.
[2025-05-02T21:57:12.596+0000] {base.py:73} INFO - Using connection ID 'minio_default' for task execution.
[2025-05-02T21:57:12.597+0000] {connection_wrapper.py:340} INFO - AWS Connection (conn_id='minio_default', conn_type='s3') credentials retrieved from login and password.
[2025-05-02T21:57:12.953+0000] {base.py:73} INFO - Using connection ID 'minio_default' for task execution.
[2025-05-02T21:57:12.954+0000] {connection_wrapper.py:340} INFO - AWS Connection (conn_id='minio_default', conn_type='s3') credentials retrieved from login and password.
[2025-05-02T21:57:13.307+0000] {base.py:73} INFO - Using connection ID 'minio_default' for task execution.
[2025-05-02T21:57:13.309+0000] {connection_wrapper.py:340} INFO - AWS Connection (conn_id='minio_default', conn_type='s3') credentials retrieved from login and password.
[2025-05-02T21:57:13.744+0000] {base.py:73} INFO - Using connection ID 'minio_default' for task execution.
[2025-05-02T21:57:13.746+0000] {connection_wrapper.py:340} INFO - AWS Connection (conn_id='minio_default', conn_type='s3') credentials retrieved from login and password.
[2025-05-02T21:57:14.037+0000] {base.py:73} INFO - Using connection ID 'minio_default' for task execution.
[2025-05-02T21:57:14.039+0000] {connection_wrapper.py:340} INFO - AWS Connection (conn_id='minio_default', conn_type='s3') credentials retrieved from login and password.
[2025-05-02T21:57:14.404+0000] {base.py:73} INFO - Using connection ID 'minio_default' for task execution.
[2025-05-02T21:57:14.406+0000] {connection_wrapper.py:340} INFO - AWS Connection (conn_id='minio_default', conn_type='s3') credentials retrieved from login and password.
[2025-05-02T21:57:14.703+0000] {base.py:73} INFO - Using connection ID 'minio_default' for task execution.
[2025-05-02T21:57:14.704+0000] {connection_wrapper.py:340} INFO - AWS Connection (conn_id='minio_default', conn_type='s3') credentials retrieved from login and password.
[2025-05-02T21:57:15.098+0000] {base.py:73} INFO - Using connection ID 'minio_default' for task execution.
[2025-05-02T21:57:15.099+0000] {connection_wrapper.py:340} INFO - AWS Connection (conn_id='minio_default', conn_type='s3') credentials retrieved from login and password.
[2025-05-02T21:57:15.481+0000] {base.py:73} INFO - Using connection ID 'minio_default' for task execution.
[2025-05-02T21:57:15.483+0000] {connection_wrapper.py:340} INFO - AWS Connection (conn_id='minio_default', conn_type='s3') credentials retrieved from login and password.
[2025-05-02T21:57:16.055+0000] {base.py:73} INFO - Using connection ID 'minio_default' for task execution.
[2025-05-02T21:57:16.057+0000] {connection_wrapper.py:340} INFO - AWS Connection (conn_id='minio_default', conn_type='s3') credentials retrieved from login and password.
[2025-05-02T21:57:16.156+0000] {python.py:194} INFO - Done. Returned value was: None
[2025-05-02T21:57:16.283+0000] {taskinstance.py:1398} INFO - Marking task as SUCCESS. dag_id=statsbomb_full_ingestion, task_id=ingest_matches, execution_date=20250502T215635, start_date=20250502T215640, end_date=20250502T215716
[2025-05-02T21:57:16.329+0000] {local_task_job_runner.py:228} INFO - Task exited with return code 0
[2025-05-02T21:57:16.375+0000] {taskinstance.py:2776} INFO - 0 downstream tasks scheduled from follow-on schedule check
