[2025-05-02T22:36:21.795+0000] {logging_mixin.py:151} INFO - Changing /opt/airflow/logs/dag_id=statsbomb_full_ingestion/run_id=manual__2025-05-02T22:36:19.789358+00:00/task_id=ingest_competitions permission to 509
[2025-05-02T22:36:21.866+0000] {logging_mixin.py:151} INFO - Changing /opt/airflow/logs/dag_id=statsbomb_full_ingestion/run_id=manual__2025-05-02T22:36:19.789358+00:00/task_id=ingest_competitions permission to 509
[2025-05-02T22:36:21.925+0000] {taskinstance.py:1157} INFO - Dependencies all met for dep_context=non-requeueable deps ti=<TaskInstance: statsbomb_full_ingestion.ingest_competitions manual__2025-05-02T22:36:19.789358+00:00 [queued]>
[2025-05-02T22:36:21.945+0000] {taskinstance.py:1157} INFO - Dependencies all met for dep_context=requeueable deps ti=<TaskInstance: statsbomb_full_ingestion.ingest_competitions manual__2025-05-02T22:36:19.789358+00:00 [queued]>
[2025-05-02T22:36:21.947+0000] {taskinstance.py:1359} INFO - Starting attempt 1 of 2
[2025-05-02T22:36:21.974+0000] {taskinstance.py:1380} INFO - Executing <Task(PythonOperator): ingest_competitions> on 2025-05-02 22:36:19.789358+00:00
[2025-05-02T22:36:21.982+0000] {standard_task_runner.py:57} INFO - Started process 1056 to run task
[2025-05-02T22:36:21.987+0000] {standard_task_runner.py:84} INFO - Running: ['airflow', 'tasks', 'run', 'statsbomb_full_ingestion', 'ingest_competitions', 'manual__2025-05-02T22:36:19.789358+00:00', '--job-id', '20', '--raw', '--subdir', 'DAGS_FOLDER/statsbomb_ingestion.py', '--cfg-path', '/tmp/tmpzw2aobts']
[2025-05-02T22:36:21.994+0000] {standard_task_runner.py:85} INFO - Job 20: Subtask ingest_competitions
[2025-05-02T22:36:22.107+0000] {logging_mixin.py:151} INFO - Changing /opt/airflow/logs/dag_id=statsbomb_full_ingestion/run_id=manual__2025-05-02T22:36:19.789358+00:00/task_id=ingest_competitions permission to 509
[2025-05-02T22:36:22.126+0000] {task_command.py:415} INFO - Running <TaskInstance: statsbomb_full_ingestion.ingest_competitions manual__2025-05-02T22:36:19.789358+00:00 [running]> on host e2d1066c2b98
[2025-05-02T22:36:22.279+0000] {taskinstance.py:1660} INFO - Exporting env vars: AIRFLOW_CTX_DAG_OWNER='airflow' AIRFLOW_CTX_DAG_ID='statsbomb_full_ingestion' AIRFLOW_CTX_TASK_ID='ingest_competitions' AIRFLOW_CTX_EXECUTION_DATE='2025-05-02T22:36:19.789358+00:00' AIRFLOW_CTX_TRY_NUMBER='1' AIRFLOW_CTX_DAG_RUN_ID='manual__2025-05-02T22:36:19.789358+00:00'
[2025-05-02T22:36:22.282+0000] {statsbomb_ingestion.py:21} INFO - Téléchargement de https://raw.githubusercontent.com/statsbomb/open-data/master/data/competitions.json
[2025-05-02T22:36:23.202+0000] {statsbomb_ingestion.py:34} INFO -  Upload dans S3 → bucket=statsbomb, key=competitions/competitions.json
[2025-05-02T22:36:23.207+0000] {crypto.py:82} WARNING - empty cryptography key - values will not be stored encrypted.
[2025-05-02T22:36:23.211+0000] {base.py:73} INFO - Using connection ID 'minio_default' for task execution.
[2025-05-02T22:36:23.224+0000] {logging_mixin.py:151} WARNING - <string>:8 AirflowProviderDeprecationWarning: AWS Connection (conn_id='minio_default', conn_type='s3') has connection type 's3', which has been replaced by connection type 'aws'. Please update your connection to have `conn_type='aws'`.
[2025-05-02T22:36:23.226+0000] {connection_wrapper.py:340} INFO - AWS Connection (conn_id='minio_default', conn_type='s3') credentials retrieved from login and password.
[2025-05-02T22:36:23.229+0000] {logging_mixin.py:151} WARNING - <string>:8 AirflowProviderDeprecationWarning: Host minio specified in the connection is not used. Please, set it on extra['endpoint_url'] instead
[2025-05-02T22:36:24.246+0000] {python.py:194} INFO - Done. Returned value was: None
[2025-05-02T22:36:24.260+0000] {taskinstance.py:1398} INFO - Marking task as SUCCESS. dag_id=statsbomb_full_ingestion, task_id=ingest_competitions, execution_date=20250502T223619, start_date=20250502T223621, end_date=20250502T223624
[2025-05-02T22:36:24.299+0000] {local_task_job_runner.py:228} INFO - Task exited with return code 0
[2025-05-02T22:36:24.328+0000] {taskinstance.py:2776} INFO - 1 downstream tasks scheduled from follow-on schedule check
