[2025-05-02T22:28:06.226+0000] {logging_mixin.py:151} INFO - Changing /opt/airflow/logs/dag_id=statsbomb_full_ingestion/run_id=manual__2025-05-02T22:28:02.493340+00:00/task_id=ingest_competitions permission to 509
[2025-05-02T22:28:06.297+0000] {logging_mixin.py:151} INFO - Changing /opt/airflow/logs/dag_id=statsbomb_full_ingestion/run_id=manual__2025-05-02T22:28:02.493340+00:00/task_id=ingest_competitions permission to 509
[2025-05-02T22:28:06.356+0000] {taskinstance.py:1157} INFO - Dependencies all met for dep_context=non-requeueable deps ti=<TaskInstance: statsbomb_full_ingestion.ingest_competitions manual__2025-05-02T22:28:02.493340+00:00 [queued]>
[2025-05-02T22:28:06.373+0000] {taskinstance.py:1157} INFO - Dependencies all met for dep_context=requeueable deps ti=<TaskInstance: statsbomb_full_ingestion.ingest_competitions manual__2025-05-02T22:28:02.493340+00:00 [queued]>
[2025-05-02T22:28:06.376+0000] {taskinstance.py:1359} INFO - Starting attempt 1 of 2
[2025-05-02T22:28:06.400+0000] {taskinstance.py:1380} INFO - Executing <Task(PythonOperator): ingest_competitions> on 2025-05-02 22:28:02.493340+00:00
[2025-05-02T22:28:06.408+0000] {standard_task_runner.py:57} INFO - Started process 963 to run task
[2025-05-02T22:28:06.413+0000] {standard_task_runner.py:84} INFO - Running: ['airflow', 'tasks', 'run', 'statsbomb_full_ingestion', 'ingest_competitions', 'manual__2025-05-02T22:28:02.493340+00:00', '--job-id', '17', '--raw', '--subdir', 'DAGS_FOLDER/statsbomb_ingestion.py', '--cfg-path', '/tmp/tmpifjg5s8y']
[2025-05-02T22:28:06.418+0000] {standard_task_runner.py:85} INFO - Job 17: Subtask ingest_competitions
[2025-05-02T22:28:06.512+0000] {logging_mixin.py:151} INFO - Changing /opt/airflow/logs/dag_id=statsbomb_full_ingestion/run_id=manual__2025-05-02T22:28:02.493340+00:00/task_id=ingest_competitions permission to 509
[2025-05-02T22:28:06.529+0000] {task_command.py:415} INFO - Running <TaskInstance: statsbomb_full_ingestion.ingest_competitions manual__2025-05-02T22:28:02.493340+00:00 [running]> on host e2d1066c2b98
[2025-05-02T22:28:06.675+0000] {taskinstance.py:1660} INFO - Exporting env vars: AIRFLOW_CTX_DAG_OWNER='airflow' AIRFLOW_CTX_DAG_ID='statsbomb_full_ingestion' AIRFLOW_CTX_TASK_ID='ingest_competitions' AIRFLOW_CTX_EXECUTION_DATE='2025-05-02T22:28:02.493340+00:00' AIRFLOW_CTX_TRY_NUMBER='1' AIRFLOW_CTX_DAG_RUN_ID='manual__2025-05-02T22:28:02.493340+00:00'
[2025-05-02T22:28:06.678+0000] {statsbomb_ingestion.py:28} INFO - Téléchargement de https://raw.githubusercontent.com/statsbomb/open-data/master/data/competitions.json
[2025-05-02T22:28:07.937+0000] {statsbomb_ingestion.py:42} INFO - Upload dans S3 : bucket=statsbomb, key=competitions/competitions.json
[2025-05-02T22:28:07.940+0000] {crypto.py:82} WARNING - empty cryptography key - values will not be stored encrypted.
[2025-05-02T22:28:07.944+0000] {base.py:73} INFO - Using connection ID 'minio_default' for task execution.
[2025-05-02T22:28:07.956+0000] {logging_mixin.py:151} WARNING - <string>:8 AirflowProviderDeprecationWarning: AWS Connection (conn_id='minio_default', conn_type='s3') has connection type 's3', which has been replaced by connection type 'aws'. Please update your connection to have `conn_type='aws'`.
[2025-05-02T22:28:07.959+0000] {connection_wrapper.py:340} INFO - AWS Connection (conn_id='minio_default', conn_type='s3') credentials retrieved from login and password.
[2025-05-02T22:28:07.961+0000] {logging_mixin.py:151} WARNING - <string>:8 AirflowProviderDeprecationWarning: Host minio specified in the connection is not used. Please, set it on extra['endpoint_url'] instead
[2025-05-02T22:28:09.330+0000] {python.py:194} INFO - Done. Returned value was: None
[2025-05-02T22:28:09.352+0000] {taskinstance.py:1398} INFO - Marking task as SUCCESS. dag_id=statsbomb_full_ingestion, task_id=ingest_competitions, execution_date=20250502T222802, start_date=20250502T222806, end_date=20250502T222809
[2025-05-02T22:28:09.424+0000] {local_task_job_runner.py:228} INFO - Task exited with return code 0
[2025-05-02T22:28:09.479+0000] {taskinstance.py:2776} INFO - 1 downstream tasks scheduled from follow-on schedule check
