[2025-05-03T00:03:38.811+0000] {logging_mixin.py:151} INFO - Changing /opt/airflow/logs/dag_id=statsbomb_full_ingestion/run_id=scheduled__2025-05-02T00:00:00+00:00/task_id=ingest_competitions permission to 509
[2025-05-03T00:03:39.136+0000] {logging_mixin.py:151} INFO - Changing /opt/airflow/logs/dag_id=statsbomb_full_ingestion/run_id=scheduled__2025-05-02T00:00:00+00:00/task_id=ingest_competitions permission to 509
[2025-05-03T00:03:39.276+0000] {taskinstance.py:1157} INFO - Dependencies all met for dep_context=non-requeueable deps ti=<TaskInstance: statsbomb_full_ingestion.ingest_competitions scheduled__2025-05-02T00:00:00+00:00 [None]>
[2025-05-03T00:03:39.312+0000] {taskinstance.py:1157} INFO - Dependencies all met for dep_context=requeueable deps ti=<TaskInstance: statsbomb_full_ingestion.ingest_competitions scheduled__2025-05-02T00:00:00+00:00 [None]>
[2025-05-03T00:03:39.315+0000] {taskinstance.py:1359} INFO - Starting attempt 1 of 2
[2025-05-03T00:03:39.357+0000] {taskinstance.py:1380} INFO - Executing <Task(PythonOperator): ingest_competitions> on 2025-05-02 00:00:00+00:00
[2025-05-03T00:03:39.368+0000] {standard_task_runner.py:57} INFO - Started process 2151 to run task
[2025-05-03T00:03:39.372+0000] {standard_task_runner.py:84} INFO - Running: ['airflow', 'tasks', 'run', 'statsbomb_full_ingestion', 'ingest_competitions', 'scheduled__2025-05-02T00:00:00+00:00', '--job-id', '28', '--raw', '--subdir', 'DAGS_FOLDER/statsbomb_ingestion.py', '--cfg-path', '/tmp/tmprgfg42z3']
[2025-05-03T00:03:39.377+0000] {standard_task_runner.py:85} INFO - Job 28: Subtask ingest_competitions
[2025-05-03T00:03:39.526+0000] {logging_mixin.py:151} INFO - Changing /opt/airflow/logs/dag_id=statsbomb_full_ingestion/run_id=scheduled__2025-05-02T00:00:00+00:00/task_id=ingest_competitions permission to 509
[2025-05-03T00:03:39.545+0000] {task_command.py:415} INFO - Running <TaskInstance: statsbomb_full_ingestion.ingest_competitions scheduled__2025-05-02T00:00:00+00:00 [running]> on host e2d1066c2b98
[2025-05-03T00:03:39.747+0000] {taskinstance.py:1660} INFO - Exporting env vars: AIRFLOW_CTX_DAG_OWNER='airflow' AIRFLOW_CTX_DAG_ID='statsbomb_full_ingestion' AIRFLOW_CTX_TASK_ID='ingest_competitions' AIRFLOW_CTX_EXECUTION_DATE='2025-05-02T00:00:00+00:00' AIRFLOW_CTX_TRY_NUMBER='1' AIRFLOW_CTX_DAG_RUN_ID='scheduled__2025-05-02T00:00:00+00:00'
[2025-05-03T00:03:40.178+0000] {crypto.py:82} WARNING - empty cryptography key - values will not be stored encrypted.
[2025-05-03T00:03:40.199+0000] {base.py:73} INFO - Using connection ID 'minio_default' for task execution.
[2025-05-03T00:03:40.221+0000] {logging_mixin.py:151} WARNING - <string>:8 AirflowProviderDeprecationWarning: AWS Connection (conn_id='minio_default', conn_type='s3') has connection type 's3', which has been replaced by connection type 'aws'. Please update your connection to have `conn_type='aws'`.
[2025-05-03T00:03:40.223+0000] {connection_wrapper.py:340} INFO - AWS Connection (conn_id='minio_default', conn_type='s3') credentials retrieved from login and password.
[2025-05-03T00:03:40.225+0000] {logging_mixin.py:151} WARNING - <string>:8 AirflowProviderDeprecationWarning: Host minio specified in the connection is not used. Please, set it on extra['endpoint_url'] instead
[2025-05-03T00:04:22.453+0000] {statsbomb_ingestion.py:51} INFO - Uploaded competitions.json
[2025-05-03T00:04:23.972+0000] {python.py:194} INFO - Done. Returned value was: None
[2025-05-03T00:04:29.368+0000] {taskinstance.py:1398} INFO - Marking task as SUCCESS. dag_id=statsbomb_full_ingestion, task_id=ingest_competitions, execution_date=20250502T000000, start_date=20250503T000339, end_date=20250503T000429
[2025-05-03T00:04:29.487+0000] {local_task_job_runner.py:228} INFO - Task exited with return code 0
[2025-05-03T00:04:29.541+0000] {taskinstance.py:2776} INFO - 1 downstream tasks scheduled from follow-on schedule check
