[2025-05-05T10:37:07.496+0000] {logging_mixin.py:151} INFO - Changing /opt/airflow/logs/dag_id=statsbomb_load_postgres/run_id=manual__2025-05-05T10:35:24.697198+00:00/task_id=load_events permission to 509
[2025-05-05T10:37:07.550+0000] {logging_mixin.py:151} INFO - Changing /opt/airflow/logs/dag_id=statsbomb_load_postgres/run_id=manual__2025-05-05T10:35:24.697198+00:00/task_id=load_events permission to 509
[2025-05-05T10:37:07.591+0000] {taskinstance.py:1157} INFO - Dependencies all met for dep_context=non-requeueable deps ti=<TaskInstance: statsbomb_load_postgres.load_events manual__2025-05-05T10:35:24.697198+00:00 [queued]>
[2025-05-05T10:37:07.605+0000] {taskinstance.py:1157} INFO - Dependencies all met for dep_context=requeueable deps ti=<TaskInstance: statsbomb_load_postgres.load_events manual__2025-05-05T10:35:24.697198+00:00 [queued]>
[2025-05-05T10:37:07.607+0000] {taskinstance.py:1359} INFO - Starting attempt 1 of 2
[2025-05-05T10:37:07.628+0000] {taskinstance.py:1380} INFO - Executing <Task(PythonOperator): load_events> on 2025-05-05 10:35:24.697198+00:00
[2025-05-05T10:37:07.634+0000] {standard_task_runner.py:57} INFO - Started process 276 to run task
[2025-05-05T10:37:07.637+0000] {standard_task_runner.py:84} INFO - Running: ['airflow', 'tasks', 'run', 'statsbomb_load_postgres', 'load_events', 'manual__2025-05-05T10:35:24.697198+00:00', '--job-id', '73', '--raw', '--subdir', 'DAGS_FOLDER/load_to_postgres.py', '--cfg-path', '/tmp/tmph2w_eppc']
[2025-05-05T10:37:07.642+0000] {standard_task_runner.py:85} INFO - Job 73: Subtask load_events
[2025-05-05T10:37:07.718+0000] {logging_mixin.py:151} INFO - Changing /opt/airflow/logs/dag_id=statsbomb_load_postgres/run_id=manual__2025-05-05T10:35:24.697198+00:00/task_id=load_events permission to 509
[2025-05-05T10:37:07.732+0000] {task_command.py:415} INFO - Running <TaskInstance: statsbomb_load_postgres.load_events manual__2025-05-05T10:35:24.697198+00:00 [running]> on host 5dbf9e03de11
[2025-05-05T10:37:07.857+0000] {taskinstance.py:1660} INFO - Exporting env vars: AIRFLOW_CTX_DAG_OWNER='airflow' AIRFLOW_CTX_DAG_ID='statsbomb_load_postgres' AIRFLOW_CTX_TASK_ID='load_events' AIRFLOW_CTX_EXECUTION_DATE='2025-05-05T10:35:24.697198+00:00' AIRFLOW_CTX_TRY_NUMBER='1' AIRFLOW_CTX_DAG_RUN_ID='manual__2025-05-05T10:35:24.697198+00:00'
[2025-05-05T10:37:07.860+0000] {crypto.py:82} WARNING - empty cryptography key - values will not be stored encrypted.
[2025-05-05T10:37:07.865+0000] {base.py:73} INFO - Using connection ID 'minio_default' for task execution.
[2025-05-05T10:37:07.868+0000] {connection_wrapper.py:340} INFO - AWS Connection (conn_id='minio_default', conn_type='aws') credentials retrieved from login and password.
[2025-05-05T10:37:58.168+0000] {base.py:73} INFO - Using connection ID 'postgres_default' for task execution.
[2025-05-05T10:38:32.254+0000] {sql.py:418} INFO - Running statement: 
                INSERT INTO events (
                    event_id, match_id, period, timestamp, team_id, team_name,
                    player_id, player_name, position_id, position_name,
                    location_x, location_y, duration, under_pressure,
                    off_camera, is_out, play_pattern_id, play_pattern_name,
                    related_events, event_type, event_details
                ) VALUES (
                    %(event_id)s, %(match_id)s, %(period)s, %(timestamp)s,
                    %(team_id)s, %(team_name)s, %(player_id)s, %(player_name)s,
                    %(position_id)s, %(position_name)s,
                    %(location_x)s, %(location_y)s, %(duration)s,
                    %(under_pressure)s, %(off_camera)s, %(is_out)s,
                    %(play_pattern_id)s, %(play_pattern_name)s,
                    %(related_events)s, %(event_type)s, %(event_details)s
                )
                ON CONFLICT (event_id) DO NOTHING;
                , parameters: {'event_id': '0d97b647-0976-494e-90fb-0a21823c6118', 'match_id': None, 'period': 1, 'timestamp': '00:00:00.000', 'team_id': 173, 'team_name': 'Hertha Berlin', 'player_id': None, 'player_name': None, 'position_id': None, 'position_name': None, 'location_x': None, 'location_y': None, 'duration': 0.0, 'under_pressure': False, 'off_camera': False, 'is_out': False, 'play_pattern_id': 1, 'play_pattern_name': 'Regular Play', 'related_events': '[]', 'event_type': 'Starting XI', 'event_details': '{"index": 1, "minute": 0, "second": 0, "possession": 1, "possession_team": {"id": 173, "name": "Hertha Berlin"}, "tactics": {"formation": 442, "lineup": [{"player": {"id": 17313, "name": "Thomas Kraft"}, "position": {"id": 1, "name": "Goalkeeper"}, "jersey_number": 1}, {"player": {"id": 9722, "name": "Peter Pekar\\u00edk"}, "position": {"id": 2, "name": "Right Back"}, "jersey_number": 2}, {"player": {"id": 8580, "name": "Sebastian Langkamp"}, "position": {"id": 3, "name": "Right Center Back"}, "jersey_number": 15}, {"player": {"id": 8965, "name": "Fabian Lustenberger"}, "position": {"id": 5, "name": "Left Center Back"}, "jersey_number": 28}, {"player": {"id": 5569, "name": "Marvin Plattenhardt"}, "position": {"id": 6, "name": "Left Back"}, "jersey_number": 21}, {"player": {"id": 8579, "name": "Vladim\\u00edr Darida"}, "position": {"id": 9, "name": "Right Defensive Midfield"}, "jersey_number": 6}, {"player": {"id": 8578, "name": "Per Ciljan Skjelbred"}, "position": {"id": 11, "name": "Left Defensive Midfield"}, "jersey_number": 3}, {"player": {"id": 5697, "name": "Genki Haraguchi"}, "position": {"id": 12, "name": "Right Midfield"}, "jersey_number": 24}, {"player": {"id": 9721, "name": "Valentin Stocker"}, "position": {"id": 16, "name": "Left Midfield"}, "jersey_number": 14}, {"player": {"id": 8575, "name": "Salomon Armand Magloire Kalou"}, "position": {"id": 22, "name": "Right Center Forward"}, "jersey_number": 8}, {"player": {"id": 40474, "name": "Jens Hegeler"}, "position": {"id": 24, "name": "Left Center Forward"}, "jersey_number": 13}]}}'}
[2025-05-05T10:38:46.655+0000] {taskinstance.py:1935} ERROR - Task failed with exception
Traceback (most recent call last):
  File "/home/airflow/.local/lib/python3.8/site-packages/airflow/operators/python.py", line 192, in execute
    return_value = self.execute_callable()
  File "/home/airflow/.local/lib/python3.8/site-packages/airflow/operators/python.py", line 209, in execute_callable
    return self.python_callable(*self.op_args, **self.op_kwargs)
  File "/opt/airflow/dags/load_to_postgres.py", line 196, in load_events
    hook_pg.run(
  File "/home/airflow/.local/lib/python3.8/site-packages/airflow/providers/common/sql/hooks/sql.py", line 392, in run
    self._run_command(cur, sql_statement, parameters)
  File "/home/airflow/.local/lib/python3.8/site-packages/airflow/providers/common/sql/hooks/sql.py", line 421, in _run_command
    cur.execute(sql_statement, parameters)
psycopg2.errors.UndefinedColumn: column "is_out" of relation "events" does not exist
LINE 6:                     off_camera, is_out, play_pattern_id, pla...
                                        ^

[2025-05-05T10:38:53.050+0000] {taskinstance.py:1398} INFO - Marking task as UP_FOR_RETRY. dag_id=statsbomb_load_postgres, task_id=load_events, execution_date=20250505T103524, start_date=20250505T103707, end_date=20250505T103853
[2025-05-05T10:38:53.279+0000] {standard_task_runner.py:104} ERROR - Failed to execute job 73 for task load_events (column "is_out" of relation "events" does not exist
LINE 6:                     off_camera, is_out, play_pattern_id, pla...
                                        ^
; 276)
[2025-05-05T10:38:53.367+0000] {local_task_job_runner.py:228} INFO - Task exited with return code 1
[2025-05-05T10:38:53.530+0000] {taskinstance.py:2776} INFO - 0 downstream tasks scheduled from follow-on schedule check
