[2025-05-05T10:18:05.661+0000] {logging_mixin.py:151} INFO - Changing /opt/airflow/logs/dag_id=statsbomb_load_postgres/run_id=manual__2025-05-05T10:12:55+00:00/task_id=upsert_competitions permission to 509
[2025-05-05T10:18:05.715+0000] {logging_mixin.py:151} INFO - Changing /opt/airflow/logs/dag_id=statsbomb_load_postgres/run_id=manual__2025-05-05T10:12:55+00:00/task_id=upsert_competitions permission to 509
[2025-05-05T10:18:05.768+0000] {taskinstance.py:1157} INFO - Dependencies all met for dep_context=non-requeueable deps ti=<TaskInstance: statsbomb_load_postgres.upsert_competitions manual__2025-05-05T10:12:55+00:00 [queued]>
[2025-05-05T10:18:05.779+0000] {taskinstance.py:1157} INFO - Dependencies all met for dep_context=requeueable deps ti=<TaskInstance: statsbomb_load_postgres.upsert_competitions manual__2025-05-05T10:12:55+00:00 [queued]>
[2025-05-05T10:18:05.780+0000] {taskinstance.py:1359} INFO - Starting attempt 2 of 2
[2025-05-05T10:18:05.798+0000] {taskinstance.py:1380} INFO - Executing <Task(PythonOperator): upsert_competitions> on 2025-05-05 10:12:55+00:00
[2025-05-05T10:18:05.804+0000] {standard_task_runner.py:57} INFO - Started process 1186 to run task
[2025-05-05T10:18:05.809+0000] {standard_task_runner.py:84} INFO - Running: ['airflow', 'tasks', 'run', 'statsbomb_load_postgres', 'upsert_competitions', 'manual__2025-05-05T10:12:55+00:00', '--job-id', '60', '--raw', '--subdir', 'DAGS_FOLDER/load_to_postgres.py', '--cfg-path', '/tmp/tmpnkvjm8jh']
[2025-05-05T10:18:05.812+0000] {standard_task_runner.py:85} INFO - Job 60: Subtask upsert_competitions
[2025-05-05T10:18:06.018+0000] {logging_mixin.py:151} INFO - Changing /opt/airflow/logs/dag_id=statsbomb_load_postgres/run_id=manual__2025-05-05T10:12:55+00:00/task_id=upsert_competitions permission to 509
[2025-05-05T10:18:06.030+0000] {task_command.py:415} INFO - Running <TaskInstance: statsbomb_load_postgres.upsert_competitions manual__2025-05-05T10:12:55+00:00 [running]> on host cf8b24399b8b
[2025-05-05T10:18:07.013+0000] {taskinstance.py:1660} INFO - Exporting env vars: AIRFLOW_CTX_DAG_OWNER='airflow' AIRFLOW_CTX_DAG_ID='statsbomb_load_postgres' AIRFLOW_CTX_TASK_ID='upsert_competitions' AIRFLOW_CTX_EXECUTION_DATE='2025-05-05T10:12:55+00:00' AIRFLOW_CTX_TRY_NUMBER='2' AIRFLOW_CTX_DAG_RUN_ID='manual__2025-05-05T10:12:55+00:00'
[2025-05-05T10:18:07.226+0000] {crypto.py:82} WARNING - empty cryptography key - values will not be stored encrypted.
[2025-05-05T10:18:07.334+0000] {base.py:73} INFO - Using connection ID 'minio_default' for task execution.
[2025-05-05T10:18:07.467+0000] {logging_mixin.py:151} WARNING - <string>:8 AirflowProviderDeprecationWarning: AWS Connection (conn_id='minio_default', conn_type='s3') has connection type 's3', which has been replaced by connection type 'aws'. Please update your connection to have `conn_type='aws'`.
[2025-05-05T10:18:07.478+0000] {connection_wrapper.py:340} INFO - AWS Connection (conn_id='minio_default', conn_type='s3') credentials retrieved from login and password.
[2025-05-05T10:18:07.480+0000] {logging_mixin.py:151} WARNING - <string>:8 AirflowProviderDeprecationWarning: Host minio specified in the connection is not used. Please, set it on extra['endpoint_url'] instead
[2025-05-05T10:19:31.711+0000] {base.py:73} INFO - Using connection ID 'postgres_default' for task execution.
[2025-05-05T10:19:31.944+0000] {taskinstance.py:1935} ERROR - Task failed with exception
Traceback (most recent call last):
  File "/home/airflow/.local/lib/python3.8/site-packages/airflow/operators/python.py", line 192, in execute
    return_value = self.execute_callable()
  File "/home/airflow/.local/lib/python3.8/site-packages/airflow/operators/python.py", line 209, in execute_callable
    return self.python_callable(*self.op_args, **self.op_kwargs)
  File "/opt/airflow/dags/load_to_postgres.py", line 27, in upsert_competitions
    hook_pg.run(
  File "/home/airflow/.local/lib/python3.8/site-packages/airflow/providers/common/sql/hooks/sql.py", line 385, in run
    with closing(self.get_conn()) as conn:
  File "/home/airflow/.local/lib/python3.8/site-packages/airflow/providers/postgres/hooks/postgres.py", line 154, in get_conn
    self.conn = psycopg2.connect(**conn_args)
  File "/home/airflow/.local/lib/python3.8/site-packages/psycopg2/__init__.py", line 122, in connect
    conn = _connect(dsn, connection_factory=connection_factory, **kwasync)
psycopg2.OperationalError: connection to server at "postgres" (172.19.0.5), port 5432 failed: FATAL:  password authentication failed for user "postgres"

[2025-05-05T10:19:32.458+0000] {taskinstance.py:1398} INFO - Marking task as FAILED. dag_id=statsbomb_load_postgres, task_id=upsert_competitions, execution_date=20250505T101255, start_date=20250505T101805, end_date=20250505T101932
[2025-05-05T10:19:32.697+0000] {standard_task_runner.py:104} ERROR - Failed to execute job 60 for task upsert_competitions (connection to server at "postgres" (172.19.0.5), port 5432 failed: FATAL:  password authentication failed for user "postgres"
; 1186)
[2025-05-05T10:19:32.796+0000] {local_task_job_runner.py:228} INFO - Task exited with return code 1
[2025-05-05T10:19:32.906+0000] {taskinstance.py:2776} INFO - 0 downstream tasks scheduled from follow-on schedule check
