[2025-05-02T22:28:12.255+0000] {logging_mixin.py:151} INFO - Changing /opt/airflow/logs/dag_id=statsbomb_full_ingestion/run_id=manual__2025-05-02T22:28:02.493340+00:00/task_id=ingest_matches permission to 509
[2025-05-02T22:28:12.326+0000] {logging_mixin.py:151} INFO - Changing /opt/airflow/logs/dag_id=statsbomb_full_ingestion/run_id=manual__2025-05-02T22:28:02.493340+00:00/task_id=ingest_matches permission to 509
[2025-05-02T22:28:12.388+0000] {taskinstance.py:1157} INFO - Dependencies all met for dep_context=non-requeueable deps ti=<TaskInstance: statsbomb_full_ingestion.ingest_matches manual__2025-05-02T22:28:02.493340+00:00 [queued]>
[2025-05-02T22:28:12.406+0000] {taskinstance.py:1157} INFO - Dependencies all met for dep_context=requeueable deps ti=<TaskInstance: statsbomb_full_ingestion.ingest_matches manual__2025-05-02T22:28:02.493340+00:00 [queued]>
[2025-05-02T22:28:12.408+0000] {taskinstance.py:1359} INFO - Starting attempt 1 of 2
[2025-05-02T22:28:12.434+0000] {taskinstance.py:1380} INFO - Executing <Task(PythonOperator): ingest_matches> on 2025-05-02 22:28:02.493340+00:00
[2025-05-02T22:28:12.442+0000] {standard_task_runner.py:57} INFO - Started process 967 to run task
[2025-05-02T22:28:12.448+0000] {standard_task_runner.py:84} INFO - Running: ['airflow', 'tasks', 'run', 'statsbomb_full_ingestion', 'ingest_matches', 'manual__2025-05-02T22:28:02.493340+00:00', '--job-id', '18', '--raw', '--subdir', 'DAGS_FOLDER/statsbomb_ingestion.py', '--cfg-path', '/tmp/tmppr8hssnh']
[2025-05-02T22:28:12.454+0000] {standard_task_runner.py:85} INFO - Job 18: Subtask ingest_matches
[2025-05-02T22:28:12.548+0000] {logging_mixin.py:151} INFO - Changing /opt/airflow/logs/dag_id=statsbomb_full_ingestion/run_id=manual__2025-05-02T22:28:02.493340+00:00/task_id=ingest_matches permission to 509
[2025-05-02T22:28:12.565+0000] {task_command.py:415} INFO - Running <TaskInstance: statsbomb_full_ingestion.ingest_matches manual__2025-05-02T22:28:02.493340+00:00 [running]> on host e2d1066c2b98
[2025-05-02T22:28:12.713+0000] {taskinstance.py:1660} INFO - Exporting env vars: AIRFLOW_CTX_DAG_OWNER='airflow' AIRFLOW_CTX_DAG_ID='statsbomb_full_ingestion' AIRFLOW_CTX_TASK_ID='ingest_matches' AIRFLOW_CTX_EXECUTION_DATE='2025-05-02T22:28:02.493340+00:00' AIRFLOW_CTX_TRY_NUMBER='1' AIRFLOW_CTX_DAG_RUN_ID='manual__2025-05-02T22:28:02.493340+00:00'
[2025-05-02T22:28:13.639+0000] {taskinstance.py:1935} ERROR - Task failed with exception
Traceback (most recent call last):
  File "/home/airflow/.local/lib/python3.8/site-packages/airflow/operators/python.py", line 192, in execute
    return_value = self.execute_callable()
  File "/home/airflow/.local/lib/python3.8/site-packages/airflow/operators/python.py", line 209, in execute_callable
    return self.python_callable(*self.op_args, **self.op_kwargs)
  File "/opt/airflow/dags/statsbomb_ingestion.py", line 60, in ingest_matches
    resp.raise_for_status()
  File "/home/airflow/.local/lib/python3.8/site-packages/requests/models.py", line 1021, in raise_for_status
    raise HTTPError(http_error_msg, response=self)
requests.exceptions.HTTPError: 404 Client Error: Not Found for url: https://raw.githubusercontent.com/statsbomb/open-data/master/data/matches.json
[2025-05-02T22:28:13.678+0000] {taskinstance.py:1398} INFO - Marking task as UP_FOR_RETRY. dag_id=statsbomb_full_ingestion, task_id=ingest_matches, execution_date=20250502T222802, start_date=20250502T222812, end_date=20250502T222813
[2025-05-02T22:28:13.702+0000] {standard_task_runner.py:104} ERROR - Failed to execute job 18 for task ingest_matches (404 Client Error: Not Found for url: https://raw.githubusercontent.com/statsbomb/open-data/master/data/matches.json; 967)
[2025-05-02T22:28:13.739+0000] {local_task_job_runner.py:228} INFO - Task exited with return code 1
[2025-05-02T22:28:13.789+0000] {taskinstance.py:2776} INFO - 0 downstream tasks scheduled from follow-on schedule check
