[2025-05-02T21:55:32.010+0000] {logging_mixin.py:151} INFO - Changing /opt/airflow/logs/dag_id=statsbomb_full_ingestion/run_id=manual__2025-05-02T21:55:24+00:00/task_id=ingest_matches permission to 509
[2025-05-02T21:55:32.053+0000] {logging_mixin.py:151} INFO - Changing /opt/airflow/logs/dag_id=statsbomb_full_ingestion/run_id=manual__2025-05-02T21:55:24+00:00/task_id=ingest_matches permission to 509
[2025-05-02T21:55:32.087+0000] {taskinstance.py:1157} INFO - Dependencies all met for dep_context=non-requeueable deps ti=<TaskInstance: statsbomb_full_ingestion.ingest_matches manual__2025-05-02T21:55:24+00:00 [queued]>
[2025-05-02T21:55:32.098+0000] {taskinstance.py:1157} INFO - Dependencies all met for dep_context=requeueable deps ti=<TaskInstance: statsbomb_full_ingestion.ingest_matches manual__2025-05-02T21:55:24+00:00 [queued]>
[2025-05-02T21:55:32.099+0000] {taskinstance.py:1359} INFO - Starting attempt 1 of 2
[2025-05-02T21:55:32.114+0000] {taskinstance.py:1380} INFO - Executing <Task(PythonOperator): ingest_matches> on 2025-05-02 21:55:24+00:00
[2025-05-02T21:55:32.119+0000] {standard_task_runner.py:57} INFO - Started process 261 to run task
[2025-05-02T21:55:32.122+0000] {standard_task_runner.py:84} INFO - Running: ['airflow', 'tasks', 'run', 'statsbomb_full_ingestion', 'ingest_matches', 'manual__2025-05-02T21:55:24+00:00', '--job-id', '6', '--raw', '--subdir', 'DAGS_FOLDER/statsbomb_ingestion.py', '--cfg-path', '/tmp/tmpytvkat4f']
[2025-05-02T21:55:32.125+0000] {standard_task_runner.py:85} INFO - Job 6: Subtask ingest_matches
[2025-05-02T21:55:32.180+0000] {logging_mixin.py:151} INFO - Changing /opt/airflow/logs/dag_id=statsbomb_full_ingestion/run_id=manual__2025-05-02T21:55:24+00:00/task_id=ingest_matches permission to 509
[2025-05-02T21:55:32.193+0000] {task_command.py:415} INFO - Running <TaskInstance: statsbomb_full_ingestion.ingest_matches manual__2025-05-02T21:55:24+00:00 [running]> on host e2d1066c2b98
[2025-05-02T21:55:32.283+0000] {taskinstance.py:1660} INFO - Exporting env vars: AIRFLOW_CTX_DAG_OWNER='airflow' AIRFLOW_CTX_DAG_ID='statsbomb_full_ingestion' AIRFLOW_CTX_TASK_ID='ingest_matches' AIRFLOW_CTX_EXECUTION_DATE='2025-05-02T21:55:24+00:00' AIRFLOW_CTX_TRY_NUMBER='1' AIRFLOW_CTX_DAG_RUN_ID='manual__2025-05-02T21:55:24+00:00'
[2025-05-02T21:55:32.287+0000] {crypto.py:82} WARNING - empty cryptography key - values will not be stored encrypted.
[2025-05-02T21:55:32.289+0000] {base.py:73} INFO - Using connection ID 'minio_default' for task execution.
[2025-05-02T21:55:32.296+0000] {logging_mixin.py:151} WARNING - <string>:8 AirflowProviderDeprecationWarning: AWS Connection (conn_id='minio_default', conn_type='s3') has connection type 's3', which has been replaced by connection type 'aws'. Please update your connection to have `conn_type='aws'`.
[2025-05-02T21:55:32.297+0000] {connection_wrapper.py:340} INFO - AWS Connection (conn_id='minio_default', conn_type='s3') credentials retrieved from login and password.
[2025-05-02T21:55:32.300+0000] {logging_mixin.py:151} WARNING - <string>:8 AirflowProviderDeprecationWarning: Host minio specified in the connection is not used. Please, set it on extra['endpoint_url'] instead
[2025-05-02T21:55:32.851+0000] {base.py:73} INFO - Using connection ID 'minio_default' for task execution.
[2025-05-02T21:55:32.853+0000] {connection_wrapper.py:340} INFO - AWS Connection (conn_id='minio_default', conn_type='s3') credentials retrieved from login and password.
[2025-05-02T21:55:33.415+0000] {base.py:73} INFO - Using connection ID 'minio_default' for task execution.
[2025-05-02T21:55:33.416+0000] {connection_wrapper.py:340} INFO - AWS Connection (conn_id='minio_default', conn_type='s3') credentials retrieved from login and password.
[2025-05-02T21:55:33.817+0000] {base.py:73} INFO - Using connection ID 'minio_default' for task execution.
[2025-05-02T21:55:33.818+0000] {connection_wrapper.py:340} INFO - AWS Connection (conn_id='minio_default', conn_type='s3') credentials retrieved from login and password.
[2025-05-02T21:55:34.519+0000] {base.py:73} INFO - Using connection ID 'minio_default' for task execution.
[2025-05-02T21:55:34.521+0000] {connection_wrapper.py:340} INFO - AWS Connection (conn_id='minio_default', conn_type='s3') credentials retrieved from login and password.
[2025-05-02T21:55:35.115+0000] {base.py:73} INFO - Using connection ID 'minio_default' for task execution.
[2025-05-02T21:55:35.117+0000] {connection_wrapper.py:340} INFO - AWS Connection (conn_id='minio_default', conn_type='s3') credentials retrieved from login and password.
[2025-05-02T21:55:35.831+0000] {base.py:73} INFO - Using connection ID 'minio_default' for task execution.
[2025-05-02T21:55:35.833+0000] {connection_wrapper.py:340} INFO - AWS Connection (conn_id='minio_default', conn_type='s3') credentials retrieved from login and password.
[2025-05-02T21:55:36.637+0000] {base.py:73} INFO - Using connection ID 'minio_default' for task execution.
[2025-05-02T21:55:36.639+0000] {connection_wrapper.py:340} INFO - AWS Connection (conn_id='minio_default', conn_type='s3') credentials retrieved from login and password.
[2025-05-02T21:55:37.434+0000] {base.py:73} INFO - Using connection ID 'minio_default' for task execution.
[2025-05-02T21:55:37.435+0000] {connection_wrapper.py:340} INFO - AWS Connection (conn_id='minio_default', conn_type='s3') credentials retrieved from login and password.
[2025-05-02T21:55:38.441+0000] {base.py:73} INFO - Using connection ID 'minio_default' for task execution.
[2025-05-02T21:55:38.442+0000] {connection_wrapper.py:340} INFO - AWS Connection (conn_id='minio_default', conn_type='s3') credentials retrieved from login and password.
[2025-05-02T21:55:39.124+0000] {base.py:73} INFO - Using connection ID 'minio_default' for task execution.
[2025-05-02T21:55:39.126+0000] {connection_wrapper.py:340} INFO - AWS Connection (conn_id='minio_default', conn_type='s3') credentials retrieved from login and password.
[2025-05-02T21:55:39.896+0000] {base.py:73} INFO - Using connection ID 'minio_default' for task execution.
[2025-05-02T21:55:39.898+0000] {connection_wrapper.py:340} INFO - AWS Connection (conn_id='minio_default', conn_type='s3') credentials retrieved from login and password.
[2025-05-02T21:55:40.524+0000] {base.py:73} INFO - Using connection ID 'minio_default' for task execution.
[2025-05-02T21:55:40.526+0000] {connection_wrapper.py:340} INFO - AWS Connection (conn_id='minio_default', conn_type='s3') credentials retrieved from login and password.
[2025-05-02T21:55:41.085+0000] {base.py:73} INFO - Using connection ID 'minio_default' for task execution.
[2025-05-02T21:55:41.087+0000] {connection_wrapper.py:340} INFO - AWS Connection (conn_id='minio_default', conn_type='s3') credentials retrieved from login and password.
[2025-05-02T21:55:41.693+0000] {base.py:73} INFO - Using connection ID 'minio_default' for task execution.
[2025-05-02T21:55:41.694+0000] {connection_wrapper.py:340} INFO - AWS Connection (conn_id='minio_default', conn_type='s3') credentials retrieved from login and password.
[2025-05-02T21:55:42.395+0000] {base.py:73} INFO - Using connection ID 'minio_default' for task execution.
[2025-05-02T21:55:42.396+0000] {connection_wrapper.py:340} INFO - AWS Connection (conn_id='minio_default', conn_type='s3') credentials retrieved from login and password.
[2025-05-02T21:55:43.015+0000] {base.py:73} INFO - Using connection ID 'minio_default' for task execution.
[2025-05-02T21:55:43.016+0000] {connection_wrapper.py:340} INFO - AWS Connection (conn_id='minio_default', conn_type='s3') credentials retrieved from login and password.
[2025-05-02T21:55:43.844+0000] {base.py:73} INFO - Using connection ID 'minio_default' for task execution.
[2025-05-02T21:55:43.846+0000] {connection_wrapper.py:340} INFO - AWS Connection (conn_id='minio_default', conn_type='s3') credentials retrieved from login and password.
[2025-05-02T21:55:44.446+0000] {base.py:73} INFO - Using connection ID 'minio_default' for task execution.
[2025-05-02T21:55:44.448+0000] {connection_wrapper.py:340} INFO - AWS Connection (conn_id='minio_default', conn_type='s3') credentials retrieved from login and password.
[2025-05-02T21:55:45.264+0000] {base.py:73} INFO - Using connection ID 'minio_default' for task execution.
[2025-05-02T21:55:45.267+0000] {connection_wrapper.py:340} INFO - AWS Connection (conn_id='minio_default', conn_type='s3') credentials retrieved from login and password.
[2025-05-02T21:55:45.972+0000] {base.py:73} INFO - Using connection ID 'minio_default' for task execution.
[2025-05-02T21:55:45.974+0000] {connection_wrapper.py:340} INFO - AWS Connection (conn_id='minio_default', conn_type='s3') credentials retrieved from login and password.
[2025-05-02T21:55:47.022+0000] {base.py:73} INFO - Using connection ID 'minio_default' for task execution.
[2025-05-02T21:55:47.024+0000] {connection_wrapper.py:340} INFO - AWS Connection (conn_id='minio_default', conn_type='s3') credentials retrieved from login and password.
[2025-05-02T21:55:47.651+0000] {base.py:73} INFO - Using connection ID 'minio_default' for task execution.
[2025-05-02T21:55:47.652+0000] {connection_wrapper.py:340} INFO - AWS Connection (conn_id='minio_default', conn_type='s3') credentials retrieved from login and password.
[2025-05-02T21:55:48.234+0000] {base.py:73} INFO - Using connection ID 'minio_default' for task execution.
[2025-05-02T21:55:48.235+0000] {connection_wrapper.py:340} INFO - AWS Connection (conn_id='minio_default', conn_type='s3') credentials retrieved from login and password.
[2025-05-02T21:55:48.903+0000] {base.py:73} INFO - Using connection ID 'minio_default' for task execution.
[2025-05-02T21:55:48.905+0000] {connection_wrapper.py:340} INFO - AWS Connection (conn_id='minio_default', conn_type='s3') credentials retrieved from login and password.
[2025-05-02T21:55:49.953+0000] {base.py:73} INFO - Using connection ID 'minio_default' for task execution.
[2025-05-02T21:55:49.955+0000] {connection_wrapper.py:340} INFO - AWS Connection (conn_id='minio_default', conn_type='s3') credentials retrieved from login and password.
[2025-05-02T21:55:50.581+0000] {base.py:73} INFO - Using connection ID 'minio_default' for task execution.
[2025-05-02T21:55:50.583+0000] {connection_wrapper.py:340} INFO - AWS Connection (conn_id='minio_default', conn_type='s3') credentials retrieved from login and password.
[2025-05-02T21:55:51.473+0000] {base.py:73} INFO - Using connection ID 'minio_default' for task execution.
[2025-05-02T21:55:51.475+0000] {connection_wrapper.py:340} INFO - AWS Connection (conn_id='minio_default', conn_type='s3') credentials retrieved from login and password.
[2025-05-02T21:55:52.287+0000] {base.py:73} INFO - Using connection ID 'minio_default' for task execution.
[2025-05-02T21:55:52.289+0000] {connection_wrapper.py:340} INFO - AWS Connection (conn_id='minio_default', conn_type='s3') credentials retrieved from login and password.
[2025-05-02T21:55:52.903+0000] {base.py:73} INFO - Using connection ID 'minio_default' for task execution.
[2025-05-02T21:55:52.905+0000] {connection_wrapper.py:340} INFO - AWS Connection (conn_id='minio_default', conn_type='s3') credentials retrieved from login and password.
[2025-05-02T21:55:53.467+0000] {base.py:73} INFO - Using connection ID 'minio_default' for task execution.
[2025-05-02T21:55:53.469+0000] {connection_wrapper.py:340} INFO - AWS Connection (conn_id='minio_default', conn_type='s3') credentials retrieved from login and password.
[2025-05-02T21:55:54.126+0000] {base.py:73} INFO - Using connection ID 'minio_default' for task execution.
[2025-05-02T21:55:54.128+0000] {connection_wrapper.py:340} INFO - AWS Connection (conn_id='minio_default', conn_type='s3') credentials retrieved from login and password.
[2025-05-02T21:55:54.912+0000] {base.py:73} INFO - Using connection ID 'minio_default' for task execution.
[2025-05-02T21:55:54.914+0000] {connection_wrapper.py:340} INFO - AWS Connection (conn_id='minio_default', conn_type='s3') credentials retrieved from login and password.
[2025-05-02T21:55:55.777+0000] {base.py:73} INFO - Using connection ID 'minio_default' for task execution.
[2025-05-02T21:55:55.779+0000] {connection_wrapper.py:340} INFO - AWS Connection (conn_id='minio_default', conn_type='s3') credentials retrieved from login and password.
[2025-05-02T21:55:56.381+0000] {base.py:73} INFO - Using connection ID 'minio_default' for task execution.
[2025-05-02T21:55:56.383+0000] {connection_wrapper.py:340} INFO - AWS Connection (conn_id='minio_default', conn_type='s3') credentials retrieved from login and password.
[2025-05-02T21:55:57.040+0000] {base.py:73} INFO - Using connection ID 'minio_default' for task execution.
[2025-05-02T21:55:57.042+0000] {connection_wrapper.py:340} INFO - AWS Connection (conn_id='minio_default', conn_type='s3') credentials retrieved from login and password.
[2025-05-02T21:55:57.724+0000] {base.py:73} INFO - Using connection ID 'minio_default' for task execution.
[2025-05-02T21:55:57.727+0000] {connection_wrapper.py:340} INFO - AWS Connection (conn_id='minio_default', conn_type='s3') credentials retrieved from login and password.
[2025-05-02T21:55:58.418+0000] {base.py:73} INFO - Using connection ID 'minio_default' for task execution.
[2025-05-02T21:55:58.420+0000] {connection_wrapper.py:340} INFO - AWS Connection (conn_id='minio_default', conn_type='s3') credentials retrieved from login and password.
[2025-05-02T21:55:59.766+0000] {base.py:73} INFO - Using connection ID 'minio_default' for task execution.
[2025-05-02T21:55:59.768+0000] {connection_wrapper.py:340} INFO - AWS Connection (conn_id='minio_default', conn_type='s3') credentials retrieved from login and password.
[2025-05-02T21:56:00.586+0000] {base.py:73} INFO - Using connection ID 'minio_default' for task execution.
[2025-05-02T21:56:00.588+0000] {connection_wrapper.py:340} INFO - AWS Connection (conn_id='minio_default', conn_type='s3') credentials retrieved from login and password.
[2025-05-02T21:56:01.200+0000] {base.py:73} INFO - Using connection ID 'minio_default' for task execution.
[2025-05-02T21:56:01.202+0000] {connection_wrapper.py:340} INFO - AWS Connection (conn_id='minio_default', conn_type='s3') credentials retrieved from login and password.
[2025-05-02T21:56:01.719+0000] {base.py:73} INFO - Using connection ID 'minio_default' for task execution.
[2025-05-02T21:56:01.721+0000] {connection_wrapper.py:340} INFO - AWS Connection (conn_id='minio_default', conn_type='s3') credentials retrieved from login and password.
[2025-05-02T21:56:02.575+0000] {base.py:73} INFO - Using connection ID 'minio_default' for task execution.
[2025-05-02T21:56:02.577+0000] {connection_wrapper.py:340} INFO - AWS Connection (conn_id='minio_default', conn_type='s3') credentials retrieved from login and password.
[2025-05-02T21:56:03.435+0000] {base.py:73} INFO - Using connection ID 'minio_default' for task execution.
[2025-05-02T21:56:03.438+0000] {connection_wrapper.py:340} INFO - AWS Connection (conn_id='minio_default', conn_type='s3') credentials retrieved from login and password.
[2025-05-02T21:56:06.083+0000] {base.py:73} INFO - Using connection ID 'minio_default' for task execution.
[2025-05-02T21:56:06.085+0000] {connection_wrapper.py:340} INFO - AWS Connection (conn_id='minio_default', conn_type='s3') credentials retrieved from login and password.
[2025-05-02T21:56:06.537+0000] {base.py:73} INFO - Using connection ID 'minio_default' for task execution.
[2025-05-02T21:56:06.538+0000] {connection_wrapper.py:340} INFO - AWS Connection (conn_id='minio_default', conn_type='s3') credentials retrieved from login and password.
[2025-05-02T21:56:06.915+0000] {base.py:73} INFO - Using connection ID 'minio_default' for task execution.
[2025-05-02T21:56:06.918+0000] {connection_wrapper.py:340} INFO - AWS Connection (conn_id='minio_default', conn_type='s3') credentials retrieved from login and password.
[2025-05-02T21:56:07.392+0000] {base.py:73} INFO - Using connection ID 'minio_default' for task execution.
[2025-05-02T21:56:07.394+0000] {connection_wrapper.py:340} INFO - AWS Connection (conn_id='minio_default', conn_type='s3') credentials retrieved from login and password.
[2025-05-02T21:56:07.918+0000] {base.py:73} INFO - Using connection ID 'minio_default' for task execution.
[2025-05-02T21:56:07.919+0000] {connection_wrapper.py:340} INFO - AWS Connection (conn_id='minio_default', conn_type='s3') credentials retrieved from login and password.
[2025-05-02T21:56:08.398+0000] {base.py:73} INFO - Using connection ID 'minio_default' for task execution.
[2025-05-02T21:56:08.399+0000] {connection_wrapper.py:340} INFO - AWS Connection (conn_id='minio_default', conn_type='s3') credentials retrieved from login and password.
[2025-05-02T21:56:09.015+0000] {base.py:73} INFO - Using connection ID 'minio_default' for task execution.
[2025-05-02T21:56:09.017+0000] {connection_wrapper.py:340} INFO - AWS Connection (conn_id='minio_default', conn_type='s3') credentials retrieved from login and password.
[2025-05-02T21:56:09.836+0000] {base.py:73} INFO - Using connection ID 'minio_default' for task execution.
[2025-05-02T21:56:09.838+0000] {connection_wrapper.py:340} INFO - AWS Connection (conn_id='minio_default', conn_type='s3') credentials retrieved from login and password.
[2025-05-02T21:56:10.565+0000] {base.py:73} INFO - Using connection ID 'minio_default' for task execution.
[2025-05-02T21:56:10.566+0000] {connection_wrapper.py:340} INFO - AWS Connection (conn_id='minio_default', conn_type='s3') credentials retrieved from login and password.
[2025-05-02T21:56:11.824+0000] {base.py:73} INFO - Using connection ID 'minio_default' for task execution.
[2025-05-02T21:56:11.827+0000] {connection_wrapper.py:340} INFO - AWS Connection (conn_id='minio_default', conn_type='s3') credentials retrieved from login and password.
[2025-05-02T21:56:12.484+0000] {base.py:73} INFO - Using connection ID 'minio_default' for task execution.
[2025-05-02T21:56:12.486+0000] {connection_wrapper.py:340} INFO - AWS Connection (conn_id='minio_default', conn_type='s3') credentials retrieved from login and password.
[2025-05-02T21:56:13.151+0000] {base.py:73} INFO - Using connection ID 'minio_default' for task execution.
[2025-05-02T21:56:13.153+0000] {connection_wrapper.py:340} INFO - AWS Connection (conn_id='minio_default', conn_type='s3') credentials retrieved from login and password.
[2025-05-02T21:56:14.160+0000] {base.py:73} INFO - Using connection ID 'minio_default' for task execution.
[2025-05-02T21:56:14.162+0000] {connection_wrapper.py:340} INFO - AWS Connection (conn_id='minio_default', conn_type='s3') credentials retrieved from login and password.
[2025-05-02T21:56:15.078+0000] {base.py:73} INFO - Using connection ID 'minio_default' for task execution.
[2025-05-02T21:56:15.080+0000] {connection_wrapper.py:340} INFO - AWS Connection (conn_id='minio_default', conn_type='s3') credentials retrieved from login and password.
[2025-05-02T21:56:15.803+0000] {base.py:73} INFO - Using connection ID 'minio_default' for task execution.
[2025-05-02T21:56:15.805+0000] {connection_wrapper.py:340} INFO - AWS Connection (conn_id='minio_default', conn_type='s3') credentials retrieved from login and password.
[2025-05-02T21:56:16.346+0000] {base.py:73} INFO - Using connection ID 'minio_default' for task execution.
[2025-05-02T21:56:16.349+0000] {connection_wrapper.py:340} INFO - AWS Connection (conn_id='minio_default', conn_type='s3') credentials retrieved from login and password.
[2025-05-02T21:56:17.190+0000] {base.py:73} INFO - Using connection ID 'minio_default' for task execution.
[2025-05-02T21:56:17.192+0000] {connection_wrapper.py:340} INFO - AWS Connection (conn_id='minio_default', conn_type='s3') credentials retrieved from login and password.
[2025-05-02T21:56:18.099+0000] {base.py:73} INFO - Using connection ID 'minio_default' for task execution.
[2025-05-02T21:56:18.101+0000] {connection_wrapper.py:340} INFO - AWS Connection (conn_id='minio_default', conn_type='s3') credentials retrieved from login and password.
[2025-05-02T21:56:20.179+0000] {base.py:73} INFO - Using connection ID 'minio_default' for task execution.
[2025-05-02T21:56:20.181+0000] {connection_wrapper.py:340} INFO - AWS Connection (conn_id='minio_default', conn_type='s3') credentials retrieved from login and password.
[2025-05-02T21:56:21.121+0000] {base.py:73} INFO - Using connection ID 'minio_default' for task execution.
[2025-05-02T21:56:21.122+0000] {connection_wrapper.py:340} INFO - AWS Connection (conn_id='minio_default', conn_type='s3') credentials retrieved from login and password.
[2025-05-02T21:56:22.328+0000] {base.py:73} INFO - Using connection ID 'minio_default' for task execution.
[2025-05-02T21:56:22.330+0000] {connection_wrapper.py:340} INFO - AWS Connection (conn_id='minio_default', conn_type='s3') credentials retrieved from login and password.
[2025-05-02T21:56:23.426+0000] {base.py:73} INFO - Using connection ID 'minio_default' for task execution.
[2025-05-02T21:56:23.427+0000] {connection_wrapper.py:340} INFO - AWS Connection (conn_id='minio_default', conn_type='s3') credentials retrieved from login and password.
[2025-05-02T21:56:24.493+0000] {base.py:73} INFO - Using connection ID 'minio_default' for task execution.
[2025-05-02T21:56:24.494+0000] {connection_wrapper.py:340} INFO - AWS Connection (conn_id='minio_default', conn_type='s3') credentials retrieved from login and password.
[2025-05-02T21:56:25.358+0000] {base.py:73} INFO - Using connection ID 'minio_default' for task execution.
[2025-05-02T21:56:25.360+0000] {connection_wrapper.py:340} INFO - AWS Connection (conn_id='minio_default', conn_type='s3') credentials retrieved from login and password.
[2025-05-02T21:56:26.520+0000] {base.py:73} INFO - Using connection ID 'minio_default' for task execution.
[2025-05-02T21:56:26.522+0000] {connection_wrapper.py:340} INFO - AWS Connection (conn_id='minio_default', conn_type='s3') credentials retrieved from login and password.
[2025-05-02T21:56:27.319+0000] {base.py:73} INFO - Using connection ID 'minio_default' for task execution.
[2025-05-02T21:56:27.321+0000] {connection_wrapper.py:340} INFO - AWS Connection (conn_id='minio_default', conn_type='s3') credentials retrieved from login and password.
[2025-05-02T21:56:29.739+0000] {base.py:73} INFO - Using connection ID 'minio_default' for task execution.
[2025-05-02T21:56:29.745+0000] {connection_wrapper.py:340} INFO - AWS Connection (conn_id='minio_default', conn_type='s3') credentials retrieved from login and password.
[2025-05-02T21:56:30.768+0000] {base.py:73} INFO - Using connection ID 'minio_default' for task execution.
[2025-05-02T21:56:30.770+0000] {connection_wrapper.py:340} INFO - AWS Connection (conn_id='minio_default', conn_type='s3') credentials retrieved from login and password.
[2025-05-02T21:56:31.662+0000] {base.py:73} INFO - Using connection ID 'minio_default' for task execution.
[2025-05-02T21:56:31.665+0000] {connection_wrapper.py:340} INFO - AWS Connection (conn_id='minio_default', conn_type='s3') credentials retrieved from login and password.
[2025-05-02T21:56:32.373+0000] {base.py:73} INFO - Using connection ID 'minio_default' for task execution.
[2025-05-02T21:56:32.375+0000] {connection_wrapper.py:340} INFO - AWS Connection (conn_id='minio_default', conn_type='s3') credentials retrieved from login and password.
[2025-05-02T21:56:33.194+0000] {base.py:73} INFO - Using connection ID 'minio_default' for task execution.
[2025-05-02T21:56:33.196+0000] {connection_wrapper.py:340} INFO - AWS Connection (conn_id='minio_default', conn_type='s3') credentials retrieved from login and password.
[2025-05-02T21:56:33.292+0000] {python.py:194} INFO - Done. Returned value was: None
[2025-05-02T21:56:33.445+0000] {taskinstance.py:1398} INFO - Marking task as SUCCESS. dag_id=statsbomb_full_ingestion, task_id=ingest_matches, execution_date=20250502T215524, start_date=20250502T215532, end_date=20250502T215633
[2025-05-02T21:56:33.517+0000] {local_task_job_runner.py:228} INFO - Task exited with return code 0
[2025-05-02T21:56:33.731+0000] {taskinstance.py:2776} INFO - 0 downstream tasks scheduled from follow-on schedule check
