[2025-05-02T22:36:28.022+0000] {logging_mixin.py:151} INFO - Changing /opt/airflow/logs/dag_id=statsbomb_full_ingestion/run_id=manual__2025-05-02T22:36:19.789358+00:00/task_id=ingest_matches permission to 509
[2025-05-02T22:36:28.077+0000] {logging_mixin.py:151} INFO - Changing /opt/airflow/logs/dag_id=statsbomb_full_ingestion/run_id=manual__2025-05-02T22:36:19.789358+00:00/task_id=ingest_matches permission to 509
[2025-05-02T22:36:28.116+0000] {taskinstance.py:1157} INFO - Dependencies all met for dep_context=non-requeueable deps ti=<TaskInstance: statsbomb_full_ingestion.ingest_matches manual__2025-05-02T22:36:19.789358+00:00 [queued]>
[2025-05-02T22:36:28.128+0000] {taskinstance.py:1157} INFO - Dependencies all met for dep_context=requeueable deps ti=<TaskInstance: statsbomb_full_ingestion.ingest_matches manual__2025-05-02T22:36:19.789358+00:00 [queued]>
[2025-05-02T22:36:28.130+0000] {taskinstance.py:1359} INFO - Starting attempt 1 of 2
[2025-05-02T22:36:28.144+0000] {taskinstance.py:1380} INFO - Executing <Task(PythonOperator): ingest_matches> on 2025-05-02 22:36:19.789358+00:00
[2025-05-02T22:36:28.149+0000] {standard_task_runner.py:57} INFO - Started process 1065 to run task
[2025-05-02T22:36:28.153+0000] {standard_task_runner.py:84} INFO - Running: ['airflow', 'tasks', 'run', 'statsbomb_full_ingestion', 'ingest_matches', 'manual__2025-05-02T22:36:19.789358+00:00', '--job-id', '21', '--raw', '--subdir', 'DAGS_FOLDER/statsbomb_ingestion.py', '--cfg-path', '/tmp/tmpe6vvt72v']
[2025-05-02T22:36:28.156+0000] {standard_task_runner.py:85} INFO - Job 21: Subtask ingest_matches
[2025-05-02T22:36:28.215+0000] {logging_mixin.py:151} INFO - Changing /opt/airflow/logs/dag_id=statsbomb_full_ingestion/run_id=manual__2025-05-02T22:36:19.789358+00:00/task_id=ingest_matches permission to 509
[2025-05-02T22:36:28.229+0000] {task_command.py:415} INFO - Running <TaskInstance: statsbomb_full_ingestion.ingest_matches manual__2025-05-02T22:36:19.789358+00:00 [running]> on host e2d1066c2b98
[2025-05-02T22:36:28.334+0000] {taskinstance.py:1660} INFO - Exporting env vars: AIRFLOW_CTX_DAG_OWNER='airflow' AIRFLOW_CTX_DAG_ID='statsbomb_full_ingestion' AIRFLOW_CTX_TASK_ID='ingest_matches' AIRFLOW_CTX_EXECUTION_DATE='2025-05-02T22:36:19.789358+00:00' AIRFLOW_CTX_TRY_NUMBER='1' AIRFLOW_CTX_DAG_RUN_ID='manual__2025-05-02T22:36:19.789358+00:00'
[2025-05-02T22:36:29.180+0000] {statsbomb_ingestion.py:21} INFO - Téléchargement de https://raw.githubusercontent.com/statsbomb/open-data/master/data/matches/9/281.json
[2025-05-02T22:36:30.352+0000] {statsbomb_ingestion.py:34} INFO -  Upload dans S3 → bucket=statsbomb, key=matches/9/281.json
[2025-05-02T22:36:30.355+0000] {crypto.py:82} WARNING - empty cryptography key - values will not be stored encrypted.
[2025-05-02T22:36:30.359+0000] {base.py:73} INFO - Using connection ID 'minio_default' for task execution.
[2025-05-02T22:36:30.372+0000] {logging_mixin.py:151} WARNING - <string>:8 AirflowProviderDeprecationWarning: AWS Connection (conn_id='minio_default', conn_type='s3') has connection type 's3', which has been replaced by connection type 'aws'. Please update your connection to have `conn_type='aws'`.
[2025-05-02T22:36:30.374+0000] {connection_wrapper.py:340} INFO - AWS Connection (conn_id='minio_default', conn_type='s3') credentials retrieved from login and password.
[2025-05-02T22:36:30.378+0000] {logging_mixin.py:151} WARNING - <string>:8 AirflowProviderDeprecationWarning: Host minio specified in the connection is not used. Please, set it on extra['endpoint_url'] instead
[2025-05-02T22:36:30.856+0000] {statsbomb_ingestion.py:21} INFO - Téléchargement de https://raw.githubusercontent.com/statsbomb/open-data/master/data/matches/9/27.json
[2025-05-02T22:36:31.835+0000] {statsbomb_ingestion.py:34} INFO -  Upload dans S3 → bucket=statsbomb, key=matches/9/27.json
[2025-05-02T22:36:31.843+0000] {base.py:73} INFO - Using connection ID 'minio_default' for task execution.
[2025-05-02T22:36:31.845+0000] {connection_wrapper.py:340} INFO - AWS Connection (conn_id='minio_default', conn_type='s3') credentials retrieved from login and password.
[2025-05-02T22:36:32.039+0000] {statsbomb_ingestion.py:21} INFO - Téléchargement de https://raw.githubusercontent.com/statsbomb/open-data/master/data/matches/1267/107.json
[2025-05-02T22:36:32.860+0000] {statsbomb_ingestion.py:34} INFO -  Upload dans S3 → bucket=statsbomb, key=matches/1267/107.json
[2025-05-02T22:36:32.863+0000] {base.py:73} INFO - Using connection ID 'minio_default' for task execution.
[2025-05-02T22:36:32.865+0000] {connection_wrapper.py:340} INFO - AWS Connection (conn_id='minio_default', conn_type='s3') credentials retrieved from login and password.
[2025-05-02T22:36:33.023+0000] {statsbomb_ingestion.py:21} INFO - Téléchargement de https://raw.githubusercontent.com/statsbomb/open-data/master/data/matches/16/4.json
[2025-05-02T22:36:33.912+0000] {statsbomb_ingestion.py:34} INFO -  Upload dans S3 → bucket=statsbomb, key=matches/16/4.json
[2025-05-02T22:36:33.915+0000] {base.py:73} INFO - Using connection ID 'minio_default' for task execution.
[2025-05-02T22:36:33.917+0000] {connection_wrapper.py:340} INFO - AWS Connection (conn_id='minio_default', conn_type='s3') credentials retrieved from login and password.
[2025-05-02T22:36:34.085+0000] {statsbomb_ingestion.py:21} INFO - Téléchargement de https://raw.githubusercontent.com/statsbomb/open-data/master/data/matches/16/1.json
[2025-05-02T22:36:34.969+0000] {statsbomb_ingestion.py:34} INFO -  Upload dans S3 → bucket=statsbomb, key=matches/16/1.json
[2025-05-02T22:36:34.972+0000] {base.py:73} INFO - Using connection ID 'minio_default' for task execution.
[2025-05-02T22:36:34.974+0000] {connection_wrapper.py:340} INFO - AWS Connection (conn_id='minio_default', conn_type='s3') credentials retrieved from login and password.
[2025-05-02T22:36:35.292+0000] {statsbomb_ingestion.py:21} INFO - Téléchargement de https://raw.githubusercontent.com/statsbomb/open-data/master/data/matches/16/2.json
[2025-05-02T22:36:36.185+0000] {statsbomb_ingestion.py:34} INFO -  Upload dans S3 → bucket=statsbomb, key=matches/16/2.json
[2025-05-02T22:36:36.188+0000] {base.py:73} INFO - Using connection ID 'minio_default' for task execution.
[2025-05-02T22:36:36.190+0000] {connection_wrapper.py:340} INFO - AWS Connection (conn_id='minio_default', conn_type='s3') credentials retrieved from login and password.
[2025-05-02T22:36:36.336+0000] {statsbomb_ingestion.py:21} INFO - Téléchargement de https://raw.githubusercontent.com/statsbomb/open-data/master/data/matches/16/27.json
[2025-05-02T22:36:37.260+0000] {statsbomb_ingestion.py:34} INFO -  Upload dans S3 → bucket=statsbomb, key=matches/16/27.json
[2025-05-02T22:36:37.264+0000] {base.py:73} INFO - Using connection ID 'minio_default' for task execution.
[2025-05-02T22:36:37.266+0000] {connection_wrapper.py:340} INFO - AWS Connection (conn_id='minio_default', conn_type='s3') credentials retrieved from login and password.
[2025-05-02T22:36:37.420+0000] {statsbomb_ingestion.py:21} INFO - Téléchargement de https://raw.githubusercontent.com/statsbomb/open-data/master/data/matches/16/26.json
[2025-05-02T22:36:38.014+0000] {statsbomb_ingestion.py:34} INFO -  Upload dans S3 → bucket=statsbomb, key=matches/16/26.json
[2025-05-02T22:36:38.017+0000] {base.py:73} INFO - Using connection ID 'minio_default' for task execution.
[2025-05-02T22:36:38.019+0000] {connection_wrapper.py:340} INFO - AWS Connection (conn_id='minio_default', conn_type='s3') credentials retrieved from login and password.
[2025-05-02T22:36:38.183+0000] {statsbomb_ingestion.py:21} INFO - Téléchargement de https://raw.githubusercontent.com/statsbomb/open-data/master/data/matches/16/25.json
[2025-05-02T22:36:38.906+0000] {statsbomb_ingestion.py:34} INFO -  Upload dans S3 → bucket=statsbomb, key=matches/16/25.json
[2025-05-02T22:36:38.909+0000] {base.py:73} INFO - Using connection ID 'minio_default' for task execution.
[2025-05-02T22:36:38.911+0000] {connection_wrapper.py:340} INFO - AWS Connection (conn_id='minio_default', conn_type='s3') credentials retrieved from login and password.
[2025-05-02T22:36:39.242+0000] {statsbomb_ingestion.py:21} INFO - Téléchargement de https://raw.githubusercontent.com/statsbomb/open-data/master/data/matches/16/24.json
[2025-05-02T22:36:41.325+0000] {statsbomb_ingestion.py:34} INFO -  Upload dans S3 → bucket=statsbomb, key=matches/16/24.json
[2025-05-02T22:36:41.328+0000] {base.py:73} INFO - Using connection ID 'minio_default' for task execution.
[2025-05-02T22:36:41.330+0000] {connection_wrapper.py:340} INFO - AWS Connection (conn_id='minio_default', conn_type='s3') credentials retrieved from login and password.
[2025-05-02T22:36:41.482+0000] {statsbomb_ingestion.py:21} INFO - Téléchargement de https://raw.githubusercontent.com/statsbomb/open-data/master/data/matches/16/23.json
[2025-05-02T22:36:42.424+0000] {statsbomb_ingestion.py:34} INFO -  Upload dans S3 → bucket=statsbomb, key=matches/16/23.json
[2025-05-02T22:36:42.427+0000] {base.py:73} INFO - Using connection ID 'minio_default' for task execution.
[2025-05-02T22:36:42.429+0000] {connection_wrapper.py:340} INFO - AWS Connection (conn_id='minio_default', conn_type='s3') credentials retrieved from login and password.
[2025-05-02T22:36:42.582+0000] {statsbomb_ingestion.py:21} INFO - Téléchargement de https://raw.githubusercontent.com/statsbomb/open-data/master/data/matches/16/22.json
[2025-05-02T22:36:43.363+0000] {statsbomb_ingestion.py:34} INFO -  Upload dans S3 → bucket=statsbomb, key=matches/16/22.json
[2025-05-02T22:36:43.366+0000] {base.py:73} INFO - Using connection ID 'minio_default' for task execution.
[2025-05-02T22:36:43.368+0000] {connection_wrapper.py:340} INFO - AWS Connection (conn_id='minio_default', conn_type='s3') credentials retrieved from login and password.
[2025-05-02T22:36:43.525+0000] {statsbomb_ingestion.py:21} INFO - Téléchargement de https://raw.githubusercontent.com/statsbomb/open-data/master/data/matches/16/21.json
[2025-05-02T22:36:44.223+0000] {statsbomb_ingestion.py:34} INFO -  Upload dans S3 → bucket=statsbomb, key=matches/16/21.json
[2025-05-02T22:36:44.226+0000] {base.py:73} INFO - Using connection ID 'minio_default' for task execution.
[2025-05-02T22:36:44.228+0000] {connection_wrapper.py:340} INFO - AWS Connection (conn_id='minio_default', conn_type='s3') credentials retrieved from login and password.
[2025-05-02T22:36:44.545+0000] {statsbomb_ingestion.py:21} INFO - Téléchargement de https://raw.githubusercontent.com/statsbomb/open-data/master/data/matches/16/41.json
[2025-05-02T22:36:45.252+0000] {statsbomb_ingestion.py:34} INFO -  Upload dans S3 → bucket=statsbomb, key=matches/16/41.json
[2025-05-02T22:36:45.255+0000] {base.py:73} INFO - Using connection ID 'minio_default' for task execution.
[2025-05-02T22:36:45.258+0000] {connection_wrapper.py:340} INFO - AWS Connection (conn_id='minio_default', conn_type='s3') credentials retrieved from login and password.
[2025-05-02T22:36:45.403+0000] {statsbomb_ingestion.py:21} INFO - Téléchargement de https://raw.githubusercontent.com/statsbomb/open-data/master/data/matches/16/39.json
[2025-05-02T22:36:46.454+0000] {statsbomb_ingestion.py:34} INFO -  Upload dans S3 → bucket=statsbomb, key=matches/16/39.json
[2025-05-02T22:36:46.457+0000] {base.py:73} INFO - Using connection ID 'minio_default' for task execution.
[2025-05-02T22:36:46.459+0000] {connection_wrapper.py:340} INFO - AWS Connection (conn_id='minio_default', conn_type='s3') credentials retrieved from login and password.
[2025-05-02T22:36:46.611+0000] {statsbomb_ingestion.py:21} INFO - Téléchargement de https://raw.githubusercontent.com/statsbomb/open-data/master/data/matches/16/37.json
[2025-05-02T22:36:47.349+0000] {statsbomb_ingestion.py:34} INFO -  Upload dans S3 → bucket=statsbomb, key=matches/16/37.json
[2025-05-02T22:36:47.352+0000] {base.py:73} INFO - Using connection ID 'minio_default' for task execution.
[2025-05-02T22:36:47.355+0000] {connection_wrapper.py:340} INFO - AWS Connection (conn_id='minio_default', conn_type='s3') credentials retrieved from login and password.
[2025-05-02T22:36:47.517+0000] {statsbomb_ingestion.py:21} INFO - Téléchargement de https://raw.githubusercontent.com/statsbomb/open-data/master/data/matches/16/44.json
[2025-05-02T22:36:48.170+0000] {statsbomb_ingestion.py:34} INFO -  Upload dans S3 → bucket=statsbomb, key=matches/16/44.json
[2025-05-02T22:36:48.173+0000] {base.py:73} INFO - Using connection ID 'minio_default' for task execution.
[2025-05-02T22:36:48.176+0000] {connection_wrapper.py:340} INFO - AWS Connection (conn_id='minio_default', conn_type='s3') credentials retrieved from login and password.
[2025-05-02T22:36:48.411+0000] {statsbomb_ingestion.py:21} INFO - Téléchargement de https://raw.githubusercontent.com/statsbomb/open-data/master/data/matches/16/76.json
[2025-05-02T22:36:48.717+0000] {statsbomb_ingestion.py:34} INFO -  Upload dans S3 → bucket=statsbomb, key=matches/16/76.json
[2025-05-02T22:36:48.721+0000] {base.py:73} INFO - Using connection ID 'minio_default' for task execution.
[2025-05-02T22:36:48.723+0000] {connection_wrapper.py:340} INFO - AWS Connection (conn_id='minio_default', conn_type='s3') credentials retrieved from login and password.
[2025-05-02T22:36:48.860+0000] {statsbomb_ingestion.py:21} INFO - Téléchargement de https://raw.githubusercontent.com/statsbomb/open-data/master/data/matches/16/277.json
[2025-05-02T22:36:49.229+0000] {statsbomb_ingestion.py:34} INFO -  Upload dans S3 → bucket=statsbomb, key=matches/16/277.json
[2025-05-02T22:36:49.234+0000] {base.py:73} INFO - Using connection ID 'minio_default' for task execution.
[2025-05-02T22:36:49.237+0000] {connection_wrapper.py:340} INFO - AWS Connection (conn_id='minio_default', conn_type='s3') credentials retrieved from login and password.
[2025-05-02T22:36:49.390+0000] {statsbomb_ingestion.py:21} INFO - Téléchargement de https://raw.githubusercontent.com/statsbomb/open-data/master/data/matches/16/71.json
[2025-05-02T22:36:49.804+0000] {statsbomb_ingestion.py:34} INFO -  Upload dans S3 → bucket=statsbomb, key=matches/16/71.json
[2025-05-02T22:36:49.807+0000] {base.py:73} INFO - Using connection ID 'minio_default' for task execution.
[2025-05-02T22:36:49.810+0000] {connection_wrapper.py:340} INFO - AWS Connection (conn_id='minio_default', conn_type='s3') credentials retrieved from login and password.
[2025-05-02T22:36:49.980+0000] {statsbomb_ingestion.py:21} INFO - Téléchargement de https://raw.githubusercontent.com/statsbomb/open-data/master/data/matches/16/276.json
[2025-05-02T22:36:50.333+0000] {statsbomb_ingestion.py:34} INFO -  Upload dans S3 → bucket=statsbomb, key=matches/16/276.json
[2025-05-02T22:36:50.337+0000] {base.py:73} INFO - Using connection ID 'minio_default' for task execution.
[2025-05-02T22:36:50.339+0000] {connection_wrapper.py:340} INFO - AWS Connection (conn_id='minio_default', conn_type='s3') credentials retrieved from login and password.
[2025-05-02T22:36:50.668+0000] {statsbomb_ingestion.py:21} INFO - Téléchargement de https://raw.githubusercontent.com/statsbomb/open-data/master/data/matches/223/282.json
[2025-05-02T22:36:51.035+0000] {statsbomb_ingestion.py:34} INFO -  Upload dans S3 → bucket=statsbomb, key=matches/223/282.json
[2025-05-02T22:36:51.038+0000] {base.py:73} INFO - Using connection ID 'minio_default' for task execution.
[2025-05-02T22:36:51.040+0000] {connection_wrapper.py:340} INFO - AWS Connection (conn_id='minio_default', conn_type='s3') credentials retrieved from login and password.
[2025-05-02T22:36:51.198+0000] {statsbomb_ingestion.py:21} INFO - Téléchargement de https://raw.githubusercontent.com/statsbomb/open-data/master/data/matches/87/84.json
[2025-05-02T22:36:51.683+0000] {statsbomb_ingestion.py:34} INFO -  Upload dans S3 → bucket=statsbomb, key=matches/87/84.json
[2025-05-02T22:36:51.688+0000] {base.py:73} INFO - Using connection ID 'minio_default' for task execution.
[2025-05-02T22:36:51.690+0000] {connection_wrapper.py:340} INFO - AWS Connection (conn_id='minio_default', conn_type='s3') credentials retrieved from login and password.
[2025-05-02T22:36:51.835+0000] {statsbomb_ingestion.py:21} INFO - Téléchargement de https://raw.githubusercontent.com/statsbomb/open-data/master/data/matches/87/268.json
[2025-05-02T22:36:52.279+0000] {statsbomb_ingestion.py:34} INFO -  Upload dans S3 → bucket=statsbomb, key=matches/87/268.json
[2025-05-02T22:36:52.282+0000] {base.py:73} INFO - Using connection ID 'minio_default' for task execution.
[2025-05-02T22:36:52.285+0000] {connection_wrapper.py:340} INFO - AWS Connection (conn_id='minio_default', conn_type='s3') credentials retrieved from login and password.
[2025-05-02T22:36:52.439+0000] {statsbomb_ingestion.py:21} INFO - Téléchargement de https://raw.githubusercontent.com/statsbomb/open-data/master/data/matches/87/279.json
[2025-05-02T22:36:52.894+0000] {statsbomb_ingestion.py:34} INFO -  Upload dans S3 → bucket=statsbomb, key=matches/87/279.json
[2025-05-02T22:36:52.897+0000] {base.py:73} INFO - Using connection ID 'minio_default' for task execution.
[2025-05-02T22:36:52.899+0000] {connection_wrapper.py:340} INFO - AWS Connection (conn_id='minio_default', conn_type='s3') credentials retrieved from login and password.
[2025-05-02T22:36:53.282+0000] {statsbomb_ingestion.py:21} INFO - Téléchargement de https://raw.githubusercontent.com/statsbomb/open-data/master/data/matches/37/90.json
[2025-05-02T22:36:53.683+0000] {statsbomb_ingestion.py:34} INFO -  Upload dans S3 → bucket=statsbomb, key=matches/37/90.json
[2025-05-02T22:36:53.688+0000] {base.py:73} INFO - Using connection ID 'minio_default' for task execution.
[2025-05-02T22:36:53.690+0000] {connection_wrapper.py:340} INFO - AWS Connection (conn_id='minio_default', conn_type='s3') credentials retrieved from login and password.
[2025-05-02T22:36:53.850+0000] {statsbomb_ingestion.py:21} INFO - Téléchargement de https://raw.githubusercontent.com/statsbomb/open-data/master/data/matches/37/42.json
[2025-05-02T22:36:54.215+0000] {statsbomb_ingestion.py:34} INFO -  Upload dans S3 → bucket=statsbomb, key=matches/37/42.json
[2025-05-02T22:36:54.218+0000] {base.py:73} INFO - Using connection ID 'minio_default' for task execution.
[2025-05-02T22:36:54.220+0000] {connection_wrapper.py:340} INFO - AWS Connection (conn_id='minio_default', conn_type='s3') credentials retrieved from login and password.
[2025-05-02T22:36:54.381+0000] {statsbomb_ingestion.py:21} INFO - Téléchargement de https://raw.githubusercontent.com/statsbomb/open-data/master/data/matches/37/4.json
[2025-05-02T22:36:54.814+0000] {statsbomb_ingestion.py:34} INFO -  Upload dans S3 → bucket=statsbomb, key=matches/37/4.json
[2025-05-02T22:36:54.818+0000] {base.py:73} INFO - Using connection ID 'minio_default' for task execution.
[2025-05-02T22:36:54.820+0000] {connection_wrapper.py:340} INFO - AWS Connection (conn_id='minio_default', conn_type='s3') credentials retrieved from login and password.
[2025-05-02T22:36:54.985+0000] {statsbomb_ingestion.py:21} INFO - Téléchargement de https://raw.githubusercontent.com/statsbomb/open-data/master/data/matches/1470/274.json
[2025-05-02T22:36:55.283+0000] {statsbomb_ingestion.py:34} INFO -  Upload dans S3 → bucket=statsbomb, key=matches/1470/274.json
[2025-05-02T22:36:55.286+0000] {base.py:73} INFO - Using connection ID 'minio_default' for task execution.
[2025-05-02T22:36:55.288+0000] {connection_wrapper.py:340} INFO - AWS Connection (conn_id='minio_default', conn_type='s3') credentials retrieved from login and password.
[2025-05-02T22:36:55.601+0000] {statsbomb_ingestion.py:21} INFO - Téléchargement de https://raw.githubusercontent.com/statsbomb/open-data/master/data/matches/43/106.json
[2025-05-02T22:36:56.121+0000] {statsbomb_ingestion.py:34} INFO -  Upload dans S3 → bucket=statsbomb, key=matches/43/106.json
[2025-05-02T22:36:56.125+0000] {base.py:73} INFO - Using connection ID 'minio_default' for task execution.
[2025-05-02T22:36:56.127+0000] {connection_wrapper.py:340} INFO - AWS Connection (conn_id='minio_default', conn_type='s3') credentials retrieved from login and password.
[2025-05-02T22:36:56.286+0000] {statsbomb_ingestion.py:21} INFO - Téléchargement de https://raw.githubusercontent.com/statsbomb/open-data/master/data/matches/43/3.json
[2025-05-02T22:36:56.803+0000] {statsbomb_ingestion.py:34} INFO -  Upload dans S3 → bucket=statsbomb, key=matches/43/3.json
[2025-05-02T22:36:56.808+0000] {base.py:73} INFO - Using connection ID 'minio_default' for task execution.
[2025-05-02T22:36:56.810+0000] {connection_wrapper.py:340} INFO - AWS Connection (conn_id='minio_default', conn_type='s3') credentials retrieved from login and password.
[2025-05-02T22:36:56.965+0000] {statsbomb_ingestion.py:21} INFO - Téléchargement de https://raw.githubusercontent.com/statsbomb/open-data/master/data/matches/43/55.json
[2025-05-02T22:36:57.341+0000] {statsbomb_ingestion.py:34} INFO -  Upload dans S3 → bucket=statsbomb, key=matches/43/55.json
[2025-05-02T22:36:57.344+0000] {base.py:73} INFO - Using connection ID 'minio_default' for task execution.
[2025-05-02T22:36:57.346+0000] {connection_wrapper.py:340} INFO - AWS Connection (conn_id='minio_default', conn_type='s3') credentials retrieved from login and password.
[2025-05-02T22:36:57.676+0000] {statsbomb_ingestion.py:21} INFO - Téléchargement de https://raw.githubusercontent.com/statsbomb/open-data/master/data/matches/43/54.json
[2025-05-02T22:36:58.024+0000] {statsbomb_ingestion.py:34} INFO -  Upload dans S3 → bucket=statsbomb, key=matches/43/54.json
[2025-05-02T22:36:58.027+0000] {base.py:73} INFO - Using connection ID 'minio_default' for task execution.
[2025-05-02T22:36:58.029+0000] {connection_wrapper.py:340} INFO - AWS Connection (conn_id='minio_default', conn_type='s3') credentials retrieved from login and password.
[2025-05-02T22:36:58.205+0000] {statsbomb_ingestion.py:21} INFO - Téléchargement de https://raw.githubusercontent.com/statsbomb/open-data/master/data/matches/43/51.json
[2025-05-02T22:36:58.541+0000] {statsbomb_ingestion.py:34} INFO -  Upload dans S3 → bucket=statsbomb, key=matches/43/51.json
[2025-05-02T22:36:58.544+0000] {base.py:73} INFO - Using connection ID 'minio_default' for task execution.
[2025-05-02T22:36:58.547+0000] {connection_wrapper.py:340} INFO - AWS Connection (conn_id='minio_default', conn_type='s3') credentials retrieved from login and password.
[2025-05-02T22:36:58.706+0000] {statsbomb_ingestion.py:21} INFO - Téléchargement de https://raw.githubusercontent.com/statsbomb/open-data/master/data/matches/43/272.json
[2025-05-02T22:36:59.054+0000] {statsbomb_ingestion.py:34} INFO -  Upload dans S3 → bucket=statsbomb, key=matches/43/272.json
[2025-05-02T22:36:59.057+0000] {base.py:73} INFO - Using connection ID 'minio_default' for task execution.
[2025-05-02T22:36:59.059+0000] {connection_wrapper.py:340} INFO - AWS Connection (conn_id='minio_default', conn_type='s3') credentials retrieved from login and password.
[2025-05-02T22:36:59.215+0000] {statsbomb_ingestion.py:21} INFO - Téléchargement de https://raw.githubusercontent.com/statsbomb/open-data/master/data/matches/43/270.json
[2025-05-02T22:36:59.773+0000] {statsbomb_ingestion.py:34} INFO -  Upload dans S3 → bucket=statsbomb, key=matches/43/270.json
[2025-05-02T22:36:59.776+0000] {base.py:73} INFO - Using connection ID 'minio_default' for task execution.
[2025-05-02T22:36:59.778+0000] {connection_wrapper.py:340} INFO - AWS Connection (conn_id='minio_default', conn_type='s3') credentials retrieved from login and password.
[2025-05-02T22:37:00.151+0000] {statsbomb_ingestion.py:21} INFO - Téléchargement de https://raw.githubusercontent.com/statsbomb/open-data/master/data/matches/43/269.json
[2025-05-02T22:37:00.712+0000] {statsbomb_ingestion.py:34} INFO -  Upload dans S3 → bucket=statsbomb, key=matches/43/269.json
[2025-05-02T22:37:00.716+0000] {base.py:73} INFO - Using connection ID 'minio_default' for task execution.
[2025-05-02T22:37:00.718+0000] {connection_wrapper.py:340} INFO - AWS Connection (conn_id='minio_default', conn_type='s3') credentials retrieved from login and password.
[2025-05-02T22:37:00.880+0000] {statsbomb_ingestion.py:21} INFO - Téléchargement de https://raw.githubusercontent.com/statsbomb/open-data/master/data/matches/1238/108.json
[2025-05-02T22:37:01.456+0000] {statsbomb_ingestion.py:34} INFO -  Upload dans S3 → bucket=statsbomb, key=matches/1238/108.json
[2025-05-02T22:37:01.462+0000] {base.py:73} INFO - Using connection ID 'minio_default' for task execution.
[2025-05-02T22:37:01.465+0000] {connection_wrapper.py:340} INFO - AWS Connection (conn_id='minio_default', conn_type='s3') credentials retrieved from login and password.
[2025-05-02T22:37:01.626+0000] {statsbomb_ingestion.py:21} INFO - Téléchargement de https://raw.githubusercontent.com/statsbomb/open-data/master/data/matches/11/90.json
[2025-05-02T22:37:01.940+0000] {statsbomb_ingestion.py:34} INFO -  Upload dans S3 → bucket=statsbomb, key=matches/11/90.json
[2025-05-02T22:37:01.943+0000] {base.py:73} INFO - Using connection ID 'minio_default' for task execution.
[2025-05-02T22:37:01.945+0000] {connection_wrapper.py:340} INFO - AWS Connection (conn_id='minio_default', conn_type='s3') credentials retrieved from login and password.
[2025-05-02T22:37:02.091+0000] {statsbomb_ingestion.py:21} INFO - Téléchargement de https://raw.githubusercontent.com/statsbomb/open-data/master/data/matches/11/42.json
[2025-05-02T22:37:02.531+0000] {statsbomb_ingestion.py:34} INFO -  Upload dans S3 → bucket=statsbomb, key=matches/11/42.json
[2025-05-02T22:37:02.534+0000] {base.py:73} INFO - Using connection ID 'minio_default' for task execution.
[2025-05-02T22:37:02.536+0000] {connection_wrapper.py:340} INFO - AWS Connection (conn_id='minio_default', conn_type='s3') credentials retrieved from login and password.
[2025-05-02T22:37:02.879+0000] {statsbomb_ingestion.py:21} INFO - Téléchargement de https://raw.githubusercontent.com/statsbomb/open-data/master/data/matches/11/4.json
[2025-05-02T22:37:03.273+0000] {statsbomb_ingestion.py:34} INFO -  Upload dans S3 → bucket=statsbomb, key=matches/11/4.json
[2025-05-02T22:37:03.278+0000] {base.py:73} INFO - Using connection ID 'minio_default' for task execution.
[2025-05-02T22:37:03.280+0000] {connection_wrapper.py:340} INFO - AWS Connection (conn_id='minio_default', conn_type='s3') credentials retrieved from login and password.
[2025-05-02T22:37:03.433+0000] {statsbomb_ingestion.py:21} INFO - Téléchargement de https://raw.githubusercontent.com/statsbomb/open-data/master/data/matches/11/1.json
[2025-05-02T22:37:03.672+0000] {statsbomb_ingestion.py:34} INFO -  Upload dans S3 → bucket=statsbomb, key=matches/11/1.json
[2025-05-02T22:37:03.677+0000] {base.py:73} INFO - Using connection ID 'minio_default' for task execution.
[2025-05-02T22:37:03.679+0000] {connection_wrapper.py:340} INFO - AWS Connection (conn_id='minio_default', conn_type='s3') credentials retrieved from login and password.
[2025-05-02T22:37:03.832+0000] {statsbomb_ingestion.py:21} INFO - Téléchargement de https://raw.githubusercontent.com/statsbomb/open-data/master/data/matches/11/2.json
[2025-05-02T22:37:04.265+0000] {statsbomb_ingestion.py:34} INFO -  Upload dans S3 → bucket=statsbomb, key=matches/11/2.json
[2025-05-02T22:37:04.268+0000] {base.py:73} INFO - Using connection ID 'minio_default' for task execution.
[2025-05-02T22:37:04.270+0000] {connection_wrapper.py:340} INFO - AWS Connection (conn_id='minio_default', conn_type='s3') credentials retrieved from login and password.
[2025-05-02T22:37:04.412+0000] {statsbomb_ingestion.py:21} INFO - Téléchargement de https://raw.githubusercontent.com/statsbomb/open-data/master/data/matches/11/27.json
[2025-05-02T22:37:04.894+0000] {statsbomb_ingestion.py:34} INFO -  Upload dans S3 → bucket=statsbomb, key=matches/11/27.json
[2025-05-02T22:37:04.899+0000] {base.py:73} INFO - Using connection ID 'minio_default' for task execution.
[2025-05-02T22:37:04.901+0000] {connection_wrapper.py:340} INFO - AWS Connection (conn_id='minio_default', conn_type='s3') credentials retrieved from login and password.
[2025-05-02T22:37:05.266+0000] {statsbomb_ingestion.py:21} INFO - Téléchargement de https://raw.githubusercontent.com/statsbomb/open-data/master/data/matches/11/26.json
[2025-05-02T22:37:05.636+0000] {statsbomb_ingestion.py:34} INFO -  Upload dans S3 → bucket=statsbomb, key=matches/11/26.json
[2025-05-02T22:37:05.640+0000] {base.py:73} INFO - Using connection ID 'minio_default' for task execution.
[2025-05-02T22:37:05.643+0000] {connection_wrapper.py:340} INFO - AWS Connection (conn_id='minio_default', conn_type='s3') credentials retrieved from login and password.
[2025-05-02T22:37:05.791+0000] {statsbomb_ingestion.py:21} INFO - Téléchargement de https://raw.githubusercontent.com/statsbomb/open-data/master/data/matches/11/25.json
[2025-05-02T22:37:06.466+0000] {statsbomb_ingestion.py:34} INFO -  Upload dans S3 → bucket=statsbomb, key=matches/11/25.json
[2025-05-02T22:37:06.470+0000] {base.py:73} INFO - Using connection ID 'minio_default' for task execution.
[2025-05-02T22:37:06.472+0000] {connection_wrapper.py:340} INFO - AWS Connection (conn_id='minio_default', conn_type='s3') credentials retrieved from login and password.
[2025-05-02T22:37:06.632+0000] {statsbomb_ingestion.py:21} INFO - Téléchargement de https://raw.githubusercontent.com/statsbomb/open-data/master/data/matches/11/24.json
[2025-05-02T22:37:07.108+0000] {statsbomb_ingestion.py:34} INFO -  Upload dans S3 → bucket=statsbomb, key=matches/11/24.json
[2025-05-02T22:37:07.112+0000] {base.py:73} INFO - Using connection ID 'minio_default' for task execution.
[2025-05-02T22:37:07.115+0000] {connection_wrapper.py:340} INFO - AWS Connection (conn_id='minio_default', conn_type='s3') credentials retrieved from login and password.
[2025-05-02T22:37:07.266+0000] {statsbomb_ingestion.py:21} INFO - Téléchargement de https://raw.githubusercontent.com/statsbomb/open-data/master/data/matches/11/23.json
[2025-05-02T22:37:07.986+0000] {statsbomb_ingestion.py:34} INFO -  Upload dans S3 → bucket=statsbomb, key=matches/11/23.json
[2025-05-02T22:37:07.989+0000] {base.py:73} INFO - Using connection ID 'minio_default' for task execution.
[2025-05-02T22:37:07.991+0000] {connection_wrapper.py:340} INFO - AWS Connection (conn_id='minio_default', conn_type='s3') credentials retrieved from login and password.
[2025-05-02T22:37:08.328+0000] {statsbomb_ingestion.py:21} INFO - Téléchargement de https://raw.githubusercontent.com/statsbomb/open-data/master/data/matches/11/22.json
[2025-05-02T22:37:08.765+0000] {statsbomb_ingestion.py:34} INFO -  Upload dans S3 → bucket=statsbomb, key=matches/11/22.json
[2025-05-02T22:37:08.769+0000] {base.py:73} INFO - Using connection ID 'minio_default' for task execution.
[2025-05-02T22:37:08.771+0000] {connection_wrapper.py:340} INFO - AWS Connection (conn_id='minio_default', conn_type='s3') credentials retrieved from login and password.
[2025-05-02T22:37:08.925+0000] {statsbomb_ingestion.py:21} INFO - Téléchargement de https://raw.githubusercontent.com/statsbomb/open-data/master/data/matches/11/21.json
[2025-05-02T22:37:09.258+0000] {statsbomb_ingestion.py:34} INFO -  Upload dans S3 → bucket=statsbomb, key=matches/11/21.json
[2025-05-02T22:37:09.261+0000] {base.py:73} INFO - Using connection ID 'minio_default' for task execution.
[2025-05-02T22:37:09.263+0000] {connection_wrapper.py:340} INFO - AWS Connection (conn_id='minio_default', conn_type='s3') credentials retrieved from login and password.
[2025-05-02T22:37:09.420+0000] {statsbomb_ingestion.py:21} INFO - Téléchargement de https://raw.githubusercontent.com/statsbomb/open-data/master/data/matches/11/41.json
[2025-05-02T22:37:09.670+0000] {statsbomb_ingestion.py:34} INFO -  Upload dans S3 → bucket=statsbomb, key=matches/11/41.json
[2025-05-02T22:37:09.674+0000] {base.py:73} INFO - Using connection ID 'minio_default' for task execution.
[2025-05-02T22:37:09.676+0000] {connection_wrapper.py:340} INFO - AWS Connection (conn_id='minio_default', conn_type='s3') credentials retrieved from login and password.
[2025-05-02T22:37:09.834+0000] {statsbomb_ingestion.py:21} INFO - Téléchargement de https://raw.githubusercontent.com/statsbomb/open-data/master/data/matches/11/40.json
[2025-05-02T22:37:10.085+0000] {statsbomb_ingestion.py:34} INFO -  Upload dans S3 → bucket=statsbomb, key=matches/11/40.json
[2025-05-02T22:37:10.088+0000] {base.py:73} INFO - Using connection ID 'minio_default' for task execution.
[2025-05-02T22:37:10.090+0000] {connection_wrapper.py:340} INFO - AWS Connection (conn_id='minio_default', conn_type='s3') credentials retrieved from login and password.
[2025-05-02T22:37:10.420+0000] {statsbomb_ingestion.py:21} INFO - Téléchargement de https://raw.githubusercontent.com/statsbomb/open-data/master/data/matches/11/39.json
[2025-05-02T22:37:10.809+0000] {statsbomb_ingestion.py:34} INFO -  Upload dans S3 → bucket=statsbomb, key=matches/11/39.json
[2025-05-02T22:37:10.813+0000] {base.py:73} INFO - Using connection ID 'minio_default' for task execution.
[2025-05-02T22:37:10.815+0000] {connection_wrapper.py:340} INFO - AWS Connection (conn_id='minio_default', conn_type='s3') credentials retrieved from login and password.
[2025-05-02T22:37:10.967+0000] {statsbomb_ingestion.py:21} INFO - Téléchargement de https://raw.githubusercontent.com/statsbomb/open-data/master/data/matches/11/38.json
[2025-05-02T22:37:11.239+0000] {statsbomb_ingestion.py:34} INFO -  Upload dans S3 → bucket=statsbomb, key=matches/11/38.json
[2025-05-02T22:37:11.242+0000] {base.py:73} INFO - Using connection ID 'minio_default' for task execution.
[2025-05-02T22:37:11.244+0000] {connection_wrapper.py:340} INFO - AWS Connection (conn_id='minio_default', conn_type='s3') credentials retrieved from login and password.
[2025-05-02T22:37:11.388+0000] {statsbomb_ingestion.py:21} INFO - Téléchargement de https://raw.githubusercontent.com/statsbomb/open-data/master/data/matches/11/37.json
[2025-05-02T22:37:11.801+0000] {statsbomb_ingestion.py:34} INFO -  Upload dans S3 → bucket=statsbomb, key=matches/11/37.json
[2025-05-02T22:37:11.807+0000] {base.py:73} INFO - Using connection ID 'minio_default' for task execution.
[2025-05-02T22:37:11.809+0000] {connection_wrapper.py:340} INFO - AWS Connection (conn_id='minio_default', conn_type='s3') credentials retrieved from login and password.
[2025-05-02T22:37:11.956+0000] {statsbomb_ingestion.py:21} INFO - Téléchargement de https://raw.githubusercontent.com/statsbomb/open-data/master/data/matches/11/278.json
[2025-05-02T22:37:12.459+0000] {statsbomb_ingestion.py:34} INFO -  Upload dans S3 → bucket=statsbomb, key=matches/11/278.json
[2025-05-02T22:37:12.464+0000] {base.py:73} INFO - Using connection ID 'minio_default' for task execution.
[2025-05-02T22:37:12.466+0000] {connection_wrapper.py:340} INFO - AWS Connection (conn_id='minio_default', conn_type='s3') credentials retrieved from login and password.
[2025-05-02T22:37:12.782+0000] {statsbomb_ingestion.py:21} INFO - Téléchargement de https://raw.githubusercontent.com/statsbomb/open-data/master/data/matches/81/48.json
[2025-05-02T22:37:13.116+0000] {statsbomb_ingestion.py:34} INFO -  Upload dans S3 → bucket=statsbomb, key=matches/81/48.json
[2025-05-02T22:37:13.119+0000] {base.py:73} INFO - Using connection ID 'minio_default' for task execution.
[2025-05-02T22:37:13.121+0000] {connection_wrapper.py:340} INFO - AWS Connection (conn_id='minio_default', conn_type='s3') credentials retrieved from login and password.
[2025-05-02T22:37:13.272+0000] {statsbomb_ingestion.py:21} INFO - Téléchargement de https://raw.githubusercontent.com/statsbomb/open-data/master/data/matches/81/275.json
[2025-05-02T22:37:13.681+0000] {statsbomb_ingestion.py:34} INFO -  Upload dans S3 → bucket=statsbomb, key=matches/81/275.json
[2025-05-02T22:37:13.684+0000] {base.py:73} INFO - Using connection ID 'minio_default' for task execution.
[2025-05-02T22:37:13.687+0000] {connection_wrapper.py:340} INFO - AWS Connection (conn_id='minio_default', conn_type='s3') credentials retrieved from login and password.
[2025-05-02T22:37:13.832+0000] {statsbomb_ingestion.py:21} INFO - Téléchargement de https://raw.githubusercontent.com/statsbomb/open-data/master/data/matches/7/235.json
[2025-05-02T22:37:14.222+0000] {statsbomb_ingestion.py:34} INFO -  Upload dans S3 → bucket=statsbomb, key=matches/7/235.json
[2025-05-02T22:37:14.227+0000] {base.py:73} INFO - Using connection ID 'minio_default' for task execution.
[2025-05-02T22:37:14.229+0000] {connection_wrapper.py:340} INFO - AWS Connection (conn_id='minio_default', conn_type='s3') credentials retrieved from login and password.
[2025-05-02T22:37:14.383+0000] {statsbomb_ingestion.py:21} INFO - Téléchargement de https://raw.githubusercontent.com/statsbomb/open-data/master/data/matches/7/108.json
[2025-05-02T22:37:14.767+0000] {statsbomb_ingestion.py:34} INFO -  Upload dans S3 → bucket=statsbomb, key=matches/7/108.json
[2025-05-02T22:37:14.771+0000] {base.py:73} INFO - Using connection ID 'minio_default' for task execution.
[2025-05-02T22:37:14.773+0000] {connection_wrapper.py:340} INFO - AWS Connection (conn_id='minio_default', conn_type='s3') credentials retrieved from login and password.
[2025-05-02T22:37:15.098+0000] {statsbomb_ingestion.py:21} INFO - Téléchargement de https://raw.githubusercontent.com/statsbomb/open-data/master/data/matches/7/27.json
[2025-05-02T22:37:15.612+0000] {statsbomb_ingestion.py:34} INFO -  Upload dans S3 → bucket=statsbomb, key=matches/7/27.json
[2025-05-02T22:37:15.616+0000] {base.py:73} INFO - Using connection ID 'minio_default' for task execution.
[2025-05-02T22:37:15.618+0000] {connection_wrapper.py:340} INFO - AWS Connection (conn_id='minio_default', conn_type='s3') credentials retrieved from login and password.
[2025-05-02T22:37:15.790+0000] {statsbomb_ingestion.py:21} INFO - Téléchargement de https://raw.githubusercontent.com/statsbomb/open-data/master/data/matches/44/107.json
[2025-05-02T22:37:16.180+0000] {statsbomb_ingestion.py:34} INFO -  Upload dans S3 → bucket=statsbomb, key=matches/44/107.json
[2025-05-02T22:37:16.183+0000] {base.py:73} INFO - Using connection ID 'minio_default' for task execution.
[2025-05-02T22:37:16.184+0000] {connection_wrapper.py:340} INFO - AWS Connection (conn_id='minio_default', conn_type='s3') credentials retrieved from login and password.
[2025-05-02T22:37:16.336+0000] {statsbomb_ingestion.py:21} INFO - Téléchargement de https://raw.githubusercontent.com/statsbomb/open-data/master/data/matches/116/68.json
[2025-05-02T22:37:16.659+0000] {statsbomb_ingestion.py:34} INFO -  Upload dans S3 → bucket=statsbomb, key=matches/116/68.json
[2025-05-02T22:37:16.662+0000] {base.py:73} INFO - Using connection ID 'minio_default' for task execution.
[2025-05-02T22:37:16.665+0000] {connection_wrapper.py:340} INFO - AWS Connection (conn_id='minio_default', conn_type='s3') credentials retrieved from login and password.
[2025-05-02T22:37:16.851+0000] {statsbomb_ingestion.py:21} INFO - Téléchargement de https://raw.githubusercontent.com/statsbomb/open-data/master/data/matches/49/3.json
[2025-05-02T22:37:17.167+0000] {statsbomb_ingestion.py:34} INFO -  Upload dans S3 → bucket=statsbomb, key=matches/49/3.json
[2025-05-02T22:37:17.170+0000] {base.py:73} INFO - Using connection ID 'minio_default' for task execution.
[2025-05-02T22:37:17.172+0000] {connection_wrapper.py:340} INFO - AWS Connection (conn_id='minio_default', conn_type='s3') credentials retrieved from login and password.
[2025-05-02T22:37:17.532+0000] {statsbomb_ingestion.py:21} INFO - Téléchargement de https://raw.githubusercontent.com/statsbomb/open-data/master/data/matches/2/27.json
[2025-05-02T22:37:17.928+0000] {statsbomb_ingestion.py:34} INFO -  Upload dans S3 → bucket=statsbomb, key=matches/2/27.json
[2025-05-02T22:37:17.933+0000] {base.py:73} INFO - Using connection ID 'minio_default' for task execution.
[2025-05-02T22:37:17.934+0000] {connection_wrapper.py:340} INFO - AWS Connection (conn_id='minio_default', conn_type='s3') credentials retrieved from login and password.
[2025-05-02T22:37:18.101+0000] {statsbomb_ingestion.py:21} INFO - Téléchargement de https://raw.githubusercontent.com/statsbomb/open-data/master/data/matches/2/44.json
[2025-05-02T22:37:18.538+0000] {statsbomb_ingestion.py:34} INFO -  Upload dans S3 → bucket=statsbomb, key=matches/2/44.json
[2025-05-02T22:37:18.541+0000] {base.py:73} INFO - Using connection ID 'minio_default' for task execution.
[2025-05-02T22:37:18.543+0000] {connection_wrapper.py:340} INFO - AWS Connection (conn_id='minio_default', conn_type='s3') credentials retrieved from login and password.
[2025-05-02T22:37:18.700+0000] {statsbomb_ingestion.py:21} INFO - Téléchargement de https://raw.githubusercontent.com/statsbomb/open-data/master/data/matches/12/27.json
[2025-05-02T22:37:19.151+0000] {statsbomb_ingestion.py:34} INFO -  Upload dans S3 → bucket=statsbomb, key=matches/12/27.json
[2025-05-02T22:37:19.156+0000] {base.py:73} INFO - Using connection ID 'minio_default' for task execution.
[2025-05-02T22:37:19.158+0000] {connection_wrapper.py:340} INFO - AWS Connection (conn_id='minio_default', conn_type='s3') credentials retrieved from login and password.
[2025-05-02T22:37:19.330+0000] {statsbomb_ingestion.py:21} INFO - Téléchargement de https://raw.githubusercontent.com/statsbomb/open-data/master/data/matches/12/86.json
[2025-05-02T22:37:19.729+0000] {statsbomb_ingestion.py:34} INFO -  Upload dans S3 → bucket=statsbomb, key=matches/12/86.json
[2025-05-02T22:37:19.733+0000] {base.py:73} INFO - Using connection ID 'minio_default' for task execution.
[2025-05-02T22:37:19.766+0000] {connection_wrapper.py:340} INFO - AWS Connection (conn_id='minio_default', conn_type='s3') credentials retrieved from login and password.
[2025-05-02T22:37:20.094+0000] {statsbomb_ingestion.py:21} INFO - Téléchargement de https://raw.githubusercontent.com/statsbomb/open-data/master/data/matches/55/282.json
[2025-05-02T22:37:20.693+0000] {statsbomb_ingestion.py:34} INFO -  Upload dans S3 → bucket=statsbomb, key=matches/55/282.json
[2025-05-02T22:37:20.696+0000] {base.py:73} INFO - Using connection ID 'minio_default' for task execution.
[2025-05-02T22:37:20.698+0000] {connection_wrapper.py:340} INFO - AWS Connection (conn_id='minio_default', conn_type='s3') credentials retrieved from login and password.
[2025-05-02T22:37:20.852+0000] {statsbomb_ingestion.py:21} INFO - Téléchargement de https://raw.githubusercontent.com/statsbomb/open-data/master/data/matches/55/43.json
[2025-05-02T22:37:21.247+0000] {statsbomb_ingestion.py:34} INFO -  Upload dans S3 → bucket=statsbomb, key=matches/55/43.json
[2025-05-02T22:37:21.252+0000] {base.py:73} INFO - Using connection ID 'minio_default' for task execution.
[2025-05-02T22:37:21.254+0000] {connection_wrapper.py:340} INFO - AWS Connection (conn_id='minio_default', conn_type='s3') credentials retrieved from login and password.
[2025-05-02T22:37:21.412+0000] {statsbomb_ingestion.py:21} INFO - Téléchargement de https://raw.githubusercontent.com/statsbomb/open-data/master/data/matches/35/75.json
[2025-05-02T22:37:21.659+0000] {statsbomb_ingestion.py:34} INFO -  Upload dans S3 → bucket=statsbomb, key=matches/35/75.json
[2025-05-02T22:37:21.663+0000] {base.py:73} INFO - Using connection ID 'minio_default' for task execution.
[2025-05-02T22:37:21.665+0000] {connection_wrapper.py:340} INFO - AWS Connection (conn_id='minio_default', conn_type='s3') credentials retrieved from login and password.
[2025-05-02T22:37:21.818+0000] {statsbomb_ingestion.py:21} INFO - Téléchargement de https://raw.githubusercontent.com/statsbomb/open-data/master/data/matches/53/106.json
[2025-05-02T22:37:22.349+0000] {statsbomb_ingestion.py:34} INFO -  Upload dans S3 → bucket=statsbomb, key=matches/53/106.json
[2025-05-02T22:37:22.352+0000] {base.py:73} INFO - Using connection ID 'minio_default' for task execution.
[2025-05-02T22:37:22.354+0000] {connection_wrapper.py:340} INFO - AWS Connection (conn_id='minio_default', conn_type='s3') credentials retrieved from login and password.
[2025-05-02T22:37:22.699+0000] {statsbomb_ingestion.py:21} INFO - Téléchargement de https://raw.githubusercontent.com/statsbomb/open-data/master/data/matches/72/107.json
[2025-05-02T22:37:23.043+0000] {statsbomb_ingestion.py:34} INFO -  Upload dans S3 → bucket=statsbomb, key=matches/72/107.json
[2025-05-02T22:37:23.048+0000] {base.py:73} INFO - Using connection ID 'minio_default' for task execution.
[2025-05-02T22:37:23.050+0000] {connection_wrapper.py:340} INFO - AWS Connection (conn_id='minio_default', conn_type='s3') credentials retrieved from login and password.
[2025-05-02T22:37:23.202+0000] {statsbomb_ingestion.py:21} INFO - Téléchargement de https://raw.githubusercontent.com/statsbomb/open-data/master/data/matches/72/30.json
[2025-05-02T22:37:23.596+0000] {statsbomb_ingestion.py:34} INFO -  Upload dans S3 → bucket=statsbomb, key=matches/72/30.json
[2025-05-02T22:37:23.600+0000] {base.py:73} INFO - Using connection ID 'minio_default' for task execution.
[2025-05-02T22:37:23.607+0000] {connection_wrapper.py:340} INFO - AWS Connection (conn_id='minio_default', conn_type='s3') credentials retrieved from login and password.
[2025-05-02T22:37:23.757+0000] {python.py:194} INFO - Done. Returned value was: None
[2025-05-02T22:37:23.782+0000] {taskinstance.py:1398} INFO - Marking task as SUCCESS. dag_id=statsbomb_full_ingestion, task_id=ingest_matches, execution_date=20250502T223619, start_date=20250502T223628, end_date=20250502T223723
[2025-05-02T22:37:23.833+0000] {local_task_job_runner.py:228} INFO - Task exited with return code 0
[2025-05-02T22:37:23.873+0000] {taskinstance.py:2776} INFO - 1 downstream tasks scheduled from follow-on schedule check
