[2025-05-03T00:27:12.333+0000] {logging_mixin.py:151} INFO - Changing /opt/airflow/logs/dag_id=statsbomb_full_ingestion/run_id=manual__2025-05-03T00:26:25+00:00/task_id=ingest_events_and_lineups permission to 509
[2025-05-03T00:27:12.381+0000] {logging_mixin.py:151} INFO - Changing /opt/airflow/logs/dag_id=statsbomb_full_ingestion/run_id=manual__2025-05-03T00:26:25+00:00/task_id=ingest_events_and_lineups permission to 509
[2025-05-03T00:27:12.415+0000] {taskinstance.py:1157} INFO - Dependencies all met for dep_context=non-requeueable deps ti=<TaskInstance: statsbomb_full_ingestion.ingest_events_and_lineups manual__2025-05-03T00:26:25+00:00 [queued]>
[2025-05-03T00:27:12.426+0000] {taskinstance.py:1157} INFO - Dependencies all met for dep_context=requeueable deps ti=<TaskInstance: statsbomb_full_ingestion.ingest_events_and_lineups manual__2025-05-03T00:26:25+00:00 [queued]>
[2025-05-03T00:27:12.427+0000] {taskinstance.py:1359} INFO - Starting attempt 1 of 2
[2025-05-03T00:27:12.444+0000] {taskinstance.py:1380} INFO - Executing <Task(PythonOperator): ingest_events_and_lineups> on 2025-05-03 00:26:25+00:00
[2025-05-03T00:27:12.450+0000] {standard_task_runner.py:57} INFO - Started process 1452 to run task
[2025-05-03T00:27:12.455+0000] {standard_task_runner.py:84} INFO - Running: ['airflow', 'tasks', 'run', 'statsbomb_full_ingestion', 'ingest_events_and_lineups', 'manual__2025-05-03T00:26:25+00:00', '--job-id', '37', '--raw', '--subdir', 'DAGS_FOLDER/statsbomb_ingestion.py', '--cfg-path', '/tmp/tmptyp72mp1']
[2025-05-03T00:27:12.458+0000] {standard_task_runner.py:85} INFO - Job 37: Subtask ingest_events_and_lineups
[2025-05-03T00:27:12.531+0000] {logging_mixin.py:151} INFO - Changing /opt/airflow/logs/dag_id=statsbomb_full_ingestion/run_id=manual__2025-05-03T00:26:25+00:00/task_id=ingest_events_and_lineups permission to 509
[2025-05-03T00:27:12.542+0000] {task_command.py:415} INFO - Running <TaskInstance: statsbomb_full_ingestion.ingest_events_and_lineups manual__2025-05-03T00:26:25+00:00 [running]> on host ff7b443d1a1e
[2025-05-03T00:27:12.656+0000] {taskinstance.py:1660} INFO - Exporting env vars: AIRFLOW_CTX_DAG_OWNER='airflow' AIRFLOW_CTX_DAG_ID='statsbomb_full_ingestion' AIRFLOW_CTX_TASK_ID='ingest_events_and_lineups' AIRFLOW_CTX_EXECUTION_DATE='2025-05-03T00:26:25+00:00' AIRFLOW_CTX_TRY_NUMBER='1' AIRFLOW_CTX_DAG_RUN_ID='manual__2025-05-03T00:26:25+00:00'
[2025-05-03T00:27:13.241+0000] {statsbomb_ingestion.py:30} INFO - Downloading https://raw.githubusercontent.com/statsbomb/open-data/master/data/events/3895302.json
[2025-05-03T00:27:13.727+0000] {crypto.py:82} WARNING - empty cryptography key - values will not be stored encrypted.
[2025-05-03T00:27:13.730+0000] {base.py:73} INFO - Using connection ID 'minio_default' for task execution.
[2025-05-03T00:27:13.738+0000] {logging_mixin.py:151} WARNING - <string>:8 AirflowProviderDeprecationWarning: AWS Connection (conn_id='minio_default', conn_type='s3') has connection type 's3', which has been replaced by connection type 'aws'. Please update your connection to have `conn_type='aws'`.
[2025-05-03T00:27:13.739+0000] {connection_wrapper.py:340} INFO - AWS Connection (conn_id='minio_default', conn_type='s3') credentials retrieved from login and password.
[2025-05-03T00:27:13.741+0000] {logging_mixin.py:151} WARNING - <string>:8 AirflowProviderDeprecationWarning: Host minio specified in the connection is not used. Please, set it on extra['endpoint_url'] instead
[2025-05-03T00:27:14.895+0000] {statsbomb_ingestion.py:42} INFO - Uploaded to s3://statsbomb/events/3895302.json
[2025-05-03T00:27:14.898+0000] {statsbomb_ingestion.py:30} INFO - Downloading https://raw.githubusercontent.com/statsbomb/open-data/master/data/lineups/3895302.json
[2025-05-03T00:27:15.102+0000] {base.py:73} INFO - Using connection ID 'minio_default' for task execution.
[2025-05-03T00:27:15.104+0000] {connection_wrapper.py:340} INFO - AWS Connection (conn_id='minio_default', conn_type='s3') credentials retrieved from login and password.
[2025-05-03T00:27:15.274+0000] {statsbomb_ingestion.py:42} INFO - Uploaded to s3://statsbomb/lineups/3895302.json
[2025-05-03T00:27:15.278+0000] {statsbomb_ingestion.py:30} INFO - Downloading https://raw.githubusercontent.com/statsbomb/open-data/master/data/events/3895292.json
[2025-05-03T00:27:15.755+0000] {base.py:73} INFO - Using connection ID 'minio_default' for task execution.
[2025-05-03T00:27:15.757+0000] {connection_wrapper.py:340} INFO - AWS Connection (conn_id='minio_default', conn_type='s3') credentials retrieved from login and password.
[2025-05-03T00:27:15.876+0000] {statsbomb_ingestion.py:42} INFO - Uploaded to s3://statsbomb/events/3895292.json
[2025-05-03T00:27:15.878+0000] {statsbomb_ingestion.py:30} INFO - Downloading https://raw.githubusercontent.com/statsbomb/open-data/master/data/lineups/3895292.json
[2025-05-03T00:27:16.144+0000] {base.py:73} INFO - Using connection ID 'minio_default' for task execution.
[2025-05-03T00:27:16.146+0000] {connection_wrapper.py:340} INFO - AWS Connection (conn_id='minio_default', conn_type='s3') credentials retrieved from login and password.
[2025-05-03T00:27:16.244+0000] {statsbomb_ingestion.py:42} INFO - Uploaded to s3://statsbomb/lineups/3895292.json
[2025-05-03T00:27:16.247+0000] {statsbomb_ingestion.py:30} INFO - Downloading https://raw.githubusercontent.com/statsbomb/open-data/master/data/events/3895333.json
[2025-05-03T00:27:16.385+0000] {base.py:73} INFO - Using connection ID 'minio_default' for task execution.
[2025-05-03T00:27:16.387+0000] {connection_wrapper.py:340} INFO - AWS Connection (conn_id='minio_default', conn_type='s3') credentials retrieved from login and password.
[2025-05-03T00:27:16.639+0000] {statsbomb_ingestion.py:42} INFO - Uploaded to s3://statsbomb/events/3895333.json
[2025-05-03T00:27:16.641+0000] {statsbomb_ingestion.py:30} INFO - Downloading https://raw.githubusercontent.com/statsbomb/open-data/master/data/lineups/3895333.json
[2025-05-03T00:27:16.702+0000] {base.py:73} INFO - Using connection ID 'minio_default' for task execution.
[2025-05-03T00:27:16.703+0000] {connection_wrapper.py:340} INFO - AWS Connection (conn_id='minio_default', conn_type='s3') credentials retrieved from login and password.
[2025-05-03T00:27:16.793+0000] {statsbomb_ingestion.py:42} INFO - Uploaded to s3://statsbomb/lineups/3895333.json
[2025-05-03T00:27:16.795+0000] {statsbomb_ingestion.py:30} INFO - Downloading https://raw.githubusercontent.com/statsbomb/open-data/master/data/events/3895340.json
[2025-05-03T00:27:16.923+0000] {base.py:73} INFO - Using connection ID 'minio_default' for task execution.
[2025-05-03T00:27:16.925+0000] {connection_wrapper.py:340} INFO - AWS Connection (conn_id='minio_default', conn_type='s3') credentials retrieved from login and password.
[2025-05-03T00:27:17.033+0000] {statsbomb_ingestion.py:42} INFO - Uploaded to s3://statsbomb/events/3895340.json
[2025-05-03T00:27:17.035+0000] {statsbomb_ingestion.py:30} INFO - Downloading https://raw.githubusercontent.com/statsbomb/open-data/master/data/lineups/3895340.json
[2025-05-03T00:27:17.097+0000] {base.py:73} INFO - Using connection ID 'minio_default' for task execution.
[2025-05-03T00:27:17.098+0000] {connection_wrapper.py:340} INFO - AWS Connection (conn_id='minio_default', conn_type='s3') credentials retrieved from login and password.
[2025-05-03T00:27:17.292+0000] {statsbomb_ingestion.py:42} INFO - Uploaded to s3://statsbomb/lineups/3895340.json
[2025-05-03T00:27:17.295+0000] {statsbomb_ingestion.py:30} INFO - Downloading https://raw.githubusercontent.com/statsbomb/open-data/master/data/events/3895348.json
[2025-05-03T00:27:17.534+0000] {base.py:73} INFO - Using connection ID 'minio_default' for task execution.
[2025-05-03T00:27:17.536+0000] {connection_wrapper.py:340} INFO - AWS Connection (conn_id='minio_default', conn_type='s3') credentials retrieved from login and password.
[2025-05-03T00:27:17.952+0000] {statsbomb_ingestion.py:42} INFO - Uploaded to s3://statsbomb/events/3895348.json
[2025-05-03T00:27:17.954+0000] {statsbomb_ingestion.py:30} INFO - Downloading https://raw.githubusercontent.com/statsbomb/open-data/master/data/lineups/3895348.json
[2025-05-03T00:27:18.028+0000] {base.py:73} INFO - Using connection ID 'minio_default' for task execution.
[2025-05-03T00:27:18.031+0000] {connection_wrapper.py:340} INFO - AWS Connection (conn_id='minio_default', conn_type='s3') credentials retrieved from login and password.
[2025-05-03T00:27:18.410+0000] {statsbomb_ingestion.py:42} INFO - Uploaded to s3://statsbomb/lineups/3895348.json
[2025-05-03T00:27:18.414+0000] {statsbomb_ingestion.py:30} INFO - Downloading https://raw.githubusercontent.com/statsbomb/open-data/master/data/events/3895286.json
[2025-05-03T00:27:18.611+0000] {base.py:73} INFO - Using connection ID 'minio_default' for task execution.
[2025-05-03T00:27:18.613+0000] {connection_wrapper.py:340} INFO - AWS Connection (conn_id='minio_default', conn_type='s3') credentials retrieved from login and password.
[2025-05-03T00:27:19.259+0000] {statsbomb_ingestion.py:42} INFO - Uploaded to s3://statsbomb/events/3895286.json
[2025-05-03T00:27:19.305+0000] {statsbomb_ingestion.py:30} INFO - Downloading https://raw.githubusercontent.com/statsbomb/open-data/master/data/lineups/3895286.json
[2025-05-03T00:27:19.521+0000] {base.py:73} INFO - Using connection ID 'minio_default' for task execution.
[2025-05-03T00:27:19.565+0000] {connection_wrapper.py:340} INFO - AWS Connection (conn_id='minio_default', conn_type='s3') credentials retrieved from login and password.
[2025-05-03T00:27:26.588+0000] {statsbomb_ingestion.py:42} INFO - Uploaded to s3://statsbomb/lineups/3895286.json
[2025-05-03T00:27:26.808+0000] {statsbomb_ingestion.py:30} INFO - Downloading https://raw.githubusercontent.com/statsbomb/open-data/master/data/events/3895220.json
[2025-05-03T00:27:32.600+0000] {base.py:73} INFO - Using connection ID 'minio_default' for task execution.
[2025-05-03T00:27:32.602+0000] {connection_wrapper.py:340} INFO - AWS Connection (conn_id='minio_default', conn_type='s3') credentials retrieved from login and password.
[2025-05-03T00:27:33.727+0000] {statsbomb_ingestion.py:42} INFO - Uploaded to s3://statsbomb/events/3895220.json
[2025-05-03T00:27:33.744+0000] {statsbomb_ingestion.py:30} INFO - Downloading https://raw.githubusercontent.com/statsbomb/open-data/master/data/lineups/3895220.json
[2025-05-03T00:27:33.798+0000] {base.py:73} INFO - Using connection ID 'minio_default' for task execution.
[2025-05-03T00:27:33.801+0000] {connection_wrapper.py:340} INFO - AWS Connection (conn_id='minio_default', conn_type='s3') credentials retrieved from login and password.
[2025-05-03T00:27:34.509+0000] {statsbomb_ingestion.py:42} INFO - Uploaded to s3://statsbomb/lineups/3895220.json
[2025-05-03T00:27:34.530+0000] {statsbomb_ingestion.py:30} INFO - Downloading https://raw.githubusercontent.com/statsbomb/open-data/master/data/events/3895250.json
[2025-05-03T00:27:34.744+0000] {base.py:73} INFO - Using connection ID 'minio_default' for task execution.
[2025-05-03T00:27:34.762+0000] {connection_wrapper.py:340} INFO - AWS Connection (conn_id='minio_default', conn_type='s3') credentials retrieved from login and password.
[2025-05-03T00:27:35.749+0000] {statsbomb_ingestion.py:42} INFO - Uploaded to s3://statsbomb/events/3895250.json
[2025-05-03T00:27:35.797+0000] {statsbomb_ingestion.py:30} INFO - Downloading https://raw.githubusercontent.com/statsbomb/open-data/master/data/lineups/3895250.json
[2025-05-03T00:27:35.980+0000] {base.py:73} INFO - Using connection ID 'minio_default' for task execution.
[2025-05-03T00:27:36.026+0000] {connection_wrapper.py:340} INFO - AWS Connection (conn_id='minio_default', conn_type='s3') credentials retrieved from login and password.
[2025-05-03T00:27:40.693+0000] {statsbomb_ingestion.py:42} INFO - Uploaded to s3://statsbomb/lineups/3895250.json
[2025-05-03T00:27:40.734+0000] {statsbomb_ingestion.py:30} INFO - Downloading https://raw.githubusercontent.com/statsbomb/open-data/master/data/events/3895266.json
[2025-05-03T00:27:41.000+0000] {base.py:73} INFO - Using connection ID 'minio_default' for task execution.
[2025-05-03T00:27:41.047+0000] {connection_wrapper.py:340} INFO - AWS Connection (conn_id='minio_default', conn_type='s3') credentials retrieved from login and password.
[2025-05-03T00:27:42.643+0000] {statsbomb_ingestion.py:42} INFO - Uploaded to s3://statsbomb/events/3895266.json
[2025-05-03T00:27:42.692+0000] {statsbomb_ingestion.py:30} INFO - Downloading https://raw.githubusercontent.com/statsbomb/open-data/master/data/lineups/3895266.json
[2025-05-03T00:27:42.831+0000] {base.py:73} INFO - Using connection ID 'minio_default' for task execution.
[2025-05-03T00:27:42.877+0000] {connection_wrapper.py:340} INFO - AWS Connection (conn_id='minio_default', conn_type='s3') credentials retrieved from login and password.
[2025-05-03T00:27:43.518+0000] {statsbomb_ingestion.py:42} INFO - Uploaded to s3://statsbomb/lineups/3895266.json
[2025-05-03T00:27:43.521+0000] {statsbomb_ingestion.py:30} INFO - Downloading https://raw.githubusercontent.com/statsbomb/open-data/master/data/events/3895275.json
[2025-05-03T00:27:43.657+0000] {base.py:73} INFO - Using connection ID 'minio_default' for task execution.
[2025-05-03T00:27:43.658+0000] {connection_wrapper.py:340} INFO - AWS Connection (conn_id='minio_default', conn_type='s3') credentials retrieved from login and password.
[2025-05-03T00:27:43.793+0000] {statsbomb_ingestion.py:42} INFO - Uploaded to s3://statsbomb/events/3895275.json
[2025-05-03T00:27:43.796+0000] {statsbomb_ingestion.py:30} INFO - Downloading https://raw.githubusercontent.com/statsbomb/open-data/master/data/lineups/3895275.json
[2025-05-03T00:27:43.880+0000] {base.py:73} INFO - Using connection ID 'minio_default' for task execution.
[2025-05-03T00:27:43.881+0000] {connection_wrapper.py:340} INFO - AWS Connection (conn_id='minio_default', conn_type='s3') credentials retrieved from login and password.
[2025-05-03T00:27:44.074+0000] {statsbomb_ingestion.py:42} INFO - Uploaded to s3://statsbomb/lineups/3895275.json
[2025-05-03T00:27:44.076+0000] {statsbomb_ingestion.py:30} INFO - Downloading https://raw.githubusercontent.com/statsbomb/open-data/master/data/events/3895180.json
[2025-05-03T00:27:44.235+0000] {base.py:73} INFO - Using connection ID 'minio_default' for task execution.
[2025-05-03T00:27:44.237+0000] {connection_wrapper.py:340} INFO - AWS Connection (conn_id='minio_default', conn_type='s3') credentials retrieved from login and password.
[2025-05-03T00:27:44.585+0000] {statsbomb_ingestion.py:42} INFO - Uploaded to s3://statsbomb/events/3895180.json
[2025-05-03T00:27:44.589+0000] {statsbomb_ingestion.py:30} INFO - Downloading https://raw.githubusercontent.com/statsbomb/open-data/master/data/lineups/3895180.json
[2025-05-03T00:27:44.634+0000] {base.py:73} INFO - Using connection ID 'minio_default' for task execution.
[2025-05-03T00:27:44.635+0000] {connection_wrapper.py:340} INFO - AWS Connection (conn_id='minio_default', conn_type='s3') credentials retrieved from login and password.
[2025-05-03T00:27:44.711+0000] {statsbomb_ingestion.py:42} INFO - Uploaded to s3://statsbomb/lineups/3895180.json
[2025-05-03T00:27:44.713+0000] {statsbomb_ingestion.py:30} INFO - Downloading https://raw.githubusercontent.com/statsbomb/open-data/master/data/events/3895134.json
[2025-05-03T00:27:44.850+0000] {base.py:73} INFO - Using connection ID 'minio_default' for task execution.
[2025-05-03T00:27:44.852+0000] {connection_wrapper.py:340} INFO - AWS Connection (conn_id='minio_default', conn_type='s3') credentials retrieved from login and password.
[2025-05-03T00:27:44.996+0000] {statsbomb_ingestion.py:42} INFO - Uploaded to s3://statsbomb/events/3895134.json
[2025-05-03T00:27:44.999+0000] {statsbomb_ingestion.py:30} INFO - Downloading https://raw.githubusercontent.com/statsbomb/open-data/master/data/lineups/3895134.json
[2025-05-03T00:27:45.055+0000] {base.py:73} INFO - Using connection ID 'minio_default' for task execution.
[2025-05-03T00:27:45.056+0000] {connection_wrapper.py:340} INFO - AWS Connection (conn_id='minio_default', conn_type='s3') credentials retrieved from login and password.
[2025-05-03T00:27:45.761+0000] {statsbomb_ingestion.py:42} INFO - Uploaded to s3://statsbomb/lineups/3895134.json
[2025-05-03T00:27:45.815+0000] {statsbomb_ingestion.py:30} INFO - Downloading https://raw.githubusercontent.com/statsbomb/open-data/master/data/events/3895121.json
[2025-05-03T00:27:45.980+0000] {base.py:73} INFO - Using connection ID 'minio_default' for task execution.
[2025-05-03T00:27:46.012+0000] {connection_wrapper.py:340} INFO - AWS Connection (conn_id='minio_default', conn_type='s3') credentials retrieved from login and password.
[2025-05-03T00:27:46.950+0000] {statsbomb_ingestion.py:42} INFO - Uploaded to s3://statsbomb/events/3895121.json
[2025-05-03T00:27:46.997+0000] {statsbomb_ingestion.py:30} INFO - Downloading https://raw.githubusercontent.com/statsbomb/open-data/master/data/lineups/3895121.json
[2025-05-03T00:27:47.337+0000] {base.py:73} INFO - Using connection ID 'minio_default' for task execution.
[2025-05-03T00:27:47.347+0000] {connection_wrapper.py:340} INFO - AWS Connection (conn_id='minio_default', conn_type='s3') credentials retrieved from login and password.
[2025-05-03T00:27:51.122+0000] {statsbomb_ingestion.py:42} INFO - Uploaded to s3://statsbomb/lineups/3895121.json
[2025-05-03T00:27:51.200+0000] {statsbomb_ingestion.py:30} INFO - Downloading https://raw.githubusercontent.com/statsbomb/open-data/master/data/events/3895107.json
[2025-05-03T00:27:51.820+0000] {base.py:73} INFO - Using connection ID 'minio_default' for task execution.
[2025-05-03T00:27:52.011+0000] {connection_wrapper.py:340} INFO - AWS Connection (conn_id='minio_default', conn_type='s3') credentials retrieved from login and password.
[2025-05-03T00:27:52.696+0000] {statsbomb_ingestion.py:42} INFO - Uploaded to s3://statsbomb/events/3895107.json
[2025-05-03T00:27:52.701+0000] {statsbomb_ingestion.py:30} INFO - Downloading https://raw.githubusercontent.com/statsbomb/open-data/master/data/lineups/3895107.json
[2025-05-03T00:27:52.774+0000] {base.py:73} INFO - Using connection ID 'minio_default' for task execution.
[2025-05-03T00:27:52.776+0000] {connection_wrapper.py:340} INFO - AWS Connection (conn_id='minio_default', conn_type='s3') credentials retrieved from login and password.
[2025-05-03T00:27:53.356+0000] {statsbomb_ingestion.py:42} INFO - Uploaded to s3://statsbomb/lineups/3895107.json
[2025-05-03T00:27:53.374+0000] {statsbomb_ingestion.py:30} INFO - Downloading https://raw.githubusercontent.com/statsbomb/open-data/master/data/events/3895074.json
[2025-05-03T00:27:53.555+0000] {base.py:73} INFO - Using connection ID 'minio_default' for task execution.
[2025-05-03T00:27:53.556+0000] {connection_wrapper.py:340} INFO - AWS Connection (conn_id='minio_default', conn_type='s3') credentials retrieved from login and password.
[2025-05-03T00:27:54.499+0000] {statsbomb_ingestion.py:42} INFO - Uploaded to s3://statsbomb/events/3895074.json
[2025-05-03T00:27:54.541+0000] {statsbomb_ingestion.py:30} INFO - Downloading https://raw.githubusercontent.com/statsbomb/open-data/master/data/lineups/3895074.json
[2025-05-03T00:27:54.652+0000] {base.py:73} INFO - Using connection ID 'minio_default' for task execution.
[2025-05-03T00:27:54.654+0000] {connection_wrapper.py:340} INFO - AWS Connection (conn_id='minio_default', conn_type='s3') credentials retrieved from login and password.
[2025-05-03T00:27:56.769+0000] {statsbomb_ingestion.py:42} INFO - Uploaded to s3://statsbomb/lineups/3895074.json
[2025-05-03T00:27:56.907+0000] {statsbomb_ingestion.py:30} INFO - Downloading https://raw.githubusercontent.com/statsbomb/open-data/master/data/events/3895139.json
[2025-05-03T00:27:57.539+0000] {base.py:73} INFO - Using connection ID 'minio_default' for task execution.
[2025-05-03T00:27:57.652+0000] {connection_wrapper.py:340} INFO - AWS Connection (conn_id='minio_default', conn_type='s3') credentials retrieved from login and password.
[2025-05-03T00:28:00.944+0000] {statsbomb_ingestion.py:42} INFO - Uploaded to s3://statsbomb/events/3895139.json
[2025-05-03T00:28:01.130+0000] {statsbomb_ingestion.py:30} INFO - Downloading https://raw.githubusercontent.com/statsbomb/open-data/master/data/lineups/3895139.json
[2025-05-03T00:28:02.009+0000] {base.py:73} INFO - Using connection ID 'minio_default' for task execution.
[2025-05-03T00:28:02.061+0000] {connection_wrapper.py:340} INFO - AWS Connection (conn_id='minio_default', conn_type='s3') credentials retrieved from login and password.
[2025-05-03T00:28:03.109+0000] {statsbomb_ingestion.py:42} INFO - Uploaded to s3://statsbomb/lineups/3895139.json
[2025-05-03T00:28:03.126+0000] {statsbomb_ingestion.py:30} INFO - Downloading https://raw.githubusercontent.com/statsbomb/open-data/master/data/events/3895086.json
[2025-05-03T00:28:03.530+0000] {base.py:73} INFO - Using connection ID 'minio_default' for task execution.
[2025-05-03T00:28:03.533+0000] {connection_wrapper.py:340} INFO - AWS Connection (conn_id='minio_default', conn_type='s3') credentials retrieved from login and password.
[2025-05-03T00:28:04.157+0000] {statsbomb_ingestion.py:42} INFO - Uploaded to s3://statsbomb/events/3895086.json
[2025-05-03T00:28:04.168+0000] {statsbomb_ingestion.py:30} INFO - Downloading https://raw.githubusercontent.com/statsbomb/open-data/master/data/lineups/3895086.json
[2025-05-03T00:28:04.409+0000] {base.py:73} INFO - Using connection ID 'minio_default' for task execution.
[2025-05-03T00:28:04.411+0000] {connection_wrapper.py:340} INFO - AWS Connection (conn_id='minio_default', conn_type='s3') credentials retrieved from login and password.
[2025-05-03T00:28:06.870+0000] {statsbomb_ingestion.py:42} INFO - Uploaded to s3://statsbomb/lineups/3895086.json
[2025-05-03T00:28:06.919+0000] {statsbomb_ingestion.py:30} INFO - Downloading https://raw.githubusercontent.com/statsbomb/open-data/master/data/events/3895320.json
[2025-05-03T00:28:07.340+0000] {base.py:73} INFO - Using connection ID 'minio_default' for task execution.
[2025-05-03T00:28:07.366+0000] {connection_wrapper.py:340} INFO - AWS Connection (conn_id='minio_default', conn_type='s3') credentials retrieved from login and password.
[2025-05-03T00:28:08.812+0000] {statsbomb_ingestion.py:42} INFO - Uploaded to s3://statsbomb/events/3895320.json
[2025-05-03T00:28:08.963+0000] {statsbomb_ingestion.py:30} INFO - Downloading https://raw.githubusercontent.com/statsbomb/open-data/master/data/lineups/3895320.json
[2025-05-03T00:28:09.740+0000] {base.py:73} INFO - Using connection ID 'minio_default' for task execution.
[2025-05-03T00:28:09.827+0000] {connection_wrapper.py:340} INFO - AWS Connection (conn_id='minio_default', conn_type='s3') credentials retrieved from login and password.
[2025-05-03T00:28:12.559+0000] {statsbomb_ingestion.py:42} INFO - Uploaded to s3://statsbomb/lineups/3895320.json
[2025-05-03T00:28:12.972+0000] {statsbomb_ingestion.py:30} INFO - Downloading https://raw.githubusercontent.com/statsbomb/open-data/master/data/events/3895309.json
[2025-05-03T00:28:13.632+0000] {base.py:73} INFO - Using connection ID 'minio_default' for task execution.
[2025-05-03T00:28:13.704+0000] {connection_wrapper.py:340} INFO - AWS Connection (conn_id='minio_default', conn_type='s3') credentials retrieved from login and password.
[2025-05-03T00:28:17.562+0000] {statsbomb_ingestion.py:42} INFO - Uploaded to s3://statsbomb/events/3895309.json
[2025-05-03T00:28:17.593+0000] {statsbomb_ingestion.py:30} INFO - Downloading https://raw.githubusercontent.com/statsbomb/open-data/master/data/lineups/3895309.json
[2025-05-03T00:28:17.867+0000] {base.py:73} INFO - Using connection ID 'minio_default' for task execution.
[2025-05-03T00:28:17.869+0000] {connection_wrapper.py:340} INFO - AWS Connection (conn_id='minio_default', conn_type='s3') credentials retrieved from login and password.
[2025-05-03T00:28:18.253+0000] {statsbomb_ingestion.py:42} INFO - Uploaded to s3://statsbomb/lineups/3895309.json
[2025-05-03T00:28:18.256+0000] {statsbomb_ingestion.py:30} INFO - Downloading https://raw.githubusercontent.com/statsbomb/open-data/master/data/events/3895258.json
[2025-05-03T00:28:18.556+0000] {base.py:73} INFO - Using connection ID 'minio_default' for task execution.
[2025-05-03T00:28:18.560+0000] {connection_wrapper.py:340} INFO - AWS Connection (conn_id='minio_default', conn_type='s3') credentials retrieved from login and password.
[2025-05-03T00:28:19.116+0000] {statsbomb_ingestion.py:42} INFO - Uploaded to s3://statsbomb/events/3895258.json
[2025-05-03T00:28:19.121+0000] {statsbomb_ingestion.py:30} INFO - Downloading https://raw.githubusercontent.com/statsbomb/open-data/master/data/lineups/3895258.json
[2025-05-03T00:28:19.402+0000] {base.py:73} INFO - Using connection ID 'minio_default' for task execution.
[2025-05-03T00:28:19.404+0000] {connection_wrapper.py:340} INFO - AWS Connection (conn_id='minio_default', conn_type='s3') credentials retrieved from login and password.
[2025-05-03T00:28:20.507+0000] {statsbomb_ingestion.py:42} INFO - Uploaded to s3://statsbomb/lineups/3895258.json
[2025-05-03T00:28:20.518+0000] {statsbomb_ingestion.py:30} INFO - Downloading https://raw.githubusercontent.com/statsbomb/open-data/master/data/events/3895244.json
[2025-05-03T00:28:20.826+0000] {base.py:73} INFO - Using connection ID 'minio_default' for task execution.
[2025-05-03T00:28:20.851+0000] {connection_wrapper.py:340} INFO - AWS Connection (conn_id='minio_default', conn_type='s3') credentials retrieved from login and password.
[2025-05-03T00:28:23.180+0000] {statsbomb_ingestion.py:42} INFO - Uploaded to s3://statsbomb/events/3895244.json
[2025-05-03T00:28:23.366+0000] {statsbomb_ingestion.py:30} INFO - Downloading https://raw.githubusercontent.com/statsbomb/open-data/master/data/lineups/3895244.json
[2025-05-03T00:28:24.610+0000] {base.py:73} INFO - Using connection ID 'minio_default' for task execution.
[2025-05-03T00:28:24.638+0000] {connection_wrapper.py:340} INFO - AWS Connection (conn_id='minio_default', conn_type='s3') credentials retrieved from login and password.
[2025-05-03T00:28:28.000+0000] {statsbomb_ingestion.py:42} INFO - Uploaded to s3://statsbomb/lineups/3895244.json
[2025-05-03T00:28:28.028+0000] {statsbomb_ingestion.py:30} INFO - Downloading https://raw.githubusercontent.com/statsbomb/open-data/master/data/events/3895232.json
[2025-05-03T00:28:28.392+0000] {base.py:73} INFO - Using connection ID 'minio_default' for task execution.
[2025-05-03T00:28:28.394+0000] {connection_wrapper.py:340} INFO - AWS Connection (conn_id='minio_default', conn_type='s3') credentials retrieved from login and password.
[2025-05-03T00:28:28.888+0000] {statsbomb_ingestion.py:42} INFO - Uploaded to s3://statsbomb/events/3895232.json
[2025-05-03T00:28:28.898+0000] {statsbomb_ingestion.py:30} INFO - Downloading https://raw.githubusercontent.com/statsbomb/open-data/master/data/lineups/3895232.json
[2025-05-03T00:28:29.099+0000] {base.py:73} INFO - Using connection ID 'minio_default' for task execution.
[2025-05-03T00:28:29.101+0000] {connection_wrapper.py:340} INFO - AWS Connection (conn_id='minio_default', conn_type='s3') credentials retrieved from login and password.
[2025-05-03T00:28:29.511+0000] {statsbomb_ingestion.py:42} INFO - Uploaded to s3://statsbomb/lineups/3895232.json
[2025-05-03T00:28:29.513+0000] {statsbomb_ingestion.py:30} INFO - Downloading https://raw.githubusercontent.com/statsbomb/open-data/master/data/events/3895210.json
[2025-05-03T00:28:29.827+0000] {base.py:73} INFO - Using connection ID 'minio_default' for task execution.
[2025-05-03T00:28:29.828+0000] {connection_wrapper.py:340} INFO - AWS Connection (conn_id='minio_default', conn_type='s3') credentials retrieved from login and password.
[2025-05-03T00:28:30.552+0000] {statsbomb_ingestion.py:42} INFO - Uploaded to s3://statsbomb/events/3895210.json
[2025-05-03T00:28:30.620+0000] {statsbomb_ingestion.py:30} INFO - Downloading https://raw.githubusercontent.com/statsbomb/open-data/master/data/lineups/3895210.json
[2025-05-03T00:28:31.041+0000] {base.py:73} INFO - Using connection ID 'minio_default' for task execution.
[2025-05-03T00:28:31.043+0000] {connection_wrapper.py:340} INFO - AWS Connection (conn_id='minio_default', conn_type='s3') credentials retrieved from login and password.
[2025-05-03T00:28:33.488+0000] {statsbomb_ingestion.py:42} INFO - Uploaded to s3://statsbomb/lineups/3895210.json
[2025-05-03T00:28:33.727+0000] {statsbomb_ingestion.py:30} INFO - Downloading https://raw.githubusercontent.com/statsbomb/open-data/master/data/events/3895202.json
[2025-05-03T00:28:35.656+0000] {base.py:73} INFO - Using connection ID 'minio_default' for task execution.
[2025-05-03T00:28:35.736+0000] {connection_wrapper.py:340} INFO - AWS Connection (conn_id='minio_default', conn_type='s3') credentials retrieved from login and password.
[2025-05-03T00:28:39.085+0000] {statsbomb_ingestion.py:42} INFO - Uploaded to s3://statsbomb/events/3895202.json
[2025-05-03T00:28:39.100+0000] {statsbomb_ingestion.py:30} INFO - Downloading https://raw.githubusercontent.com/statsbomb/open-data/master/data/lineups/3895202.json
[2025-05-03T00:28:39.379+0000] {base.py:73} INFO - Using connection ID 'minio_default' for task execution.
[2025-05-03T00:28:39.380+0000] {connection_wrapper.py:340} INFO - AWS Connection (conn_id='minio_default', conn_type='s3') credentials retrieved from login and password.
[2025-05-03T00:28:39.951+0000] {statsbomb_ingestion.py:42} INFO - Uploaded to s3://statsbomb/lineups/3895202.json
[2025-05-03T00:28:39.962+0000] {statsbomb_ingestion.py:30} INFO - Downloading https://raw.githubusercontent.com/statsbomb/open-data/master/data/events/3895194.json
[2025-05-03T00:28:40.463+0000] {base.py:73} INFO - Using connection ID 'minio_default' for task execution.
[2025-05-03T00:28:40.472+0000] {connection_wrapper.py:340} INFO - AWS Connection (conn_id='minio_default', conn_type='s3') credentials retrieved from login and password.
[2025-05-03T00:28:41.409+0000] {statsbomb_ingestion.py:42} INFO - Uploaded to s3://statsbomb/events/3895194.json
[2025-05-03T00:28:41.461+0000] {statsbomb_ingestion.py:30} INFO - Downloading https://raw.githubusercontent.com/statsbomb/open-data/master/data/lineups/3895194.json
[2025-05-03T00:28:41.752+0000] {base.py:73} INFO - Using connection ID 'minio_default' for task execution.
[2025-05-03T00:28:41.777+0000] {connection_wrapper.py:340} INFO - AWS Connection (conn_id='minio_default', conn_type='s3') credentials retrieved from login and password.
[2025-05-03T00:28:42.660+0000] {statsbomb_ingestion.py:42} INFO - Uploaded to s3://statsbomb/lineups/3895194.json
[2025-05-03T00:28:42.713+0000] {statsbomb_ingestion.py:30} INFO - Downloading https://raw.githubusercontent.com/statsbomb/open-data/master/data/events/3895182.json
[2025-05-03T00:28:43.294+0000] {base.py:73} INFO - Using connection ID 'minio_default' for task execution.
[2025-05-03T00:28:43.977+0000] {connection_wrapper.py:340} INFO - AWS Connection (conn_id='minio_default', conn_type='s3') credentials retrieved from login and password.
[2025-05-03T00:28:47.865+0000] {statsbomb_ingestion.py:42} INFO - Uploaded to s3://statsbomb/events/3895182.json
[2025-05-03T00:28:48.107+0000] {statsbomb_ingestion.py:30} INFO - Downloading https://raw.githubusercontent.com/statsbomb/open-data/master/data/lineups/3895182.json
[2025-05-03T00:28:48.830+0000] {base.py:73} INFO - Using connection ID 'minio_default' for task execution.
[2025-05-03T00:28:49.471+0000] {connection_wrapper.py:340} INFO - AWS Connection (conn_id='minio_default', conn_type='s3') credentials retrieved from login and password.
[2025-05-03T00:28:50.681+0000] {statsbomb_ingestion.py:42} INFO - Uploaded to s3://statsbomb/lineups/3895182.json
[2025-05-03T00:28:50.704+0000] {statsbomb_ingestion.py:30} INFO - Downloading https://raw.githubusercontent.com/statsbomb/open-data/master/data/events/3895167.json
[2025-05-03T00:28:51.055+0000] {base.py:73} INFO - Using connection ID 'minio_default' for task execution.
[2025-05-03T00:28:51.059+0000] {connection_wrapper.py:340} INFO - AWS Connection (conn_id='minio_default', conn_type='s3') credentials retrieved from login and password.
[2025-05-03T00:28:51.717+0000] {statsbomb_ingestion.py:42} INFO - Uploaded to s3://statsbomb/events/3895167.json
[2025-05-03T00:28:51.766+0000] {statsbomb_ingestion.py:30} INFO - Downloading https://raw.githubusercontent.com/statsbomb/open-data/master/data/lineups/3895167.json
[2025-05-03T00:28:52.015+0000] {base.py:73} INFO - Using connection ID 'minio_default' for task execution.
[2025-05-03T00:28:52.038+0000] {connection_wrapper.py:340} INFO - AWS Connection (conn_id='minio_default', conn_type='s3') credentials retrieved from login and password.
[2025-05-03T00:28:52.902+0000] {statsbomb_ingestion.py:42} INFO - Uploaded to s3://statsbomb/lineups/3895167.json
[2025-05-03T00:28:52.954+0000] {statsbomb_ingestion.py:30} INFO - Downloading https://raw.githubusercontent.com/statsbomb/open-data/master/data/events/3895158.json
[2025-05-03T00:28:53.396+0000] {base.py:73} INFO - Using connection ID 'minio_default' for task execution.
[2025-05-03T00:28:53.434+0000] {connection_wrapper.py:340} INFO - AWS Connection (conn_id='minio_default', conn_type='s3') credentials retrieved from login and password.
[2025-05-03T00:28:56.246+0000] {statsbomb_ingestion.py:42} INFO - Uploaded to s3://statsbomb/events/3895158.json
[2025-05-03T00:28:56.722+0000] {statsbomb_ingestion.py:30} INFO - Downloading https://raw.githubusercontent.com/statsbomb/open-data/master/data/lineups/3895158.json
[2025-05-03T00:28:58.195+0000] {base.py:73} INFO - Using connection ID 'minio_default' for task execution.
[2025-05-03T00:28:58.274+0000] {connection_wrapper.py:340} INFO - AWS Connection (conn_id='minio_default', conn_type='s3') credentials retrieved from login and password.
[2025-05-03T00:29:03.752+0000] {statsbomb_ingestion.py:42} INFO - Uploaded to s3://statsbomb/lineups/3895158.json
[2025-05-03T00:29:04.067+0000] {statsbomb_ingestion.py:30} INFO - Downloading https://raw.githubusercontent.com/statsbomb/open-data/master/data/events/3895153.json
[2025-05-03T00:29:07.097+0000] {base.py:73} INFO - Using connection ID 'minio_default' for task execution.
[2025-05-03T00:29:07.468+0000] {connection_wrapper.py:340} INFO - AWS Connection (conn_id='minio_default', conn_type='s3') credentials retrieved from login and password.
[2025-05-03T00:29:09.872+0000] {statsbomb_ingestion.py:42} INFO - Uploaded to s3://statsbomb/events/3895153.json
[2025-05-03T00:29:09.887+0000] {statsbomb_ingestion.py:30} INFO - Downloading https://raw.githubusercontent.com/statsbomb/open-data/master/data/lineups/3895153.json
[2025-05-03T00:29:10.110+0000] {base.py:73} INFO - Using connection ID 'minio_default' for task execution.
[2025-05-03T00:29:10.112+0000] {connection_wrapper.py:340} INFO - AWS Connection (conn_id='minio_default', conn_type='s3') credentials retrieved from login and password.
[2025-05-03T00:29:10.669+0000] {statsbomb_ingestion.py:42} INFO - Uploaded to s3://statsbomb/lineups/3895153.json
[2025-05-03T00:29:10.690+0000] {statsbomb_ingestion.py:30} INFO - Downloading https://raw.githubusercontent.com/statsbomb/open-data/master/data/events/3895113.json
[2025-05-03T00:29:11.107+0000] {base.py:73} INFO - Using connection ID 'minio_default' for task execution.
[2025-05-03T00:29:11.138+0000] {connection_wrapper.py:340} INFO - AWS Connection (conn_id='minio_default', conn_type='s3') credentials retrieved from login and password.
[2025-05-03T00:29:12.206+0000] {statsbomb_ingestion.py:42} INFO - Uploaded to s3://statsbomb/events/3895113.json
[2025-05-03T00:29:12.255+0000] {statsbomb_ingestion.py:30} INFO - Downloading https://raw.githubusercontent.com/statsbomb/open-data/master/data/lineups/3895113.json
[2025-05-03T00:29:12.555+0000] {base.py:73} INFO - Using connection ID 'minio_default' for task execution.
[2025-05-03T00:29:12.593+0000] {connection_wrapper.py:340} INFO - AWS Connection (conn_id='minio_default', conn_type='s3') credentials retrieved from login and password.
[2025-05-03T00:29:14.484+0000] {statsbomb_ingestion.py:42} INFO - Uploaded to s3://statsbomb/lineups/3895113.json
[2025-05-03T00:29:14.546+0000] {statsbomb_ingestion.py:30} INFO - Downloading https://raw.githubusercontent.com/statsbomb/open-data/master/data/events/3895095.json
[2025-05-03T00:29:15.455+0000] {base.py:73} INFO - Using connection ID 'minio_default' for task execution.
[2025-05-03T00:29:15.506+0000] {connection_wrapper.py:340} INFO - AWS Connection (conn_id='minio_default', conn_type='s3') credentials retrieved from login and password.
[2025-05-03T00:29:16.399+0000] {statsbomb_ingestion.py:42} INFO - Uploaded to s3://statsbomb/events/3895095.json
[2025-05-03T00:29:16.434+0000] {statsbomb_ingestion.py:30} INFO - Downloading https://raw.githubusercontent.com/statsbomb/open-data/master/data/lineups/3895095.json
[2025-05-03T00:29:16.677+0000] {base.py:73} INFO - Using connection ID 'minio_default' for task execution.
[2025-05-03T00:29:16.679+0000] {connection_wrapper.py:340} INFO - AWS Connection (conn_id='minio_default', conn_type='s3') credentials retrieved from login and password.
[2025-05-03T00:29:17.480+0000] {statsbomb_ingestion.py:42} INFO - Uploaded to s3://statsbomb/lineups/3895095.json
[2025-05-03T00:29:17.522+0000] {statsbomb_ingestion.py:30} INFO - Downloading https://raw.githubusercontent.com/statsbomb/open-data/master/data/events/3895067.json
[2025-05-03T00:29:17.957+0000] {base.py:73} INFO - Using connection ID 'minio_default' for task execution.
[2025-05-03T00:29:17.965+0000] {connection_wrapper.py:340} INFO - AWS Connection (conn_id='minio_default', conn_type='s3') credentials retrieved from login and password.
[2025-05-03T00:29:19.112+0000] {statsbomb_ingestion.py:42} INFO - Uploaded to s3://statsbomb/events/3895067.json
[2025-05-03T00:29:19.169+0000] {statsbomb_ingestion.py:30} INFO - Downloading https://raw.githubusercontent.com/statsbomb/open-data/master/data/lineups/3895067.json
[2025-05-03T00:29:19.457+0000] {base.py:73} INFO - Using connection ID 'minio_default' for task execution.
[2025-05-03T00:29:19.493+0000] {connection_wrapper.py:340} INFO - AWS Connection (conn_id='minio_default', conn_type='s3') credentials retrieved from login and password.
[2025-05-03T00:29:23.111+0000] {statsbomb_ingestion.py:42} INFO - Uploaded to s3://statsbomb/lineups/3895067.json
[2025-05-03T00:29:23.192+0000] {statsbomb_ingestion.py:30} INFO - Downloading https://raw.githubusercontent.com/statsbomb/open-data/master/data/events/3895060.json
[2025-05-03T00:29:24.255+0000] {base.py:73} INFO - Using connection ID 'minio_default' for task execution.
[2025-05-03T00:29:24.393+0000] {connection_wrapper.py:340} INFO - AWS Connection (conn_id='minio_default', conn_type='s3') credentials retrieved from login and password.
[2025-05-03T00:29:26.985+0000] {statsbomb_ingestion.py:42} INFO - Uploaded to s3://statsbomb/events/3895060.json
[2025-05-03T00:29:27.033+0000] {statsbomb_ingestion.py:30} INFO - Downloading https://raw.githubusercontent.com/statsbomb/open-data/master/data/lineups/3895060.json
[2025-05-03T00:29:27.269+0000] {base.py:73} INFO - Using connection ID 'minio_default' for task execution.
[2025-05-03T00:29:27.270+0000] {connection_wrapper.py:340} INFO - AWS Connection (conn_id='minio_default', conn_type='s3') credentials retrieved from login and password.
[2025-05-03T00:29:27.702+0000] {statsbomb_ingestion.py:42} INFO - Uploaded to s3://statsbomb/lineups/3895060.json
[2025-05-03T00:29:27.704+0000] {statsbomb_ingestion.py:30} INFO - Downloading https://raw.githubusercontent.com/statsbomb/open-data/master/data/events/3895052.json
[2025-05-03T00:29:28.045+0000] {base.py:73} INFO - Using connection ID 'minio_default' for task execution.
[2025-05-03T00:29:28.049+0000] {connection_wrapper.py:340} INFO - AWS Connection (conn_id='minio_default', conn_type='s3') credentials retrieved from login and password.
[2025-05-03T00:29:28.652+0000] {statsbomb_ingestion.py:42} INFO - Uploaded to s3://statsbomb/events/3895052.json
[2025-05-03T00:29:28.658+0000] {statsbomb_ingestion.py:30} INFO - Downloading https://raw.githubusercontent.com/statsbomb/open-data/master/data/lineups/3895052.json
[2025-05-03T00:29:28.905+0000] {base.py:73} INFO - Using connection ID 'minio_default' for task execution.
[2025-05-03T00:29:28.906+0000] {connection_wrapper.py:340} INFO - AWS Connection (conn_id='minio_default', conn_type='s3') credentials retrieved from login and password.
[2025-05-03T00:29:29.899+0000] {statsbomb_ingestion.py:42} INFO - Uploaded to s3://statsbomb/lineups/3895052.json
[2025-05-03T00:29:30.233+0000] {statsbomb_ingestion.py:30} INFO - Downloading https://raw.githubusercontent.com/statsbomb/open-data/master/data/events/3890561.json
[2025-05-03T00:29:30.959+0000] {base.py:73} INFO - Using connection ID 'minio_default' for task execution.
[2025-05-03T00:29:31.171+0000] {connection_wrapper.py:340} INFO - AWS Connection (conn_id='minio_default', conn_type='s3') credentials retrieved from login and password.
[2025-05-03T00:29:36.808+0000] {statsbomb_ingestion.py:42} INFO - Uploaded to s3://statsbomb/events/3890561.json
[2025-05-03T00:29:37.201+0000] {statsbomb_ingestion.py:30} INFO - Downloading https://raw.githubusercontent.com/statsbomb/open-data/master/data/lineups/3890561.json
[2025-05-03T00:29:38.609+0000] {base.py:73} INFO - Using connection ID 'minio_default' for task execution.
[2025-05-03T00:29:38.907+0000] {connection_wrapper.py:340} INFO - AWS Connection (conn_id='minio_default', conn_type='s3') credentials retrieved from login and password.
[2025-05-03T00:29:40.968+0000] {statsbomb_ingestion.py:42} INFO - Uploaded to s3://statsbomb/lineups/3890561.json
[2025-05-03T00:29:41.010+0000] {statsbomb_ingestion.py:30} INFO - Downloading https://raw.githubusercontent.com/statsbomb/open-data/master/data/events/3890505.json
[2025-05-03T00:29:41.387+0000] {base.py:73} INFO - Using connection ID 'minio_default' for task execution.
[2025-05-03T00:29:41.389+0000] {connection_wrapper.py:340} INFO - AWS Connection (conn_id='minio_default', conn_type='s3') credentials retrieved from login and password.
[2025-05-03T00:29:42.059+0000] {statsbomb_ingestion.py:42} INFO - Uploaded to s3://statsbomb/events/3890505.json
[2025-05-03T00:29:42.099+0000] {statsbomb_ingestion.py:30} INFO - Downloading https://raw.githubusercontent.com/statsbomb/open-data/master/data/lineups/3890505.json
[2025-05-03T00:29:42.336+0000] {base.py:73} INFO - Using connection ID 'minio_default' for task execution.
[2025-05-03T00:29:42.338+0000] {connection_wrapper.py:340} INFO - AWS Connection (conn_id='minio_default', conn_type='s3') credentials retrieved from login and password.
[2025-05-03T00:29:43.178+0000] {statsbomb_ingestion.py:42} INFO - Uploaded to s3://statsbomb/lineups/3890505.json
[2025-05-03T00:29:43.229+0000] {statsbomb_ingestion.py:30} INFO - Downloading https://raw.githubusercontent.com/statsbomb/open-data/master/data/events/3890511.json
[2025-05-03T00:29:43.672+0000] {base.py:73} INFO - Using connection ID 'minio_default' for task execution.
[2025-05-03T00:29:43.703+0000] {connection_wrapper.py:340} INFO - AWS Connection (conn_id='minio_default', conn_type='s3') credentials retrieved from login and password.
[2025-05-03T00:29:46.514+0000] {statsbomb_ingestion.py:42} INFO - Uploaded to s3://statsbomb/events/3890511.json
[2025-05-03T00:29:46.564+0000] {statsbomb_ingestion.py:30} INFO - Downloading https://raw.githubusercontent.com/statsbomb/open-data/master/data/lineups/3890511.json
[2025-05-03T00:29:47.068+0000] {base.py:73} INFO - Using connection ID 'minio_default' for task execution.
[2025-05-03T00:29:47.099+0000] {connection_wrapper.py:340} INFO - AWS Connection (conn_id='minio_default', conn_type='s3') credentials retrieved from login and password.
[2025-05-03T00:29:48.153+0000] {statsbomb_ingestion.py:42} INFO - Uploaded to s3://statsbomb/lineups/3890511.json
[2025-05-03T00:29:48.202+0000] {statsbomb_ingestion.py:30} INFO - Downloading https://raw.githubusercontent.com/statsbomb/open-data/master/data/events/3890515.json
[2025-05-03T00:29:48.595+0000] {base.py:73} INFO - Using connection ID 'minio_default' for task execution.
[2025-05-03T00:29:48.597+0000] {connection_wrapper.py:340} INFO - AWS Connection (conn_id='minio_default', conn_type='s3') credentials retrieved from login and password.
[2025-05-03T00:29:49.167+0000] {statsbomb_ingestion.py:42} INFO - Uploaded to s3://statsbomb/events/3890515.json
[2025-05-03T00:29:49.170+0000] {statsbomb_ingestion.py:30} INFO - Downloading https://raw.githubusercontent.com/statsbomb/open-data/master/data/lineups/3890515.json
[2025-05-03T00:29:49.353+0000] {base.py:73} INFO - Using connection ID 'minio_default' for task execution.
[2025-05-03T00:29:49.355+0000] {connection_wrapper.py:340} INFO - AWS Connection (conn_id='minio_default', conn_type='s3') credentials retrieved from login and password.
[2025-05-03T00:29:49.857+0000] {statsbomb_ingestion.py:42} INFO - Uploaded to s3://statsbomb/lineups/3890515.json
[2025-05-03T00:29:49.865+0000] {statsbomb_ingestion.py:30} INFO - Downloading https://raw.githubusercontent.com/statsbomb/open-data/master/data/events/3890411.json
[2025-05-03T00:29:50.236+0000] {base.py:73} INFO - Using connection ID 'minio_default' for task execution.
[2025-05-03T00:29:50.273+0000] {connection_wrapper.py:340} INFO - AWS Connection (conn_id='minio_default', conn_type='s3') credentials retrieved from login and password.
[2025-05-03T00:29:52.551+0000] {statsbomb_ingestion.py:42} INFO - Uploaded to s3://statsbomb/events/3890411.json
[2025-05-03T00:29:52.610+0000] {statsbomb_ingestion.py:30} INFO - Downloading https://raw.githubusercontent.com/statsbomb/open-data/master/data/lineups/3890411.json
[2025-05-03T00:29:53.037+0000] {base.py:73} INFO - Using connection ID 'minio_default' for task execution.
[2025-05-03T00:29:53.137+0000] {connection_wrapper.py:340} INFO - AWS Connection (conn_id='minio_default', conn_type='s3') credentials retrieved from login and password.
[2025-05-03T00:29:59.458+0000] {statsbomb_ingestion.py:42} INFO - Uploaded to s3://statsbomb/lineups/3890411.json
[2025-05-03T00:30:00.009+0000] {statsbomb_ingestion.py:30} INFO - Downloading https://raw.githubusercontent.com/statsbomb/open-data/master/data/events/3890397.json
[2025-05-03T00:30:27.064+0000] {base.py:73} INFO - Using connection ID 'minio_default' for task execution.
[2025-05-03T00:30:27.946+0000] {connection_wrapper.py:340} INFO - AWS Connection (conn_id='minio_default', conn_type='s3') credentials retrieved from login and password.
[2025-05-03T00:31:25.268+0000] {statsbomb_ingestion.py:42} INFO - Uploaded to s3://statsbomb/events/3890397.json
[2025-05-03T00:31:25.398+0000] {statsbomb_ingestion.py:30} INFO - Downloading https://raw.githubusercontent.com/statsbomb/open-data/master/data/lineups/3890397.json
[2025-05-03T00:31:26.380+0000] {base.py:73} INFO - Using connection ID 'minio_default' for task execution.
[2025-05-03T00:31:26.667+0000] {connection_wrapper.py:340} INFO - AWS Connection (conn_id='minio_default', conn_type='s3') credentials retrieved from login and password.
[2025-05-03T00:31:30.211+0000] {statsbomb_ingestion.py:42} INFO - Uploaded to s3://statsbomb/lineups/3890397.json
[2025-05-03T00:31:30.237+0000] {statsbomb_ingestion.py:30} INFO - Downloading https://raw.githubusercontent.com/statsbomb/open-data/master/data/events/3890401.json
[2025-05-03T00:31:30.606+0000] {base.py:73} INFO - Using connection ID 'minio_default' for task execution.
[2025-05-03T00:31:30.608+0000] {connection_wrapper.py:340} INFO - AWS Connection (conn_id='minio_default', conn_type='s3') credentials retrieved from login and password.
[2025-05-03T00:31:31.074+0000] {statsbomb_ingestion.py:42} INFO - Uploaded to s3://statsbomb/events/3890401.json
[2025-05-03T00:31:31.078+0000] {statsbomb_ingestion.py:30} INFO - Downloading https://raw.githubusercontent.com/statsbomb/open-data/master/data/lineups/3890401.json
[2025-05-03T00:31:31.310+0000] {base.py:73} INFO - Using connection ID 'minio_default' for task execution.
[2025-05-03T00:31:31.312+0000] {connection_wrapper.py:340} INFO - AWS Connection (conn_id='minio_default', conn_type='s3') credentials retrieved from login and password.
[2025-05-03T00:31:31.619+0000] {statsbomb_ingestion.py:42} INFO - Uploaded to s3://statsbomb/lineups/3890401.json
[2025-05-03T00:31:31.622+0000] {statsbomb_ingestion.py:30} INFO - Downloading https://raw.githubusercontent.com/statsbomb/open-data/master/data/events/3890396.json
[2025-05-03T00:31:32.040+0000] {base.py:73} INFO - Using connection ID 'minio_default' for task execution.
[2025-05-03T00:31:32.043+0000] {connection_wrapper.py:340} INFO - AWS Connection (conn_id='minio_default', conn_type='s3') credentials retrieved from login and password.
[2025-05-03T00:31:33.321+0000] {statsbomb_ingestion.py:42} INFO - Uploaded to s3://statsbomb/events/3890396.json
[2025-05-03T00:31:33.388+0000] {statsbomb_ingestion.py:30} INFO - Downloading https://raw.githubusercontent.com/statsbomb/open-data/master/data/lineups/3890396.json
[2025-05-03T00:31:34.144+0000] {base.py:73} INFO - Using connection ID 'minio_default' for task execution.
[2025-05-03T00:31:34.217+0000] {connection_wrapper.py:340} INFO - AWS Connection (conn_id='minio_default', conn_type='s3') credentials retrieved from login and password.
[2025-05-03T00:31:37.975+0000] {statsbomb_ingestion.py:42} INFO - Uploaded to s3://statsbomb/lineups/3890396.json
[2025-05-03T00:31:38.674+0000] {statsbomb_ingestion.py:30} INFO - Downloading https://raw.githubusercontent.com/statsbomb/open-data/master/data/events/3890384.json
[2025-05-03T00:31:41.070+0000] {base.py:73} INFO - Using connection ID 'minio_default' for task execution.
[2025-05-03T00:31:41.254+0000] {connection_wrapper.py:340} INFO - AWS Connection (conn_id='minio_default', conn_type='s3') credentials retrieved from login and password.
[2025-05-03T00:31:43.871+0000] {statsbomb_ingestion.py:42} INFO - Uploaded to s3://statsbomb/events/3890384.json
[2025-05-03T00:31:43.937+0000] {statsbomb_ingestion.py:30} INFO - Downloading https://raw.githubusercontent.com/statsbomb/open-data/master/data/lineups/3890384.json
[2025-05-03T00:31:45.387+0000] {base.py:73} INFO - Using connection ID 'minio_default' for task execution.
[2025-05-03T00:31:45.544+0000] {connection_wrapper.py:340} INFO - AWS Connection (conn_id='minio_default', conn_type='s3') credentials retrieved from login and password.
[2025-05-03T00:31:46.011+0000] {statsbomb_ingestion.py:42} INFO - Uploaded to s3://statsbomb/lineups/3890384.json
[2025-05-03T00:31:46.039+0000] {statsbomb_ingestion.py:30} INFO - Downloading https://raw.githubusercontent.com/statsbomb/open-data/master/data/events/3890385.json
[2025-05-03T00:31:46.430+0000] {base.py:73} INFO - Using connection ID 'minio_default' for task execution.
[2025-05-03T00:31:46.432+0000] {connection_wrapper.py:340} INFO - AWS Connection (conn_id='minio_default', conn_type='s3') credentials retrieved from login and password.
[2025-05-03T00:31:47.064+0000] {statsbomb_ingestion.py:42} INFO - Uploaded to s3://statsbomb/events/3890385.json
[2025-05-03T00:31:47.071+0000] {statsbomb_ingestion.py:30} INFO - Downloading https://raw.githubusercontent.com/statsbomb/open-data/master/data/lineups/3890385.json
[2025-05-03T00:31:47.461+0000] {base.py:73} INFO - Using connection ID 'minio_default' for task execution.
[2025-05-03T00:31:47.465+0000] {connection_wrapper.py:340} INFO - AWS Connection (conn_id='minio_default', conn_type='s3') credentials retrieved from login and password.
[2025-05-03T00:31:48.711+0000] {statsbomb_ingestion.py:42} INFO - Uploaded to s3://statsbomb/lineups/3890385.json
[2025-05-03T00:31:48.757+0000] {statsbomb_ingestion.py:30} INFO - Downloading https://raw.githubusercontent.com/statsbomb/open-data/master/data/events/3890282.json
[2025-05-03T00:31:49.121+0000] {base.py:73} INFO - Using connection ID 'minio_default' for task execution.
[2025-05-03T00:31:49.154+0000] {connection_wrapper.py:340} INFO - AWS Connection (conn_id='minio_default', conn_type='s3') credentials retrieved from login and password.
[2025-05-03T00:31:50.427+0000] {statsbomb_ingestion.py:42} INFO - Uploaded to s3://statsbomb/events/3890282.json
[2025-05-03T00:31:50.490+0000] {statsbomb_ingestion.py:30} INFO - Downloading https://raw.githubusercontent.com/statsbomb/open-data/master/data/lineups/3890282.json
[2025-05-03T00:31:51.307+0000] {base.py:73} INFO - Using connection ID 'minio_default' for task execution.
[2025-05-03T00:31:51.650+0000] {connection_wrapper.py:340} INFO - AWS Connection (conn_id='minio_default', conn_type='s3') credentials retrieved from login and password.
[2025-05-03T00:31:55.376+0000] {statsbomb_ingestion.py:42} INFO - Uploaded to s3://statsbomb/lineups/3890282.json
[2025-05-03T00:31:55.477+0000] {statsbomb_ingestion.py:30} INFO - Downloading https://raw.githubusercontent.com/statsbomb/open-data/master/data/events/3890287.json
[2025-05-03T00:31:56.297+0000] {base.py:73} INFO - Using connection ID 'minio_default' for task execution.
[2025-05-03T00:31:56.341+0000] {connection_wrapper.py:340} INFO - AWS Connection (conn_id='minio_default', conn_type='s3') credentials retrieved from login and password.
[2025-05-03T00:31:56.959+0000] {statsbomb_ingestion.py:42} INFO - Uploaded to s3://statsbomb/events/3890287.json
[2025-05-03T00:31:57.005+0000] {statsbomb_ingestion.py:30} INFO - Downloading https://raw.githubusercontent.com/statsbomb/open-data/master/data/lineups/3890287.json
[2025-05-03T00:31:57.259+0000] {base.py:73} INFO - Using connection ID 'minio_default' for task execution.
[2025-05-03T00:31:57.261+0000] {connection_wrapper.py:340} INFO - AWS Connection (conn_id='minio_default', conn_type='s3') credentials retrieved from login and password.
[2025-05-03T00:31:57.718+0000] {statsbomb_ingestion.py:42} INFO - Uploaded to s3://statsbomb/lineups/3890287.json
[2025-05-03T00:31:57.750+0000] {statsbomb_ingestion.py:30} INFO - Downloading https://raw.githubusercontent.com/statsbomb/open-data/master/data/events/3890269.json
[2025-05-03T00:31:58.281+0000] {base.py:73} INFO - Using connection ID 'minio_default' for task execution.
[2025-05-03T00:31:58.287+0000] {connection_wrapper.py:340} INFO - AWS Connection (conn_id='minio_default', conn_type='s3') credentials retrieved from login and password.
[2025-05-03T00:31:59.359+0000] {statsbomb_ingestion.py:42} INFO - Uploaded to s3://statsbomb/events/3890269.json
[2025-05-03T00:31:59.423+0000] {statsbomb_ingestion.py:30} INFO - Downloading https://raw.githubusercontent.com/statsbomb/open-data/master/data/lineups/3890269.json
[2025-05-03T00:31:59.948+0000] {base.py:73} INFO - Using connection ID 'minio_default' for task execution.
[2025-05-03T00:32:00.031+0000] {connection_wrapper.py:340} INFO - AWS Connection (conn_id='minio_default', conn_type='s3') credentials retrieved from login and password.
[2025-05-03T00:32:03.277+0000] {statsbomb_ingestion.py:42} INFO - Uploaded to s3://statsbomb/lineups/3890269.json
[2025-05-03T00:32:03.365+0000] {statsbomb_ingestion.py:30} INFO - Downloading https://raw.githubusercontent.com/statsbomb/open-data/master/data/events/3890268.json
[2025-05-03T00:32:08.223+0000] {base.py:73} INFO - Using connection ID 'minio_default' for task execution.
[2025-05-03T00:32:08.352+0000] {connection_wrapper.py:340} INFO - AWS Connection (conn_id='minio_default', conn_type='s3') credentials retrieved from login and password.
[2025-05-03T00:32:14.540+0000] {statsbomb_ingestion.py:42} INFO - Uploaded to s3://statsbomb/events/3890268.json
[2025-05-03T00:32:14.996+0000] {statsbomb_ingestion.py:30} INFO - Downloading https://raw.githubusercontent.com/statsbomb/open-data/master/data/lineups/3890268.json
[2025-05-03T00:32:23.990+0000] {base.py:73} INFO - Using connection ID 'minio_default' for task execution.
[2025-05-03T00:32:25.264+0000] {connection_wrapper.py:340} INFO - AWS Connection (conn_id='minio_default', conn_type='s3') credentials retrieved from login and password.
[2025-05-03T00:32:35.801+0000] {statsbomb_ingestion.py:42} INFO - Uploaded to s3://statsbomb/lineups/3890268.json
[2025-05-03T00:32:35.825+0000] {statsbomb_ingestion.py:30} INFO - Downloading https://raw.githubusercontent.com/statsbomb/open-data/master/data/events/3890402.json
[2025-05-03T00:32:36.185+0000] {base.py:73} INFO - Using connection ID 'minio_default' for task execution.
[2025-05-03T00:32:36.186+0000] {connection_wrapper.py:340} INFO - AWS Connection (conn_id='minio_default', conn_type='s3') credentials retrieved from login and password.
[2025-05-03T00:32:36.952+0000] {statsbomb_ingestion.py:42} INFO - Uploaded to s3://statsbomb/events/3890402.json
[2025-05-03T00:32:36.982+0000] {statsbomb_ingestion.py:30} INFO - Downloading https://raw.githubusercontent.com/statsbomb/open-data/master/data/lineups/3890402.json
[2025-05-03T00:32:37.262+0000] {base.py:73} INFO - Using connection ID 'minio_default' for task execution.
[2025-05-03T00:32:37.264+0000] {connection_wrapper.py:340} INFO - AWS Connection (conn_id='minio_default', conn_type='s3') credentials retrieved from login and password.
[2025-05-03T00:32:38.293+0000] {statsbomb_ingestion.py:42} INFO - Uploaded to s3://statsbomb/lineups/3890402.json
[2025-05-03T00:32:38.337+0000] {statsbomb_ingestion.py:30} INFO - Downloading https://raw.githubusercontent.com/statsbomb/open-data/master/data/events/3890564.json
[2025-05-03T00:32:38.814+0000] {base.py:73} INFO - Using connection ID 'minio_default' for task execution.
[2025-05-03T00:32:38.941+0000] {connection_wrapper.py:340} INFO - AWS Connection (conn_id='minio_default', conn_type='s3') credentials retrieved from login and password.
[2025-05-03T00:32:43.278+0000] {statsbomb_ingestion.py:42} INFO - Uploaded to s3://statsbomb/events/3890564.json
[2025-05-03T00:32:43.809+0000] {statsbomb_ingestion.py:30} INFO - Downloading https://raw.githubusercontent.com/statsbomb/open-data/master/data/lineups/3890564.json
[2025-05-03T00:32:45.953+0000] {base.py:73} INFO - Using connection ID 'minio_default' for task execution.
[2025-05-03T00:32:46.314+0000] {connection_wrapper.py:340} INFO - AWS Connection (conn_id='minio_default', conn_type='s3') credentials retrieved from login and password.
[2025-05-03T00:32:55.430+0000] {statsbomb_ingestion.py:42} INFO - Uploaded to s3://statsbomb/lineups/3890564.json
[2025-05-03T00:32:56.701+0000] {statsbomb_ingestion.py:30} INFO - Downloading https://raw.githubusercontent.com/statsbomb/open-data/master/data/events/3890563.json
[2025-05-03T00:32:58.293+0000] {base.py:73} INFO - Using connection ID 'minio_default' for task execution.
[2025-05-03T00:32:58.431+0000] {connection_wrapper.py:340} INFO - AWS Connection (conn_id='minio_default', conn_type='s3') credentials retrieved from login and password.
[2025-05-03T00:32:59.332+0000] {statsbomb_ingestion.py:42} INFO - Uploaded to s3://statsbomb/events/3890563.json
[2025-05-03T00:32:59.340+0000] {statsbomb_ingestion.py:30} INFO - Downloading https://raw.githubusercontent.com/statsbomb/open-data/master/data/lineups/3890563.json
[2025-05-03T00:32:59.603+0000] {base.py:73} INFO - Using connection ID 'minio_default' for task execution.
[2025-05-03T00:32:59.605+0000] {connection_wrapper.py:340} INFO - AWS Connection (conn_id='minio_default', conn_type='s3') credentials retrieved from login and password.
[2025-05-03T00:33:00.261+0000] {statsbomb_ingestion.py:42} INFO - Uploaded to s3://statsbomb/lineups/3890563.json
[2025-05-03T00:33:00.289+0000] {statsbomb_ingestion.py:30} INFO - Downloading https://raw.githubusercontent.com/statsbomb/open-data/master/data/events/3890562.json
[2025-05-03T00:33:00.953+0000] {base.py:73} INFO - Using connection ID 'minio_default' for task execution.
[2025-05-03T00:33:00.990+0000] {connection_wrapper.py:340} INFO - AWS Connection (conn_id='minio_default', conn_type='s3') credentials retrieved from login and password.
[2025-05-03T00:33:02.120+0000] {statsbomb_ingestion.py:42} INFO - Uploaded to s3://statsbomb/events/3890562.json
[2025-05-03T00:33:02.351+0000] {statsbomb_ingestion.py:30} INFO - Downloading https://raw.githubusercontent.com/statsbomb/open-data/master/data/lineups/3890562.json
[2025-05-03T00:33:03.184+0000] {base.py:73} INFO - Using connection ID 'minio_default' for task execution.
[2025-05-03T00:33:03.250+0000] {connection_wrapper.py:340} INFO - AWS Connection (conn_id='minio_default', conn_type='s3') credentials retrieved from login and password.
[2025-05-03T00:33:04.222+0000] {statsbomb_ingestion.py:42} INFO - Uploaded to s3://statsbomb/lineups/3890562.json
[2025-05-03T00:33:04.267+0000] {statsbomb_ingestion.py:30} INFO - Downloading https://raw.githubusercontent.com/statsbomb/open-data/master/data/events/3890560.json
[2025-05-03T00:33:04.672+0000] {base.py:73} INFO - Using connection ID 'minio_default' for task execution.
[2025-05-03T00:33:04.673+0000] {connection_wrapper.py:340} INFO - AWS Connection (conn_id='minio_default', conn_type='s3') credentials retrieved from login and password.
[2025-05-03T00:33:05.018+0000] {statsbomb_ingestion.py:42} INFO - Uploaded to s3://statsbomb/events/3890560.json
[2025-05-03T00:33:05.021+0000] {statsbomb_ingestion.py:30} INFO - Downloading https://raw.githubusercontent.com/statsbomb/open-data/master/data/lineups/3890560.json
[2025-05-03T00:33:05.267+0000] {base.py:73} INFO - Using connection ID 'minio_default' for task execution.
[2025-05-03T00:33:05.269+0000] {connection_wrapper.py:340} INFO - AWS Connection (conn_id='minio_default', conn_type='s3') credentials retrieved from login and password.
[2025-05-03T00:33:05.645+0000] {statsbomb_ingestion.py:42} INFO - Uploaded to s3://statsbomb/lineups/3890560.json
[2025-05-03T00:33:05.648+0000] {statsbomb_ingestion.py:30} INFO - Downloading https://raw.githubusercontent.com/statsbomb/open-data/master/data/events/3890559.json
[2025-05-03T00:33:05.963+0000] {base.py:73} INFO - Using connection ID 'minio_default' for task execution.
[2025-05-03T00:33:05.965+0000] {connection_wrapper.py:340} INFO - AWS Connection (conn_id='minio_default', conn_type='s3') credentials retrieved from login and password.
[2025-05-03T00:33:07.213+0000] {statsbomb_ingestion.py:42} INFO - Uploaded to s3://statsbomb/events/3890559.json
[2025-05-03T00:33:07.362+0000] {statsbomb_ingestion.py:30} INFO - Downloading https://raw.githubusercontent.com/statsbomb/open-data/master/data/lineups/3890559.json
[2025-05-03T00:33:07.778+0000] {base.py:73} INFO - Using connection ID 'minio_default' for task execution.
[2025-05-03T00:33:07.786+0000] {connection_wrapper.py:340} INFO - AWS Connection (conn_id='minio_default', conn_type='s3') credentials retrieved from login and password.
[2025-05-03T00:33:08.658+0000] {statsbomb_ingestion.py:42} INFO - Uploaded to s3://statsbomb/lineups/3890559.json
[2025-05-03T00:33:08.780+0000] {statsbomb_ingestion.py:30} INFO - Downloading https://raw.githubusercontent.com/statsbomb/open-data/master/data/events/3890558.json
[2025-05-03T00:33:09.678+0000] {base.py:73} INFO - Using connection ID 'minio_default' for task execution.
[2025-05-03T00:33:09.699+0000] {connection_wrapper.py:340} INFO - AWS Connection (conn_id='minio_default', conn_type='s3') credentials retrieved from login and password.
[2025-05-03T00:33:15.044+0000] {statsbomb_ingestion.py:42} INFO - Uploaded to s3://statsbomb/events/3890558.json
[2025-05-03T00:33:15.208+0000] {statsbomb_ingestion.py:30} INFO - Downloading https://raw.githubusercontent.com/statsbomb/open-data/master/data/lineups/3890558.json
[2025-05-03T00:33:15.822+0000] {base.py:73} INFO - Using connection ID 'minio_default' for task execution.
[2025-05-03T00:33:15.888+0000] {connection_wrapper.py:340} INFO - AWS Connection (conn_id='minio_default', conn_type='s3') credentials retrieved from login and password.
[2025-05-03T00:33:18.725+0000] {statsbomb_ingestion.py:42} INFO - Uploaded to s3://statsbomb/lineups/3890558.json
[2025-05-03T00:33:18.758+0000] {statsbomb_ingestion.py:30} INFO - Downloading https://raw.githubusercontent.com/statsbomb/open-data/master/data/events/3890557.json
[2025-05-03T00:33:19.127+0000] {base.py:73} INFO - Using connection ID 'minio_default' for task execution.
[2025-05-03T00:33:19.129+0000] {connection_wrapper.py:340} INFO - AWS Connection (conn_id='minio_default', conn_type='s3') credentials retrieved from login and password.
[2025-05-03T00:33:19.568+0000] {statsbomb_ingestion.py:42} INFO - Uploaded to s3://statsbomb/events/3890557.json
[2025-05-03T00:33:19.571+0000] {statsbomb_ingestion.py:30} INFO - Downloading https://raw.githubusercontent.com/statsbomb/open-data/master/data/lineups/3890557.json
[2025-05-03T00:33:19.761+0000] {base.py:73} INFO - Using connection ID 'minio_default' for task execution.
[2025-05-03T00:33:19.763+0000] {connection_wrapper.py:340} INFO - AWS Connection (conn_id='minio_default', conn_type='s3') credentials retrieved from login and password.
[2025-05-03T00:33:20.433+0000] {statsbomb_ingestion.py:42} INFO - Uploaded to s3://statsbomb/lineups/3890557.json
[2025-05-03T00:33:20.486+0000] {statsbomb_ingestion.py:30} INFO - Downloading https://raw.githubusercontent.com/statsbomb/open-data/master/data/events/3890556.json
[2025-05-03T00:33:20.943+0000] {base.py:73} INFO - Using connection ID 'minio_default' for task execution.
[2025-05-03T00:33:20.988+0000] {connection_wrapper.py:340} INFO - AWS Connection (conn_id='minio_default', conn_type='s3') credentials retrieved from login and password.
[2025-05-03T00:33:23.912+0000] {statsbomb_ingestion.py:42} INFO - Uploaded to s3://statsbomb/events/3890556.json
[2025-05-03T00:33:24.585+0000] {statsbomb_ingestion.py:30} INFO - Downloading https://raw.githubusercontent.com/statsbomb/open-data/master/data/lineups/3890556.json
[2025-05-03T00:33:26.380+0000] {base.py:73} INFO - Using connection ID 'minio_default' for task execution.
[2025-05-03T00:33:26.558+0000] {connection_wrapper.py:340} INFO - AWS Connection (conn_id='minio_default', conn_type='s3') credentials retrieved from login and password.
[2025-05-03T00:33:34.158+0000] {statsbomb_ingestion.py:42} INFO - Uploaded to s3://statsbomb/lineups/3890556.json
[2025-05-03T00:33:34.361+0000] {statsbomb_ingestion.py:30} INFO - Downloading https://raw.githubusercontent.com/statsbomb/open-data/master/data/events/3890555.json
[2025-05-03T00:33:35.247+0000] {base.py:73} INFO - Using connection ID 'minio_default' for task execution.
[2025-05-03T00:33:35.364+0000] {connection_wrapper.py:340} INFO - AWS Connection (conn_id='minio_default', conn_type='s3') credentials retrieved from login and password.
[2025-05-03T00:33:39.148+0000] {statsbomb_ingestion.py:42} INFO - Uploaded to s3://statsbomb/events/3890555.json
[2025-05-03T00:33:39.157+0000] {statsbomb_ingestion.py:30} INFO - Downloading https://raw.githubusercontent.com/statsbomb/open-data/master/data/lineups/3890555.json
[2025-05-03T00:33:39.412+0000] {base.py:73} INFO - Using connection ID 'minio_default' for task execution.
[2025-05-03T00:33:39.414+0000] {connection_wrapper.py:340} INFO - AWS Connection (conn_id='minio_default', conn_type='s3') credentials retrieved from login and password.
[2025-05-03T00:33:39.574+0000] {statsbomb_ingestion.py:42} INFO - Uploaded to s3://statsbomb/lineups/3890555.json
[2025-05-03T00:33:39.578+0000] {statsbomb_ingestion.py:30} INFO - Downloading https://raw.githubusercontent.com/statsbomb/open-data/master/data/events/3890554.json
[2025-05-03T00:33:39.924+0000] {base.py:73} INFO - Using connection ID 'minio_default' for task execution.
[2025-05-03T00:33:39.927+0000] {connection_wrapper.py:340} INFO - AWS Connection (conn_id='minio_default', conn_type='s3') credentials retrieved from login and password.
[2025-05-03T00:33:40.675+0000] {statsbomb_ingestion.py:42} INFO - Uploaded to s3://statsbomb/events/3890554.json
[2025-05-03T00:33:40.734+0000] {statsbomb_ingestion.py:30} INFO - Downloading https://raw.githubusercontent.com/statsbomb/open-data/master/data/lineups/3890554.json
[2025-05-03T00:33:41.168+0000] {base.py:73} INFO - Using connection ID 'minio_default' for task execution.
[2025-05-03T00:33:41.170+0000] {connection_wrapper.py:340} INFO - AWS Connection (conn_id='minio_default', conn_type='s3') credentials retrieved from login and password.
[2025-05-03T00:33:43.095+0000] {statsbomb_ingestion.py:42} INFO - Uploaded to s3://statsbomb/lineups/3890554.json
[2025-05-03T00:33:43.188+0000] {statsbomb_ingestion.py:30} INFO - Downloading https://raw.githubusercontent.com/statsbomb/open-data/master/data/events/3890553.json
[2025-05-03T00:33:43.830+0000] {base.py:73} INFO - Using connection ID 'minio_default' for task execution.
[2025-05-03T00:33:43.878+0000] {connection_wrapper.py:340} INFO - AWS Connection (conn_id='minio_default', conn_type='s3') credentials retrieved from login and password.
[2025-05-03T00:33:46.749+0000] {statsbomb_ingestion.py:42} INFO - Uploaded to s3://statsbomb/events/3890553.json
[2025-05-03T00:33:47.300+0000] {statsbomb_ingestion.py:30} INFO - Downloading https://raw.githubusercontent.com/statsbomb/open-data/master/data/lineups/3890553.json
[2025-05-03T00:33:48.829+0000] {base.py:73} INFO - Using connection ID 'minio_default' for task execution.
[2025-05-03T00:33:49.223+0000] {connection_wrapper.py:340} INFO - AWS Connection (conn_id='minio_default', conn_type='s3') credentials retrieved from login and password.
[2025-05-03T00:33:53.154+0000] {statsbomb_ingestion.py:42} INFO - Uploaded to s3://statsbomb/lineups/3890553.json
[2025-05-03T00:33:53.386+0000] {statsbomb_ingestion.py:30} INFO - Downloading https://raw.githubusercontent.com/statsbomb/open-data/master/data/events/3890552.json
[2025-05-03T00:33:55.281+0000] {base.py:73} INFO - Using connection ID 'minio_default' for task execution.
[2025-05-03T00:33:55.333+0000] {connection_wrapper.py:340} INFO - AWS Connection (conn_id='minio_default', conn_type='s3') credentials retrieved from login and password.
[2025-05-03T00:33:56.837+0000] {statsbomb_ingestion.py:42} INFO - Uploaded to s3://statsbomb/events/3890552.json
[2025-05-03T00:33:56.866+0000] {statsbomb_ingestion.py:30} INFO - Downloading https://raw.githubusercontent.com/statsbomb/open-data/master/data/lineups/3890552.json
[2025-05-03T00:33:57.113+0000] {base.py:73} INFO - Using connection ID 'minio_default' for task execution.
[2025-05-03T00:33:57.115+0000] {connection_wrapper.py:340} INFO - AWS Connection (conn_id='minio_default', conn_type='s3') credentials retrieved from login and password.
[2025-05-03T00:33:57.808+0000] {statsbomb_ingestion.py:42} INFO - Uploaded to s3://statsbomb/lineups/3890552.json
[2025-05-03T00:33:57.815+0000] {statsbomb_ingestion.py:30} INFO - Downloading https://raw.githubusercontent.com/statsbomb/open-data/master/data/events/3890551.json
[2025-05-03T00:33:58.104+0000] {base.py:73} INFO - Using connection ID 'minio_default' for task execution.
[2025-05-03T00:33:58.107+0000] {connection_wrapper.py:340} INFO - AWS Connection (conn_id='minio_default', conn_type='s3') credentials retrieved from login and password.
[2025-05-03T00:33:58.691+0000] {statsbomb_ingestion.py:42} INFO - Uploaded to s3://statsbomb/events/3890551.json
[2025-05-03T00:33:58.732+0000] {statsbomb_ingestion.py:30} INFO - Downloading https://raw.githubusercontent.com/statsbomb/open-data/master/data/lineups/3890551.json
[2025-05-03T00:33:59.018+0000] {base.py:73} INFO - Using connection ID 'minio_default' for task execution.
[2025-05-03T00:33:59.052+0000] {connection_wrapper.py:340} INFO - AWS Connection (conn_id='minio_default', conn_type='s3') credentials retrieved from login and password.
[2025-05-03T00:34:00.906+0000] {statsbomb_ingestion.py:42} INFO - Uploaded to s3://statsbomb/lineups/3890551.json
[2025-05-03T00:34:01.136+0000] {statsbomb_ingestion.py:30} INFO - Downloading https://raw.githubusercontent.com/statsbomb/open-data/master/data/events/3890550.json
[2025-05-03T00:34:04.930+0000] {base.py:73} INFO - Using connection ID 'minio_default' for task execution.
[2025-05-03T00:34:05.100+0000] {connection_wrapper.py:340} INFO - AWS Connection (conn_id='minio_default', conn_type='s3') credentials retrieved from login and password.
[2025-05-03T00:34:45.403+0000] {statsbomb_ingestion.py:42} INFO - Uploaded to s3://statsbomb/events/3890550.json
[2025-05-03T00:34:45.637+0000] {statsbomb_ingestion.py:30} INFO - Downloading https://raw.githubusercontent.com/statsbomb/open-data/master/data/lineups/3890550.json
[2025-05-03T00:34:48.270+0000] {base.py:73} INFO - Using connection ID 'minio_default' for task execution.
[2025-05-03T00:34:48.621+0000] {connection_wrapper.py:340} INFO - AWS Connection (conn_id='minio_default', conn_type='s3') credentials retrieved from login and password.
[2025-05-03T00:35:27.277+0000] {statsbomb_ingestion.py:42} INFO - Uploaded to s3://statsbomb/lineups/3890550.json
[2025-05-03T00:35:27.425+0000] {statsbomb_ingestion.py:30} INFO - Downloading https://raw.githubusercontent.com/statsbomb/open-data/master/data/events/3890549.json
[2025-05-03T00:35:27.952+0000] {base.py:73} INFO - Using connection ID 'minio_default' for task execution.
[2025-05-03T00:35:27.990+0000] {connection_wrapper.py:340} INFO - AWS Connection (conn_id='minio_default', conn_type='s3') credentials retrieved from login and password.
[2025-05-03T00:35:31.036+0000] {statsbomb_ingestion.py:42} INFO - Uploaded to s3://statsbomb/events/3890549.json
[2025-05-03T00:35:31.095+0000] {statsbomb_ingestion.py:30} INFO - Downloading https://raw.githubusercontent.com/statsbomb/open-data/master/data/lineups/3890549.json
[2025-05-03T00:35:31.321+0000] {base.py:73} INFO - Using connection ID 'minio_default' for task execution.
[2025-05-03T00:35:31.323+0000] {connection_wrapper.py:340} INFO - AWS Connection (conn_id='minio_default', conn_type='s3') credentials retrieved from login and password.
[2025-05-03T00:35:31.719+0000] {statsbomb_ingestion.py:42} INFO - Uploaded to s3://statsbomb/lineups/3890549.json
[2025-05-03T00:35:31.751+0000] {statsbomb_ingestion.py:30} INFO - Downloading https://raw.githubusercontent.com/statsbomb/open-data/master/data/events/3890548.json
[2025-05-03T00:35:32.079+0000] {base.py:73} INFO - Using connection ID 'minio_default' for task execution.
[2025-05-03T00:35:32.081+0000] {connection_wrapper.py:340} INFO - AWS Connection (conn_id='minio_default', conn_type='s3') credentials retrieved from login and password.
[2025-05-03T00:35:32.794+0000] {statsbomb_ingestion.py:42} INFO - Uploaded to s3://statsbomb/events/3890548.json
[2025-05-03T00:35:32.827+0000] {statsbomb_ingestion.py:30} INFO - Downloading https://raw.githubusercontent.com/statsbomb/open-data/master/data/lineups/3890548.json
[2025-05-03T00:35:33.186+0000] {base.py:73} INFO - Using connection ID 'minio_default' for task execution.
[2025-05-03T00:35:33.187+0000] {connection_wrapper.py:340} INFO - AWS Connection (conn_id='minio_default', conn_type='s3') credentials retrieved from login and password.
[2025-05-03T00:35:35.971+0000] {statsbomb_ingestion.py:42} INFO - Uploaded to s3://statsbomb/lineups/3890548.json
[2025-05-03T00:35:36.025+0000] {statsbomb_ingestion.py:30} INFO - Downloading https://raw.githubusercontent.com/statsbomb/open-data/master/data/events/3890547.json
[2025-05-03T00:35:36.764+0000] {base.py:73} INFO - Using connection ID 'minio_default' for task execution.
[2025-05-03T00:35:36.889+0000] {connection_wrapper.py:340} INFO - AWS Connection (conn_id='minio_default', conn_type='s3') credentials retrieved from login and password.
[2025-05-03T00:35:40.069+0000] {statsbomb_ingestion.py:42} INFO - Uploaded to s3://statsbomb/events/3890547.json
[2025-05-03T00:35:40.307+0000] {statsbomb_ingestion.py:30} INFO - Downloading https://raw.githubusercontent.com/statsbomb/open-data/master/data/lineups/3890547.json
[2025-05-03T00:35:42.188+0000] {base.py:73} INFO - Using connection ID 'minio_default' for task execution.
[2025-05-03T00:35:42.546+0000] {connection_wrapper.py:340} INFO - AWS Connection (conn_id='minio_default', conn_type='s3') credentials retrieved from login and password.
[2025-05-03T00:35:55.048+0000] {statsbomb_ingestion.py:42} INFO - Uploaded to s3://statsbomb/lineups/3890547.json
[2025-05-03T00:35:55.701+0000] {statsbomb_ingestion.py:30} INFO - Downloading https://raw.githubusercontent.com/statsbomb/open-data/master/data/events/3890546.json
[2025-05-03T00:35:58.557+0000] {base.py:73} INFO - Using connection ID 'minio_default' for task execution.
[2025-05-03T00:36:00.046+0000] {connection_wrapper.py:340} INFO - AWS Connection (conn_id='minio_default', conn_type='s3') credentials retrieved from login and password.
[2025-05-03T00:37:47.438+0000] {statsbomb_ingestion.py:42} INFO - Uploaded to s3://statsbomb/events/3890546.json
[2025-05-03T00:37:48.263+0000] {statsbomb_ingestion.py:30} INFO - Downloading https://raw.githubusercontent.com/statsbomb/open-data/master/data/lineups/3890546.json
[2025-05-03T00:37:49.707+0000] {base.py:73} INFO - Using connection ID 'minio_default' for task execution.
[2025-05-03T00:37:49.983+0000] {connection_wrapper.py:340} INFO - AWS Connection (conn_id='minio_default', conn_type='s3') credentials retrieved from login and password.
[2025-05-03T00:37:52.108+0000] {statsbomb_ingestion.py:42} INFO - Uploaded to s3://statsbomb/lineups/3890546.json
[2025-05-03T00:37:52.167+0000] {statsbomb_ingestion.py:30} INFO - Downloading https://raw.githubusercontent.com/statsbomb/open-data/master/data/events/3890545.json
[2025-05-03T00:37:52.759+0000] {base.py:73} INFO - Using connection ID 'minio_default' for task execution.
[2025-05-03T00:37:52.768+0000] {connection_wrapper.py:340} INFO - AWS Connection (conn_id='minio_default', conn_type='s3') credentials retrieved from login and password.
[2025-05-03T00:37:53.181+0000] {statsbomb_ingestion.py:42} INFO - Uploaded to s3://statsbomb/events/3890545.json
[2025-05-03T00:37:53.184+0000] {statsbomb_ingestion.py:30} INFO - Downloading https://raw.githubusercontent.com/statsbomb/open-data/master/data/lineups/3890545.json
[2025-05-03T00:37:53.426+0000] {base.py:73} INFO - Using connection ID 'minio_default' for task execution.
[2025-05-03T00:37:53.428+0000] {connection_wrapper.py:340} INFO - AWS Connection (conn_id='minio_default', conn_type='s3') credentials retrieved from login and password.
[2025-05-03T00:37:53.772+0000] {statsbomb_ingestion.py:42} INFO - Uploaded to s3://statsbomb/lineups/3890545.json
[2025-05-03T00:37:53.775+0000] {statsbomb_ingestion.py:30} INFO - Downloading https://raw.githubusercontent.com/statsbomb/open-data/master/data/events/3890544.json
[2025-05-03T00:37:54.110+0000] {base.py:73} INFO - Using connection ID 'minio_default' for task execution.
[2025-05-03T00:37:54.112+0000] {connection_wrapper.py:340} INFO - AWS Connection (conn_id='minio_default', conn_type='s3') credentials retrieved from login and password.
[2025-05-03T00:37:54.258+0000] {statsbomb_ingestion.py:42} INFO - Uploaded to s3://statsbomb/events/3890544.json
[2025-05-03T00:37:54.261+0000] {statsbomb_ingestion.py:30} INFO - Downloading https://raw.githubusercontent.com/statsbomb/open-data/master/data/lineups/3890544.json
[2025-05-03T00:37:54.503+0000] {base.py:73} INFO - Using connection ID 'minio_default' for task execution.
[2025-05-03T00:37:54.506+0000] {connection_wrapper.py:340} INFO - AWS Connection (conn_id='minio_default', conn_type='s3') credentials retrieved from login and password.
[2025-05-03T00:37:55.109+0000] {statsbomb_ingestion.py:42} INFO - Uploaded to s3://statsbomb/lineups/3890544.json
[2025-05-03T00:37:55.155+0000] {statsbomb_ingestion.py:30} INFO - Downloading https://raw.githubusercontent.com/statsbomb/open-data/master/data/events/3890543.json
[2025-05-03T00:37:55.513+0000] {base.py:73} INFO - Using connection ID 'minio_default' for task execution.
[2025-05-03T00:37:55.515+0000] {connection_wrapper.py:340} INFO - AWS Connection (conn_id='minio_default', conn_type='s3') credentials retrieved from login and password.
[2025-05-03T00:37:56.429+0000] {statsbomb_ingestion.py:42} INFO - Uploaded to s3://statsbomb/events/3890543.json
[2025-05-03T00:37:56.491+0000] {statsbomb_ingestion.py:30} INFO - Downloading https://raw.githubusercontent.com/statsbomb/open-data/master/data/lineups/3890543.json
[2025-05-03T00:37:56.548+0000] {local_task_job_runner.py:294} WARNING - State of this instance has been externally set to None. Terminating instance.
[2025-05-03T00:37:56.610+0000] {process_utils.py:131} INFO - Sending 15 to group 1452. PIDs of all processes in the group: [1452]
[2025-05-03T00:37:56.616+0000] {process_utils.py:86} INFO - Sending the signal 15 to group 1452
[2025-05-03T00:37:56.623+0000] {taskinstance.py:1630} ERROR - Received SIGTERM. Terminating subprocesses.
[2025-05-03T00:37:56.719+0000] {taskinstance.py:1935} ERROR - Task failed with exception
Traceback (most recent call last):
  File "/home/airflow/.local/lib/python3.8/site-packages/airflow/operators/python.py", line 192, in execute
    return_value = self.execute_callable()
  File "/home/airflow/.local/lib/python3.8/site-packages/airflow/operators/python.py", line 209, in execute_callable
    return self.python_callable(*self.op_args, **self.op_kwargs)
  File "/opt/airflow/dags/statsbomb_ingestion.py", line 109, in ingest_events_and_lineups
    fetch_and_upload(key=key_lu, url=url_lu)
  File "/opt/airflow/dags/statsbomb_ingestion.py", line 31, in fetch_and_upload
    resp = requests.get(url)
  File "/home/airflow/.local/lib/python3.8/site-packages/requests/api.py", line 73, in get
    return request("get", url, params=params, **kwargs)
  File "/home/airflow/.local/lib/python3.8/site-packages/requests/api.py", line 59, in request
    return session.request(method=method, url=url, **kwargs)
  File "/home/airflow/.local/lib/python3.8/site-packages/requests/sessions.py", line 589, in request
    resp = self.send(prep, **send_kwargs)
  File "/home/airflow/.local/lib/python3.8/site-packages/requests/sessions.py", line 703, in send
    r = adapter.send(request, **kwargs)
  File "/home/airflow/.local/lib/python3.8/site-packages/requests/adapters.py", line 486, in send
    resp = conn.urlopen(
  File "/home/airflow/.local/lib/python3.8/site-packages/urllib3/connectionpool.py", line 714, in urlopen
    httplib_response = self._make_request(
  File "/home/airflow/.local/lib/python3.8/site-packages/urllib3/connectionpool.py", line 403, in _make_request
    self._validate_conn(conn)
  File "/home/airflow/.local/lib/python3.8/site-packages/urllib3/connectionpool.py", line 1053, in _validate_conn
    conn.connect()
  File "/home/airflow/.local/lib/python3.8/site-packages/urllib3/connection.py", line 400, in connect
    self.ssl_context = create_urllib3_context(
  File "/home/airflow/.local/lib/python3.8/site-packages/urllib3/util/ssl_.py", line 290, in create_urllib3_context
    context = SSLContext(ssl_version)
  File "/usr/local/lib/python3.8/ssl.py", line 483, in __new__
    self = _SSLContext.__new__(cls, protocol)
  File "/home/airflow/.local/lib/python3.8/site-packages/airflow/models/taskinstance.py", line 1632, in signal_handler
    raise AirflowException("Task received SIGTERM signal")
airflow.exceptions.AirflowException: Task received SIGTERM signal
[2025-05-03T00:37:56.772+0000] {taskinstance.py:1398} INFO - Marking task as FAILED. dag_id=statsbomb_full_ingestion, task_id=ingest_events_and_lineups, execution_date=20250503T002625, start_date=20250503T002712, end_date=20250503T003756
[2025-05-03T00:37:56.816+0000] {standard_task_runner.py:104} ERROR - Failed to execute job 37 for task ingest_events_and_lineups (Task received SIGTERM signal; 1452)
[2025-05-03T00:37:56.849+0000] {process_utils.py:79} INFO - Process psutil.Process(pid=1452, status='terminated', exitcode=1, started='00:27:11') (1452) terminated with exit code 1
