[2025-05-03T00:26:33.563+0000] {logging_mixin.py:151} INFO - Changing /opt/airflow/logs/dag_id=statsbomb_full_ingestion/run_id=manual__2025-05-03T00:26:25+00:00/task_id=ingest_matches permission to 509
[2025-05-03T00:26:33.609+0000] {logging_mixin.py:151} INFO - Changing /opt/airflow/logs/dag_id=statsbomb_full_ingestion/run_id=manual__2025-05-03T00:26:25+00:00/task_id=ingest_matches permission to 509
[2025-05-03T00:26:33.647+0000] {taskinstance.py:1157} INFO - Dependencies all met for dep_context=non-requeueable deps ti=<TaskInstance: statsbomb_full_ingestion.ingest_matches manual__2025-05-03T00:26:25+00:00 [queued]>
[2025-05-03T00:26:33.660+0000] {taskinstance.py:1157} INFO - Dependencies all met for dep_context=requeueable deps ti=<TaskInstance: statsbomb_full_ingestion.ingest_matches manual__2025-05-03T00:26:25+00:00 [queued]>
[2025-05-03T00:26:33.661+0000] {taskinstance.py:1359} INFO - Starting attempt 1 of 2
[2025-05-03T00:26:33.676+0000] {taskinstance.py:1380} INFO - Executing <Task(PythonOperator): ingest_matches> on 2025-05-03 00:26:25+00:00
[2025-05-03T00:26:33.681+0000] {standard_task_runner.py:57} INFO - Started process 1175 to run task
[2025-05-03T00:26:33.685+0000] {standard_task_runner.py:84} INFO - Running: ['airflow', 'tasks', 'run', 'statsbomb_full_ingestion', 'ingest_matches', 'manual__2025-05-03T00:26:25+00:00', '--job-id', '36', '--raw', '--subdir', 'DAGS_FOLDER/statsbomb_ingestion.py', '--cfg-path', '/tmp/tmpmk5ckyvp']
[2025-05-03T00:26:33.687+0000] {standard_task_runner.py:85} INFO - Job 36: Subtask ingest_matches
[2025-05-03T00:26:33.817+0000] {logging_mixin.py:151} INFO - Changing /opt/airflow/logs/dag_id=statsbomb_full_ingestion/run_id=manual__2025-05-03T00:26:25+00:00/task_id=ingest_matches permission to 509
[2025-05-03T00:26:33.831+0000] {task_command.py:415} INFO - Running <TaskInstance: statsbomb_full_ingestion.ingest_matches manual__2025-05-03T00:26:25+00:00 [running]> on host ff7b443d1a1e
[2025-05-03T00:26:33.939+0000] {taskinstance.py:1660} INFO - Exporting env vars: AIRFLOW_CTX_DAG_OWNER='airflow' AIRFLOW_CTX_DAG_ID='statsbomb_full_ingestion' AIRFLOW_CTX_TASK_ID='ingest_matches' AIRFLOW_CTX_EXECUTION_DATE='2025-05-03T00:26:25+00:00' AIRFLOW_CTX_TRY_NUMBER='1' AIRFLOW_CTX_DAG_RUN_ID='manual__2025-05-03T00:26:25+00:00'
[2025-05-03T00:26:33.987+0000] {statsbomb_ingestion.py:30} INFO - Downloading https://raw.githubusercontent.com/statsbomb/open-data/master/data/matches/9/281.json
[2025-05-03T00:26:34.030+0000] {crypto.py:82} WARNING - empty cryptography key - values will not be stored encrypted.
[2025-05-03T00:26:34.031+0000] {base.py:73} INFO - Using connection ID 'minio_default' for task execution.
[2025-05-03T00:26:34.038+0000] {logging_mixin.py:151} WARNING - <string>:8 AirflowProviderDeprecationWarning: AWS Connection (conn_id='minio_default', conn_type='s3') has connection type 's3', which has been replaced by connection type 'aws'. Please update your connection to have `conn_type='aws'`.
[2025-05-03T00:26:34.038+0000] {connection_wrapper.py:340} INFO - AWS Connection (conn_id='minio_default', conn_type='s3') credentials retrieved from login and password.
[2025-05-03T00:26:34.040+0000] {logging_mixin.py:151} WARNING - <string>:8 AirflowProviderDeprecationWarning: Host minio specified in the connection is not used. Please, set it on extra['endpoint_url'] instead
[2025-05-03T00:26:35.082+0000] {statsbomb_ingestion.py:42} INFO - Uploaded to s3://statsbomb/matches/9/281.json
[2025-05-03T00:26:35.087+0000] {statsbomb_ingestion.py:30} INFO - Downloading https://raw.githubusercontent.com/statsbomb/open-data/master/data/matches/9/27.json
[2025-05-03T00:26:35.126+0000] {base.py:73} INFO - Using connection ID 'minio_default' for task execution.
[2025-05-03T00:26:35.127+0000] {connection_wrapper.py:340} INFO - AWS Connection (conn_id='minio_default', conn_type='s3') credentials retrieved from login and password.
[2025-05-03T00:26:35.248+0000] {statsbomb_ingestion.py:42} INFO - Uploaded to s3://statsbomb/matches/9/27.json
[2025-05-03T00:26:35.256+0000] {statsbomb_ingestion.py:30} INFO - Downloading https://raw.githubusercontent.com/statsbomb/open-data/master/data/matches/1267/107.json
[2025-05-03T00:26:35.437+0000] {base.py:73} INFO - Using connection ID 'minio_default' for task execution.
[2025-05-03T00:26:35.440+0000] {connection_wrapper.py:340} INFO - AWS Connection (conn_id='minio_default', conn_type='s3') credentials retrieved from login and password.
[2025-05-03T00:26:35.698+0000] {statsbomb_ingestion.py:42} INFO - Uploaded to s3://statsbomb/matches/1267/107.json
[2025-05-03T00:26:35.702+0000] {statsbomb_ingestion.py:30} INFO - Downloading https://raw.githubusercontent.com/statsbomb/open-data/master/data/matches/16/4.json
[2025-05-03T00:26:35.931+0000] {base.py:73} INFO - Using connection ID 'minio_default' for task execution.
[2025-05-03T00:26:35.933+0000] {connection_wrapper.py:340} INFO - AWS Connection (conn_id='minio_default', conn_type='s3') credentials retrieved from login and password.
[2025-05-03T00:26:36.038+0000] {statsbomb_ingestion.py:42} INFO - Uploaded to s3://statsbomb/matches/16/4.json
[2025-05-03T00:26:36.041+0000] {statsbomb_ingestion.py:30} INFO - Downloading https://raw.githubusercontent.com/statsbomb/open-data/master/data/matches/16/1.json
[2025-05-03T00:26:36.252+0000] {base.py:73} INFO - Using connection ID 'minio_default' for task execution.
[2025-05-03T00:26:36.253+0000] {connection_wrapper.py:340} INFO - AWS Connection (conn_id='minio_default', conn_type='s3') credentials retrieved from login and password.
[2025-05-03T00:26:36.447+0000] {statsbomb_ingestion.py:42} INFO - Uploaded to s3://statsbomb/matches/16/1.json
[2025-05-03T00:26:36.450+0000] {statsbomb_ingestion.py:30} INFO - Downloading https://raw.githubusercontent.com/statsbomb/open-data/master/data/matches/16/2.json
[2025-05-03T00:26:36.672+0000] {base.py:73} INFO - Using connection ID 'minio_default' for task execution.
[2025-05-03T00:26:36.674+0000] {connection_wrapper.py:340} INFO - AWS Connection (conn_id='minio_default', conn_type='s3') credentials retrieved from login and password.
[2025-05-03T00:26:36.762+0000] {statsbomb_ingestion.py:42} INFO - Uploaded to s3://statsbomb/matches/16/2.json
[2025-05-03T00:26:36.766+0000] {statsbomb_ingestion.py:30} INFO - Downloading https://raw.githubusercontent.com/statsbomb/open-data/master/data/matches/16/27.json
[2025-05-03T00:26:37.030+0000] {base.py:73} INFO - Using connection ID 'minio_default' for task execution.
[2025-05-03T00:26:37.032+0000] {connection_wrapper.py:340} INFO - AWS Connection (conn_id='minio_default', conn_type='s3') credentials retrieved from login and password.
[2025-05-03T00:26:37.341+0000] {statsbomb_ingestion.py:42} INFO - Uploaded to s3://statsbomb/matches/16/27.json
[2025-05-03T00:26:37.344+0000] {statsbomb_ingestion.py:30} INFO - Downloading https://raw.githubusercontent.com/statsbomb/open-data/master/data/matches/16/26.json
[2025-05-03T00:26:37.620+0000] {base.py:73} INFO - Using connection ID 'minio_default' for task execution.
[2025-05-03T00:26:37.621+0000] {connection_wrapper.py:340} INFO - AWS Connection (conn_id='minio_default', conn_type='s3') credentials retrieved from login and password.
[2025-05-03T00:26:37.963+0000] {statsbomb_ingestion.py:42} INFO - Uploaded to s3://statsbomb/matches/16/26.json
[2025-05-03T00:26:37.967+0000] {statsbomb_ingestion.py:30} INFO - Downloading https://raw.githubusercontent.com/statsbomb/open-data/master/data/matches/16/25.json
[2025-05-03T00:26:38.157+0000] {base.py:73} INFO - Using connection ID 'minio_default' for task execution.
[2025-05-03T00:26:38.158+0000] {connection_wrapper.py:340} INFO - AWS Connection (conn_id='minio_default', conn_type='s3') credentials retrieved from login and password.
[2025-05-03T00:26:38.563+0000] {statsbomb_ingestion.py:42} INFO - Uploaded to s3://statsbomb/matches/16/25.json
[2025-05-03T00:26:38.565+0000] {statsbomb_ingestion.py:30} INFO - Downloading https://raw.githubusercontent.com/statsbomb/open-data/master/data/matches/16/24.json
[2025-05-03T00:26:38.755+0000] {base.py:73} INFO - Using connection ID 'minio_default' for task execution.
[2025-05-03T00:26:38.758+0000] {connection_wrapper.py:340} INFO - AWS Connection (conn_id='minio_default', conn_type='s3') credentials retrieved from login and password.
[2025-05-03T00:26:39.117+0000] {statsbomb_ingestion.py:42} INFO - Uploaded to s3://statsbomb/matches/16/24.json
[2025-05-03T00:26:39.120+0000] {statsbomb_ingestion.py:30} INFO - Downloading https://raw.githubusercontent.com/statsbomb/open-data/master/data/matches/16/23.json
[2025-05-03T00:26:39.326+0000] {base.py:73} INFO - Using connection ID 'minio_default' for task execution.
[2025-05-03T00:26:39.328+0000] {connection_wrapper.py:340} INFO - AWS Connection (conn_id='minio_default', conn_type='s3') credentials retrieved from login and password.
[2025-05-03T00:26:39.409+0000] {statsbomb_ingestion.py:42} INFO - Uploaded to s3://statsbomb/matches/16/23.json
[2025-05-03T00:26:39.413+0000] {statsbomb_ingestion.py:30} INFO - Downloading https://raw.githubusercontent.com/statsbomb/open-data/master/data/matches/16/22.json
[2025-05-03T00:26:39.624+0000] {base.py:73} INFO - Using connection ID 'minio_default' for task execution.
[2025-05-03T00:26:39.626+0000] {connection_wrapper.py:340} INFO - AWS Connection (conn_id='minio_default', conn_type='s3') credentials retrieved from login and password.
[2025-05-03T00:26:39.722+0000] {statsbomb_ingestion.py:42} INFO - Uploaded to s3://statsbomb/matches/16/22.json
[2025-05-03T00:26:39.726+0000] {statsbomb_ingestion.py:30} INFO - Downloading https://raw.githubusercontent.com/statsbomb/open-data/master/data/matches/16/21.json
[2025-05-03T00:26:39.921+0000] {base.py:73} INFO - Using connection ID 'minio_default' for task execution.
[2025-05-03T00:26:39.922+0000] {connection_wrapper.py:340} INFO - AWS Connection (conn_id='minio_default', conn_type='s3') credentials retrieved from login and password.
[2025-05-03T00:26:40.125+0000] {statsbomb_ingestion.py:42} INFO - Uploaded to s3://statsbomb/matches/16/21.json
[2025-05-03T00:26:40.128+0000] {statsbomb_ingestion.py:30} INFO - Downloading https://raw.githubusercontent.com/statsbomb/open-data/master/data/matches/16/41.json
[2025-05-03T00:26:40.306+0000] {base.py:73} INFO - Using connection ID 'minio_default' for task execution.
[2025-05-03T00:26:40.309+0000] {connection_wrapper.py:340} INFO - AWS Connection (conn_id='minio_default', conn_type='s3') credentials retrieved from login and password.
[2025-05-03T00:26:40.649+0000] {statsbomb_ingestion.py:42} INFO - Uploaded to s3://statsbomb/matches/16/41.json
[2025-05-03T00:26:40.652+0000] {statsbomb_ingestion.py:30} INFO - Downloading https://raw.githubusercontent.com/statsbomb/open-data/master/data/matches/16/39.json
[2025-05-03T00:26:40.826+0000] {base.py:73} INFO - Using connection ID 'minio_default' for task execution.
[2025-05-03T00:26:40.828+0000] {connection_wrapper.py:340} INFO - AWS Connection (conn_id='minio_default', conn_type='s3') credentials retrieved from login and password.
[2025-05-03T00:26:40.905+0000] {statsbomb_ingestion.py:42} INFO - Uploaded to s3://statsbomb/matches/16/39.json
[2025-05-03T00:26:40.907+0000] {statsbomb_ingestion.py:30} INFO - Downloading https://raw.githubusercontent.com/statsbomb/open-data/master/data/matches/16/37.json
[2025-05-03T00:26:41.130+0000] {base.py:73} INFO - Using connection ID 'minio_default' for task execution.
[2025-05-03T00:26:41.135+0000] {connection_wrapper.py:340} INFO - AWS Connection (conn_id='minio_default', conn_type='s3') credentials retrieved from login and password.
[2025-05-03T00:26:41.226+0000] {statsbomb_ingestion.py:42} INFO - Uploaded to s3://statsbomb/matches/16/37.json
[2025-05-03T00:26:41.228+0000] {statsbomb_ingestion.py:30} INFO - Downloading https://raw.githubusercontent.com/statsbomb/open-data/master/data/matches/16/44.json
[2025-05-03T00:26:41.454+0000] {base.py:73} INFO - Using connection ID 'minio_default' for task execution.
[2025-05-03T00:26:41.457+0000] {connection_wrapper.py:340} INFO - AWS Connection (conn_id='minio_default', conn_type='s3') credentials retrieved from login and password.
[2025-05-03T00:26:42.053+0000] {statsbomb_ingestion.py:42} INFO - Uploaded to s3://statsbomb/matches/16/44.json
[2025-05-03T00:26:42.093+0000] {statsbomb_ingestion.py:30} INFO - Downloading https://raw.githubusercontent.com/statsbomb/open-data/master/data/matches/16/76.json
[2025-05-03T00:26:42.348+0000] {base.py:73} INFO - Using connection ID 'minio_default' for task execution.
[2025-05-03T00:26:42.350+0000] {connection_wrapper.py:340} INFO - AWS Connection (conn_id='minio_default', conn_type='s3') credentials retrieved from login and password.
[2025-05-03T00:26:43.087+0000] {statsbomb_ingestion.py:42} INFO - Uploaded to s3://statsbomb/matches/16/76.json
[2025-05-03T00:26:43.110+0000] {statsbomb_ingestion.py:30} INFO - Downloading https://raw.githubusercontent.com/statsbomb/open-data/master/data/matches/16/277.json
[2025-05-03T00:26:43.381+0000] {base.py:73} INFO - Using connection ID 'minio_default' for task execution.
[2025-05-03T00:26:43.383+0000] {connection_wrapper.py:340} INFO - AWS Connection (conn_id='minio_default', conn_type='s3') credentials retrieved from login and password.
[2025-05-03T00:26:43.894+0000] {statsbomb_ingestion.py:42} INFO - Uploaded to s3://statsbomb/matches/16/277.json
[2025-05-03T00:26:43.899+0000] {statsbomb_ingestion.py:30} INFO - Downloading https://raw.githubusercontent.com/statsbomb/open-data/master/data/matches/16/71.json
[2025-05-03T00:26:44.151+0000] {base.py:73} INFO - Using connection ID 'minio_default' for task execution.
[2025-05-03T00:26:44.152+0000] {connection_wrapper.py:340} INFO - AWS Connection (conn_id='minio_default', conn_type='s3') credentials retrieved from login and password.
[2025-05-03T00:26:44.255+0000] {statsbomb_ingestion.py:42} INFO - Uploaded to s3://statsbomb/matches/16/71.json
[2025-05-03T00:26:44.258+0000] {statsbomb_ingestion.py:30} INFO - Downloading https://raw.githubusercontent.com/statsbomb/open-data/master/data/matches/16/276.json
[2025-05-03T00:26:44.443+0000] {base.py:73} INFO - Using connection ID 'minio_default' for task execution.
[2025-05-03T00:26:44.445+0000] {connection_wrapper.py:340} INFO - AWS Connection (conn_id='minio_default', conn_type='s3') credentials retrieved from login and password.
[2025-05-03T00:26:44.638+0000] {statsbomb_ingestion.py:42} INFO - Uploaded to s3://statsbomb/matches/16/276.json
[2025-05-03T00:26:44.642+0000] {statsbomb_ingestion.py:30} INFO - Downloading https://raw.githubusercontent.com/statsbomb/open-data/master/data/matches/223/282.json
[2025-05-03T00:26:44.865+0000] {base.py:73} INFO - Using connection ID 'minio_default' for task execution.
[2025-05-03T00:26:44.866+0000] {connection_wrapper.py:340} INFO - AWS Connection (conn_id='minio_default', conn_type='s3') credentials retrieved from login and password.
[2025-05-03T00:26:44.949+0000] {statsbomb_ingestion.py:42} INFO - Uploaded to s3://statsbomb/matches/223/282.json
[2025-05-03T00:26:44.952+0000] {statsbomb_ingestion.py:30} INFO - Downloading https://raw.githubusercontent.com/statsbomb/open-data/master/data/matches/87/84.json
[2025-05-03T00:26:45.136+0000] {base.py:73} INFO - Using connection ID 'minio_default' for task execution.
[2025-05-03T00:26:45.139+0000] {connection_wrapper.py:340} INFO - AWS Connection (conn_id='minio_default', conn_type='s3') credentials retrieved from login and password.
[2025-05-03T00:26:45.214+0000] {statsbomb_ingestion.py:42} INFO - Uploaded to s3://statsbomb/matches/87/84.json
[2025-05-03T00:26:45.217+0000] {statsbomb_ingestion.py:30} INFO - Downloading https://raw.githubusercontent.com/statsbomb/open-data/master/data/matches/87/268.json
[2025-05-03T00:26:45.406+0000] {base.py:73} INFO - Using connection ID 'minio_default' for task execution.
[2025-05-03T00:26:45.408+0000] {connection_wrapper.py:340} INFO - AWS Connection (conn_id='minio_default', conn_type='s3') credentials retrieved from login and password.
[2025-05-03T00:26:45.483+0000] {statsbomb_ingestion.py:42} INFO - Uploaded to s3://statsbomb/matches/87/268.json
[2025-05-03T00:26:45.485+0000] {statsbomb_ingestion.py:30} INFO - Downloading https://raw.githubusercontent.com/statsbomb/open-data/master/data/matches/87/279.json
[2025-05-03T00:26:45.729+0000] {base.py:73} INFO - Using connection ID 'minio_default' for task execution.
[2025-05-03T00:26:45.733+0000] {connection_wrapper.py:340} INFO - AWS Connection (conn_id='minio_default', conn_type='s3') credentials retrieved from login and password.
[2025-05-03T00:26:46.419+0000] {statsbomb_ingestion.py:42} INFO - Uploaded to s3://statsbomb/matches/87/279.json
[2025-05-03T00:26:46.431+0000] {statsbomb_ingestion.py:30} INFO - Downloading https://raw.githubusercontent.com/statsbomb/open-data/master/data/matches/37/90.json
[2025-05-03T00:26:46.685+0000] {base.py:73} INFO - Using connection ID 'minio_default' for task execution.
[2025-05-03T00:26:46.687+0000] {connection_wrapper.py:340} INFO - AWS Connection (conn_id='minio_default', conn_type='s3') credentials retrieved from login and password.
[2025-05-03T00:26:47.065+0000] {statsbomb_ingestion.py:42} INFO - Uploaded to s3://statsbomb/matches/37/90.json
[2025-05-03T00:26:47.067+0000] {statsbomb_ingestion.py:30} INFO - Downloading https://raw.githubusercontent.com/statsbomb/open-data/master/data/matches/37/42.json
[2025-05-03T00:26:47.251+0000] {base.py:73} INFO - Using connection ID 'minio_default' for task execution.
[2025-05-03T00:26:47.253+0000] {connection_wrapper.py:340} INFO - AWS Connection (conn_id='minio_default', conn_type='s3') credentials retrieved from login and password.
[2025-05-03T00:26:47.802+0000] {statsbomb_ingestion.py:42} INFO - Uploaded to s3://statsbomb/matches/37/42.json
[2025-05-03T00:26:47.812+0000] {statsbomb_ingestion.py:30} INFO - Downloading https://raw.githubusercontent.com/statsbomb/open-data/master/data/matches/37/4.json
[2025-05-03T00:26:48.082+0000] {base.py:73} INFO - Using connection ID 'minio_default' for task execution.
[2025-05-03T00:26:48.085+0000] {connection_wrapper.py:340} INFO - AWS Connection (conn_id='minio_default', conn_type='s3') credentials retrieved from login and password.
[2025-05-03T00:26:48.446+0000] {statsbomb_ingestion.py:42} INFO - Uploaded to s3://statsbomb/matches/37/4.json
[2025-05-03T00:26:48.449+0000] {statsbomb_ingestion.py:30} INFO - Downloading https://raw.githubusercontent.com/statsbomb/open-data/master/data/matches/1470/274.json
[2025-05-03T00:26:48.796+0000] {base.py:73} INFO - Using connection ID 'minio_default' for task execution.
[2025-05-03T00:26:48.799+0000] {connection_wrapper.py:340} INFO - AWS Connection (conn_id='minio_default', conn_type='s3') credentials retrieved from login and password.
[2025-05-03T00:26:49.036+0000] {statsbomb_ingestion.py:42} INFO - Uploaded to s3://statsbomb/matches/1470/274.json
[2025-05-03T00:26:49.039+0000] {statsbomb_ingestion.py:30} INFO - Downloading https://raw.githubusercontent.com/statsbomb/open-data/master/data/matches/43/106.json
[2025-05-03T00:26:49.288+0000] {base.py:73} INFO - Using connection ID 'minio_default' for task execution.
[2025-05-03T00:26:49.289+0000] {connection_wrapper.py:340} INFO - AWS Connection (conn_id='minio_default', conn_type='s3') credentials retrieved from login and password.
[2025-05-03T00:26:49.391+0000] {statsbomb_ingestion.py:42} INFO - Uploaded to s3://statsbomb/matches/43/106.json
[2025-05-03T00:26:49.394+0000] {statsbomb_ingestion.py:30} INFO - Downloading https://raw.githubusercontent.com/statsbomb/open-data/master/data/matches/43/3.json
[2025-05-03T00:26:49.670+0000] {base.py:73} INFO - Using connection ID 'minio_default' for task execution.
[2025-05-03T00:26:49.672+0000] {connection_wrapper.py:340} INFO - AWS Connection (conn_id='minio_default', conn_type='s3') credentials retrieved from login and password.
[2025-05-03T00:26:50.224+0000] {statsbomb_ingestion.py:42} INFO - Uploaded to s3://statsbomb/matches/43/3.json
[2025-05-03T00:26:50.236+0000] {statsbomb_ingestion.py:30} INFO - Downloading https://raw.githubusercontent.com/statsbomb/open-data/master/data/matches/43/55.json
[2025-05-03T00:26:50.526+0000] {base.py:73} INFO - Using connection ID 'minio_default' for task execution.
[2025-05-03T00:26:50.528+0000] {connection_wrapper.py:340} INFO - AWS Connection (conn_id='minio_default', conn_type='s3') credentials retrieved from login and password.
[2025-05-03T00:26:51.000+0000] {statsbomb_ingestion.py:42} INFO - Uploaded to s3://statsbomb/matches/43/55.json
[2025-05-03T00:26:51.003+0000] {statsbomb_ingestion.py:30} INFO - Downloading https://raw.githubusercontent.com/statsbomb/open-data/master/data/matches/43/54.json
[2025-05-03T00:26:51.214+0000] {base.py:73} INFO - Using connection ID 'minio_default' for task execution.
[2025-05-03T00:26:51.215+0000] {connection_wrapper.py:340} INFO - AWS Connection (conn_id='minio_default', conn_type='s3') credentials retrieved from login and password.
[2025-05-03T00:26:51.915+0000] {statsbomb_ingestion.py:42} INFO - Uploaded to s3://statsbomb/matches/43/54.json
[2025-05-03T00:26:51.944+0000] {statsbomb_ingestion.py:30} INFO - Downloading https://raw.githubusercontent.com/statsbomb/open-data/master/data/matches/43/51.json
[2025-05-03T00:26:52.173+0000] {base.py:73} INFO - Using connection ID 'minio_default' for task execution.
[2025-05-03T00:26:52.175+0000] {connection_wrapper.py:340} INFO - AWS Connection (conn_id='minio_default', conn_type='s3') credentials retrieved from login and password.
[2025-05-03T00:26:52.657+0000] {statsbomb_ingestion.py:42} INFO - Uploaded to s3://statsbomb/matches/43/51.json
[2025-05-03T00:26:52.661+0000] {statsbomb_ingestion.py:30} INFO - Downloading https://raw.githubusercontent.com/statsbomb/open-data/master/data/matches/43/272.json
[2025-05-03T00:26:52.853+0000] {base.py:73} INFO - Using connection ID 'minio_default' for task execution.
[2025-05-03T00:26:52.855+0000] {connection_wrapper.py:340} INFO - AWS Connection (conn_id='minio_default', conn_type='s3') credentials retrieved from login and password.
[2025-05-03T00:26:53.169+0000] {statsbomb_ingestion.py:42} INFO - Uploaded to s3://statsbomb/matches/43/272.json
[2025-05-03T00:26:53.173+0000] {statsbomb_ingestion.py:30} INFO - Downloading https://raw.githubusercontent.com/statsbomb/open-data/master/data/matches/43/270.json
[2025-05-03T00:26:53.389+0000] {base.py:73} INFO - Using connection ID 'minio_default' for task execution.
[2025-05-03T00:26:53.391+0000] {connection_wrapper.py:340} INFO - AWS Connection (conn_id='minio_default', conn_type='s3') credentials retrieved from login and password.
[2025-05-03T00:26:53.665+0000] {statsbomb_ingestion.py:42} INFO - Uploaded to s3://statsbomb/matches/43/270.json
[2025-05-03T00:26:53.667+0000] {statsbomb_ingestion.py:30} INFO - Downloading https://raw.githubusercontent.com/statsbomb/open-data/master/data/matches/43/269.json
[2025-05-03T00:26:53.873+0000] {base.py:73} INFO - Using connection ID 'minio_default' for task execution.
[2025-05-03T00:26:53.874+0000] {connection_wrapper.py:340} INFO - AWS Connection (conn_id='minio_default', conn_type='s3') credentials retrieved from login and password.
[2025-05-03T00:26:54.031+0000] {statsbomb_ingestion.py:42} INFO - Uploaded to s3://statsbomb/matches/43/269.json
[2025-05-03T00:26:54.034+0000] {statsbomb_ingestion.py:30} INFO - Downloading https://raw.githubusercontent.com/statsbomb/open-data/master/data/matches/1238/108.json
[2025-05-03T00:26:54.229+0000] {base.py:73} INFO - Using connection ID 'minio_default' for task execution.
[2025-05-03T00:26:54.231+0000] {connection_wrapper.py:340} INFO - AWS Connection (conn_id='minio_default', conn_type='s3') credentials retrieved from login and password.
[2025-05-03T00:26:54.672+0000] {statsbomb_ingestion.py:42} INFO - Uploaded to s3://statsbomb/matches/1238/108.json
[2025-05-03T00:26:54.681+0000] {statsbomb_ingestion.py:30} INFO - Downloading https://raw.githubusercontent.com/statsbomb/open-data/master/data/matches/11/90.json
[2025-05-03T00:26:54.914+0000] {base.py:73} INFO - Using connection ID 'minio_default' for task execution.
[2025-05-03T00:26:54.924+0000] {connection_wrapper.py:340} INFO - AWS Connection (conn_id='minio_default', conn_type='s3') credentials retrieved from login and password.
[2025-05-03T00:26:55.166+0000] {statsbomb_ingestion.py:42} INFO - Uploaded to s3://statsbomb/matches/11/90.json
[2025-05-03T00:26:55.170+0000] {statsbomb_ingestion.py:30} INFO - Downloading https://raw.githubusercontent.com/statsbomb/open-data/master/data/matches/11/42.json
[2025-05-03T00:26:55.388+0000] {base.py:73} INFO - Using connection ID 'minio_default' for task execution.
[2025-05-03T00:26:55.390+0000] {connection_wrapper.py:340} INFO - AWS Connection (conn_id='minio_default', conn_type='s3') credentials retrieved from login and password.
[2025-05-03T00:26:55.790+0000] {statsbomb_ingestion.py:42} INFO - Uploaded to s3://statsbomb/matches/11/42.json
[2025-05-03T00:26:55.793+0000] {statsbomb_ingestion.py:30} INFO - Downloading https://raw.githubusercontent.com/statsbomb/open-data/master/data/matches/11/4.json
[2025-05-03T00:26:55.987+0000] {base.py:73} INFO - Using connection ID 'minio_default' for task execution.
[2025-05-03T00:26:55.989+0000] {connection_wrapper.py:340} INFO - AWS Connection (conn_id='minio_default', conn_type='s3') credentials retrieved from login and password.
[2025-05-03T00:26:56.082+0000] {statsbomb_ingestion.py:42} INFO - Uploaded to s3://statsbomb/matches/11/4.json
[2025-05-03T00:26:56.085+0000] {statsbomb_ingestion.py:30} INFO - Downloading https://raw.githubusercontent.com/statsbomb/open-data/master/data/matches/11/1.json
[2025-05-03T00:26:56.303+0000] {base.py:73} INFO - Using connection ID 'minio_default' for task execution.
[2025-05-03T00:26:56.304+0000] {connection_wrapper.py:340} INFO - AWS Connection (conn_id='minio_default', conn_type='s3') credentials retrieved from login and password.
[2025-05-03T00:26:56.644+0000] {statsbomb_ingestion.py:42} INFO - Uploaded to s3://statsbomb/matches/11/1.json
[2025-05-03T00:26:56.647+0000] {statsbomb_ingestion.py:30} INFO - Downloading https://raw.githubusercontent.com/statsbomb/open-data/master/data/matches/11/2.json
[2025-05-03T00:26:56.826+0000] {base.py:73} INFO - Using connection ID 'minio_default' for task execution.
[2025-05-03T00:26:56.828+0000] {connection_wrapper.py:340} INFO - AWS Connection (conn_id='minio_default', conn_type='s3') credentials retrieved from login and password.
[2025-05-03T00:26:56.927+0000] {statsbomb_ingestion.py:42} INFO - Uploaded to s3://statsbomb/matches/11/2.json
[2025-05-03T00:26:56.930+0000] {statsbomb_ingestion.py:30} INFO - Downloading https://raw.githubusercontent.com/statsbomb/open-data/master/data/matches/11/27.json
[2025-05-03T00:26:57.164+0000] {base.py:73} INFO - Using connection ID 'minio_default' for task execution.
[2025-05-03T00:26:57.166+0000] {connection_wrapper.py:340} INFO - AWS Connection (conn_id='minio_default', conn_type='s3') credentials retrieved from login and password.
[2025-05-03T00:26:57.458+0000] {statsbomb_ingestion.py:42} INFO - Uploaded to s3://statsbomb/matches/11/27.json
[2025-05-03T00:26:57.461+0000] {statsbomb_ingestion.py:30} INFO - Downloading https://raw.githubusercontent.com/statsbomb/open-data/master/data/matches/11/26.json
[2025-05-03T00:26:57.664+0000] {base.py:73} INFO - Using connection ID 'minio_default' for task execution.
[2025-05-03T00:26:57.665+0000] {connection_wrapper.py:340} INFO - AWS Connection (conn_id='minio_default', conn_type='s3') credentials retrieved from login and password.
[2025-05-03T00:26:57.755+0000] {statsbomb_ingestion.py:42} INFO - Uploaded to s3://statsbomb/matches/11/26.json
[2025-05-03T00:26:57.758+0000] {statsbomb_ingestion.py:30} INFO - Downloading https://raw.githubusercontent.com/statsbomb/open-data/master/data/matches/11/25.json
[2025-05-03T00:26:57.966+0000] {base.py:73} INFO - Using connection ID 'minio_default' for task execution.
[2025-05-03T00:26:57.968+0000] {connection_wrapper.py:340} INFO - AWS Connection (conn_id='minio_default', conn_type='s3') credentials retrieved from login and password.
[2025-05-03T00:26:58.059+0000] {statsbomb_ingestion.py:42} INFO - Uploaded to s3://statsbomb/matches/11/25.json
[2025-05-03T00:26:58.062+0000] {statsbomb_ingestion.py:30} INFO - Downloading https://raw.githubusercontent.com/statsbomb/open-data/master/data/matches/11/24.json
[2025-05-03T00:26:58.286+0000] {base.py:73} INFO - Using connection ID 'minio_default' for task execution.
[2025-05-03T00:26:58.287+0000] {connection_wrapper.py:340} INFO - AWS Connection (conn_id='minio_default', conn_type='s3') credentials retrieved from login and password.
[2025-05-03T00:26:58.398+0000] {statsbomb_ingestion.py:42} INFO - Uploaded to s3://statsbomb/matches/11/24.json
[2025-05-03T00:26:58.401+0000] {statsbomb_ingestion.py:30} INFO - Downloading https://raw.githubusercontent.com/statsbomb/open-data/master/data/matches/11/23.json
[2025-05-03T00:26:58.726+0000] {base.py:73} INFO - Using connection ID 'minio_default' for task execution.
[2025-05-03T00:26:58.727+0000] {connection_wrapper.py:340} INFO - AWS Connection (conn_id='minio_default', conn_type='s3') credentials retrieved from login and password.
[2025-05-03T00:26:59.074+0000] {statsbomb_ingestion.py:42} INFO - Uploaded to s3://statsbomb/matches/11/23.json
[2025-05-03T00:26:59.076+0000] {statsbomb_ingestion.py:30} INFO - Downloading https://raw.githubusercontent.com/statsbomb/open-data/master/data/matches/11/22.json
[2025-05-03T00:26:59.294+0000] {base.py:73} INFO - Using connection ID 'minio_default' for task execution.
[2025-05-03T00:26:59.296+0000] {connection_wrapper.py:340} INFO - AWS Connection (conn_id='minio_default', conn_type='s3') credentials retrieved from login and password.
[2025-05-03T00:26:59.524+0000] {statsbomb_ingestion.py:42} INFO - Uploaded to s3://statsbomb/matches/11/22.json
[2025-05-03T00:26:59.527+0000] {statsbomb_ingestion.py:30} INFO - Downloading https://raw.githubusercontent.com/statsbomb/open-data/master/data/matches/11/21.json
[2025-05-03T00:26:59.767+0000] {base.py:73} INFO - Using connection ID 'minio_default' for task execution.
[2025-05-03T00:26:59.770+0000] {connection_wrapper.py:340} INFO - AWS Connection (conn_id='minio_default', conn_type='s3') credentials retrieved from login and password.
[2025-05-03T00:27:00.442+0000] {statsbomb_ingestion.py:42} INFO - Uploaded to s3://statsbomb/matches/11/21.json
[2025-05-03T00:27:00.445+0000] {statsbomb_ingestion.py:30} INFO - Downloading https://raw.githubusercontent.com/statsbomb/open-data/master/data/matches/11/41.json
[2025-05-03T00:27:00.706+0000] {base.py:73} INFO - Using connection ID 'minio_default' for task execution.
[2025-05-03T00:27:00.707+0000] {connection_wrapper.py:340} INFO - AWS Connection (conn_id='minio_default', conn_type='s3') credentials retrieved from login and password.
[2025-05-03T00:27:01.069+0000] {statsbomb_ingestion.py:42} INFO - Uploaded to s3://statsbomb/matches/11/41.json
[2025-05-03T00:27:01.071+0000] {statsbomb_ingestion.py:30} INFO - Downloading https://raw.githubusercontent.com/statsbomb/open-data/master/data/matches/11/40.json
[2025-05-03T00:27:01.249+0000] {base.py:73} INFO - Using connection ID 'minio_default' for task execution.
[2025-05-03T00:27:01.252+0000] {connection_wrapper.py:340} INFO - AWS Connection (conn_id='minio_default', conn_type='s3') credentials retrieved from login and password.
[2025-05-03T00:27:01.470+0000] {statsbomb_ingestion.py:42} INFO - Uploaded to s3://statsbomb/matches/11/40.json
[2025-05-03T00:27:01.474+0000] {statsbomb_ingestion.py:30} INFO - Downloading https://raw.githubusercontent.com/statsbomb/open-data/master/data/matches/11/39.json
[2025-05-03T00:27:01.714+0000] {base.py:73} INFO - Using connection ID 'minio_default' for task execution.
[2025-05-03T00:27:01.715+0000] {connection_wrapper.py:340} INFO - AWS Connection (conn_id='minio_default', conn_type='s3') credentials retrieved from login and password.
[2025-05-03T00:27:01.810+0000] {statsbomb_ingestion.py:42} INFO - Uploaded to s3://statsbomb/matches/11/39.json
[2025-05-03T00:27:01.813+0000] {statsbomb_ingestion.py:30} INFO - Downloading https://raw.githubusercontent.com/statsbomb/open-data/master/data/matches/11/38.json
[2025-05-03T00:27:02.016+0000] {base.py:73} INFO - Using connection ID 'minio_default' for task execution.
[2025-05-03T00:27:02.018+0000] {connection_wrapper.py:340} INFO - AWS Connection (conn_id='minio_default', conn_type='s3') credentials retrieved from login and password.
[2025-05-03T00:27:02.123+0000] {statsbomb_ingestion.py:42} INFO - Uploaded to s3://statsbomb/matches/11/38.json
[2025-05-03T00:27:02.126+0000] {statsbomb_ingestion.py:30} INFO - Downloading https://raw.githubusercontent.com/statsbomb/open-data/master/data/matches/11/37.json
[2025-05-03T00:27:02.324+0000] {base.py:73} INFO - Using connection ID 'minio_default' for task execution.
[2025-05-03T00:27:02.327+0000] {connection_wrapper.py:340} INFO - AWS Connection (conn_id='minio_default', conn_type='s3') credentials retrieved from login and password.
[2025-05-03T00:27:02.422+0000] {statsbomb_ingestion.py:42} INFO - Uploaded to s3://statsbomb/matches/11/37.json
[2025-05-03T00:27:02.425+0000] {statsbomb_ingestion.py:30} INFO - Downloading https://raw.githubusercontent.com/statsbomb/open-data/master/data/matches/11/278.json
[2025-05-03T00:27:02.692+0000] {base.py:73} INFO - Using connection ID 'minio_default' for task execution.
[2025-05-03T00:27:02.694+0000] {connection_wrapper.py:340} INFO - AWS Connection (conn_id='minio_default', conn_type='s3') credentials retrieved from login and password.
[2025-05-03T00:27:03.202+0000] {statsbomb_ingestion.py:42} INFO - Uploaded to s3://statsbomb/matches/11/278.json
[2025-05-03T00:27:03.205+0000] {statsbomb_ingestion.py:30} INFO - Downloading https://raw.githubusercontent.com/statsbomb/open-data/master/data/matches/81/48.json
[2025-05-03T00:27:03.422+0000] {base.py:73} INFO - Using connection ID 'minio_default' for task execution.
[2025-05-03T00:27:03.424+0000] {connection_wrapper.py:340} INFO - AWS Connection (conn_id='minio_default', conn_type='s3') credentials retrieved from login and password.
[2025-05-03T00:27:03.631+0000] {statsbomb_ingestion.py:42} INFO - Uploaded to s3://statsbomb/matches/81/48.json
[2025-05-03T00:27:03.636+0000] {statsbomb_ingestion.py:30} INFO - Downloading https://raw.githubusercontent.com/statsbomb/open-data/master/data/matches/81/275.json
[2025-05-03T00:27:03.868+0000] {base.py:73} INFO - Using connection ID 'minio_default' for task execution.
[2025-05-03T00:27:03.871+0000] {connection_wrapper.py:340} INFO - AWS Connection (conn_id='minio_default', conn_type='s3') credentials retrieved from login and password.
[2025-05-03T00:27:04.132+0000] {statsbomb_ingestion.py:42} INFO - Uploaded to s3://statsbomb/matches/81/275.json
[2025-05-03T00:27:04.135+0000] {statsbomb_ingestion.py:30} INFO - Downloading https://raw.githubusercontent.com/statsbomb/open-data/master/data/matches/7/235.json
[2025-05-03T00:27:04.353+0000] {base.py:73} INFO - Using connection ID 'minio_default' for task execution.
[2025-05-03T00:27:04.355+0000] {connection_wrapper.py:340} INFO - AWS Connection (conn_id='minio_default', conn_type='s3') credentials retrieved from login and password.
[2025-05-03T00:27:04.574+0000] {statsbomb_ingestion.py:42} INFO - Uploaded to s3://statsbomb/matches/7/235.json
[2025-05-03T00:27:04.577+0000] {statsbomb_ingestion.py:30} INFO - Downloading https://raw.githubusercontent.com/statsbomb/open-data/master/data/matches/7/108.json
[2025-05-03T00:27:04.775+0000] {base.py:73} INFO - Using connection ID 'minio_default' for task execution.
[2025-05-03T00:27:04.776+0000] {connection_wrapper.py:340} INFO - AWS Connection (conn_id='minio_default', conn_type='s3') credentials retrieved from login and password.
[2025-05-03T00:27:05.085+0000] {statsbomb_ingestion.py:42} INFO - Uploaded to s3://statsbomb/matches/7/108.json
[2025-05-03T00:27:05.089+0000] {statsbomb_ingestion.py:30} INFO - Downloading https://raw.githubusercontent.com/statsbomb/open-data/master/data/matches/7/27.json
[2025-05-03T00:27:05.399+0000] {base.py:73} INFO - Using connection ID 'minio_default' for task execution.
[2025-05-03T00:27:05.401+0000] {connection_wrapper.py:340} INFO - AWS Connection (conn_id='minio_default', conn_type='s3') credentials retrieved from login and password.
[2025-05-03T00:27:05.589+0000] {statsbomb_ingestion.py:42} INFO - Uploaded to s3://statsbomb/matches/7/27.json
[2025-05-03T00:27:05.592+0000] {statsbomb_ingestion.py:30} INFO - Downloading https://raw.githubusercontent.com/statsbomb/open-data/master/data/matches/44/107.json
[2025-05-03T00:27:05.807+0000] {base.py:73} INFO - Using connection ID 'minio_default' for task execution.
[2025-05-03T00:27:05.809+0000] {connection_wrapper.py:340} INFO - AWS Connection (conn_id='minio_default', conn_type='s3') credentials retrieved from login and password.
[2025-05-03T00:27:05.887+0000] {statsbomb_ingestion.py:42} INFO - Uploaded to s3://statsbomb/matches/44/107.json
[2025-05-03T00:27:05.889+0000] {statsbomb_ingestion.py:30} INFO - Downloading https://raw.githubusercontent.com/statsbomb/open-data/master/data/matches/116/68.json
[2025-05-03T00:27:06.090+0000] {base.py:73} INFO - Using connection ID 'minio_default' for task execution.
[2025-05-03T00:27:06.092+0000] {connection_wrapper.py:340} INFO - AWS Connection (conn_id='minio_default', conn_type='s3') credentials retrieved from login and password.
[2025-05-03T00:27:06.168+0000] {statsbomb_ingestion.py:42} INFO - Uploaded to s3://statsbomb/matches/116/68.json
[2025-05-03T00:27:06.171+0000] {statsbomb_ingestion.py:30} INFO - Downloading https://raw.githubusercontent.com/statsbomb/open-data/master/data/matches/49/3.json
[2025-05-03T00:27:06.393+0000] {base.py:73} INFO - Using connection ID 'minio_default' for task execution.
[2025-05-03T00:27:06.394+0000] {connection_wrapper.py:340} INFO - AWS Connection (conn_id='minio_default', conn_type='s3') credentials retrieved from login and password.
[2025-05-03T00:27:06.604+0000] {statsbomb_ingestion.py:42} INFO - Uploaded to s3://statsbomb/matches/49/3.json
[2025-05-03T00:27:06.606+0000] {statsbomb_ingestion.py:30} INFO - Downloading https://raw.githubusercontent.com/statsbomb/open-data/master/data/matches/2/27.json
[2025-05-03T00:27:06.875+0000] {base.py:73} INFO - Using connection ID 'minio_default' for task execution.
[2025-05-03T00:27:06.876+0000] {connection_wrapper.py:340} INFO - AWS Connection (conn_id='minio_default', conn_type='s3') credentials retrieved from login and password.
[2025-05-03T00:27:06.978+0000] {statsbomb_ingestion.py:42} INFO - Uploaded to s3://statsbomb/matches/2/27.json
[2025-05-03T00:27:06.980+0000] {statsbomb_ingestion.py:30} INFO - Downloading https://raw.githubusercontent.com/statsbomb/open-data/master/data/matches/2/44.json
[2025-05-03T00:27:07.224+0000] {base.py:73} INFO - Using connection ID 'minio_default' for task execution.
[2025-05-03T00:27:07.225+0000] {connection_wrapper.py:340} INFO - AWS Connection (conn_id='minio_default', conn_type='s3') credentials retrieved from login and password.
[2025-05-03T00:27:07.390+0000] {statsbomb_ingestion.py:42} INFO - Uploaded to s3://statsbomb/matches/2/44.json
[2025-05-03T00:27:07.392+0000] {statsbomb_ingestion.py:30} INFO - Downloading https://raw.githubusercontent.com/statsbomb/open-data/master/data/matches/12/27.json
[2025-05-03T00:27:07.604+0000] {base.py:73} INFO - Using connection ID 'minio_default' for task execution.
[2025-05-03T00:27:07.606+0000] {connection_wrapper.py:340} INFO - AWS Connection (conn_id='minio_default', conn_type='s3') credentials retrieved from login and password.
[2025-05-03T00:27:07.777+0000] {statsbomb_ingestion.py:42} INFO - Uploaded to s3://statsbomb/matches/12/27.json
[2025-05-03T00:27:07.779+0000] {statsbomb_ingestion.py:30} INFO - Downloading https://raw.githubusercontent.com/statsbomb/open-data/master/data/matches/12/86.json
[2025-05-03T00:27:08.007+0000] {base.py:73} INFO - Using connection ID 'minio_default' for task execution.
[2025-05-03T00:27:08.009+0000] {connection_wrapper.py:340} INFO - AWS Connection (conn_id='minio_default', conn_type='s3') credentials retrieved from login and password.
[2025-05-03T00:27:08.265+0000] {statsbomb_ingestion.py:42} INFO - Uploaded to s3://statsbomb/matches/12/86.json
[2025-05-03T00:27:08.269+0000] {statsbomb_ingestion.py:30} INFO - Downloading https://raw.githubusercontent.com/statsbomb/open-data/master/data/matches/55/282.json
[2025-05-03T00:27:08.493+0000] {base.py:73} INFO - Using connection ID 'minio_default' for task execution.
[2025-05-03T00:27:08.495+0000] {connection_wrapper.py:340} INFO - AWS Connection (conn_id='minio_default', conn_type='s3') credentials retrieved from login and password.
[2025-05-03T00:27:08.594+0000] {statsbomb_ingestion.py:42} INFO - Uploaded to s3://statsbomb/matches/55/282.json
[2025-05-03T00:27:08.598+0000] {statsbomb_ingestion.py:30} INFO - Downloading https://raw.githubusercontent.com/statsbomb/open-data/master/data/matches/55/43.json
[2025-05-03T00:27:08.805+0000] {base.py:73} INFO - Using connection ID 'minio_default' for task execution.
[2025-05-03T00:27:08.807+0000] {connection_wrapper.py:340} INFO - AWS Connection (conn_id='minio_default', conn_type='s3') credentials retrieved from login and password.
[2025-05-03T00:27:08.894+0000] {statsbomb_ingestion.py:42} INFO - Uploaded to s3://statsbomb/matches/55/43.json
[2025-05-03T00:27:08.898+0000] {statsbomb_ingestion.py:30} INFO - Downloading https://raw.githubusercontent.com/statsbomb/open-data/master/data/matches/35/75.json
[2025-05-03T00:27:09.146+0000] {base.py:73} INFO - Using connection ID 'minio_default' for task execution.
[2025-05-03T00:27:09.148+0000] {connection_wrapper.py:340} INFO - AWS Connection (conn_id='minio_default', conn_type='s3') credentials retrieved from login and password.
[2025-05-03T00:27:09.226+0000] {statsbomb_ingestion.py:42} INFO - Uploaded to s3://statsbomb/matches/35/75.json
[2025-05-03T00:27:09.234+0000] {statsbomb_ingestion.py:30} INFO - Downloading https://raw.githubusercontent.com/statsbomb/open-data/master/data/matches/53/106.json
[2025-05-03T00:27:09.442+0000] {base.py:73} INFO - Using connection ID 'minio_default' for task execution.
[2025-05-03T00:27:09.444+0000] {connection_wrapper.py:340} INFO - AWS Connection (conn_id='minio_default', conn_type='s3') credentials retrieved from login and password.
[2025-05-03T00:27:09.656+0000] {statsbomb_ingestion.py:42} INFO - Uploaded to s3://statsbomb/matches/53/106.json
[2025-05-03T00:27:09.659+0000] {statsbomb_ingestion.py:30} INFO - Downloading https://raw.githubusercontent.com/statsbomb/open-data/master/data/matches/72/107.json
[2025-05-03T00:27:09.871+0000] {base.py:73} INFO - Using connection ID 'minio_default' for task execution.
[2025-05-03T00:27:09.873+0000] {connection_wrapper.py:340} INFO - AWS Connection (conn_id='minio_default', conn_type='s3') credentials retrieved from login and password.
[2025-05-03T00:27:10.139+0000] {statsbomb_ingestion.py:42} INFO - Uploaded to s3://statsbomb/matches/72/107.json
[2025-05-03T00:27:10.142+0000] {statsbomb_ingestion.py:30} INFO - Downloading https://raw.githubusercontent.com/statsbomb/open-data/master/data/matches/72/30.json
[2025-05-03T00:27:10.347+0000] {base.py:73} INFO - Using connection ID 'minio_default' for task execution.
[2025-05-03T00:27:10.348+0000] {connection_wrapper.py:340} INFO - AWS Connection (conn_id='minio_default', conn_type='s3') credentials retrieved from login and password.
[2025-05-03T00:27:10.428+0000] {statsbomb_ingestion.py:42} INFO - Uploaded to s3://statsbomb/matches/72/30.json
[2025-05-03T00:27:10.432+0000] {python.py:194} INFO - Done. Returned value was: None
[2025-05-03T00:27:10.448+0000] {taskinstance.py:1398} INFO - Marking task as SUCCESS. dag_id=statsbomb_full_ingestion, task_id=ingest_matches, execution_date=20250503T002625, start_date=20250503T002633, end_date=20250503T002710
[2025-05-03T00:27:10.523+0000] {local_task_job_runner.py:228} INFO - Task exited with return code 0
[2025-05-03T00:27:10.555+0000] {taskinstance.py:2776} INFO - 1 downstream tasks scheduled from follow-on schedule check
