[2025-05-02T22:48:05.322+0000] {logging_mixin.py:151} INFO - Changing /opt/airflow/logs/dag_id=statsbomb_full_ingestion/run_id=manual__2025-05-02T22:48:00.634424+00:00/task_id=ingest_matches permission to 509
[2025-05-02T22:48:05.363+0000] {logging_mixin.py:151} INFO - Changing /opt/airflow/logs/dag_id=statsbomb_full_ingestion/run_id=manual__2025-05-02T22:48:00.634424+00:00/task_id=ingest_matches permission to 509
[2025-05-02T22:48:05.395+0000] {taskinstance.py:1157} INFO - Dependencies all met for dep_context=non-requeueable deps ti=<TaskInstance: statsbomb_full_ingestion.ingest_matches manual__2025-05-02T22:48:00.634424+00:00 [queued]>
[2025-05-02T22:48:05.405+0000] {taskinstance.py:1157} INFO - Dependencies all met for dep_context=requeueable deps ti=<TaskInstance: statsbomb_full_ingestion.ingest_matches manual__2025-05-02T22:48:00.634424+00:00 [queued]>
[2025-05-02T22:48:05.406+0000] {taskinstance.py:1359} INFO - Starting attempt 1 of 2
[2025-05-02T22:48:05.420+0000] {taskinstance.py:1380} INFO - Executing <Task(PythonOperator): ingest_matches> on 2025-05-02 22:48:00.634424+00:00
[2025-05-02T22:48:05.425+0000] {standard_task_runner.py:57} INFO - Started process 1343 to run task
[2025-05-02T22:48:05.428+0000] {standard_task_runner.py:84} INFO - Running: ['airflow', 'tasks', 'run', 'statsbomb_full_ingestion', 'ingest_matches', 'manual__2025-05-02T22:48:00.634424+00:00', '--job-id', '25', '--raw', '--subdir', 'DAGS_FOLDER/statsbomb_ingestion.py', '--cfg-path', '/tmp/tmpu28rpf5s']
[2025-05-02T22:48:05.431+0000] {standard_task_runner.py:85} INFO - Job 25: Subtask ingest_matches
[2025-05-02T22:48:05.481+0000] {logging_mixin.py:151} INFO - Changing /opt/airflow/logs/dag_id=statsbomb_full_ingestion/run_id=manual__2025-05-02T22:48:00.634424+00:00/task_id=ingest_matches permission to 509
[2025-05-02T22:48:05.492+0000] {task_command.py:415} INFO - Running <TaskInstance: statsbomb_full_ingestion.ingest_matches manual__2025-05-02T22:48:00.634424+00:00 [running]> on host e2d1066c2b98
[2025-05-02T22:48:05.572+0000] {taskinstance.py:1660} INFO - Exporting env vars: AIRFLOW_CTX_DAG_OWNER='airflow' AIRFLOW_CTX_DAG_ID='statsbomb_full_ingestion' AIRFLOW_CTX_TASK_ID='ingest_matches' AIRFLOW_CTX_EXECUTION_DATE='2025-05-02T22:48:00.634424+00:00' AIRFLOW_CTX_TRY_NUMBER='1' AIRFLOW_CTX_DAG_RUN_ID='manual__2025-05-02T22:48:00.634424+00:00'
[2025-05-02T22:48:06.830+0000] {crypto.py:82} WARNING - empty cryptography key - values will not be stored encrypted.
[2025-05-02T22:48:06.834+0000] {base.py:73} INFO - Using connection ID 'minio_default' for task execution.
[2025-05-02T22:48:06.847+0000] {logging_mixin.py:151} WARNING - <string>:8 AirflowProviderDeprecationWarning: AWS Connection (conn_id='minio_default', conn_type='s3') has connection type 's3', which has been replaced by connection type 'aws'. Please update your connection to have `conn_type='aws'`.
[2025-05-02T22:48:06.849+0000] {connection_wrapper.py:340} INFO - AWS Connection (conn_id='minio_default', conn_type='s3') credentials retrieved from login and password.
[2025-05-02T22:48:06.853+0000] {logging_mixin.py:151} WARNING - <string>:8 AirflowProviderDeprecationWarning: Host minio specified in the connection is not used. Please, set it on extra['endpoint_url'] instead
[2025-05-02T22:48:07.682+0000] {statsbomb_ingestion.py:51} INFO - Uploaded matches/9/281.json
[2025-05-02T22:48:08.575+0000] {base.py:73} INFO - Using connection ID 'minio_default' for task execution.
[2025-05-02T22:48:08.578+0000] {connection_wrapper.py:340} INFO - AWS Connection (conn_id='minio_default', conn_type='s3') credentials retrieved from login and password.
[2025-05-02T22:48:08.755+0000] {statsbomb_ingestion.py:51} INFO - Uploaded matches/9/27.json
[2025-05-02T22:48:09.442+0000] {base.py:73} INFO - Using connection ID 'minio_default' for task execution.
[2025-05-02T22:48:09.444+0000] {connection_wrapper.py:340} INFO - AWS Connection (conn_id='minio_default', conn_type='s3') credentials retrieved from login and password.
[2025-05-02T22:48:09.610+0000] {statsbomb_ingestion.py:51} INFO - Uploaded matches/1267/107.json
[2025-05-02T22:48:10.093+0000] {base.py:73} INFO - Using connection ID 'minio_default' for task execution.
[2025-05-02T22:48:10.095+0000] {connection_wrapper.py:340} INFO - AWS Connection (conn_id='minio_default', conn_type='s3') credentials retrieved from login and password.
[2025-05-02T22:48:10.260+0000] {statsbomb_ingestion.py:51} INFO - Uploaded matches/16/4.json
[2025-05-02T22:48:10.889+0000] {base.py:73} INFO - Using connection ID 'minio_default' for task execution.
[2025-05-02T22:48:10.891+0000] {connection_wrapper.py:340} INFO - AWS Connection (conn_id='minio_default', conn_type='s3') credentials retrieved from login and password.
[2025-05-02T22:48:11.209+0000] {statsbomb_ingestion.py:51} INFO - Uploaded matches/16/1.json
[2025-05-02T22:48:11.705+0000] {base.py:73} INFO - Using connection ID 'minio_default' for task execution.
[2025-05-02T22:48:11.708+0000] {connection_wrapper.py:340} INFO - AWS Connection (conn_id='minio_default', conn_type='s3') credentials retrieved from login and password.
[2025-05-02T22:48:11.862+0000] {statsbomb_ingestion.py:51} INFO - Uploaded matches/16/2.json
[2025-05-02T22:48:12.212+0000] {base.py:73} INFO - Using connection ID 'minio_default' for task execution.
[2025-05-02T22:48:12.215+0000] {connection_wrapper.py:340} INFO - AWS Connection (conn_id='minio_default', conn_type='s3') credentials retrieved from login and password.
[2025-05-02T22:48:12.382+0000] {statsbomb_ingestion.py:51} INFO - Uploaded matches/16/27.json
[2025-05-02T22:48:12.784+0000] {base.py:73} INFO - Using connection ID 'minio_default' for task execution.
[2025-05-02T22:48:12.786+0000] {connection_wrapper.py:340} INFO - AWS Connection (conn_id='minio_default', conn_type='s3') credentials retrieved from login and password.
[2025-05-02T22:48:12.967+0000] {statsbomb_ingestion.py:51} INFO - Uploaded matches/16/26.json
[2025-05-02T22:48:13.630+0000] {base.py:73} INFO - Using connection ID 'minio_default' for task execution.
[2025-05-02T22:48:13.634+0000] {connection_wrapper.py:340} INFO - AWS Connection (conn_id='minio_default', conn_type='s3') credentials retrieved from login and password.
[2025-05-02T22:48:13.944+0000] {statsbomb_ingestion.py:51} INFO - Uploaded matches/16/25.json
[2025-05-02T22:48:14.506+0000] {base.py:73} INFO - Using connection ID 'minio_default' for task execution.
[2025-05-02T22:48:14.508+0000] {connection_wrapper.py:340} INFO - AWS Connection (conn_id='minio_default', conn_type='s3') credentials retrieved from login and password.
[2025-05-02T22:48:14.656+0000] {statsbomb_ingestion.py:51} INFO - Uploaded matches/16/24.json
[2025-05-02T22:48:15.150+0000] {base.py:73} INFO - Using connection ID 'minio_default' for task execution.
[2025-05-02T22:48:15.152+0000] {connection_wrapper.py:340} INFO - AWS Connection (conn_id='minio_default', conn_type='s3') credentials retrieved from login and password.
[2025-05-02T22:48:15.303+0000] {statsbomb_ingestion.py:51} INFO - Uploaded matches/16/23.json
[2025-05-02T22:48:15.760+0000] {base.py:73} INFO - Using connection ID 'minio_default' for task execution.
[2025-05-02T22:48:15.762+0000] {connection_wrapper.py:340} INFO - AWS Connection (conn_id='minio_default', conn_type='s3') credentials retrieved from login and password.
[2025-05-02T22:48:15.929+0000] {statsbomb_ingestion.py:51} INFO - Uploaded matches/16/22.json
[2025-05-02T22:48:16.726+0000] {base.py:73} INFO - Using connection ID 'minio_default' for task execution.
[2025-05-02T22:48:16.729+0000] {connection_wrapper.py:340} INFO - AWS Connection (conn_id='minio_default', conn_type='s3') credentials retrieved from login and password.
[2025-05-02T22:48:17.139+0000] {statsbomb_ingestion.py:51} INFO - Uploaded matches/16/21.json
[2025-05-02T22:48:18.044+0000] {base.py:73} INFO - Using connection ID 'minio_default' for task execution.
[2025-05-02T22:48:18.050+0000] {connection_wrapper.py:340} INFO - AWS Connection (conn_id='minio_default', conn_type='s3') credentials retrieved from login and password.
[2025-05-02T22:48:18.223+0000] {statsbomb_ingestion.py:51} INFO - Uploaded matches/16/41.json
[2025-05-02T22:48:18.888+0000] {base.py:73} INFO - Using connection ID 'minio_default' for task execution.
[2025-05-02T22:48:18.892+0000] {connection_wrapper.py:340} INFO - AWS Connection (conn_id='minio_default', conn_type='s3') credentials retrieved from login and password.
[2025-05-02T22:48:19.045+0000] {statsbomb_ingestion.py:51} INFO - Uploaded matches/16/39.json
[2025-05-02T22:48:19.397+0000] {base.py:73} INFO - Using connection ID 'minio_default' for task execution.
[2025-05-02T22:48:19.400+0000] {connection_wrapper.py:340} INFO - AWS Connection (conn_id='minio_default', conn_type='s3') credentials retrieved from login and password.
[2025-05-02T22:48:19.559+0000] {statsbomb_ingestion.py:51} INFO - Uploaded matches/16/37.json
[2025-05-02T22:48:19.999+0000] {base.py:73} INFO - Using connection ID 'minio_default' for task execution.
[2025-05-02T22:48:20.001+0000] {connection_wrapper.py:340} INFO - AWS Connection (conn_id='minio_default', conn_type='s3') credentials retrieved from login and password.
[2025-05-02T22:48:20.319+0000] {statsbomb_ingestion.py:51} INFO - Uploaded matches/16/44.json
[2025-05-02T22:48:20.827+0000] {base.py:73} INFO - Using connection ID 'minio_default' for task execution.
[2025-05-02T22:48:20.830+0000] {connection_wrapper.py:340} INFO - AWS Connection (conn_id='minio_default', conn_type='s3') credentials retrieved from login and password.
[2025-05-02T22:48:20.975+0000] {statsbomb_ingestion.py:51} INFO - Uploaded matches/16/76.json
[2025-05-02T22:48:21.293+0000] {base.py:73} INFO - Using connection ID 'minio_default' for task execution.
[2025-05-02T22:48:21.295+0000] {connection_wrapper.py:340} INFO - AWS Connection (conn_id='minio_default', conn_type='s3') credentials retrieved from login and password.
[2025-05-02T22:48:21.433+0000] {statsbomb_ingestion.py:51} INFO - Uploaded matches/16/277.json
[2025-05-02T22:48:21.714+0000] {base.py:73} INFO - Using connection ID 'minio_default' for task execution.
[2025-05-02T22:48:21.716+0000] {connection_wrapper.py:340} INFO - AWS Connection (conn_id='minio_default', conn_type='s3') credentials retrieved from login and password.
[2025-05-02T22:48:21.889+0000] {statsbomb_ingestion.py:51} INFO - Uploaded matches/16/71.json
[2025-05-02T22:48:22.222+0000] {base.py:73} INFO - Using connection ID 'minio_default' for task execution.
[2025-05-02T22:48:22.225+0000] {connection_wrapper.py:340} INFO - AWS Connection (conn_id='minio_default', conn_type='s3') credentials retrieved from login and password.
[2025-05-02T22:48:22.546+0000] {statsbomb_ingestion.py:51} INFO - Uploaded matches/16/276.json
[2025-05-02T22:48:22.816+0000] {base.py:73} INFO - Using connection ID 'minio_default' for task execution.
[2025-05-02T22:48:22.819+0000] {connection_wrapper.py:340} INFO - AWS Connection (conn_id='minio_default', conn_type='s3') credentials retrieved from login and password.
[2025-05-02T22:48:22.977+0000] {statsbomb_ingestion.py:51} INFO - Uploaded matches/223/282.json
[2025-05-02T22:48:23.384+0000] {base.py:73} INFO - Using connection ID 'minio_default' for task execution.
[2025-05-02T22:48:23.387+0000] {connection_wrapper.py:340} INFO - AWS Connection (conn_id='minio_default', conn_type='s3') credentials retrieved from login and password.
[2025-05-02T22:48:23.532+0000] {statsbomb_ingestion.py:51} INFO - Uploaded matches/87/84.json
[2025-05-02T22:48:23.997+0000] {base.py:73} INFO - Using connection ID 'minio_default' for task execution.
[2025-05-02T22:48:23.999+0000] {connection_wrapper.py:340} INFO - AWS Connection (conn_id='minio_default', conn_type='s3') credentials retrieved from login and password.
[2025-05-02T22:48:24.152+0000] {statsbomb_ingestion.py:51} INFO - Uploaded matches/87/268.json
[2025-05-02T22:48:24.567+0000] {base.py:73} INFO - Using connection ID 'minio_default' for task execution.
[2025-05-02T22:48:24.570+0000] {connection_wrapper.py:340} INFO - AWS Connection (conn_id='minio_default', conn_type='s3') credentials retrieved from login and password.
[2025-05-02T22:48:24.872+0000] {statsbomb_ingestion.py:51} INFO - Uploaded matches/87/279.json
[2025-05-02T22:48:25.193+0000] {base.py:73} INFO - Using connection ID 'minio_default' for task execution.
[2025-05-02T22:48:25.197+0000] {connection_wrapper.py:340} INFO - AWS Connection (conn_id='minio_default', conn_type='s3') credentials retrieved from login and password.
[2025-05-02T22:48:25.350+0000] {statsbomb_ingestion.py:51} INFO - Uploaded matches/37/90.json
[2025-05-02T22:48:25.565+0000] {base.py:73} INFO - Using connection ID 'minio_default' for task execution.
[2025-05-02T22:48:25.567+0000] {connection_wrapper.py:340} INFO - AWS Connection (conn_id='minio_default', conn_type='s3') credentials retrieved from login and password.
[2025-05-02T22:48:25.724+0000] {statsbomb_ingestion.py:51} INFO - Uploaded matches/37/42.json
[2025-05-02T22:48:26.115+0000] {base.py:73} INFO - Using connection ID 'minio_default' for task execution.
[2025-05-02T22:48:26.117+0000] {connection_wrapper.py:340} INFO - AWS Connection (conn_id='minio_default', conn_type='s3') credentials retrieved from login and password.
[2025-05-02T22:48:26.442+0000] {statsbomb_ingestion.py:51} INFO - Uploaded matches/37/4.json
[2025-05-02T22:48:26.690+0000] {base.py:73} INFO - Using connection ID 'minio_default' for task execution.
[2025-05-02T22:48:26.693+0000] {connection_wrapper.py:340} INFO - AWS Connection (conn_id='minio_default', conn_type='s3') credentials retrieved from login and password.
[2025-05-02T22:48:26.844+0000] {statsbomb_ingestion.py:51} INFO - Uploaded matches/1470/274.json
[2025-05-02T22:48:27.127+0000] {base.py:73} INFO - Using connection ID 'minio_default' for task execution.
[2025-05-02T22:48:27.130+0000] {connection_wrapper.py:340} INFO - AWS Connection (conn_id='minio_default', conn_type='s3') credentials retrieved from login and password.
[2025-05-02T22:48:27.283+0000] {statsbomb_ingestion.py:51} INFO - Uploaded matches/43/106.json
[2025-05-02T22:48:27.694+0000] {base.py:73} INFO - Using connection ID 'minio_default' for task execution.
[2025-05-02T22:48:27.697+0000] {connection_wrapper.py:340} INFO - AWS Connection (conn_id='minio_default', conn_type='s3') credentials retrieved from login and password.
[2025-05-02T22:48:27.853+0000] {statsbomb_ingestion.py:51} INFO - Uploaded matches/43/3.json
[2025-05-02T22:48:28.116+0000] {base.py:73} INFO - Using connection ID 'minio_default' for task execution.
[2025-05-02T22:48:28.118+0000] {connection_wrapper.py:340} INFO - AWS Connection (conn_id='minio_default', conn_type='s3') credentials retrieved from login and password.
[2025-05-02T22:48:28.495+0000] {statsbomb_ingestion.py:51} INFO - Uploaded matches/43/55.json
[2025-05-02T22:48:28.960+0000] {base.py:73} INFO - Using connection ID 'minio_default' for task execution.
[2025-05-02T22:48:28.963+0000] {connection_wrapper.py:340} INFO - AWS Connection (conn_id='minio_default', conn_type='s3') credentials retrieved from login and password.
[2025-05-02T22:48:29.040+0000] {statsbomb_ingestion.py:51} INFO - Uploaded matches/43/54.json
[2025-05-02T22:48:29.779+0000] {base.py:73} INFO - Using connection ID 'minio_default' for task execution.
[2025-05-02T22:48:29.781+0000] {connection_wrapper.py:340} INFO - AWS Connection (conn_id='minio_default', conn_type='s3') credentials retrieved from login and password.
[2025-05-02T22:48:29.869+0000] {statsbomb_ingestion.py:51} INFO - Uploaded matches/43/51.json
[2025-05-02T22:48:30.304+0000] {base.py:73} INFO - Using connection ID 'minio_default' for task execution.
[2025-05-02T22:48:30.306+0000] {connection_wrapper.py:340} INFO - AWS Connection (conn_id='minio_default', conn_type='s3') credentials retrieved from login and password.
[2025-05-02T22:48:30.398+0000] {statsbomb_ingestion.py:51} INFO - Uploaded matches/43/272.json
[2025-05-02T22:48:30.796+0000] {base.py:73} INFO - Using connection ID 'minio_default' for task execution.
[2025-05-02T22:48:30.798+0000] {connection_wrapper.py:340} INFO - AWS Connection (conn_id='minio_default', conn_type='s3') credentials retrieved from login and password.
[2025-05-02T22:48:31.007+0000] {statsbomb_ingestion.py:51} INFO - Uploaded matches/43/270.json
[2025-05-02T22:48:31.432+0000] {base.py:73} INFO - Using connection ID 'minio_default' for task execution.
[2025-05-02T22:48:31.436+0000] {connection_wrapper.py:340} INFO - AWS Connection (conn_id='minio_default', conn_type='s3') credentials retrieved from login and password.
[2025-05-02T22:48:31.584+0000] {statsbomb_ingestion.py:51} INFO - Uploaded matches/43/269.json
[2025-05-02T22:48:32.122+0000] {base.py:73} INFO - Using connection ID 'minio_default' for task execution.
[2025-05-02T22:48:32.125+0000] {connection_wrapper.py:340} INFO - AWS Connection (conn_id='minio_default', conn_type='s3') credentials retrieved from login and password.
[2025-05-02T22:48:32.287+0000] {statsbomb_ingestion.py:51} INFO - Uploaded matches/1238/108.json
[2025-05-02T22:48:32.762+0000] {base.py:73} INFO - Using connection ID 'minio_default' for task execution.
[2025-05-02T22:48:32.764+0000] {connection_wrapper.py:340} INFO - AWS Connection (conn_id='minio_default', conn_type='s3') credentials retrieved from login and password.
[2025-05-02T22:48:32.911+0000] {statsbomb_ingestion.py:51} INFO - Uploaded matches/11/90.json
[2025-05-02T22:48:33.314+0000] {base.py:73} INFO - Using connection ID 'minio_default' for task execution.
[2025-05-02T22:48:33.317+0000] {connection_wrapper.py:340} INFO - AWS Connection (conn_id='minio_default', conn_type='s3') credentials retrieved from login and password.
[2025-05-02T22:48:33.685+0000] {statsbomb_ingestion.py:51} INFO - Uploaded matches/11/42.json
[2025-05-02T22:48:34.149+0000] {base.py:73} INFO - Using connection ID 'minio_default' for task execution.
[2025-05-02T22:48:34.151+0000] {connection_wrapper.py:340} INFO - AWS Connection (conn_id='minio_default', conn_type='s3') credentials retrieved from login and password.
[2025-05-02T22:48:34.307+0000] {statsbomb_ingestion.py:51} INFO - Uploaded matches/11/4.json
[2025-05-02T22:48:34.780+0000] {base.py:73} INFO - Using connection ID 'minio_default' for task execution.
[2025-05-02T22:48:34.782+0000] {connection_wrapper.py:340} INFO - AWS Connection (conn_id='minio_default', conn_type='s3') credentials retrieved from login and password.
[2025-05-02T22:48:34.933+0000] {statsbomb_ingestion.py:51} INFO - Uploaded matches/11/1.json
[2025-05-02T22:48:35.255+0000] {base.py:73} INFO - Using connection ID 'minio_default' for task execution.
[2025-05-02T22:48:35.257+0000] {connection_wrapper.py:340} INFO - AWS Connection (conn_id='minio_default', conn_type='s3') credentials retrieved from login and password.
[2025-05-02T22:48:35.410+0000] {statsbomb_ingestion.py:51} INFO - Uploaded matches/11/2.json
[2025-05-02T22:48:35.895+0000] {base.py:73} INFO - Using connection ID 'minio_default' for task execution.
[2025-05-02T22:48:35.898+0000] {connection_wrapper.py:340} INFO - AWS Connection (conn_id='minio_default', conn_type='s3') credentials retrieved from login and password.
[2025-05-02T22:48:36.244+0000] {statsbomb_ingestion.py:51} INFO - Uploaded matches/11/27.json
[2025-05-02T22:48:36.519+0000] {base.py:73} INFO - Using connection ID 'minio_default' for task execution.
[2025-05-02T22:48:36.522+0000] {connection_wrapper.py:340} INFO - AWS Connection (conn_id='minio_default', conn_type='s3') credentials retrieved from login and password.
[2025-05-02T22:48:36.683+0000] {statsbomb_ingestion.py:51} INFO - Uploaded matches/11/26.json
[2025-05-02T22:48:36.943+0000] {base.py:73} INFO - Using connection ID 'minio_default' for task execution.
[2025-05-02T22:48:36.945+0000] {connection_wrapper.py:340} INFO - AWS Connection (conn_id='minio_default', conn_type='s3') credentials retrieved from login and password.
[2025-05-02T22:48:37.087+0000] {statsbomb_ingestion.py:51} INFO - Uploaded matches/11/25.json
[2025-05-02T22:48:37.418+0000] {base.py:73} INFO - Using connection ID 'minio_default' for task execution.
[2025-05-02T22:48:37.420+0000] {connection_wrapper.py:340} INFO - AWS Connection (conn_id='minio_default', conn_type='s3') credentials retrieved from login and password.
[2025-05-02T22:48:37.573+0000] {statsbomb_ingestion.py:51} INFO - Uploaded matches/11/24.json
[2025-05-02T22:48:38.231+0000] {base.py:73} INFO - Using connection ID 'minio_default' for task execution.
[2025-05-02T22:48:38.235+0000] {connection_wrapper.py:340} INFO - AWS Connection (conn_id='minio_default', conn_type='s3') credentials retrieved from login and password.
[2025-05-02T22:48:38.601+0000] {statsbomb_ingestion.py:51} INFO - Uploaded matches/11/23.json
[2025-05-02T22:48:39.011+0000] {base.py:73} INFO - Using connection ID 'minio_default' for task execution.
[2025-05-02T22:48:39.013+0000] {connection_wrapper.py:340} INFO - AWS Connection (conn_id='minio_default', conn_type='s3') credentials retrieved from login and password.
[2025-05-02T22:48:39.165+0000] {statsbomb_ingestion.py:51} INFO - Uploaded matches/11/22.json
[2025-05-02T22:48:39.478+0000] {base.py:73} INFO - Using connection ID 'minio_default' for task execution.
[2025-05-02T22:48:39.480+0000] {connection_wrapper.py:340} INFO - AWS Connection (conn_id='minio_default', conn_type='s3') credentials retrieved from login and password.
[2025-05-02T22:48:39.626+0000] {statsbomb_ingestion.py:51} INFO - Uploaded matches/11/21.json
[2025-05-02T22:48:40.007+0000] {base.py:73} INFO - Using connection ID 'minio_default' for task execution.
[2025-05-02T22:48:40.010+0000] {connection_wrapper.py:340} INFO - AWS Connection (conn_id='minio_default', conn_type='s3') credentials retrieved from login and password.
[2025-05-02T22:48:40.161+0000] {statsbomb_ingestion.py:51} INFO - Uploaded matches/11/41.json
[2025-05-02T22:48:40.772+0000] {base.py:73} INFO - Using connection ID 'minio_default' for task execution.
[2025-05-02T22:48:40.774+0000] {connection_wrapper.py:340} INFO - AWS Connection (conn_id='minio_default', conn_type='s3') credentials retrieved from login and password.
[2025-05-02T22:48:41.131+0000] {statsbomb_ingestion.py:51} INFO - Uploaded matches/11/40.json
[2025-05-02T22:48:41.832+0000] {base.py:73} INFO - Using connection ID 'minio_default' for task execution.
[2025-05-02T22:48:41.834+0000] {connection_wrapper.py:340} INFO - AWS Connection (conn_id='minio_default', conn_type='s3') credentials retrieved from login and password.
[2025-05-02T22:48:41.975+0000] {statsbomb_ingestion.py:51} INFO - Uploaded matches/11/39.json
[2025-05-02T22:48:42.680+0000] {base.py:73} INFO - Using connection ID 'minio_default' for task execution.
[2025-05-02T22:48:42.683+0000] {connection_wrapper.py:340} INFO - AWS Connection (conn_id='minio_default', conn_type='s3') credentials retrieved from login and password.
[2025-05-02T22:48:42.828+0000] {statsbomb_ingestion.py:51} INFO - Uploaded matches/11/38.json
[2025-05-02T22:48:43.658+0000] {base.py:73} INFO - Using connection ID 'minio_default' for task execution.
[2025-05-02T22:48:43.660+0000] {connection_wrapper.py:340} INFO - AWS Connection (conn_id='minio_default', conn_type='s3') credentials retrieved from login and password.
[2025-05-02T22:48:43.808+0000] {statsbomb_ingestion.py:51} INFO - Uploaded matches/11/37.json
[2025-05-02T22:48:44.517+0000] {base.py:73} INFO - Using connection ID 'minio_default' for task execution.
[2025-05-02T22:48:44.519+0000] {connection_wrapper.py:340} INFO - AWS Connection (conn_id='minio_default', conn_type='s3') credentials retrieved from login and password.
[2025-05-02T22:48:44.837+0000] {statsbomb_ingestion.py:51} INFO - Uploaded matches/11/278.json
[2025-05-02T22:48:45.468+0000] {base.py:73} INFO - Using connection ID 'minio_default' for task execution.
[2025-05-02T22:48:45.470+0000] {connection_wrapper.py:340} INFO - AWS Connection (conn_id='minio_default', conn_type='s3') credentials retrieved from login and password.
[2025-05-02T22:48:45.611+0000] {statsbomb_ingestion.py:51} INFO - Uploaded matches/81/48.json
[2025-05-02T22:48:46.177+0000] {base.py:73} INFO - Using connection ID 'minio_default' for task execution.
[2025-05-02T22:48:46.179+0000] {connection_wrapper.py:340} INFO - AWS Connection (conn_id='minio_default', conn_type='s3') credentials retrieved from login and password.
[2025-05-02T22:48:46.327+0000] {statsbomb_ingestion.py:51} INFO - Uploaded matches/81/275.json
[2025-05-02T22:48:46.899+0000] {base.py:73} INFO - Using connection ID 'minio_default' for task execution.
[2025-05-02T22:48:46.902+0000] {connection_wrapper.py:340} INFO - AWS Connection (conn_id='minio_default', conn_type='s3') credentials retrieved from login and password.
[2025-05-02T22:48:47.053+0000] {statsbomb_ingestion.py:51} INFO - Uploaded matches/7/235.json
[2025-05-02T22:48:47.532+0000] {base.py:73} INFO - Using connection ID 'minio_default' for task execution.
[2025-05-02T22:48:47.534+0000] {connection_wrapper.py:340} INFO - AWS Connection (conn_id='minio_default', conn_type='s3') credentials retrieved from login and password.
[2025-05-02T22:48:47.885+0000] {statsbomb_ingestion.py:51} INFO - Uploaded matches/7/108.json
[2025-05-02T22:48:48.384+0000] {base.py:73} INFO - Using connection ID 'minio_default' for task execution.
[2025-05-02T22:48:48.387+0000] {connection_wrapper.py:340} INFO - AWS Connection (conn_id='minio_default', conn_type='s3') credentials retrieved from login and password.
[2025-05-02T22:48:48.544+0000] {statsbomb_ingestion.py:51} INFO - Uploaded matches/7/27.json
[2025-05-02T22:48:49.020+0000] {base.py:73} INFO - Using connection ID 'minio_default' for task execution.
[2025-05-02T22:48:49.022+0000] {connection_wrapper.py:340} INFO - AWS Connection (conn_id='minio_default', conn_type='s3') credentials retrieved from login and password.
[2025-05-02T22:48:49.172+0000] {statsbomb_ingestion.py:51} INFO - Uploaded matches/44/107.json
[2025-05-02T22:48:49.750+0000] {base.py:73} INFO - Using connection ID 'minio_default' for task execution.
[2025-05-02T22:48:49.753+0000] {connection_wrapper.py:340} INFO - AWS Connection (conn_id='minio_default', conn_type='s3') credentials retrieved from login and password.
[2025-05-02T22:48:49.897+0000] {statsbomb_ingestion.py:51} INFO - Uploaded matches/116/68.json
[2025-05-02T22:48:50.406+0000] {base.py:73} INFO - Using connection ID 'minio_default' for task execution.
[2025-05-02T22:48:50.408+0000] {connection_wrapper.py:340} INFO - AWS Connection (conn_id='minio_default', conn_type='s3') credentials retrieved from login and password.
[2025-05-02T22:48:50.723+0000] {statsbomb_ingestion.py:51} INFO - Uploaded matches/49/3.json
[2025-05-02T22:48:51.536+0000] {base.py:73} INFO - Using connection ID 'minio_default' for task execution.
[2025-05-02T22:48:51.538+0000] {connection_wrapper.py:340} INFO - AWS Connection (conn_id='minio_default', conn_type='s3') credentials retrieved from login and password.
[2025-05-02T22:48:51.698+0000] {statsbomb_ingestion.py:51} INFO - Uploaded matches/2/27.json
[2025-05-02T22:48:52.326+0000] {base.py:73} INFO - Using connection ID 'minio_default' for task execution.
[2025-05-02T22:48:52.328+0000] {connection_wrapper.py:340} INFO - AWS Connection (conn_id='minio_default', conn_type='s3') credentials retrieved from login and password.
[2025-05-02T22:48:52.474+0000] {statsbomb_ingestion.py:51} INFO - Uploaded matches/2/44.json
[2025-05-02T22:48:53.208+0000] {base.py:73} INFO - Using connection ID 'minio_default' for task execution.
[2025-05-02T22:48:53.210+0000] {connection_wrapper.py:340} INFO - AWS Connection (conn_id='minio_default', conn_type='s3') credentials retrieved from login and password.
[2025-05-02T22:48:53.378+0000] {statsbomb_ingestion.py:51} INFO - Uploaded matches/12/27.json
[2025-05-02T22:48:53.731+0000] {base.py:73} INFO - Using connection ID 'minio_default' for task execution.
[2025-05-02T22:48:53.733+0000] {connection_wrapper.py:340} INFO - AWS Connection (conn_id='minio_default', conn_type='s3') credentials retrieved from login and password.
[2025-05-02T22:48:54.046+0000] {statsbomb_ingestion.py:51} INFO - Uploaded matches/12/86.json
[2025-05-02T22:48:54.544+0000] {base.py:73} INFO - Using connection ID 'minio_default' for task execution.
[2025-05-02T22:48:54.546+0000] {connection_wrapper.py:340} INFO - AWS Connection (conn_id='minio_default', conn_type='s3') credentials retrieved from login and password.
[2025-05-02T22:48:54.694+0000] {statsbomb_ingestion.py:51} INFO - Uploaded matches/55/282.json
[2025-05-02T22:48:55.005+0000] {base.py:73} INFO - Using connection ID 'minio_default' for task execution.
[2025-05-02T22:48:55.008+0000] {connection_wrapper.py:340} INFO - AWS Connection (conn_id='minio_default', conn_type='s3') credentials retrieved from login and password.
[2025-05-02T22:48:55.155+0000] {statsbomb_ingestion.py:51} INFO - Uploaded matches/55/43.json
[2025-05-02T22:48:55.477+0000] {base.py:73} INFO - Using connection ID 'minio_default' for task execution.
[2025-05-02T22:48:55.480+0000] {connection_wrapper.py:340} INFO - AWS Connection (conn_id='minio_default', conn_type='s3') credentials retrieved from login and password.
[2025-05-02T22:48:55.621+0000] {statsbomb_ingestion.py:51} INFO - Uploaded matches/35/75.json
[2025-05-02T22:48:55.860+0000] {base.py:73} INFO - Using connection ID 'minio_default' for task execution.
[2025-05-02T22:48:55.862+0000] {connection_wrapper.py:340} INFO - AWS Connection (conn_id='minio_default', conn_type='s3') credentials retrieved from login and password.
[2025-05-02T22:48:56.173+0000] {statsbomb_ingestion.py:51} INFO - Uploaded matches/53/106.json
[2025-05-02T22:48:56.631+0000] {base.py:73} INFO - Using connection ID 'minio_default' for task execution.
[2025-05-02T22:48:56.633+0000] {connection_wrapper.py:340} INFO - AWS Connection (conn_id='minio_default', conn_type='s3') credentials retrieved from login and password.
[2025-05-02T22:48:56.789+0000] {statsbomb_ingestion.py:51} INFO - Uploaded matches/72/107.json
[2025-05-02T22:48:57.199+0000] {base.py:73} INFO - Using connection ID 'minio_default' for task execution.
[2025-05-02T22:48:57.203+0000] {connection_wrapper.py:340} INFO - AWS Connection (conn_id='minio_default', conn_type='s3') credentials retrieved from login and password.
[2025-05-02T22:48:57.351+0000] {statsbomb_ingestion.py:51} INFO - Uploaded matches/72/30.json
[2025-05-02T22:48:57.357+0000] {python.py:194} INFO - Done. Returned value was: None
[2025-05-02T22:48:57.379+0000] {taskinstance.py:1398} INFO - Marking task as SUCCESS. dag_id=statsbomb_full_ingestion, task_id=ingest_matches, execution_date=20250502T224800, start_date=20250502T224805, end_date=20250502T224857
[2025-05-02T22:48:57.429+0000] {local_task_job_runner.py:228} INFO - Task exited with return code 0
[2025-05-02T22:48:57.469+0000] {taskinstance.py:2776} INFO - 1 downstream tasks scheduled from follow-on schedule check
