[2025-05-05T10:58:33.328+0000] {logging_mixin.py:151} INFO - Changing /opt/airflow/logs/dag_id=statsbomb_load_postgres/run_id=manual__2025-05-05T10:57:07.890686+00:00/task_id=load_events permission to 509
[2025-05-05T10:58:33.385+0000] {logging_mixin.py:151} INFO - Changing /opt/airflow/logs/dag_id=statsbomb_load_postgres/run_id=manual__2025-05-05T10:57:07.890686+00:00/task_id=load_events permission to 509
[2025-05-05T10:58:33.419+0000] {taskinstance.py:1157} INFO - Dependencies all met for dep_context=non-requeueable deps ti=<TaskInstance: statsbomb_load_postgres.load_events manual__2025-05-05T10:57:07.890686+00:00 [queued]>
[2025-05-05T10:58:33.431+0000] {taskinstance.py:1157} INFO - Dependencies all met for dep_context=requeueable deps ti=<TaskInstance: statsbomb_load_postgres.load_events manual__2025-05-05T10:57:07.890686+00:00 [queued]>
[2025-05-05T10:58:33.433+0000] {taskinstance.py:1359} INFO - Starting attempt 1 of 2
[2025-05-05T10:58:33.450+0000] {taskinstance.py:1380} INFO - Executing <Task(PythonOperator): load_events> on 2025-05-05 10:57:07.890686+00:00
[2025-05-05T10:58:33.457+0000] {standard_task_runner.py:57} INFO - Started process 266 to run task
[2025-05-05T10:58:33.466+0000] {standard_task_runner.py:84} INFO - Running: ['airflow', 'tasks', 'run', 'statsbomb_load_postgres', 'load_events', 'manual__2025-05-05T10:57:07.890686+00:00', '--job-id', '86', '--raw', '--subdir', 'DAGS_FOLDER/load_to_postgres.py', '--cfg-path', '/tmp/tmpl18xzdoe']
[2025-05-05T10:58:33.469+0000] {standard_task_runner.py:85} INFO - Job 86: Subtask load_events
[2025-05-05T10:58:33.528+0000] {logging_mixin.py:151} INFO - Changing /opt/airflow/logs/dag_id=statsbomb_load_postgres/run_id=manual__2025-05-05T10:57:07.890686+00:00/task_id=load_events permission to 509
[2025-05-05T10:58:33.542+0000] {task_command.py:415} INFO - Running <TaskInstance: statsbomb_load_postgres.load_events manual__2025-05-05T10:57:07.890686+00:00 [running]> on host 53d7affc39e7
[2025-05-05T10:58:33.629+0000] {taskinstance.py:1660} INFO - Exporting env vars: AIRFLOW_CTX_DAG_OWNER='airflow' AIRFLOW_CTX_DAG_ID='statsbomb_load_postgres' AIRFLOW_CTX_TASK_ID='load_events' AIRFLOW_CTX_EXECUTION_DATE='2025-05-05T10:57:07.890686+00:00' AIRFLOW_CTX_TRY_NUMBER='1' AIRFLOW_CTX_DAG_RUN_ID='manual__2025-05-05T10:57:07.890686+00:00'
[2025-05-05T10:58:33.632+0000] {crypto.py:82} WARNING - empty cryptography key - values will not be stored encrypted.
[2025-05-05T10:58:33.634+0000] {base.py:73} INFO - Using connection ID 'minio_default' for task execution.
[2025-05-05T10:58:33.636+0000] {connection_wrapper.py:340} INFO - AWS Connection (conn_id='minio_default', conn_type='aws') credentials retrieved from login and password.
[2025-05-05T10:58:53.513+0000] {base.py:73} INFO - Using connection ID 'postgres_default' for task execution.
[2025-05-05T10:58:53.627+0000] {sql.py:418} INFO - Running statement: 
                INSERT INTO events (
                    event_id, match_id, period, timestamp, team_id, team_name,
                    player_id, player_name, position_id, position_name,
                    location_x, location_y, duration, under_pressure,
                    off_camera, out, play_pattern_id, play_pattern_name,
                    related_events, event_type, event_details
                ) VALUES (
                    %(event_id)s, %(match_id)s, %(period)s, %(timestamp)s,
                    %(team_id)s, %(team_name)s, %(player_id)s, %(player_name)s,
                    %(position_id)s, %(position_name)s,
                    %(location_x)s, %(location_y)s, %(duration)s,
                    %(under_pressure)s, %(off_camera)s, %(out)s,
                    %(play_pattern_id)s, %(play_pattern_name)s,
                    %(related_events)s, %(event_type)s, %(event_details)s
                )
                ON CONFLICT (event_id) DO NOTHING;
                , parameters: {'event_id': '0d97b647-0976-494e-90fb-0a21823c6118', 'match_id': 3890268, 'period': 1, 'timestamp': '00:00:00.000', 'team_id': 173, 'team_name': 'Hertha Berlin', 'player_id': None, 'player_name': None, 'position_id': None, 'position_name': None, 'location_x': None, 'location_y': None, 'duration': 0.0, 'under_pressure': False, 'off_camera': False, 'out': False, 'play_pattern_id': 1, 'play_pattern_name': 'Regular Play', 'related_events': '[]', 'event_type': 'Starting XI', 'event_details': '{"index": 1, "minute": 0, "second": 0, "possession": 1, "possession_team": {"id": 173, "name": "Hertha Berlin"}, "tactics": {"formation": 442, "lineup": [{"player": {"id": 17313, "name": "Thomas Kraft"}, "position": {"id": 1, "name": "Goalkeeper"}, "jersey_number": 1}, {"player": {"id": 9722, "name": "Peter Pekar\\u00edk"}, "position": {"id": 2, "name": "Right Back"}, "jersey_number": 2}, {"player": {"id": 8580, "name": "Sebastian Langkamp"}, "position": {"id": 3, "name": "Right Center Back"}, "jersey_number": 15}, {"player": {"id": 8965, "name": "Fabian Lustenberger"}, "position": {"id": 5, "name": "Left Center Back"}, "jersey_number": 28}, {"player": {"id": 5569, "name": "Marvin Plattenhardt"}, "position": {"id": 6, "name": "Left Back"}, "jersey_number": 21}, {"player": {"id": 8579, "name": "Vladim\\u00edr Darida"}, "position": {"id": 9, "name": "Right Defensive Midfield"}, "jersey_number": 6}, {"player": {"id": 8578, "name": "Per Ciljan Skjelbred"}, "position": {"id": 11, "name": "Left Defensive Midfield"}, "jersey_number": 3}, {"player": {"id": 5697, "name": "Genki Haraguchi"}, "position": {"id": 12, "name": "Right Midfield"}, "jersey_number": 24}, {"player": {"id": 9721, "name": "Valentin Stocker"}, "position": {"id": 16, "name": "Left Midfield"}, "jersey_number": 14}, {"player": {"id": 8575, "name": "Salomon Armand Magloire Kalou"}, "position": {"id": 22, "name": "Right Center Forward"}, "jersey_number": 8}, {"player": {"id": 40474, "name": "Jens Hegeler"}, "position": {"id": 24, "name": "Left Center Forward"}, "jersey_number": 13}]}}'}
[2025-05-05T10:58:53.699+0000] {sql.py:427} INFO - Rows affected: 1
[2025-05-05T10:58:53.704+0000] {base.py:73} INFO - Using connection ID 'postgres_default' for task execution.
[2025-05-05T10:58:53.765+0000] {sql.py:418} INFO - Running statement: 
                INSERT INTO events (
                    event_id, match_id, period, timestamp, team_id, team_name,
                    player_id, player_name, position_id, position_name,
                    location_x, location_y, duration, under_pressure,
                    off_camera, out, play_pattern_id, play_pattern_name,
                    related_events, event_type, event_details
                ) VALUES (
                    %(event_id)s, %(match_id)s, %(period)s, %(timestamp)s,
                    %(team_id)s, %(team_name)s, %(player_id)s, %(player_name)s,
                    %(position_id)s, %(position_name)s,
                    %(location_x)s, %(location_y)s, %(duration)s,
                    %(under_pressure)s, %(off_camera)s, %(out)s,
                    %(play_pattern_id)s, %(play_pattern_name)s,
                    %(related_events)s, %(event_type)s, %(event_details)s
                )
                ON CONFLICT (event_id) DO NOTHING;
                , parameters: {'event_id': '0e35dbd3-ee68-487f-b645-e021ca00644a', 'match_id': 3890268, 'period': 1, 'timestamp': '00:00:00.000', 'team_id': 176, 'team_name': 'Werder Bremen', 'player_id': None, 'player_name': None, 'position_id': None, 'position_name': None, 'location_x': None, 'location_y': None, 'duration': 0.0, 'under_pressure': False, 'off_camera': False, 'out': False, 'play_pattern_id': 1, 'play_pattern_name': 'Regular Play', 'related_events': '[]', 'event_type': 'Starting XI', 'event_details': '{"index": 2, "minute": 0, "second": 0, "possession": 1, "possession_team": {"id": 173, "name": "Hertha Berlin"}, "tactics": {"formation": 41212, "lineup": [{"player": {"id": 23269, "name": "Felix Wiedwald"}, "position": {"id": 1, "name": "Goalkeeper"}, "jersey_number": 42}, {"player": {"id": 8396, "name": "Theodor Gebre Selassie"}, "position": {"id": 2, "name": "Right Back"}, "jersey_number": 23}, {"player": {"id": 51388, "name": "Assani Lukimya-Mulongoti"}, "position": {"id": 3, "name": "Right Center Back"}, "jersey_number": 5}, {"player": {"id": 8815, "name": "Jannik Vestergaard"}, "position": {"id": 5, "name": "Left Center Back"}, "jersey_number": 7}, {"player": {"id": 22043, "name": "Ulisses Alexandre Garcia Lopes"}, "position": {"id": 6, "name": "Left Back"}, "jersey_number": 20}, {"player": {"id": 8390, "name": "Philipp Bargfrede"}, "position": {"id": 10, "name": "Center Defensive Midfield"}, "jersey_number": 44}, {"player": {"id": 20010, "name": "Clemens Fritz"}, "position": {"id": 13, "name": "Right Center Midfield"}, "jersey_number": 8}, {"player": {"id": 8762, "name": "Zlatko Junuzovi\\u0107"}, "position": {"id": 15, "name": "Left Center Midfield"}, "jersey_number": 16}, {"player": {"id": 8401, "name": "Maximilian Eggestein"}, "position": {"id": 19, "name": "Center Attacking Midfield"}, "jersey_number": 35}, {"player": {"id": 12624, "name": "Anthony Ujah"}, "position": {"id": 22, "name": "Right Center Forward"}, "jersey_number": 21}, {"player": {"id": 8402, "name": "Aron J\\u00f3hannsson"}, "position": {"id": 24, "name": "Left Center Forward"}, "jersey_number": 9}]}}'}
[2025-05-05T10:58:53.814+0000] {sql.py:427} INFO - Rows affected: 1
[2025-05-05T10:58:53.820+0000] {base.py:73} INFO - Using connection ID 'postgres_default' for task execution.
[2025-05-05T10:58:53.923+0000] {sql.py:418} INFO - Running statement: 
                INSERT INTO events (
                    event_id, match_id, period, timestamp, team_id, team_name,
                    player_id, player_name, position_id, position_name,
                    location_x, location_y, duration, under_pressure,
                    off_camera, out, play_pattern_id, play_pattern_name,
                    related_events, event_type, event_details
                ) VALUES (
                    %(event_id)s, %(match_id)s, %(period)s, %(timestamp)s,
                    %(team_id)s, %(team_name)s, %(player_id)s, %(player_name)s,
                    %(position_id)s, %(position_name)s,
                    %(location_x)s, %(location_y)s, %(duration)s,
                    %(under_pressure)s, %(off_camera)s, %(out)s,
                    %(play_pattern_id)s, %(play_pattern_name)s,
                    %(related_events)s, %(event_type)s, %(event_details)s
                )
                ON CONFLICT (event_id) DO NOTHING;
                , parameters: {'event_id': 'aca48350-9925-452e-ae68-76857a21987d', 'match_id': 3890268, 'period': 1, 'timestamp': '00:00:00.000', 'team_id': 173, 'team_name': 'Hertha Berlin', 'player_id': None, 'player_name': None, 'position_id': None, 'position_name': None, 'location_x': None, 'location_y': None, 'duration': 0.0, 'under_pressure': False, 'off_camera': False, 'out': False, 'play_pattern_id': 1, 'play_pattern_name': 'Regular Play', 'related_events': '["6a74ea51-d9a3-439a-823d-4d43d485aff1"]', 'event_type': 'Half Start', 'event_details': '{"index": 3, "minute": 0, "second": 0, "possession": 1, "possession_team": {"id": 173, "name": "Hertha Berlin"}}'}
[2025-05-05T10:58:54.027+0000] {sql.py:427} INFO - Rows affected: 1
[2025-05-05T10:58:54.109+0000] {base.py:73} INFO - Using connection ID 'postgres_default' for task execution.
[2025-05-05T10:58:54.276+0000] {sql.py:418} INFO - Running statement: 
                INSERT INTO events (
                    event_id, match_id, period, timestamp, team_id, team_name,
                    player_id, player_name, position_id, position_name,
                    location_x, location_y, duration, under_pressure,
                    off_camera, out, play_pattern_id, play_pattern_name,
                    related_events, event_type, event_details
                ) VALUES (
                    %(event_id)s, %(match_id)s, %(period)s, %(timestamp)s,
                    %(team_id)s, %(team_name)s, %(player_id)s, %(player_name)s,
                    %(position_id)s, %(position_name)s,
                    %(location_x)s, %(location_y)s, %(duration)s,
                    %(under_pressure)s, %(off_camera)s, %(out)s,
                    %(play_pattern_id)s, %(play_pattern_name)s,
                    %(related_events)s, %(event_type)s, %(event_details)s
                )
                ON CONFLICT (event_id) DO NOTHING;
                , parameters: {'event_id': '6a74ea51-d9a3-439a-823d-4d43d485aff1', 'match_id': 3890268, 'period': 1, 'timestamp': '00:00:00.000', 'team_id': 176, 'team_name': 'Werder Bremen', 'player_id': None, 'player_name': None, 'position_id': None, 'position_name': None, 'location_x': None, 'location_y': None, 'duration': 0.0, 'under_pressure': False, 'off_camera': False, 'out': False, 'play_pattern_id': 1, 'play_pattern_name': 'Regular Play', 'related_events': '["aca48350-9925-452e-ae68-76857a21987d"]', 'event_type': 'Half Start', 'event_details': '{"index": 4, "minute": 0, "second": 0, "possession": 1, "possession_team": {"id": 173, "name": "Hertha Berlin"}}'}
[2025-05-05T10:58:54.346+0000] {sql.py:427} INFO - Rows affected: 1
[2025-05-05T10:58:54.449+0000] {base.py:73} INFO - Using connection ID 'postgres_default' for task execution.
[2025-05-05T10:58:54.741+0000] {sql.py:418} INFO - Running statement: 
                INSERT INTO events (
                    event_id, match_id, period, timestamp, team_id, team_name,
                    player_id, player_name, position_id, position_name,
                    location_x, location_y, duration, under_pressure,
                    off_camera, out, play_pattern_id, play_pattern_name,
                    related_events, event_type, event_details
                ) VALUES (
                    %(event_id)s, %(match_id)s, %(period)s, %(timestamp)s,
                    %(team_id)s, %(team_name)s, %(player_id)s, %(player_name)s,
                    %(position_id)s, %(position_name)s,
                    %(location_x)s, %(location_y)s, %(duration)s,
                    %(under_pressure)s, %(off_camera)s, %(out)s,
                    %(play_pattern_id)s, %(play_pattern_name)s,
                    %(related_events)s, %(event_type)s, %(event_details)s
                )
                ON CONFLICT (event_id) DO NOTHING;
                , parameters: {'event_id': '2664d17f-f750-46ff-8d64-924e5ee11078', 'match_id': 3890268, 'period': 1, 'timestamp': '00:00:00.138', 'team_id': 173, 'team_name': 'Hertha Berlin', 'player_id': 8575, 'player_name': 'Salomon Armand Magloire Kalou', 'position_id': 22, 'position_name': 'Right Center Forward', 'location_x': 60.0, 'location_y': 40.0, 'duration': 0.463617, 'under_pressure': False, 'off_camera': False, 'out': False, 'play_pattern_id': 9, 'play_pattern_name': 'From Kick Off', 'related_events': '["ce218f6a-5d5c-4c42-a1f2-7915d868b544"]', 'event_type': 'Pass', 'event_details': '{"index": 5, "minute": 0, "second": 0, "possession": 2, "possession_team": {"id": 173, "name": "Hertha Berlin"}, "pass": {"recipient": {"id": 40474, "name": "Jens Hegeler"}, "length": 4.14367, "angle": -1.7161063, "height": {"id": 1, "name": "Ground Pass"}, "end_location": [59.4, 35.9], "body_part": {"id": 40, "name": "Right Foot"}, "type": {"id": 65, "name": "Kick Off"}}}'}
[2025-05-05T10:58:54.858+0000] {sql.py:427} INFO - Rows affected: 1
[2025-05-05T10:58:55.087+0000] {base.py:73} INFO - Using connection ID 'postgres_default' for task execution.
[2025-05-05T10:58:55.541+0000] {sql.py:418} INFO - Running statement: 
                INSERT INTO events (
                    event_id, match_id, period, timestamp, team_id, team_name,
                    player_id, player_name, position_id, position_name,
                    location_x, location_y, duration, under_pressure,
                    off_camera, out, play_pattern_id, play_pattern_name,
                    related_events, event_type, event_details
                ) VALUES (
                    %(event_id)s, %(match_id)s, %(period)s, %(timestamp)s,
                    %(team_id)s, %(team_name)s, %(player_id)s, %(player_name)s,
                    %(position_id)s, %(position_name)s,
                    %(location_x)s, %(location_y)s, %(duration)s,
                    %(under_pressure)s, %(off_camera)s, %(out)s,
                    %(play_pattern_id)s, %(play_pattern_name)s,
                    %(related_events)s, %(event_type)s, %(event_details)s
                )
                ON CONFLICT (event_id) DO NOTHING;
                , parameters: {'event_id': 'ce218f6a-5d5c-4c42-a1f2-7915d868b544', 'match_id': 3890268, 'period': 1, 'timestamp': '00:00:00.601', 'team_id': 173, 'team_name': 'Hertha Berlin', 'player_id': 40474, 'player_name': 'Jens Hegeler', 'position_id': 24, 'position_name': 'Left Center Forward', 'location_x': 59.4, 'location_y': 35.9, 'duration': None, 'under_pressure': False, 'off_camera': False, 'out': False, 'play_pattern_id': 9, 'play_pattern_name': 'From Kick Off', 'related_events': '["2664d17f-f750-46ff-8d64-924e5ee11078"]', 'event_type': 'Ball Receipt*', 'event_details': '{"index": 6, "minute": 0, "second": 0, "possession": 2, "possession_team": {"id": 173, "name": "Hertha Berlin"}}'}
[2025-05-05T10:58:55.716+0000] {sql.py:427} INFO - Rows affected: 1
[2025-05-05T10:58:56.295+0000] {base.py:73} INFO - Using connection ID 'postgres_default' for task execution.
[2025-05-05T10:58:57.042+0000] {sql.py:418} INFO - Running statement: 
                INSERT INTO events (
                    event_id, match_id, period, timestamp, team_id, team_name,
                    player_id, player_name, position_id, position_name,
                    location_x, location_y, duration, under_pressure,
                    off_camera, out, play_pattern_id, play_pattern_name,
                    related_events, event_type, event_details
                ) VALUES (
                    %(event_id)s, %(match_id)s, %(period)s, %(timestamp)s,
                    %(team_id)s, %(team_name)s, %(player_id)s, %(player_name)s,
                    %(position_id)s, %(position_name)s,
                    %(location_x)s, %(location_y)s, %(duration)s,
                    %(under_pressure)s, %(off_camera)s, %(out)s,
                    %(play_pattern_id)s, %(play_pattern_name)s,
                    %(related_events)s, %(event_type)s, %(event_details)s
                )
                ON CONFLICT (event_id) DO NOTHING;
                , parameters: {'event_id': '2f7c8b62-dd89-4c9b-bb29-b4147bd17e14', 'match_id': 3890268, 'period': 1, 'timestamp': '00:00:00.601', 'team_id': 173, 'team_name': 'Hertha Berlin', 'player_id': 40474, 'player_name': 'Jens Hegeler', 'position_id': 24, 'position_name': 'Left Center Forward', 'location_x': 59.4, 'location_y': 35.9, 'duration': 0.351663, 'under_pressure': False, 'off_camera': False, 'out': False, 'play_pattern_id': 9, 'play_pattern_name': 'From Kick Off', 'related_events': '["a8c1afa7-1d83-4197-8b65-b2aa305e23f5", "ce218f6a-5d5c-4c42-a1f2-7915d868b544"]', 'event_type': 'Carry', 'event_details': '{"index": 7, "minute": 0, "second": 0, "possession": 2, "possession_team": {"id": 173, "name": "Hertha Berlin"}, "carry": {"end_location": [59.0, 35.9]}}'}
[2025-05-05T10:58:57.101+0000] {sql.py:427} INFO - Rows affected: 1
[2025-05-05T10:58:58.103+0000] {base.py:73} INFO - Using connection ID 'postgres_default' for task execution.
[2025-05-05T10:58:59.254+0000] {sql.py:418} INFO - Running statement: 
                INSERT INTO events (
                    event_id, match_id, period, timestamp, team_id, team_name,
                    player_id, player_name, position_id, position_name,
                    location_x, location_y, duration, under_pressure,
                    off_camera, out, play_pattern_id, play_pattern_name,
                    related_events, event_type, event_details
                ) VALUES (
                    %(event_id)s, %(match_id)s, %(period)s, %(timestamp)s,
                    %(team_id)s, %(team_name)s, %(player_id)s, %(player_name)s,
                    %(position_id)s, %(position_name)s,
                    %(location_x)s, %(location_y)s, %(duration)s,
                    %(under_pressure)s, %(off_camera)s, %(out)s,
                    %(play_pattern_id)s, %(play_pattern_name)s,
                    %(related_events)s, %(event_type)s, %(event_details)s
                )
                ON CONFLICT (event_id) DO NOTHING;
                , parameters: {'event_id': 'a8c1afa7-1d83-4197-8b65-b2aa305e23f5', 'match_id': 3890268, 'period': 1, 'timestamp': '00:00:00.953', 'team_id': 173, 'team_name': 'Hertha Berlin', 'player_id': 40474, 'player_name': 'Jens Hegeler', 'position_id': 24, 'position_name': 'Left Center Forward', 'location_x': 59.0, 'location_y': 35.9, 'duration': 1.139174, 'under_pressure': False, 'off_camera': False, 'out': False, 'play_pattern_id': 9, 'play_pattern_name': 'From Kick Off', 'related_events': '["6cb33b0b-6e91-4ab3-a158-88f095be9421"]', 'event_type': 'Pass', 'event_details': '{"index": 8, "minute": 0, "second": 0, "possession": 2, "possession_team": {"id": 173, "name": "Hertha Berlin"}, "pass": {"recipient": {"id": 8579, "name": "Vladim\\u00edr Darida"}, "length": 14.024621, "angle": 2.2399695, "height": {"id": 1, "name": "Ground Pass"}, "end_location": [50.3, 46.9], "body_part": {"id": 38, "name": "Left Foot"}}}'}
[2025-05-05T10:58:59.954+0000] {sql.py:427} INFO - Rows affected: 1
[2025-05-05T10:59:00.325+0000] {base.py:73} INFO - Using connection ID 'postgres_default' for task execution.
[2025-05-05T10:59:01.996+0000] {sql.py:418} INFO - Running statement: 
                INSERT INTO events (
                    event_id, match_id, period, timestamp, team_id, team_name,
                    player_id, player_name, position_id, position_name,
                    location_x, location_y, duration, under_pressure,
                    off_camera, out, play_pattern_id, play_pattern_name,
                    related_events, event_type, event_details
                ) VALUES (
                    %(event_id)s, %(match_id)s, %(period)s, %(timestamp)s,
                    %(team_id)s, %(team_name)s, %(player_id)s, %(player_name)s,
                    %(position_id)s, %(position_name)s,
                    %(location_x)s, %(location_y)s, %(duration)s,
                    %(under_pressure)s, %(off_camera)s, %(out)s,
                    %(play_pattern_id)s, %(play_pattern_name)s,
                    %(related_events)s, %(event_type)s, %(event_details)s
                )
                ON CONFLICT (event_id) DO NOTHING;
                , parameters: {'event_id': '6cb33b0b-6e91-4ab3-a158-88f095be9421', 'match_id': 3890268, 'period': 1, 'timestamp': '00:00:02.092', 'team_id': 173, 'team_name': 'Hertha Berlin', 'player_id': 8579, 'player_name': 'Vladimír Darida', 'position_id': 9, 'position_name': 'Right Defensive Midfield', 'location_x': 50.3, 'location_y': 46.9, 'duration': None, 'under_pressure': False, 'off_camera': False, 'out': False, 'play_pattern_id': 9, 'play_pattern_name': 'From Kick Off', 'related_events': '["a8c1afa7-1d83-4197-8b65-b2aa305e23f5"]', 'event_type': 'Ball Receipt*', 'event_details': '{"index": 9, "minute": 0, "second": 2, "possession": 2, "possession_team": {"id": 173, "name": "Hertha Berlin"}}'}
[2025-05-05T10:59:02.251+0000] {sql.py:427} INFO - Rows affected: 1
[2025-05-05T10:59:02.387+0000] {base.py:73} INFO - Using connection ID 'postgres_default' for task execution.
[2025-05-05T10:59:04.237+0000] {sql.py:418} INFO - Running statement: 
                INSERT INTO events (
                    event_id, match_id, period, timestamp, team_id, team_name,
                    player_id, player_name, position_id, position_name,
                    location_x, location_y, duration, under_pressure,
                    off_camera, out, play_pattern_id, play_pattern_name,
                    related_events, event_type, event_details
                ) VALUES (
                    %(event_id)s, %(match_id)s, %(period)s, %(timestamp)s,
                    %(team_id)s, %(team_name)s, %(player_id)s, %(player_name)s,
                    %(position_id)s, %(position_name)s,
                    %(location_x)s, %(location_y)s, %(duration)s,
                    %(under_pressure)s, %(off_camera)s, %(out)s,
                    %(play_pattern_id)s, %(play_pattern_name)s,
                    %(related_events)s, %(event_type)s, %(event_details)s
                )
                ON CONFLICT (event_id) DO NOTHING;
                , parameters: {'event_id': '9515739a-0739-492f-a9ec-aaddbe3f3905', 'match_id': 3890268, 'period': 1, 'timestamp': '00:00:02.092', 'team_id': 173, 'team_name': 'Hertha Berlin', 'player_id': 8579, 'player_name': 'Vladimír Darida', 'position_id': 9, 'position_name': 'Right Defensive Midfield', 'location_x': 50.3, 'location_y': 46.9, 'duration': 0.136458, 'under_pressure': False, 'off_camera': False, 'out': False, 'play_pattern_id': 9, 'play_pattern_name': 'From Kick Off', 'related_events': '["6443d21e-1787-4451-bd59-ee1feb388679", "6cb33b0b-6e91-4ab3-a158-88f095be9421"]', 'event_type': 'Carry', 'event_details': '{"index": 10, "minute": 0, "second": 2, "possession": 2, "possession_team": {"id": 173, "name": "Hertha Berlin"}, "carry": {"end_location": [49.9, 47.1]}}'}
[2025-05-05T10:59:06.234+0000] {sql.py:427} INFO - Rows affected: 1
[2025-05-05T10:59:07.485+0000] {base.py:73} INFO - Using connection ID 'postgres_default' for task execution.
[2025-05-05T10:59:09.010+0000] {sql.py:418} INFO - Running statement: 
                INSERT INTO events (
                    event_id, match_id, period, timestamp, team_id, team_name,
                    player_id, player_name, position_id, position_name,
                    location_x, location_y, duration, under_pressure,
                    off_camera, out, play_pattern_id, play_pattern_name,
                    related_events, event_type, event_details
                ) VALUES (
                    %(event_id)s, %(match_id)s, %(period)s, %(timestamp)s,
                    %(team_id)s, %(team_name)s, %(player_id)s, %(player_name)s,
                    %(position_id)s, %(position_name)s,
                    %(location_x)s, %(location_y)s, %(duration)s,
                    %(under_pressure)s, %(off_camera)s, %(out)s,
                    %(play_pattern_id)s, %(play_pattern_name)s,
                    %(related_events)s, %(event_type)s, %(event_details)s
                )
                ON CONFLICT (event_id) DO NOTHING;
                , parameters: {'event_id': '6443d21e-1787-4451-bd59-ee1feb388679', 'match_id': 3890268, 'period': 1, 'timestamp': '00:00:02.229', 'team_id': 173, 'team_name': 'Hertha Berlin', 'player_id': 8579, 'player_name': 'Vladimír Darida', 'position_id': 9, 'position_name': 'Right Defensive Midfield', 'location_x': 49.9, 'location_y': 47.1, 'duration': 1.535209, 'under_pressure': False, 'off_camera': False, 'out': False, 'play_pattern_id': 9, 'play_pattern_name': 'From Kick Off', 'related_events': '["011df425-42a1-497d-8cc0-cf94e74cad71"]', 'event_type': 'Pass', 'event_details': '{"index": 11, "minute": 0, "second": 2, "possession": 2, "possession_team": {"id": 173, "name": "Hertha Berlin"}, "pass": {"recipient": {"id": 8580, "name": "Sebastian Langkamp"}, "length": 21.08886, "angle": 2.7267385, "height": {"id": 1, "name": "Ground Pass"}, "end_location": [30.6, 55.6], "body_part": {"id": 40, "name": "Right Foot"}}}'}
[2025-05-05T10:59:11.483+0000] {sql.py:427} INFO - Rows affected: 1
[2025-05-05T10:59:11.530+0000] {base.py:73} INFO - Using connection ID 'postgres_default' for task execution.
[2025-05-05T10:59:11.753+0000] {sql.py:418} INFO - Running statement: 
                INSERT INTO events (
                    event_id, match_id, period, timestamp, team_id, team_name,
                    player_id, player_name, position_id, position_name,
                    location_x, location_y, duration, under_pressure,
                    off_camera, out, play_pattern_id, play_pattern_name,
                    related_events, event_type, event_details
                ) VALUES (
                    %(event_id)s, %(match_id)s, %(period)s, %(timestamp)s,
                    %(team_id)s, %(team_name)s, %(player_id)s, %(player_name)s,
                    %(position_id)s, %(position_name)s,
                    %(location_x)s, %(location_y)s, %(duration)s,
                    %(under_pressure)s, %(off_camera)s, %(out)s,
                    %(play_pattern_id)s, %(play_pattern_name)s,
                    %(related_events)s, %(event_type)s, %(event_details)s
                )
                ON CONFLICT (event_id) DO NOTHING;
                , parameters: {'event_id': '011df425-42a1-497d-8cc0-cf94e74cad71', 'match_id': 3890268, 'period': 1, 'timestamp': '00:00:03.764', 'team_id': 173, 'team_name': 'Hertha Berlin', 'player_id': 8580, 'player_name': 'Sebastian Langkamp', 'position_id': 3, 'position_name': 'Right Center Back', 'location_x': 30.6, 'location_y': 55.6, 'duration': None, 'under_pressure': False, 'off_camera': False, 'out': False, 'play_pattern_id': 9, 'play_pattern_name': 'From Kick Off', 'related_events': '["6443d21e-1787-4451-bd59-ee1feb388679"]', 'event_type': 'Ball Receipt*', 'event_details': '{"index": 12, "minute": 0, "second": 3, "possession": 2, "possession_team": {"id": 173, "name": "Hertha Berlin"}}'}
[2025-05-05T10:59:12.835+0000] {sql.py:427} INFO - Rows affected: 1
[2025-05-05T10:59:13.036+0000] {base.py:73} INFO - Using connection ID 'postgres_default' for task execution.
[2025-05-05T10:59:17.990+0000] {sql.py:418} INFO - Running statement: 
                INSERT INTO events (
                    event_id, match_id, period, timestamp, team_id, team_name,
                    player_id, player_name, position_id, position_name,
                    location_x, location_y, duration, under_pressure,
                    off_camera, out, play_pattern_id, play_pattern_name,
                    related_events, event_type, event_details
                ) VALUES (
                    %(event_id)s, %(match_id)s, %(period)s, %(timestamp)s,
                    %(team_id)s, %(team_name)s, %(player_id)s, %(player_name)s,
                    %(position_id)s, %(position_name)s,
                    %(location_x)s, %(location_y)s, %(duration)s,
                    %(under_pressure)s, %(off_camera)s, %(out)s,
                    %(play_pattern_id)s, %(play_pattern_name)s,
                    %(related_events)s, %(event_type)s, %(event_details)s
                )
                ON CONFLICT (event_id) DO NOTHING;
                , parameters: {'event_id': '4dbc19e8-ff92-46f3-8d5a-0df6f7c656f0', 'match_id': 3890268, 'period': 1, 'timestamp': '00:00:03.764', 'team_id': 173, 'team_name': 'Hertha Berlin', 'player_id': 8580, 'player_name': 'Sebastian Langkamp', 'position_id': 3, 'position_name': 'Right Center Back', 'location_x': 30.6, 'location_y': 55.6, 'duration': 3.102472, 'under_pressure': False, 'off_camera': False, 'out': False, 'play_pattern_id': 9, 'play_pattern_name': 'From Kick Off', 'related_events': '["011df425-42a1-497d-8cc0-cf94e74cad71", "6845a7bf-54f1-44af-ba93-c1069399c802"]', 'event_type': 'Carry', 'event_details': '{"index": 13, "minute": 0, "second": 3, "possession": 2, "possession_team": {"id": 173, "name": "Hertha Berlin"}, "carry": {"end_location": [32.3, 55.3]}}'}
[2025-05-05T10:59:21.011+0000] {sql.py:427} INFO - Rows affected: 1
[2025-05-05T10:59:23.837+0000] {base.py:73} INFO - Using connection ID 'postgres_default' for task execution.
[2025-05-05T10:59:26.215+0000] {sql.py:418} INFO - Running statement: 
                INSERT INTO events (
                    event_id, match_id, period, timestamp, team_id, team_name,
                    player_id, player_name, position_id, position_name,
                    location_x, location_y, duration, under_pressure,
                    off_camera, out, play_pattern_id, play_pattern_name,
                    related_events, event_type, event_details
                ) VALUES (
                    %(event_id)s, %(match_id)s, %(period)s, %(timestamp)s,
                    %(team_id)s, %(team_name)s, %(player_id)s, %(player_name)s,
                    %(position_id)s, %(position_name)s,
                    %(location_x)s, %(location_y)s, %(duration)s,
                    %(under_pressure)s, %(off_camera)s, %(out)s,
                    %(play_pattern_id)s, %(play_pattern_name)s,
                    %(related_events)s, %(event_type)s, %(event_details)s
                )
                ON CONFLICT (event_id) DO NOTHING;
                , parameters: {'event_id': '6845a7bf-54f1-44af-ba93-c1069399c802', 'match_id': 3890268, 'period': 1, 'timestamp': '00:00:06.866', 'team_id': 173, 'team_name': 'Hertha Berlin', 'player_id': 8580, 'player_name': 'Sebastian Langkamp', 'position_id': 3, 'position_name': 'Right Center Back', 'location_x': 32.3, 'location_y': 55.3, 'duration': 1.175605, 'under_pressure': False, 'off_camera': False, 'out': False, 'play_pattern_id': 9, 'play_pattern_name': 'From Kick Off', 'related_events': '["9bedcebc-c5ce-45b2-992e-d74eef0913ed"]', 'event_type': 'Pass', 'event_details': '{"index": 14, "minute": 0, "second": 6, "possession": 2, "possession_team": {"id": 173, "name": "Hertha Berlin"}, "pass": {"recipient": {"id": 8579, "name": "Vladim\\u00edr Darida"}, "length": 14.427751, "angle": -0.76579285, "height": {"id": 1, "name": "Ground Pass"}, "end_location": [42.7, 45.3], "body_part": {"id": 40, "name": "Right Foot"}}}'}
[2025-05-05T10:59:29.020+0000] {sql.py:427} INFO - Rows affected: 1
[2025-05-05T10:59:30.461+0000] {base.py:73} INFO - Using connection ID 'postgres_default' for task execution.
[2025-05-05T10:59:42.852+0000] {sql.py:418} INFO - Running statement: 
                INSERT INTO events (
                    event_id, match_id, period, timestamp, team_id, team_name,
                    player_id, player_name, position_id, position_name,
                    location_x, location_y, duration, under_pressure,
                    off_camera, out, play_pattern_id, play_pattern_name,
                    related_events, event_type, event_details
                ) VALUES (
                    %(event_id)s, %(match_id)s, %(period)s, %(timestamp)s,
                    %(team_id)s, %(team_name)s, %(player_id)s, %(player_name)s,
                    %(position_id)s, %(position_name)s,
                    %(location_x)s, %(location_y)s, %(duration)s,
                    %(under_pressure)s, %(off_camera)s, %(out)s,
                    %(play_pattern_id)s, %(play_pattern_name)s,
                    %(related_events)s, %(event_type)s, %(event_details)s
                )
                ON CONFLICT (event_id) DO NOTHING;
                , parameters: {'event_id': '9bedcebc-c5ce-45b2-992e-d74eef0913ed', 'match_id': 3890268, 'period': 1, 'timestamp': '00:00:08.042', 'team_id': 173, 'team_name': 'Hertha Berlin', 'player_id': 8579, 'player_name': 'Vladimír Darida', 'position_id': 9, 'position_name': 'Right Defensive Midfield', 'location_x': 42.7, 'location_y': 45.3, 'duration': None, 'under_pressure': False, 'off_camera': False, 'out': False, 'play_pattern_id': 9, 'play_pattern_name': 'From Kick Off', 'related_events': '["6845a7bf-54f1-44af-ba93-c1069399c802"]', 'event_type': 'Ball Receipt*', 'event_details': '{"index": 15, "minute": 0, "second": 8, "possession": 2, "possession_team": {"id": 173, "name": "Hertha Berlin"}}'}
[2025-05-05T11:00:03.512+0000] {sql.py:427} INFO - Rows affected: 1
[2025-05-05T11:00:24.716+0000] {base.py:73} INFO - Using connection ID 'postgres_default' for task execution.
[2025-05-05T11:20:16.761+0000] {local_task_job_runner.py:205} ERROR - Heartbeat time limit exceeded!
[2025-05-05T11:20:16.795+0000] {sql.py:418} INFO - Running statement: 
                INSERT INTO events (
                    event_id, match_id, period, timestamp, team_id, team_name,
                    player_id, player_name, position_id, position_name,
                    location_x, location_y, duration, under_pressure,
                    off_camera, out, play_pattern_id, play_pattern_name,
                    related_events, event_type, event_details
                ) VALUES (
                    %(event_id)s, %(match_id)s, %(period)s, %(timestamp)s,
                    %(team_id)s, %(team_name)s, %(player_id)s, %(player_name)s,
                    %(position_id)s, %(position_name)s,
                    %(location_x)s, %(location_y)s, %(duration)s,
                    %(under_pressure)s, %(off_camera)s, %(out)s,
                    %(play_pattern_id)s, %(play_pattern_name)s,
                    %(related_events)s, %(event_type)s, %(event_details)s
                )
                ON CONFLICT (event_id) DO NOTHING;
                , parameters: {'event_id': '6e2e70a6-6b05-430f-97db-df87e46113c6', 'match_id': 3890268, 'period': 1, 'timestamp': '00:00:08.042', 'team_id': 173, 'team_name': 'Hertha Berlin', 'player_id': 8579, 'player_name': 'Vladimír Darida', 'position_id': 9, 'position_name': 'Right Defensive Midfield', 'location_x': 42.7, 'location_y': 45.3, 'duration': 0.23481, 'under_pressure': False, 'off_camera': False, 'out': False, 'play_pattern_id': 9, 'play_pattern_name': 'From Kick Off', 'related_events': '["751eb9ca-400e-48aa-9c7e-8465c799b293", "9bedcebc-c5ce-45b2-992e-d74eef0913ed"]', 'event_type': 'Carry', 'event_details': '{"index": 16, "minute": 0, "second": 8, "possession": 2, "possession_team": {"id": 173, "name": "Hertha Berlin"}, "carry": {"end_location": [40.9, 45.3]}}'}
[2025-05-05T11:20:16.804+0000] {process_utils.py:131} INFO - Sending 15 to group 266. PIDs of all processes in the group: [266]
[2025-05-05T11:20:16.809+0000] {process_utils.py:86} INFO - Sending the signal 15 to group 266
[2025-05-05T11:20:16.813+0000] {taskinstance.py:1630} ERROR - Received SIGTERM. Terminating subprocesses.
[2025-05-05T11:20:17.288+0000] {taskinstance.py:1935} ERROR - Task failed with exception
Traceback (most recent call last):
  File "/home/airflow/.local/lib/python3.8/site-packages/airflow/operators/python.py", line 192, in execute
    return_value = self.execute_callable()
  File "/home/airflow/.local/lib/python3.8/site-packages/airflow/operators/python.py", line 209, in execute_callable
    return self.python_callable(*self.op_args, **self.op_kwargs)
  File "/opt/airflow/dags/load_to_postgres.py", line 202, in load_events
    hook_pg.run(
  File "/home/airflow/.local/lib/python3.8/site-packages/airflow/providers/common/sql/hooks/sql.py", line 392, in run
    self._run_command(cur, sql_statement, parameters)
  File "/home/airflow/.local/lib/python3.8/site-packages/airflow/providers/common/sql/hooks/sql.py", line 421, in _run_command
    cur.execute(sql_statement, parameters)
  File "/home/airflow/.local/lib/python3.8/site-packages/airflow/models/taskinstance.py", line 1632, in signal_handler
    raise AirflowException("Task received SIGTERM signal")
airflow.exceptions.AirflowException: Task received SIGTERM signal
[2025-05-05T11:20:17.369+0000] {taskinstance.py:1398} INFO - Marking task as UP_FOR_RETRY. dag_id=statsbomb_load_postgres, task_id=load_events, execution_date=20250505T105707, start_date=20250505T105833, end_date=20250505T112017
[2025-05-05T11:20:17.511+0000] {standard_task_runner.py:104} ERROR - Failed to execute job 86 for task load_events (Task received SIGTERM signal; 266)
[2025-05-05T11:20:17.562+0000] {process_utils.py:79} INFO - Process psutil.Process(pid=266, status='terminated', exitcode=1, started='10:58:32') (266) terminated with exit code 1
