[2025-05-03T00:04:34.746+0000] {logging_mixin.py:151} INFO - Changing /opt/airflow/logs/dag_id=statsbomb_full_ingestion/run_id=scheduled__2025-05-02T00:00:00+00:00/task_id=ingest_matches permission to 509
[2025-05-03T00:04:34.867+0000] {logging_mixin.py:151} INFO - Changing /opt/airflow/logs/dag_id=statsbomb_full_ingestion/run_id=scheduled__2025-05-02T00:00:00+00:00/task_id=ingest_matches permission to 509
[2025-05-03T00:04:34.933+0000] {taskinstance.py:1157} INFO - Dependencies all met for dep_context=non-requeueable deps ti=<TaskInstance: statsbomb_full_ingestion.ingest_matches scheduled__2025-05-02T00:00:00+00:00 [queued]>
[2025-05-03T00:04:34.985+0000] {taskinstance.py:1157} INFO - Dependencies all met for dep_context=requeueable deps ti=<TaskInstance: statsbomb_full_ingestion.ingest_matches scheduled__2025-05-02T00:00:00+00:00 [queued]>
[2025-05-03T00:04:34.987+0000] {taskinstance.py:1359} INFO - Starting attempt 1 of 2
[2025-05-03T00:04:35.012+0000] {taskinstance.py:1380} INFO - Executing <Task(PythonOperator): ingest_matches> on 2025-05-02 00:00:00+00:00
[2025-05-03T00:04:35.022+0000] {standard_task_runner.py:57} INFO - Started process 193 to run task
[2025-05-03T00:04:35.027+0000] {standard_task_runner.py:84} INFO - Running: ['airflow', 'tasks', 'run', 'statsbomb_full_ingestion', 'ingest_matches', 'scheduled__2025-05-02T00:00:00+00:00', '--job-id', '29', '--raw', '--subdir', 'DAGS_FOLDER/statsbomb_ingestion.py', '--cfg-path', '/tmp/tmp7ytz0ptf']
[2025-05-03T00:04:35.032+0000] {standard_task_runner.py:85} INFO - Job 29: Subtask ingest_matches
[2025-05-03T00:04:35.127+0000] {logging_mixin.py:151} INFO - Changing /opt/airflow/logs/dag_id=statsbomb_full_ingestion/run_id=scheduled__2025-05-02T00:00:00+00:00/task_id=ingest_matches permission to 509
[2025-05-03T00:04:35.145+0000] {task_command.py:415} INFO - Running <TaskInstance: statsbomb_full_ingestion.ingest_matches scheduled__2025-05-02T00:00:00+00:00 [running]> on host c49192374739
[2025-05-03T00:04:35.338+0000] {taskinstance.py:1660} INFO - Exporting env vars: AIRFLOW_CTX_DAG_OWNER='airflow' AIRFLOW_CTX_DAG_ID='statsbomb_full_ingestion' AIRFLOW_CTX_TASK_ID='ingest_matches' AIRFLOW_CTX_EXECUTION_DATE='2025-05-02T00:00:00+00:00' AIRFLOW_CTX_TRY_NUMBER='1' AIRFLOW_CTX_DAG_RUN_ID='scheduled__2025-05-02T00:00:00+00:00'
[2025-05-03T00:04:35.666+0000] {crypto.py:82} WARNING - empty cryptography key - values will not be stored encrypted.
[2025-05-03T00:04:35.671+0000] {base.py:73} INFO - Using connection ID 'minio_default' for task execution.
[2025-05-03T00:04:35.685+0000] {logging_mixin.py:151} WARNING - <string>:8 AirflowProviderDeprecationWarning: AWS Connection (conn_id='minio_default', conn_type='s3') has connection type 's3', which has been replaced by connection type 'aws'. Please update your connection to have `conn_type='aws'`.
[2025-05-03T00:04:35.687+0000] {connection_wrapper.py:340} INFO - AWS Connection (conn_id='minio_default', conn_type='s3') credentials retrieved from login and password.
[2025-05-03T00:04:35.691+0000] {logging_mixin.py:151} WARNING - <string>:8 AirflowProviderDeprecationWarning: Host minio specified in the connection is not used. Please, set it on extra['endpoint_url'] instead
[2025-05-03T00:04:37.362+0000] {statsbomb_ingestion.py:51} INFO - Uploaded matches/9/281.json
[2025-05-03T00:04:37.980+0000] {base.py:73} INFO - Using connection ID 'minio_default' for task execution.
[2025-05-03T00:04:37.982+0000] {connection_wrapper.py:340} INFO - AWS Connection (conn_id='minio_default', conn_type='s3') credentials retrieved from login and password.
[2025-05-03T00:04:38.440+0000] {statsbomb_ingestion.py:51} INFO - Uploaded matches/9/27.json
[2025-05-03T00:04:38.998+0000] {base.py:73} INFO - Using connection ID 'minio_default' for task execution.
[2025-05-03T00:04:39.000+0000] {connection_wrapper.py:340} INFO - AWS Connection (conn_id='minio_default', conn_type='s3') credentials retrieved from login and password.
[2025-05-03T00:04:39.180+0000] {statsbomb_ingestion.py:51} INFO - Uploaded matches/1267/107.json
[2025-05-03T00:04:39.465+0000] {base.py:73} INFO - Using connection ID 'minio_default' for task execution.
[2025-05-03T00:04:39.469+0000] {connection_wrapper.py:340} INFO - AWS Connection (conn_id='minio_default', conn_type='s3') credentials retrieved from login and password.
[2025-05-03T00:04:39.667+0000] {statsbomb_ingestion.py:51} INFO - Uploaded matches/16/4.json
[2025-05-03T00:04:39.930+0000] {base.py:73} INFO - Using connection ID 'minio_default' for task execution.
[2025-05-03T00:04:39.931+0000] {connection_wrapper.py:340} INFO - AWS Connection (conn_id='minio_default', conn_type='s3') credentials retrieved from login and password.
[2025-05-03T00:04:40.358+0000] {statsbomb_ingestion.py:51} INFO - Uploaded matches/16/1.json
[2025-05-03T00:04:40.781+0000] {base.py:73} INFO - Using connection ID 'minio_default' for task execution.
[2025-05-03T00:04:40.783+0000] {connection_wrapper.py:340} INFO - AWS Connection (conn_id='minio_default', conn_type='s3') credentials retrieved from login and password.
[2025-05-03T00:04:40.942+0000] {statsbomb_ingestion.py:51} INFO - Uploaded matches/16/2.json
[2025-05-03T00:04:41.378+0000] {base.py:73} INFO - Using connection ID 'minio_default' for task execution.
[2025-05-03T00:04:41.380+0000] {connection_wrapper.py:340} INFO - AWS Connection (conn_id='minio_default', conn_type='s3') credentials retrieved from login and password.
[2025-05-03T00:04:42.070+0000] {statsbomb_ingestion.py:51} INFO - Uploaded matches/16/27.json
[2025-05-03T00:04:42.378+0000] {base.py:73} INFO - Using connection ID 'minio_default' for task execution.
[2025-05-03T00:04:42.379+0000] {connection_wrapper.py:340} INFO - AWS Connection (conn_id='minio_default', conn_type='s3') credentials retrieved from login and password.
[2025-05-03T00:04:42.581+0000] {statsbomb_ingestion.py:51} INFO - Uploaded matches/16/26.json
[2025-05-03T00:04:42.781+0000] {base.py:73} INFO - Using connection ID 'minio_default' for task execution.
[2025-05-03T00:04:42.783+0000] {connection_wrapper.py:340} INFO - AWS Connection (conn_id='minio_default', conn_type='s3') credentials retrieved from login and password.
[2025-05-03T00:04:43.156+0000] {statsbomb_ingestion.py:51} INFO - Uploaded matches/16/25.json
[2025-05-03T00:04:43.417+0000] {base.py:73} INFO - Using connection ID 'minio_default' for task execution.
[2025-05-03T00:04:43.419+0000] {connection_wrapper.py:340} INFO - AWS Connection (conn_id='minio_default', conn_type='s3') credentials retrieved from login and password.
[2025-05-03T00:04:43.610+0000] {statsbomb_ingestion.py:51} INFO - Uploaded matches/16/24.json
[2025-05-03T00:04:43.860+0000] {base.py:73} INFO - Using connection ID 'minio_default' for task execution.
[2025-05-03T00:04:43.862+0000] {connection_wrapper.py:340} INFO - AWS Connection (conn_id='minio_default', conn_type='s3') credentials retrieved from login and password.
[2025-05-03T00:04:44.028+0000] {statsbomb_ingestion.py:51} INFO - Uploaded matches/16/23.json
[2025-05-03T00:04:44.308+0000] {base.py:73} INFO - Using connection ID 'minio_default' for task execution.
[2025-05-03T00:04:44.310+0000] {connection_wrapper.py:340} INFO - AWS Connection (conn_id='minio_default', conn_type='s3') credentials retrieved from login and password.
[2025-05-03T00:04:44.502+0000] {statsbomb_ingestion.py:51} INFO - Uploaded matches/16/22.json
[2025-05-03T00:04:44.728+0000] {base.py:73} INFO - Using connection ID 'minio_default' for task execution.
[2025-05-03T00:04:44.730+0000] {connection_wrapper.py:340} INFO - AWS Connection (conn_id='minio_default', conn_type='s3') credentials retrieved from login and password.
[2025-05-03T00:04:45.054+0000] {statsbomb_ingestion.py:51} INFO - Uploaded matches/16/21.json
[2025-05-03T00:04:45.271+0000] {base.py:73} INFO - Using connection ID 'minio_default' for task execution.
[2025-05-03T00:04:45.273+0000] {connection_wrapper.py:340} INFO - AWS Connection (conn_id='minio_default', conn_type='s3') credentials retrieved from login and password.
[2025-05-03T00:04:45.454+0000] {statsbomb_ingestion.py:51} INFO - Uploaded matches/16/41.json
[2025-05-03T00:04:45.692+0000] {base.py:73} INFO - Using connection ID 'minio_default' for task execution.
[2025-05-03T00:04:45.695+0000] {connection_wrapper.py:340} INFO - AWS Connection (conn_id='minio_default', conn_type='s3') credentials retrieved from login and password.
[2025-05-03T00:04:45.889+0000] {statsbomb_ingestion.py:51} INFO - Uploaded matches/16/39.json
[2025-05-03T00:04:46.104+0000] {base.py:73} INFO - Using connection ID 'minio_default' for task execution.
[2025-05-03T00:04:46.107+0000] {connection_wrapper.py:340} INFO - AWS Connection (conn_id='minio_default', conn_type='s3') credentials retrieved from login and password.
[2025-05-03T00:04:46.486+0000] {statsbomb_ingestion.py:51} INFO - Uploaded matches/16/37.json
[2025-05-03T00:04:46.831+0000] {base.py:73} INFO - Using connection ID 'minio_default' for task execution.
[2025-05-03T00:04:46.834+0000] {connection_wrapper.py:340} INFO - AWS Connection (conn_id='minio_default', conn_type='s3') credentials retrieved from login and password.
[2025-05-03T00:04:46.988+0000] {statsbomb_ingestion.py:51} INFO - Uploaded matches/16/44.json
[2025-05-03T00:04:47.488+0000] {base.py:73} INFO - Using connection ID 'minio_default' for task execution.
[2025-05-03T00:04:47.491+0000] {connection_wrapper.py:340} INFO - AWS Connection (conn_id='minio_default', conn_type='s3') credentials retrieved from login and password.
[2025-05-03T00:04:47.673+0000] {statsbomb_ingestion.py:51} INFO - Uploaded matches/16/76.json
[2025-05-03T00:04:48.003+0000] {base.py:73} INFO - Using connection ID 'minio_default' for task execution.
[2025-05-03T00:04:48.006+0000] {connection_wrapper.py:340} INFO - AWS Connection (conn_id='minio_default', conn_type='s3') credentials retrieved from login and password.
[2025-05-03T00:04:48.379+0000] {statsbomb_ingestion.py:51} INFO - Uploaded matches/16/277.json
[2025-05-03T00:04:48.590+0000] {base.py:73} INFO - Using connection ID 'minio_default' for task execution.
[2025-05-03T00:04:48.593+0000] {connection_wrapper.py:340} INFO - AWS Connection (conn_id='minio_default', conn_type='s3') credentials retrieved from login and password.
[2025-05-03T00:04:49.269+0000] {statsbomb_ingestion.py:51} INFO - Uploaded matches/16/71.json
[2025-05-03T00:04:49.530+0000] {base.py:73} INFO - Using connection ID 'minio_default' for task execution.
[2025-05-03T00:04:49.532+0000] {connection_wrapper.py:340} INFO - AWS Connection (conn_id='minio_default', conn_type='s3') credentials retrieved from login and password.
[2025-05-03T00:04:49.718+0000] {statsbomb_ingestion.py:51} INFO - Uploaded matches/16/276.json
[2025-05-03T00:04:49.938+0000] {base.py:73} INFO - Using connection ID 'minio_default' for task execution.
[2025-05-03T00:04:49.940+0000] {connection_wrapper.py:340} INFO - AWS Connection (conn_id='minio_default', conn_type='s3') credentials retrieved from login and password.
[2025-05-03T00:04:50.100+0000] {statsbomb_ingestion.py:51} INFO - Uploaded matches/223/282.json
[2025-05-03T00:04:50.335+0000] {base.py:73} INFO - Using connection ID 'minio_default' for task execution.
[2025-05-03T00:04:50.338+0000] {connection_wrapper.py:340} INFO - AWS Connection (conn_id='minio_default', conn_type='s3') credentials retrieved from login and password.
[2025-05-03T00:04:50.548+0000] {statsbomb_ingestion.py:51} INFO - Uploaded matches/87/84.json
[2025-05-03T00:04:50.786+0000] {base.py:73} INFO - Using connection ID 'minio_default' for task execution.
[2025-05-03T00:04:50.789+0000] {connection_wrapper.py:340} INFO - AWS Connection (conn_id='minio_default', conn_type='s3') credentials retrieved from login and password.
[2025-05-03T00:04:51.188+0000] {statsbomb_ingestion.py:51} INFO - Uploaded matches/87/268.json
[2025-05-03T00:04:51.425+0000] {base.py:73} INFO - Using connection ID 'minio_default' for task execution.
[2025-05-03T00:04:51.445+0000] {connection_wrapper.py:340} INFO - AWS Connection (conn_id='minio_default', conn_type='s3') credentials retrieved from login and password.
[2025-05-03T00:04:51.625+0000] {statsbomb_ingestion.py:51} INFO - Uploaded matches/87/279.json
[2025-05-03T00:04:51.853+0000] {base.py:73} INFO - Using connection ID 'minio_default' for task execution.
[2025-05-03T00:04:51.856+0000] {connection_wrapper.py:340} INFO - AWS Connection (conn_id='minio_default', conn_type='s3') credentials retrieved from login and password.
[2025-05-03T00:04:52.026+0000] {statsbomb_ingestion.py:51} INFO - Uploaded matches/37/90.json
[2025-05-03T00:04:52.267+0000] {base.py:73} INFO - Using connection ID 'minio_default' for task execution.
[2025-05-03T00:04:52.269+0000] {connection_wrapper.py:340} INFO - AWS Connection (conn_id='minio_default', conn_type='s3') credentials retrieved from login and password.
[2025-05-03T00:04:52.444+0000] {statsbomb_ingestion.py:51} INFO - Uploaded matches/37/42.json
[2025-05-03T00:04:52.818+0000] {base.py:73} INFO - Using connection ID 'minio_default' for task execution.
[2025-05-03T00:04:52.821+0000] {connection_wrapper.py:340} INFO - AWS Connection (conn_id='minio_default', conn_type='s3') credentials retrieved from login and password.
[2025-05-03T00:04:53.228+0000] {statsbomb_ingestion.py:51} INFO - Uploaded matches/37/4.json
[2025-05-03T00:04:53.456+0000] {base.py:73} INFO - Using connection ID 'minio_default' for task execution.
[2025-05-03T00:04:53.458+0000] {connection_wrapper.py:340} INFO - AWS Connection (conn_id='minio_default', conn_type='s3') credentials retrieved from login and password.
[2025-05-03T00:04:53.617+0000] {statsbomb_ingestion.py:51} INFO - Uploaded matches/1470/274.json
[2025-05-03T00:04:53.835+0000] {base.py:73} INFO - Using connection ID 'minio_default' for task execution.
[2025-05-03T00:04:53.837+0000] {connection_wrapper.py:340} INFO - AWS Connection (conn_id='minio_default', conn_type='s3') credentials retrieved from login and password.
[2025-05-03T00:04:53.989+0000] {statsbomb_ingestion.py:51} INFO - Uploaded matches/43/106.json
[2025-05-03T00:04:54.197+0000] {base.py:73} INFO - Using connection ID 'minio_default' for task execution.
[2025-05-03T00:04:54.200+0000] {connection_wrapper.py:340} INFO - AWS Connection (conn_id='minio_default', conn_type='s3') credentials retrieved from login and password.
[2025-05-03T00:04:54.368+0000] {statsbomb_ingestion.py:51} INFO - Uploaded matches/43/3.json
[2025-05-03T00:04:54.614+0000] {base.py:73} INFO - Using connection ID 'minio_default' for task execution.
[2025-05-03T00:04:54.617+0000] {connection_wrapper.py:340} INFO - AWS Connection (conn_id='minio_default', conn_type='s3') credentials retrieved from login and password.
[2025-05-03T00:04:54.955+0000] {statsbomb_ingestion.py:51} INFO - Uploaded matches/43/55.json
[2025-05-03T00:04:55.172+0000] {base.py:73} INFO - Using connection ID 'minio_default' for task execution.
[2025-05-03T00:04:55.175+0000] {connection_wrapper.py:340} INFO - AWS Connection (conn_id='minio_default', conn_type='s3') credentials retrieved from login and password.
[2025-05-03T00:04:55.367+0000] {statsbomb_ingestion.py:51} INFO - Uploaded matches/43/54.json
[2025-05-03T00:04:55.584+0000] {base.py:73} INFO - Using connection ID 'minio_default' for task execution.
[2025-05-03T00:04:55.586+0000] {connection_wrapper.py:340} INFO - AWS Connection (conn_id='minio_default', conn_type='s3') credentials retrieved from login and password.
[2025-05-03T00:04:55.783+0000] {statsbomb_ingestion.py:51} INFO - Uploaded matches/43/51.json
[2025-05-03T00:04:56.013+0000] {base.py:73} INFO - Using connection ID 'minio_default' for task execution.
[2025-05-03T00:04:56.017+0000] {connection_wrapper.py:340} INFO - AWS Connection (conn_id='minio_default', conn_type='s3') credentials retrieved from login and password.
[2025-05-03T00:04:56.243+0000] {statsbomb_ingestion.py:51} INFO - Uploaded matches/43/272.json
[2025-05-03T00:04:56.465+0000] {base.py:73} INFO - Using connection ID 'minio_default' for task execution.
[2025-05-03T00:04:56.468+0000] {connection_wrapper.py:340} INFO - AWS Connection (conn_id='minio_default', conn_type='s3') credentials retrieved from login and password.
[2025-05-03T00:04:57.468+0000] {statsbomb_ingestion.py:51} INFO - Uploaded matches/43/270.json
[2025-05-03T00:04:57.894+0000] {base.py:73} INFO - Using connection ID 'minio_default' for task execution.
[2025-05-03T00:04:58.114+0000] {connection_wrapper.py:340} INFO - AWS Connection (conn_id='minio_default', conn_type='s3') credentials retrieved from login and password.
[2025-05-03T00:05:12.000+0000] {statsbomb_ingestion.py:51} INFO - Uploaded matches/43/269.json
[2025-05-03T00:05:15.871+0000] {base.py:73} INFO - Using connection ID 'minio_default' for task execution.
[2025-05-03T00:05:16.625+0000] {connection_wrapper.py:340} INFO - AWS Connection (conn_id='minio_default', conn_type='s3') credentials retrieved from login and password.
[2025-05-03T00:05:42.082+0000] {job.py:219} ERROR - Job heartbeat got an exception
Traceback (most recent call last):
  File "/home/airflow/.local/lib/python3.8/site-packages/sqlalchemy/engine/base.py", line 3371, in _wrap_pool_connect
    return fn()
  File "/home/airflow/.local/lib/python3.8/site-packages/sqlalchemy/pool/base.py", line 327, in connect
    return _ConnectionFairy._checkout(self)
  File "/home/airflow/.local/lib/python3.8/site-packages/sqlalchemy/pool/base.py", line 894, in _checkout
    fairy = _ConnectionRecord.checkout(pool)
  File "/home/airflow/.local/lib/python3.8/site-packages/sqlalchemy/pool/base.py", line 493, in checkout
    rec = pool._do_get()
  File "/home/airflow/.local/lib/python3.8/site-packages/sqlalchemy/pool/impl.py", line 256, in _do_get
    return self._create_connection()
  File "/home/airflow/.local/lib/python3.8/site-packages/sqlalchemy/pool/base.py", line 273, in _create_connection
    return _ConnectionRecord(self)
  File "/home/airflow/.local/lib/python3.8/site-packages/sqlalchemy/pool/base.py", line 388, in __init__
    self.__connect()
  File "/home/airflow/.local/lib/python3.8/site-packages/sqlalchemy/pool/base.py", line 691, in __connect
    pool.logger.debug("Error on connect(): %s", e)
  File "/home/airflow/.local/lib/python3.8/site-packages/sqlalchemy/util/langhelpers.py", line 70, in __exit__
    compat.raise_(
  File "/home/airflow/.local/lib/python3.8/site-packages/sqlalchemy/util/compat.py", line 211, in raise_
    raise exception
  File "/home/airflow/.local/lib/python3.8/site-packages/sqlalchemy/pool/base.py", line 686, in __connect
    self.dbapi_connection = connection = pool._invoke_creator(self)
  File "/home/airflow/.local/lib/python3.8/site-packages/sqlalchemy/engine/create.py", line 574, in connect
    return dialect.connect(*cargs, **cparams)
  File "/home/airflow/.local/lib/python3.8/site-packages/sqlalchemy/engine/default.py", line 598, in connect
    return self.dbapi.connect(*cargs, **cparams)
  File "/home/airflow/.local/lib/python3.8/site-packages/psycopg2/__init__.py", line 122, in connect
    conn = _connect(dsn, connection_factory=connection_factory, **kwasync)
psycopg2.OperationalError: could not translate host name "postgres" to address: Temporary failure in name resolution


The above exception was the direct cause of the following exception:

Traceback (most recent call last):
  File "/home/airflow/.local/lib/python3.8/site-packages/airflow/jobs/job.py", line 190, in heartbeat
    session.merge(self)
  File "/home/airflow/.local/lib/python3.8/site-packages/sqlalchemy/orm/session.py", line 3056, in merge
    return self._merge(
  File "/home/airflow/.local/lib/python3.8/site-packages/sqlalchemy/orm/session.py", line 3136, in _merge
    merged = self.get(
  File "/home/airflow/.local/lib/python3.8/site-packages/sqlalchemy/orm/session.py", line 2853, in get
    return self._get_impl(
  File "/home/airflow/.local/lib/python3.8/site-packages/sqlalchemy/orm/session.py", line 2975, in _get_impl
    return db_load_fn(
  File "/home/airflow/.local/lib/python3.8/site-packages/sqlalchemy/orm/loading.py", line 530, in load_on_pk_identity
    session.execute(
  File "/home/airflow/.local/lib/python3.8/site-packages/sqlalchemy/orm/session.py", line 1716, in execute
    conn = self._connection_for_bind(bind)
  File "/home/airflow/.local/lib/python3.8/site-packages/sqlalchemy/orm/session.py", line 1555, in _connection_for_bind
    return self._transaction._connection_for_bind(
  File "/home/airflow/.local/lib/python3.8/site-packages/sqlalchemy/orm/session.py", line 750, in _connection_for_bind
    conn = bind.connect()
  File "/home/airflow/.local/lib/python3.8/site-packages/sqlalchemy/future/engine.py", line 406, in connect
    return super(Engine, self).connect()
  File "/home/airflow/.local/lib/python3.8/site-packages/sqlalchemy/engine/base.py", line 3325, in connect
    return self._connection_cls(self, close_with_result=close_with_result)
  File "/home/airflow/.local/lib/python3.8/site-packages/sqlalchemy/engine/base.py", line 96, in __init__
    else engine.raw_connection()
  File "/home/airflow/.local/lib/python3.8/site-packages/sqlalchemy/engine/base.py", line 3404, in raw_connection
    return self._wrap_pool_connect(self.pool.connect, _connection)
  File "/home/airflow/.local/lib/python3.8/site-packages/sqlalchemy/engine/base.py", line 3374, in _wrap_pool_connect
    Connection._handle_dbapi_exception_noconnection(
  File "/home/airflow/.local/lib/python3.8/site-packages/sqlalchemy/engine/base.py", line 2208, in _handle_dbapi_exception_noconnection
    util.raise_(
  File "/home/airflow/.local/lib/python3.8/site-packages/sqlalchemy/util/compat.py", line 211, in raise_
    raise exception
  File "/home/airflow/.local/lib/python3.8/site-packages/sqlalchemy/engine/base.py", line 3371, in _wrap_pool_connect
    return fn()
  File "/home/airflow/.local/lib/python3.8/site-packages/sqlalchemy/pool/base.py", line 327, in connect
    return _ConnectionFairy._checkout(self)
  File "/home/airflow/.local/lib/python3.8/site-packages/sqlalchemy/pool/base.py", line 894, in _checkout
    fairy = _ConnectionRecord.checkout(pool)
  File "/home/airflow/.local/lib/python3.8/site-packages/sqlalchemy/pool/base.py", line 493, in checkout
    rec = pool._do_get()
  File "/home/airflow/.local/lib/python3.8/site-packages/sqlalchemy/pool/impl.py", line 256, in _do_get
    return self._create_connection()
  File "/home/airflow/.local/lib/python3.8/site-packages/sqlalchemy/pool/base.py", line 273, in _create_connection
    return _ConnectionRecord(self)
  File "/home/airflow/.local/lib/python3.8/site-packages/sqlalchemy/pool/base.py", line 388, in __init__
    self.__connect()
  File "/home/airflow/.local/lib/python3.8/site-packages/sqlalchemy/pool/base.py", line 691, in __connect
    pool.logger.debug("Error on connect(): %s", e)
  File "/home/airflow/.local/lib/python3.8/site-packages/sqlalchemy/util/langhelpers.py", line 70, in __exit__
    compat.raise_(
  File "/home/airflow/.local/lib/python3.8/site-packages/sqlalchemy/util/compat.py", line 211, in raise_
    raise exception
  File "/home/airflow/.local/lib/python3.8/site-packages/sqlalchemy/pool/base.py", line 686, in __connect
    self.dbapi_connection = connection = pool._invoke_creator(self)
  File "/home/airflow/.local/lib/python3.8/site-packages/sqlalchemy/engine/create.py", line 574, in connect
    return dialect.connect(*cargs, **cparams)
  File "/home/airflow/.local/lib/python3.8/site-packages/sqlalchemy/engine/default.py", line 598, in connect
    return self.dbapi.connect(*cargs, **cparams)
  File "/home/airflow/.local/lib/python3.8/site-packages/psycopg2/__init__.py", line 122, in connect
    conn = _connect(dsn, connection_factory=connection_factory, **kwasync)
sqlalchemy.exc.OperationalError: (psycopg2.OperationalError) could not translate host name "postgres" to address: Temporary failure in name resolution

(Background on this error at: https://sqlalche.me/e/14/e3q8)
[2025-05-03T00:05:55.486+0000] {statsbomb_ingestion.py:51} INFO - Uploaded matches/1238/108.json
[2025-05-03T00:05:56.081+0000] {base.py:73} INFO - Using connection ID 'minio_default' for task execution.
[2025-05-03T00:05:56.093+0000] {connection_wrapper.py:340} INFO - AWS Connection (conn_id='minio_default', conn_type='s3') credentials retrieved from login and password.
[2025-05-03T00:05:56.605+0000] {statsbomb_ingestion.py:51} INFO - Uploaded matches/11/90.json
[2025-05-03T00:05:56.813+0000] {base.py:73} INFO - Using connection ID 'minio_default' for task execution.
[2025-05-03T00:05:56.815+0000] {connection_wrapper.py:340} INFO - AWS Connection (conn_id='minio_default', conn_type='s3') credentials retrieved from login and password.
[2025-05-03T00:05:57.454+0000] {statsbomb_ingestion.py:51} INFO - Uploaded matches/11/42.json
[2025-05-03T00:05:57.859+0000] {base.py:73} INFO - Using connection ID 'minio_default' for task execution.
[2025-05-03T00:05:57.868+0000] {connection_wrapper.py:340} INFO - AWS Connection (conn_id='minio_default', conn_type='s3') credentials retrieved from login and password.
[2025-05-03T00:05:58.620+0000] {statsbomb_ingestion.py:51} INFO - Uploaded matches/11/4.json
[2025-05-03T00:05:58.929+0000] {base.py:73} INFO - Using connection ID 'minio_default' for task execution.
[2025-05-03T00:05:58.957+0000] {connection_wrapper.py:340} INFO - AWS Connection (conn_id='minio_default', conn_type='s3') credentials retrieved from login and password.
[2025-05-03T00:05:59.479+0000] {statsbomb_ingestion.py:51} INFO - Uploaded matches/11/1.json
[2025-05-03T00:05:59.844+0000] {base.py:73} INFO - Using connection ID 'minio_default' for task execution.
[2025-05-03T00:05:59.890+0000] {connection_wrapper.py:340} INFO - AWS Connection (conn_id='minio_default', conn_type='s3') credentials retrieved from login and password.
[2025-05-03T00:06:00.835+0000] {statsbomb_ingestion.py:51} INFO - Uploaded matches/11/2.json
[2025-05-03T00:06:01.185+0000] {base.py:73} INFO - Using connection ID 'minio_default' for task execution.
[2025-05-03T00:06:01.236+0000] {connection_wrapper.py:340} INFO - AWS Connection (conn_id='minio_default', conn_type='s3') credentials retrieved from login and password.
[2025-05-03T00:06:02.266+0000] {statsbomb_ingestion.py:51} INFO - Uploaded matches/11/27.json
[2025-05-03T00:06:02.712+0000] {base.py:73} INFO - Using connection ID 'minio_default' for task execution.
[2025-05-03T00:06:02.851+0000] {connection_wrapper.py:340} INFO - AWS Connection (conn_id='minio_default', conn_type='s3') credentials retrieved from login and password.
[2025-05-03T00:06:05.173+0000] {statsbomb_ingestion.py:51} INFO - Uploaded matches/11/26.json
[2025-05-03T00:06:05.611+0000] {base.py:73} INFO - Using connection ID 'minio_default' for task execution.
[2025-05-03T00:06:05.654+0000] {connection_wrapper.py:340} INFO - AWS Connection (conn_id='minio_default', conn_type='s3') credentials retrieved from login and password.
[2025-05-03T00:06:06.582+0000] {statsbomb_ingestion.py:51} INFO - Uploaded matches/11/25.json
[2025-05-03T00:06:06.900+0000] {base.py:73} INFO - Using connection ID 'minio_default' for task execution.
[2025-05-03T00:06:06.933+0000] {connection_wrapper.py:340} INFO - AWS Connection (conn_id='minio_default', conn_type='s3') credentials retrieved from login and password.
[2025-05-03T00:06:07.562+0000] {statsbomb_ingestion.py:51} INFO - Uploaded matches/11/24.json
[2025-05-03T00:06:07.906+0000] {base.py:73} INFO - Using connection ID 'minio_default' for task execution.
[2025-05-03T00:06:07.932+0000] {connection_wrapper.py:340} INFO - AWS Connection (conn_id='minio_default', conn_type='s3') credentials retrieved from login and password.
[2025-05-03T00:06:09.101+0000] {statsbomb_ingestion.py:51} INFO - Uploaded matches/11/23.json
[2025-05-03T00:06:09.429+0000] {base.py:73} INFO - Using connection ID 'minio_default' for task execution.
[2025-05-03T00:06:09.451+0000] {connection_wrapper.py:340} INFO - AWS Connection (conn_id='minio_default', conn_type='s3') credentials retrieved from login and password.
[2025-05-03T00:06:10.620+0000] {statsbomb_ingestion.py:51} INFO - Uploaded matches/11/22.json
[2025-05-03T00:06:11.026+0000] {base.py:73} INFO - Using connection ID 'minio_default' for task execution.
[2025-05-03T00:06:11.053+0000] {connection_wrapper.py:340} INFO - AWS Connection (conn_id='minio_default', conn_type='s3') credentials retrieved from login and password.
[2025-05-03T00:06:13.180+0000] {statsbomb_ingestion.py:51} INFO - Uploaded matches/11/21.json
[2025-05-03T00:06:14.109+0000] {base.py:73} INFO - Using connection ID 'minio_default' for task execution.
[2025-05-03T00:06:14.148+0000] {connection_wrapper.py:340} INFO - AWS Connection (conn_id='minio_default', conn_type='s3') credentials retrieved from login and password.
[2025-05-03T00:06:15.794+0000] {statsbomb_ingestion.py:51} INFO - Uploaded matches/11/41.json
[2025-05-03T00:06:16.295+0000] {base.py:73} INFO - Using connection ID 'minio_default' for task execution.
[2025-05-03T00:06:16.325+0000] {connection_wrapper.py:340} INFO - AWS Connection (conn_id='minio_default', conn_type='s3') credentials retrieved from login and password.
[2025-05-03T00:06:17.353+0000] {statsbomb_ingestion.py:51} INFO - Uploaded matches/11/40.json
[2025-05-03T00:06:17.735+0000] {base.py:73} INFO - Using connection ID 'minio_default' for task execution.
[2025-05-03T00:06:17.745+0000] {connection_wrapper.py:340} INFO - AWS Connection (conn_id='minio_default', conn_type='s3') credentials retrieved from login and password.
[2025-05-03T00:06:18.456+0000] {statsbomb_ingestion.py:51} INFO - Uploaded matches/11/39.json
[2025-05-03T00:06:18.877+0000] {base.py:73} INFO - Using connection ID 'minio_default' for task execution.
[2025-05-03T00:06:18.896+0000] {connection_wrapper.py:340} INFO - AWS Connection (conn_id='minio_default', conn_type='s3') credentials retrieved from login and password.
[2025-05-03T00:06:19.692+0000] {statsbomb_ingestion.py:51} INFO - Uploaded matches/11/38.json
[2025-05-03T00:06:20.049+0000] {base.py:73} INFO - Using connection ID 'minio_default' for task execution.
[2025-05-03T00:06:20.065+0000] {connection_wrapper.py:340} INFO - AWS Connection (conn_id='minio_default', conn_type='s3') credentials retrieved from login and password.
[2025-05-03T00:06:20.806+0000] {statsbomb_ingestion.py:51} INFO - Uploaded matches/11/37.json
[2025-05-03T00:06:21.226+0000] {base.py:73} INFO - Using connection ID 'minio_default' for task execution.
[2025-05-03T00:06:21.255+0000] {connection_wrapper.py:340} INFO - AWS Connection (conn_id='minio_default', conn_type='s3') credentials retrieved from login and password.
[2025-05-03T00:06:22.172+0000] {statsbomb_ingestion.py:51} INFO - Uploaded matches/11/278.json
[2025-05-03T00:06:22.583+0000] {base.py:73} INFO - Using connection ID 'minio_default' for task execution.
[2025-05-03T00:06:22.610+0000] {connection_wrapper.py:340} INFO - AWS Connection (conn_id='minio_default', conn_type='s3') credentials retrieved from login and password.
[2025-05-03T00:06:23.827+0000] {statsbomb_ingestion.py:51} INFO - Uploaded matches/81/48.json
[2025-05-03T00:06:24.238+0000] {base.py:73} INFO - Using connection ID 'minio_default' for task execution.
[2025-05-03T00:06:24.295+0000] {connection_wrapper.py:340} INFO - AWS Connection (conn_id='minio_default', conn_type='s3') credentials retrieved from login and password.
[2025-05-03T00:06:25.793+0000] {statsbomb_ingestion.py:51} INFO - Uploaded matches/81/275.json
[2025-05-03T00:06:26.595+0000] {base.py:73} INFO - Using connection ID 'minio_default' for task execution.
[2025-05-03T00:06:26.828+0000] {connection_wrapper.py:340} INFO - AWS Connection (conn_id='minio_default', conn_type='s3') credentials retrieved from login and password.
[2025-05-03T00:06:45.169+0000] {statsbomb_ingestion.py:51} INFO - Uploaded matches/7/235.json
[2025-05-03T00:06:46.141+0000] {base.py:73} INFO - Using connection ID 'minio_default' for task execution.
[2025-05-03T00:06:46.197+0000] {connection_wrapper.py:340} INFO - AWS Connection (conn_id='minio_default', conn_type='s3') credentials retrieved from login and password.
[2025-05-03T00:06:48.555+0000] {statsbomb_ingestion.py:51} INFO - Uploaded matches/7/108.json
[2025-05-03T00:06:48.868+0000] {base.py:73} INFO - Using connection ID 'minio_default' for task execution.
[2025-05-03T00:06:48.870+0000] {connection_wrapper.py:340} INFO - AWS Connection (conn_id='minio_default', conn_type='s3') credentials retrieved from login and password.
[2025-05-03T00:06:49.397+0000] {statsbomb_ingestion.py:51} INFO - Uploaded matches/7/27.json
[2025-05-03T00:06:49.636+0000] {base.py:73} INFO - Using connection ID 'minio_default' for task execution.
[2025-05-03T00:06:49.643+0000] {connection_wrapper.py:340} INFO - AWS Connection (conn_id='minio_default', conn_type='s3') credentials retrieved from login and password.
[2025-05-03T00:06:49.817+0000] {statsbomb_ingestion.py:51} INFO - Uploaded matches/44/107.json
[2025-05-03T00:06:50.056+0000] {base.py:73} INFO - Using connection ID 'minio_default' for task execution.
[2025-05-03T00:06:50.059+0000] {connection_wrapper.py:340} INFO - AWS Connection (conn_id='minio_default', conn_type='s3') credentials retrieved from login and password.
[2025-05-03T00:06:50.281+0000] {statsbomb_ingestion.py:51} INFO - Uploaded matches/116/68.json
[2025-05-03T00:06:50.505+0000] {base.py:73} INFO - Using connection ID 'minio_default' for task execution.
[2025-05-03T00:06:50.507+0000] {connection_wrapper.py:340} INFO - AWS Connection (conn_id='minio_default', conn_type='s3') credentials retrieved from login and password.
[2025-05-03T00:06:50.867+0000] {statsbomb_ingestion.py:51} INFO - Uploaded matches/49/3.json
[2025-05-03T00:06:51.080+0000] {base.py:73} INFO - Using connection ID 'minio_default' for task execution.
[2025-05-03T00:06:51.081+0000] {connection_wrapper.py:340} INFO - AWS Connection (conn_id='minio_default', conn_type='s3') credentials retrieved from login and password.
[2025-05-03T00:06:51.173+0000] {statsbomb_ingestion.py:51} INFO - Uploaded matches/2/27.json
[2025-05-03T00:06:51.378+0000] {base.py:73} INFO - Using connection ID 'minio_default' for task execution.
[2025-05-03T00:06:51.381+0000] {connection_wrapper.py:340} INFO - AWS Connection (conn_id='minio_default', conn_type='s3') credentials retrieved from login and password.
[2025-05-03T00:06:51.469+0000] {statsbomb_ingestion.py:51} INFO - Uploaded matches/2/44.json
[2025-05-03T00:06:51.665+0000] {base.py:73} INFO - Using connection ID 'minio_default' for task execution.
[2025-05-03T00:06:51.667+0000] {connection_wrapper.py:340} INFO - AWS Connection (conn_id='minio_default', conn_type='s3') credentials retrieved from login and password.
[2025-05-03T00:06:51.882+0000] {statsbomb_ingestion.py:51} INFO - Uploaded matches/12/27.json
[2025-05-03T00:06:52.150+0000] {base.py:73} INFO - Using connection ID 'minio_default' for task execution.
[2025-05-03T00:06:52.154+0000] {connection_wrapper.py:340} INFO - AWS Connection (conn_id='minio_default', conn_type='s3') credentials retrieved from login and password.
[2025-05-03T00:06:52.231+0000] {statsbomb_ingestion.py:51} INFO - Uploaded matches/12/86.json
[2025-05-03T00:06:52.654+0000] {base.py:73} INFO - Using connection ID 'minio_default' for task execution.
[2025-05-03T00:06:52.656+0000] {connection_wrapper.py:340} INFO - AWS Connection (conn_id='minio_default', conn_type='s3') credentials retrieved from login and password.
[2025-05-03T00:06:52.740+0000] {statsbomb_ingestion.py:51} INFO - Uploaded matches/55/282.json
[2025-05-03T00:06:53.074+0000] {base.py:73} INFO - Using connection ID 'minio_default' for task execution.
[2025-05-03T00:06:53.076+0000] {connection_wrapper.py:340} INFO - AWS Connection (conn_id='minio_default', conn_type='s3') credentials retrieved from login and password.
[2025-05-03T00:06:53.206+0000] {statsbomb_ingestion.py:51} INFO - Uploaded matches/55/43.json
[2025-05-03T00:06:53.482+0000] {base.py:73} INFO - Using connection ID 'minio_default' for task execution.
[2025-05-03T00:06:53.485+0000] {connection_wrapper.py:340} INFO - AWS Connection (conn_id='minio_default', conn_type='s3') credentials retrieved from login and password.
[2025-05-03T00:06:53.989+0000] {statsbomb_ingestion.py:51} INFO - Uploaded matches/35/75.json
[2025-05-03T00:06:54.205+0000] {base.py:73} INFO - Using connection ID 'minio_default' for task execution.
[2025-05-03T00:06:54.206+0000] {connection_wrapper.py:340} INFO - AWS Connection (conn_id='minio_default', conn_type='s3') credentials retrieved from login and password.
[2025-05-03T00:06:54.288+0000] {statsbomb_ingestion.py:51} INFO - Uploaded matches/53/106.json
[2025-05-03T00:06:54.497+0000] {base.py:73} INFO - Using connection ID 'minio_default' for task execution.
[2025-05-03T00:06:54.499+0000] {connection_wrapper.py:340} INFO - AWS Connection (conn_id='minio_default', conn_type='s3') credentials retrieved from login and password.
[2025-05-03T00:06:54.665+0000] {statsbomb_ingestion.py:51} INFO - Uploaded matches/72/107.json
[2025-05-03T00:06:54.864+0000] {base.py:73} INFO - Using connection ID 'minio_default' for task execution.
[2025-05-03T00:06:54.868+0000] {connection_wrapper.py:340} INFO - AWS Connection (conn_id='minio_default', conn_type='s3') credentials retrieved from login and password.
[2025-05-03T00:06:55.020+0000] {statsbomb_ingestion.py:51} INFO - Uploaded matches/72/30.json
[2025-05-03T00:06:55.028+0000] {python.py:194} INFO - Done. Returned value was: None
[2025-05-03T00:06:55.050+0000] {taskinstance.py:1398} INFO - Marking task as SUCCESS. dag_id=statsbomb_full_ingestion, task_id=ingest_matches, execution_date=20250502T000000, start_date=20250503T000434, end_date=20250503T000655
[2025-05-03T00:06:55.143+0000] {local_task_job_runner.py:228} INFO - Task exited with return code 0
[2025-05-03T00:06:55.214+0000] {taskinstance.py:2776} INFO - 1 downstream tasks scheduled from follow-on schedule check
