[2025-05-02T22:42:28.384+0000] {logging_mixin.py:151} INFO - Changing /opt/airflow/logs/dag_id=statsbomb_full_ingestion/run_id=manual__2025-05-02T22:36:19.789358+00:00/task_id=ingest_events_lineups permission to 509
[2025-05-02T22:42:28.420+0000] {logging_mixin.py:151} INFO - Changing /opt/airflow/logs/dag_id=statsbomb_full_ingestion/run_id=manual__2025-05-02T22:36:19.789358+00:00/task_id=ingest_events_lineups permission to 509
[2025-05-02T22:42:28.454+0000] {taskinstance.py:1157} INFO - Dependencies all met for dep_context=non-requeueable deps ti=<TaskInstance: statsbomb_full_ingestion.ingest_events_lineups manual__2025-05-02T22:36:19.789358+00:00 [queued]>
[2025-05-02T22:42:28.466+0000] {taskinstance.py:1157} INFO - Dependencies all met for dep_context=requeueable deps ti=<TaskInstance: statsbomb_full_ingestion.ingest_events_lineups manual__2025-05-02T22:36:19.789358+00:00 [queued]>
[2025-05-02T22:42:28.468+0000] {taskinstance.py:1359} INFO - Starting attempt 2 of 2
[2025-05-02T22:42:28.481+0000] {taskinstance.py:1380} INFO - Executing <Task(PythonOperator): ingest_events_lineups> on 2025-05-02 22:36:19.789358+00:00
[2025-05-02T22:42:28.486+0000] {standard_task_runner.py:57} INFO - Started process 1277 to run task
[2025-05-02T22:42:28.488+0000] {standard_task_runner.py:84} INFO - Running: ['airflow', 'tasks', 'run', 'statsbomb_full_ingestion', 'ingest_events_lineups', 'manual__2025-05-02T22:36:19.789358+00:00', '--job-id', '23', '--raw', '--subdir', 'DAGS_FOLDER/statsbomb_ingestion.py', '--cfg-path', '/tmp/tmpl5maizje']
[2025-05-02T22:42:28.491+0000] {standard_task_runner.py:85} INFO - Job 23: Subtask ingest_events_lineups
[2025-05-02T22:42:28.539+0000] {logging_mixin.py:151} INFO - Changing /opt/airflow/logs/dag_id=statsbomb_full_ingestion/run_id=manual__2025-05-02T22:36:19.789358+00:00/task_id=ingest_events_lineups permission to 509
[2025-05-02T22:42:28.549+0000] {task_command.py:415} INFO - Running <TaskInstance: statsbomb_full_ingestion.ingest_events_lineups manual__2025-05-02T22:36:19.789358+00:00 [running]> on host e2d1066c2b98
[2025-05-02T22:42:28.631+0000] {taskinstance.py:1660} INFO - Exporting env vars: AIRFLOW_CTX_DAG_OWNER='airflow' AIRFLOW_CTX_DAG_ID='statsbomb_full_ingestion' AIRFLOW_CTX_TASK_ID='ingest_events_lineups' AIRFLOW_CTX_EXECUTION_DATE='2025-05-02T22:36:19.789358+00:00' AIRFLOW_CTX_TRY_NUMBER='2' AIRFLOW_CTX_DAG_RUN_ID='manual__2025-05-02T22:36:19.789358+00:00'
[2025-05-02T22:42:29.609+0000] {taskinstance.py:1935} ERROR - Task failed with exception
Traceback (most recent call last):
  File "/home/airflow/.local/lib/python3.8/site-packages/airflow/operators/python.py", line 192, in execute
    return_value = self.execute_callable()
  File "/home/airflow/.local/lib/python3.8/site-packages/airflow/operators/python.py", line 209, in execute_callable
    return self.python_callable(*self.op_args, **self.op_kwargs)
  File "/opt/airflow/dags/statsbomb_ingestion.py", line 79, in ingest_events_lineups
    for match in comp["matches"]:
KeyError: 'matches'
[2025-05-02T22:42:29.634+0000] {taskinstance.py:1398} INFO - Marking task as FAILED. dag_id=statsbomb_full_ingestion, task_id=ingest_events_lineups, execution_date=20250502T223619, start_date=20250502T224228, end_date=20250502T224229
[2025-05-02T22:42:29.660+0000] {standard_task_runner.py:104} ERROR - Failed to execute job 23 for task ingest_events_lineups ('matches'; 1277)
[2025-05-02T22:42:29.695+0000] {local_task_job_runner.py:228} INFO - Task exited with return code 1
[2025-05-02T22:42:29.731+0000] {taskinstance.py:2776} INFO - 0 downstream tasks scheduled from follow-on schedule check
