[2025-05-05T10:22:05.182+0000] {logging_mixin.py:151} INFO - Changing /opt/airflow/logs/dag_id=statsbomb_load_postgres/run_id=manual__2025-05-05T10:21:52.404146+00:00/task_id=load_matches permission to 509
[2025-05-05T10:22:05.259+0000] {logging_mixin.py:151} INFO - Changing /opt/airflow/logs/dag_id=statsbomb_load_postgres/run_id=manual__2025-05-05T10:21:52.404146+00:00/task_id=load_matches permission to 509
[2025-05-05T10:22:05.331+0000] {taskinstance.py:1157} INFO - Dependencies all met for dep_context=non-requeueable deps ti=<TaskInstance: statsbomb_load_postgres.load_matches manual__2025-05-05T10:21:52.404146+00:00 [queued]>
[2025-05-05T10:22:05.350+0000] {taskinstance.py:1157} INFO - Dependencies all met for dep_context=requeueable deps ti=<TaskInstance: statsbomb_load_postgres.load_matches manual__2025-05-05T10:21:52.404146+00:00 [queued]>
[2025-05-05T10:22:05.352+0000] {taskinstance.py:1359} INFO - Starting attempt 1 of 2
[2025-05-05T10:22:05.390+0000] {taskinstance.py:1380} INFO - Executing <Task(PythonOperator): load_matches> on 2025-05-05 10:21:52.404146+00:00
[2025-05-05T10:22:05.398+0000] {standard_task_runner.py:57} INFO - Started process 253 to run task
[2025-05-05T10:22:05.403+0000] {standard_task_runner.py:84} INFO - Running: ['airflow', 'tasks', 'run', 'statsbomb_load_postgres', 'load_matches', 'manual__2025-05-05T10:21:52.404146+00:00', '--job-id', '64', '--raw', '--subdir', 'DAGS_FOLDER/load_to_postgres.py', '--cfg-path', '/tmp/tmpzkrhkhgy']
[2025-05-05T10:22:05.408+0000] {standard_task_runner.py:85} INFO - Job 64: Subtask load_matches
[2025-05-05T10:22:05.524+0000] {logging_mixin.py:151} INFO - Changing /opt/airflow/logs/dag_id=statsbomb_load_postgres/run_id=manual__2025-05-05T10:21:52.404146+00:00/task_id=load_matches permission to 509
[2025-05-05T10:22:05.548+0000] {task_command.py:415} INFO - Running <TaskInstance: statsbomb_load_postgres.load_matches manual__2025-05-05T10:21:52.404146+00:00 [running]> on host 9374481500cf
[2025-05-05T10:22:05.704+0000] {taskinstance.py:1660} INFO - Exporting env vars: AIRFLOW_CTX_DAG_OWNER='airflow' AIRFLOW_CTX_DAG_ID='statsbomb_load_postgres' AIRFLOW_CTX_TASK_ID='load_matches' AIRFLOW_CTX_EXECUTION_DATE='2025-05-05T10:21:52.404146+00:00' AIRFLOW_CTX_TRY_NUMBER='1' AIRFLOW_CTX_DAG_RUN_ID='manual__2025-05-05T10:21:52.404146+00:00'
[2025-05-05T10:22:05.712+0000] {crypto.py:82} WARNING - empty cryptography key - values will not be stored encrypted.
[2025-05-05T10:22:05.716+0000] {base.py:73} INFO - Using connection ID 'minio_default' for task execution.
[2025-05-05T10:22:05.719+0000] {connection_wrapper.py:340} INFO - AWS Connection (conn_id='minio_default', conn_type='aws') credentials retrieved from login and password.
[2025-05-05T10:22:08.297+0000] {taskinstance.py:1935} ERROR - Task failed with exception
Traceback (most recent call last):
  File "/home/airflow/.local/lib/python3.8/site-packages/airflow/operators/python.py", line 192, in execute
    return_value = self.execute_callable()
  File "/home/airflow/.local/lib/python3.8/site-packages/airflow/operators/python.py", line 209, in execute_callable
    return self.python_callable(*self.op_args, **self.op_kwargs)
  File "/opt/airflow/dags/load_to_postgres.py", line 56, in load_matches
    "competition_id": m["competition"]["id"],
KeyError: 'id'
[2025-05-05T10:22:08.349+0000] {taskinstance.py:1398} INFO - Marking task as UP_FOR_RETRY. dag_id=statsbomb_load_postgres, task_id=load_matches, execution_date=20250505T102152, start_date=20250505T102205, end_date=20250505T102208
[2025-05-05T10:22:08.376+0000] {standard_task_runner.py:104} ERROR - Failed to execute job 64 for task load_matches ('id'; 253)
[2025-05-05T10:22:08.430+0000] {local_task_job_runner.py:228} INFO - Task exited with return code 1
[2025-05-05T10:22:08.480+0000] {taskinstance.py:2776} INFO - 0 downstream tasks scheduled from follow-on schedule check
