[2025-05-05T09:59:52.568+0000] {logging_mixin.py:151} INFO - Changing /opt/airflow/logs/dag_id=statsbomb_full_ingestion/run_id=scheduled__2025-05-04T00:00:00+00:00/task_id=ingest_matches permission to 509
[2025-05-05T09:59:52.685+0000] {logging_mixin.py:151} INFO - Changing /opt/airflow/logs/dag_id=statsbomb_full_ingestion/run_id=scheduled__2025-05-04T00:00:00+00:00/task_id=ingest_matches permission to 509
[2025-05-05T09:59:52.757+0000] {taskinstance.py:1157} INFO - Dependencies all met for dep_context=non-requeueable deps ti=<TaskInstance: statsbomb_full_ingestion.ingest_matches scheduled__2025-05-04T00:00:00+00:00 [queued]>
[2025-05-05T09:59:52.776+0000] {taskinstance.py:1157} INFO - Dependencies all met for dep_context=requeueable deps ti=<TaskInstance: statsbomb_full_ingestion.ingest_matches scheduled__2025-05-04T00:00:00+00:00 [queued]>
[2025-05-05T09:59:52.778+0000] {taskinstance.py:1359} INFO - Starting attempt 2 of 2
[2025-05-05T09:59:52.815+0000] {taskinstance.py:1380} INFO - Executing <Task(PythonOperator): ingest_matches> on 2025-05-04 00:00:00+00:00
[2025-05-05T09:59:52.831+0000] {standard_task_runner.py:57} INFO - Started process 233 to run task
[2025-05-05T09:59:52.839+0000] {standard_task_runner.py:84} INFO - Running: ['airflow', 'tasks', 'run', 'statsbomb_full_ingestion', 'ingest_matches', 'scheduled__2025-05-04T00:00:00+00:00', '--job-id', '48', '--raw', '--subdir', 'DAGS_FOLDER/statsbomb_ingestion.py', '--cfg-path', '/tmp/tmpyere36td']
[2025-05-05T09:59:52.848+0000] {standard_task_runner.py:85} INFO - Job 48: Subtask ingest_matches
[2025-05-05T09:59:52.965+0000] {logging_mixin.py:151} INFO - Changing /opt/airflow/logs/dag_id=statsbomb_full_ingestion/run_id=scheduled__2025-05-04T00:00:00+00:00/task_id=ingest_matches permission to 509
[2025-05-05T09:59:52.991+0000] {task_command.py:415} INFO - Running <TaskInstance: statsbomb_full_ingestion.ingest_matches scheduled__2025-05-04T00:00:00+00:00 [running]> on host 5d1cfba7c970
[2025-05-05T09:59:53.245+0000] {taskinstance.py:1660} INFO - Exporting env vars: AIRFLOW_CTX_DAG_OWNER='airflow' AIRFLOW_CTX_DAG_ID='statsbomb_full_ingestion' AIRFLOW_CTX_TASK_ID='ingest_matches' AIRFLOW_CTX_EXECUTION_DATE='2025-05-04T00:00:00+00:00' AIRFLOW_CTX_TRY_NUMBER='2' AIRFLOW_CTX_DAG_RUN_ID='scheduled__2025-05-04T00:00:00+00:00'
[2025-05-05T09:59:53.764+0000] {statsbomb_ingestion.py:30} INFO - Downloading https://raw.githubusercontent.com/statsbomb/open-data/master/data/matches/9/281.json
[2025-05-05T09:59:54.203+0000] {crypto.py:82} WARNING - empty cryptography key - values will not be stored encrypted.
[2025-05-05T09:59:54.216+0000] {base.py:73} INFO - Using connection ID 'minio_default' for task execution.
[2025-05-05T09:59:54.249+0000] {logging_mixin.py:151} WARNING - <string>:8 AirflowProviderDeprecationWarning: AWS Connection (conn_id='minio_default', conn_type='s3') has connection type 's3', which has been replaced by connection type 'aws'. Please update your connection to have `conn_type='aws'`.
[2025-05-05T09:59:54.254+0000] {connection_wrapper.py:340} INFO - AWS Connection (conn_id='minio_default', conn_type='s3') credentials retrieved from login and password.
[2025-05-05T09:59:54.263+0000] {logging_mixin.py:151} WARNING - <string>:8 AirflowProviderDeprecationWarning: Host minio specified in the connection is not used. Please, set it on extra['endpoint_url'] instead
[2025-05-05T09:59:56.156+0000] {statsbomb_ingestion.py:42} INFO - Uploaded to s3://statsbomb/matches/9/281.json
[2025-05-05T09:59:56.190+0000] {statsbomb_ingestion.py:30} INFO - Downloading https://raw.githubusercontent.com/statsbomb/open-data/master/data/matches/9/27.json
[2025-05-05T09:59:56.738+0000] {base.py:73} INFO - Using connection ID 'minio_default' for task execution.
[2025-05-05T09:59:56.741+0000] {connection_wrapper.py:340} INFO - AWS Connection (conn_id='minio_default', conn_type='s3') credentials retrieved from login and password.
[2025-05-05T09:59:57.467+0000] {statsbomb_ingestion.py:42} INFO - Uploaded to s3://statsbomb/matches/9/27.json
[2025-05-05T09:59:57.479+0000] {statsbomb_ingestion.py:30} INFO - Downloading https://raw.githubusercontent.com/statsbomb/open-data/master/data/matches/1267/107.json
[2025-05-05T09:59:57.908+0000] {base.py:73} INFO - Using connection ID 'minio_default' for task execution.
[2025-05-05T09:59:57.913+0000] {connection_wrapper.py:340} INFO - AWS Connection (conn_id='minio_default', conn_type='s3') credentials retrieved from login and password.
[2025-05-05T09:59:59.350+0000] {statsbomb_ingestion.py:42} INFO - Uploaded to s3://statsbomb/matches/1267/107.json
[2025-05-05T09:59:59.415+0000] {statsbomb_ingestion.py:30} INFO - Downloading https://raw.githubusercontent.com/statsbomb/open-data/master/data/matches/16/4.json
[2025-05-05T09:59:59.932+0000] {base.py:73} INFO - Using connection ID 'minio_default' for task execution.
[2025-05-05T09:59:59.935+0000] {connection_wrapper.py:340} INFO - AWS Connection (conn_id='minio_default', conn_type='s3') credentials retrieved from login and password.
[2025-05-05T10:00:01.047+0000] {statsbomb_ingestion.py:42} INFO - Uploaded to s3://statsbomb/matches/16/4.json
[2025-05-05T10:00:01.061+0000] {statsbomb_ingestion.py:30} INFO - Downloading https://raw.githubusercontent.com/statsbomb/open-data/master/data/matches/16/1.json
[2025-05-05T10:00:01.488+0000] {base.py:73} INFO - Using connection ID 'minio_default' for task execution.
[2025-05-05T10:00:01.490+0000] {connection_wrapper.py:340} INFO - AWS Connection (conn_id='minio_default', conn_type='s3') credentials retrieved from login and password.
[2025-05-05T10:00:02.433+0000] {statsbomb_ingestion.py:42} INFO - Uploaded to s3://statsbomb/matches/16/1.json
[2025-05-05T10:00:02.438+0000] {statsbomb_ingestion.py:30} INFO - Downloading https://raw.githubusercontent.com/statsbomb/open-data/master/data/matches/16/2.json
[2025-05-05T10:00:02.947+0000] {base.py:73} INFO - Using connection ID 'minio_default' for task execution.
[2025-05-05T10:00:02.968+0000] {connection_wrapper.py:340} INFO - AWS Connection (conn_id='minio_default', conn_type='s3') credentials retrieved from login and password.
[2025-05-05T10:00:09.264+0000] {statsbomb_ingestion.py:42} INFO - Uploaded to s3://statsbomb/matches/16/2.json
[2025-05-05T10:00:09.363+0000] {statsbomb_ingestion.py:30} INFO - Downloading https://raw.githubusercontent.com/statsbomb/open-data/master/data/matches/16/27.json
[2025-05-05T10:00:12.150+0000] {base.py:73} INFO - Using connection ID 'minio_default' for task execution.
[2025-05-05T10:00:12.607+0000] {connection_wrapper.py:340} INFO - AWS Connection (conn_id='minio_default', conn_type='s3') credentials retrieved from login and password.
[2025-05-05T10:00:17.010+0000] {statsbomb_ingestion.py:42} INFO - Uploaded to s3://statsbomb/matches/16/27.json
[2025-05-05T10:00:17.247+0000] {statsbomb_ingestion.py:30} INFO - Downloading https://raw.githubusercontent.com/statsbomb/open-data/master/data/matches/16/26.json
[2025-05-05T10:00:18.596+0000] {base.py:73} INFO - Using connection ID 'minio_default' for task execution.
[2025-05-05T10:00:19.006+0000] {connection_wrapper.py:340} INFO - AWS Connection (conn_id='minio_default', conn_type='s3') credentials retrieved from login and password.
[2025-05-05T10:00:35.974+0000] {statsbomb_ingestion.py:42} INFO - Uploaded to s3://statsbomb/matches/16/26.json
[2025-05-05T10:00:36.002+0000] {statsbomb_ingestion.py:30} INFO - Downloading https://raw.githubusercontent.com/statsbomb/open-data/master/data/matches/16/25.json
[2025-05-05T10:00:36.585+0000] {base.py:73} INFO - Using connection ID 'minio_default' for task execution.
[2025-05-05T10:00:36.595+0000] {connection_wrapper.py:340} INFO - AWS Connection (conn_id='minio_default', conn_type='s3') credentials retrieved from login and password.
[2025-05-05T10:00:43.680+0000] {statsbomb_ingestion.py:42} INFO - Uploaded to s3://statsbomb/matches/16/25.json
[2025-05-05T10:00:44.428+0000] {statsbomb_ingestion.py:30} INFO - Downloading https://raw.githubusercontent.com/statsbomb/open-data/master/data/matches/16/24.json
[2025-05-05T10:00:49.540+0000] {base.py:73} INFO - Using connection ID 'minio_default' for task execution.
[2025-05-05T10:00:50.212+0000] {connection_wrapper.py:340} INFO - AWS Connection (conn_id='minio_default', conn_type='s3') credentials retrieved from login and password.
[2025-05-05T10:01:50.934+0000] {statsbomb_ingestion.py:42} INFO - Uploaded to s3://statsbomb/matches/16/24.json
[2025-05-05T10:01:51.013+0000] {statsbomb_ingestion.py:30} INFO - Downloading https://raw.githubusercontent.com/statsbomb/open-data/master/data/matches/16/23.json
[2025-05-05T10:01:51.568+0000] {base.py:73} INFO - Using connection ID 'minio_default' for task execution.
[2025-05-05T10:01:51.578+0000] {connection_wrapper.py:340} INFO - AWS Connection (conn_id='minio_default', conn_type='s3') credentials retrieved from login and password.
[2025-05-05T10:01:52.479+0000] {statsbomb_ingestion.py:42} INFO - Uploaded to s3://statsbomb/matches/16/23.json
[2025-05-05T10:01:52.487+0000] {statsbomb_ingestion.py:30} INFO - Downloading https://raw.githubusercontent.com/statsbomb/open-data/master/data/matches/16/22.json
