[2025-05-05T10:11:27.289+0000] {logging_mixin.py:151} INFO - Changing /opt/airflow/logs/dag_id=statsbomb_full_ingestion/run_id=scheduled__2025-05-04T00:00:00+00:00/task_id=ingest_matches permission to 509
[2025-05-05T10:11:27.486+0000] {logging_mixin.py:151} INFO - Changing /opt/airflow/logs/dag_id=statsbomb_full_ingestion/run_id=scheduled__2025-05-04T00:00:00+00:00/task_id=ingest_matches permission to 509
[2025-05-05T10:11:27.618+0000] {taskinstance.py:1157} INFO - Dependencies all met for dep_context=non-requeueable deps ti=<TaskInstance: statsbomb_full_ingestion.ingest_matches scheduled__2025-05-04T00:00:00+00:00 [queued]>
[2025-05-05T10:11:27.650+0000] {taskinstance.py:1157} INFO - Dependencies all met for dep_context=requeueable deps ti=<TaskInstance: statsbomb_full_ingestion.ingest_matches scheduled__2025-05-04T00:00:00+00:00 [queued]>
[2025-05-05T10:11:27.652+0000] {taskinstance.py:1359} INFO - Starting attempt 4 of 2
[2025-05-05T10:11:27.727+0000] {taskinstance.py:1380} INFO - Executing <Task(PythonOperator): ingest_matches> on 2025-05-04 00:00:00+00:00
[2025-05-05T10:11:27.740+0000] {standard_task_runner.py:57} INFO - Started process 236 to run task
[2025-05-05T10:11:27.747+0000] {standard_task_runner.py:84} INFO - Running: ['airflow', 'tasks', 'run', 'statsbomb_full_ingestion', 'ingest_matches', 'scheduled__2025-05-04T00:00:00+00:00', '--job-id', '55', '--raw', '--subdir', 'DAGS_FOLDER/statsbomb_ingestion.py', '--cfg-path', '/tmp/tmp1oe0d0dj']
[2025-05-05T10:11:27.765+0000] {standard_task_runner.py:85} INFO - Job 55: Subtask ingest_matches
[2025-05-05T10:11:28.385+0000] {logging_mixin.py:151} INFO - Changing /opt/airflow/logs/dag_id=statsbomb_full_ingestion/run_id=scheduled__2025-05-04T00:00:00+00:00/task_id=ingest_matches permission to 509
[2025-05-05T10:11:28.452+0000] {task_command.py:415} INFO - Running <TaskInstance: statsbomb_full_ingestion.ingest_matches scheduled__2025-05-04T00:00:00+00:00 [running]> on host cf8b24399b8b
[2025-05-05T10:11:28.726+0000] {taskinstance.py:1660} INFO - Exporting env vars: AIRFLOW_CTX_DAG_OWNER='airflow' AIRFLOW_CTX_DAG_ID='statsbomb_full_ingestion' AIRFLOW_CTX_TASK_ID='ingest_matches' AIRFLOW_CTX_EXECUTION_DATE='2025-05-04T00:00:00+00:00' AIRFLOW_CTX_TRY_NUMBER='4' AIRFLOW_CTX_DAG_RUN_ID='scheduled__2025-05-04T00:00:00+00:00'
[2025-05-05T10:11:29.391+0000] {statsbomb_ingestion.py:30} INFO - Downloading https://raw.githubusercontent.com/statsbomb/open-data/master/data/matches/9/281.json
[2025-05-05T10:11:29.817+0000] {crypto.py:82} WARNING - empty cryptography key - values will not be stored encrypted.
[2025-05-05T10:11:29.823+0000] {base.py:73} INFO - Using connection ID 'minio_default' for task execution.
[2025-05-05T10:11:29.839+0000] {logging_mixin.py:151} WARNING - <string>:8 AirflowProviderDeprecationWarning: AWS Connection (conn_id='minio_default', conn_type='s3') has connection type 's3', which has been replaced by connection type 'aws'. Please update your connection to have `conn_type='aws'`.
[2025-05-05T10:11:29.842+0000] {connection_wrapper.py:340} INFO - AWS Connection (conn_id='minio_default', conn_type='s3') credentials retrieved from login and password.
[2025-05-05T10:11:29.846+0000] {logging_mixin.py:151} WARNING - <string>:8 AirflowProviderDeprecationWarning: Host minio specified in the connection is not used. Please, set it on extra['endpoint_url'] instead
[2025-05-05T10:11:31.220+0000] {statsbomb_ingestion.py:42} INFO - Uploaded to s3://statsbomb/matches/9/281.json
[2025-05-05T10:11:31.227+0000] {statsbomb_ingestion.py:30} INFO - Downloading https://raw.githubusercontent.com/statsbomb/open-data/master/data/matches/9/27.json
[2025-05-05T10:11:31.596+0000] {base.py:73} INFO - Using connection ID 'minio_default' for task execution.
[2025-05-05T10:11:31.599+0000] {connection_wrapper.py:340} INFO - AWS Connection (conn_id='minio_default', conn_type='s3') credentials retrieved from login and password.
[2025-05-05T10:11:32.026+0000] {statsbomb_ingestion.py:42} INFO - Uploaded to s3://statsbomb/matches/9/27.json
[2025-05-05T10:11:32.031+0000] {statsbomb_ingestion.py:30} INFO - Downloading https://raw.githubusercontent.com/statsbomb/open-data/master/data/matches/1267/107.json
[2025-05-05T10:11:32.512+0000] {base.py:73} INFO - Using connection ID 'minio_default' for task execution.
[2025-05-05T10:11:32.516+0000] {connection_wrapper.py:340} INFO - AWS Connection (conn_id='minio_default', conn_type='s3') credentials retrieved from login and password.
[2025-05-05T10:11:32.921+0000] {statsbomb_ingestion.py:42} INFO - Uploaded to s3://statsbomb/matches/1267/107.json
[2025-05-05T10:11:32.926+0000] {statsbomb_ingestion.py:30} INFO - Downloading https://raw.githubusercontent.com/statsbomb/open-data/master/data/matches/16/4.json
[2025-05-05T10:11:33.400+0000] {base.py:73} INFO - Using connection ID 'minio_default' for task execution.
[2025-05-05T10:11:33.402+0000] {connection_wrapper.py:340} INFO - AWS Connection (conn_id='minio_default', conn_type='s3') credentials retrieved from login and password.
[2025-05-05T10:11:33.646+0000] {statsbomb_ingestion.py:42} INFO - Uploaded to s3://statsbomb/matches/16/4.json
[2025-05-05T10:11:33.650+0000] {statsbomb_ingestion.py:30} INFO - Downloading https://raw.githubusercontent.com/statsbomb/open-data/master/data/matches/16/1.json
[2025-05-05T10:11:34.052+0000] {base.py:73} INFO - Using connection ID 'minio_default' for task execution.
[2025-05-05T10:11:34.055+0000] {connection_wrapper.py:340} INFO - AWS Connection (conn_id='minio_default', conn_type='s3') credentials retrieved from login and password.
[2025-05-05T10:11:34.472+0000] {statsbomb_ingestion.py:42} INFO - Uploaded to s3://statsbomb/matches/16/1.json
[2025-05-05T10:11:34.477+0000] {statsbomb_ingestion.py:30} INFO - Downloading https://raw.githubusercontent.com/statsbomb/open-data/master/data/matches/16/2.json
[2025-05-05T10:11:34.842+0000] {base.py:73} INFO - Using connection ID 'minio_default' for task execution.
[2025-05-05T10:11:34.844+0000] {connection_wrapper.py:340} INFO - AWS Connection (conn_id='minio_default', conn_type='s3') credentials retrieved from login and password.
[2025-05-05T10:11:35.064+0000] {statsbomb_ingestion.py:42} INFO - Uploaded to s3://statsbomb/matches/16/2.json
[2025-05-05T10:11:35.068+0000] {statsbomb_ingestion.py:30} INFO - Downloading https://raw.githubusercontent.com/statsbomb/open-data/master/data/matches/16/27.json
[2025-05-05T10:11:35.528+0000] {base.py:73} INFO - Using connection ID 'minio_default' for task execution.
[2025-05-05T10:11:35.530+0000] {connection_wrapper.py:340} INFO - AWS Connection (conn_id='minio_default', conn_type='s3') credentials retrieved from login and password.
[2025-05-05T10:11:35.759+0000] {statsbomb_ingestion.py:42} INFO - Uploaded to s3://statsbomb/matches/16/27.json
[2025-05-05T10:11:35.764+0000] {statsbomb_ingestion.py:30} INFO - Downloading https://raw.githubusercontent.com/statsbomb/open-data/master/data/matches/16/26.json
[2025-05-05T10:11:36.232+0000] {base.py:73} INFO - Using connection ID 'minio_default' for task execution.
[2025-05-05T10:11:36.240+0000] {connection_wrapper.py:340} INFO - AWS Connection (conn_id='minio_default', conn_type='s3') credentials retrieved from login and password.
[2025-05-05T10:11:36.477+0000] {statsbomb_ingestion.py:42} INFO - Uploaded to s3://statsbomb/matches/16/26.json
[2025-05-05T10:11:36.482+0000] {statsbomb_ingestion.py:30} INFO - Downloading https://raw.githubusercontent.com/statsbomb/open-data/master/data/matches/16/25.json
[2025-05-05T10:11:36.895+0000] {base.py:73} INFO - Using connection ID 'minio_default' for task execution.
[2025-05-05T10:11:36.898+0000] {connection_wrapper.py:340} INFO - AWS Connection (conn_id='minio_default', conn_type='s3') credentials retrieved from login and password.
[2025-05-05T10:11:37.314+0000] {statsbomb_ingestion.py:42} INFO - Uploaded to s3://statsbomb/matches/16/25.json
[2025-05-05T10:11:37.324+0000] {statsbomb_ingestion.py:30} INFO - Downloading https://raw.githubusercontent.com/statsbomb/open-data/master/data/matches/16/24.json
[2025-05-05T10:11:37.757+0000] {base.py:73} INFO - Using connection ID 'minio_default' for task execution.
[2025-05-05T10:11:37.760+0000] {connection_wrapper.py:340} INFO - AWS Connection (conn_id='minio_default', conn_type='s3') credentials retrieved from login and password.
[2025-05-05T10:11:37.946+0000] {statsbomb_ingestion.py:42} INFO - Uploaded to s3://statsbomb/matches/16/24.json
[2025-05-05T10:11:37.952+0000] {statsbomb_ingestion.py:30} INFO - Downloading https://raw.githubusercontent.com/statsbomb/open-data/master/data/matches/16/23.json
[2025-05-05T10:11:38.371+0000] {base.py:73} INFO - Using connection ID 'minio_default' for task execution.
[2025-05-05T10:11:38.374+0000] {connection_wrapper.py:340} INFO - AWS Connection (conn_id='minio_default', conn_type='s3') credentials retrieved from login and password.
[2025-05-05T10:11:38.568+0000] {statsbomb_ingestion.py:42} INFO - Uploaded to s3://statsbomb/matches/16/23.json
[2025-05-05T10:11:38.577+0000] {statsbomb_ingestion.py:30} INFO - Downloading https://raw.githubusercontent.com/statsbomb/open-data/master/data/matches/16/22.json
[2025-05-05T10:11:39.036+0000] {base.py:73} INFO - Using connection ID 'minio_default' for task execution.
[2025-05-05T10:11:39.040+0000] {connection_wrapper.py:340} INFO - AWS Connection (conn_id='minio_default', conn_type='s3') credentials retrieved from login and password.
[2025-05-05T10:11:39.272+0000] {statsbomb_ingestion.py:42} INFO - Uploaded to s3://statsbomb/matches/16/22.json
[2025-05-05T10:11:39.277+0000] {statsbomb_ingestion.py:30} INFO - Downloading https://raw.githubusercontent.com/statsbomb/open-data/master/data/matches/16/21.json
[2025-05-05T10:11:39.787+0000] {base.py:73} INFO - Using connection ID 'minio_default' for task execution.
[2025-05-05T10:11:39.789+0000] {connection_wrapper.py:340} INFO - AWS Connection (conn_id='minio_default', conn_type='s3') credentials retrieved from login and password.
[2025-05-05T10:11:40.218+0000] {statsbomb_ingestion.py:42} INFO - Uploaded to s3://statsbomb/matches/16/21.json
[2025-05-05T10:11:40.223+0000] {statsbomb_ingestion.py:30} INFO - Downloading https://raw.githubusercontent.com/statsbomb/open-data/master/data/matches/16/41.json
[2025-05-05T10:11:40.708+0000] {base.py:73} INFO - Using connection ID 'minio_default' for task execution.
[2025-05-05T10:11:40.711+0000] {connection_wrapper.py:340} INFO - AWS Connection (conn_id='minio_default', conn_type='s3') credentials retrieved from login and password.
[2025-05-05T10:11:40.960+0000] {statsbomb_ingestion.py:42} INFO - Uploaded to s3://statsbomb/matches/16/41.json
[2025-05-05T10:11:40.965+0000] {statsbomb_ingestion.py:30} INFO - Downloading https://raw.githubusercontent.com/statsbomb/open-data/master/data/matches/16/39.json
[2025-05-05T10:11:41.613+0000] {base.py:73} INFO - Using connection ID 'minio_default' for task execution.
[2025-05-05T10:11:41.617+0000] {connection_wrapper.py:340} INFO - AWS Connection (conn_id='minio_default', conn_type='s3') credentials retrieved from login and password.
[2025-05-05T10:11:41.792+0000] {statsbomb_ingestion.py:42} INFO - Uploaded to s3://statsbomb/matches/16/39.json
[2025-05-05T10:11:41.797+0000] {statsbomb_ingestion.py:30} INFO - Downloading https://raw.githubusercontent.com/statsbomb/open-data/master/data/matches/16/37.json
[2025-05-05T10:11:42.165+0000] {base.py:73} INFO - Using connection ID 'minio_default' for task execution.
[2025-05-05T10:11:42.180+0000] {connection_wrapper.py:340} INFO - AWS Connection (conn_id='minio_default', conn_type='s3') credentials retrieved from login and password.
[2025-05-05T10:11:42.392+0000] {statsbomb_ingestion.py:42} INFO - Uploaded to s3://statsbomb/matches/16/37.json
[2025-05-05T10:11:42.397+0000] {statsbomb_ingestion.py:30} INFO - Downloading https://raw.githubusercontent.com/statsbomb/open-data/master/data/matches/16/44.json
[2025-05-05T10:11:42.770+0000] {base.py:73} INFO - Using connection ID 'minio_default' for task execution.
[2025-05-05T10:11:42.772+0000] {connection_wrapper.py:340} INFO - AWS Connection (conn_id='minio_default', conn_type='s3') credentials retrieved from login and password.
[2025-05-05T10:11:43.183+0000] {statsbomb_ingestion.py:42} INFO - Uploaded to s3://statsbomb/matches/16/44.json
[2025-05-05T10:11:43.190+0000] {statsbomb_ingestion.py:30} INFO - Downloading https://raw.githubusercontent.com/statsbomb/open-data/master/data/matches/16/76.json
[2025-05-05T10:11:43.633+0000] {base.py:73} INFO - Using connection ID 'minio_default' for task execution.
[2025-05-05T10:11:43.638+0000] {connection_wrapper.py:340} INFO - AWS Connection (conn_id='minio_default', conn_type='s3') credentials retrieved from login and password.
[2025-05-05T10:11:43.843+0000] {statsbomb_ingestion.py:42} INFO - Uploaded to s3://statsbomb/matches/16/76.json
[2025-05-05T10:11:43.850+0000] {statsbomb_ingestion.py:30} INFO - Downloading https://raw.githubusercontent.com/statsbomb/open-data/master/data/matches/16/277.json
[2025-05-05T10:11:44.524+0000] {base.py:73} INFO - Using connection ID 'minio_default' for task execution.
[2025-05-05T10:11:44.530+0000] {connection_wrapper.py:340} INFO - AWS Connection (conn_id='minio_default', conn_type='s3') credentials retrieved from login and password.
[2025-05-05T10:11:44.730+0000] {statsbomb_ingestion.py:42} INFO - Uploaded to s3://statsbomb/matches/16/277.json
[2025-05-05T10:11:44.734+0000] {statsbomb_ingestion.py:30} INFO - Downloading https://raw.githubusercontent.com/statsbomb/open-data/master/data/matches/16/71.json
[2025-05-05T10:11:45.536+0000] {base.py:73} INFO - Using connection ID 'minio_default' for task execution.
[2025-05-05T10:11:45.538+0000] {connection_wrapper.py:340} INFO - AWS Connection (conn_id='minio_default', conn_type='s3') credentials retrieved from login and password.
[2025-05-05T10:11:45.750+0000] {statsbomb_ingestion.py:42} INFO - Uploaded to s3://statsbomb/matches/16/71.json
[2025-05-05T10:11:45.754+0000] {statsbomb_ingestion.py:30} INFO - Downloading https://raw.githubusercontent.com/statsbomb/open-data/master/data/matches/16/276.json
[2025-05-05T10:11:46.334+0000] {base.py:73} INFO - Using connection ID 'minio_default' for task execution.
[2025-05-05T10:11:46.337+0000] {connection_wrapper.py:340} INFO - AWS Connection (conn_id='minio_default', conn_type='s3') credentials retrieved from login and password.
[2025-05-05T10:11:46.702+0000] {statsbomb_ingestion.py:42} INFO - Uploaded to s3://statsbomb/matches/16/276.json
[2025-05-05T10:11:46.707+0000] {statsbomb_ingestion.py:30} INFO - Downloading https://raw.githubusercontent.com/statsbomb/open-data/master/data/matches/223/282.json
[2025-05-05T10:11:47.197+0000] {base.py:73} INFO - Using connection ID 'minio_default' for task execution.
[2025-05-05T10:11:47.200+0000] {connection_wrapper.py:340} INFO - AWS Connection (conn_id='minio_default', conn_type='s3') credentials retrieved from login and password.
[2025-05-05T10:11:47.383+0000] {statsbomb_ingestion.py:42} INFO - Uploaded to s3://statsbomb/matches/223/282.json
[2025-05-05T10:11:47.388+0000] {statsbomb_ingestion.py:30} INFO - Downloading https://raw.githubusercontent.com/statsbomb/open-data/master/data/matches/87/84.json
[2025-05-05T10:11:47.838+0000] {base.py:73} INFO - Using connection ID 'minio_default' for task execution.
[2025-05-05T10:11:47.840+0000] {connection_wrapper.py:340} INFO - AWS Connection (conn_id='minio_default', conn_type='s3') credentials retrieved from login and password.
[2025-05-05T10:11:48.066+0000] {statsbomb_ingestion.py:42} INFO - Uploaded to s3://statsbomb/matches/87/84.json
[2025-05-05T10:11:48.070+0000] {statsbomb_ingestion.py:30} INFO - Downloading https://raw.githubusercontent.com/statsbomb/open-data/master/data/matches/87/268.json
[2025-05-05T10:11:48.558+0000] {base.py:73} INFO - Using connection ID 'minio_default' for task execution.
[2025-05-05T10:11:48.562+0000] {connection_wrapper.py:340} INFO - AWS Connection (conn_id='minio_default', conn_type='s3') credentials retrieved from login and password.
[2025-05-05T10:11:48.762+0000] {statsbomb_ingestion.py:42} INFO - Uploaded to s3://statsbomb/matches/87/268.json
[2025-05-05T10:11:48.768+0000] {statsbomb_ingestion.py:30} INFO - Downloading https://raw.githubusercontent.com/statsbomb/open-data/master/data/matches/87/279.json
[2025-05-05T10:11:49.239+0000] {base.py:73} INFO - Using connection ID 'minio_default' for task execution.
[2025-05-05T10:11:49.247+0000] {connection_wrapper.py:340} INFO - AWS Connection (conn_id='minio_default', conn_type='s3') credentials retrieved from login and password.
[2025-05-05T10:11:50.004+0000] {statsbomb_ingestion.py:42} INFO - Uploaded to s3://statsbomb/matches/87/279.json
[2025-05-05T10:11:50.009+0000] {statsbomb_ingestion.py:30} INFO - Downloading https://raw.githubusercontent.com/statsbomb/open-data/master/data/matches/37/90.json
[2025-05-05T10:11:50.456+0000] {base.py:73} INFO - Using connection ID 'minio_default' for task execution.
[2025-05-05T10:11:50.458+0000] {connection_wrapper.py:340} INFO - AWS Connection (conn_id='minio_default', conn_type='s3') credentials retrieved from login and password.
[2025-05-05T10:11:50.798+0000] {statsbomb_ingestion.py:42} INFO - Uploaded to s3://statsbomb/matches/37/90.json
[2025-05-05T10:11:50.803+0000] {statsbomb_ingestion.py:30} INFO - Downloading https://raw.githubusercontent.com/statsbomb/open-data/master/data/matches/37/42.json
[2025-05-05T10:11:51.197+0000] {base.py:73} INFO - Using connection ID 'minio_default' for task execution.
[2025-05-05T10:11:51.202+0000] {connection_wrapper.py:340} INFO - AWS Connection (conn_id='minio_default', conn_type='s3') credentials retrieved from login and password.
[2025-05-05T10:11:51.471+0000] {statsbomb_ingestion.py:42} INFO - Uploaded to s3://statsbomb/matches/37/42.json
[2025-05-05T10:11:51.478+0000] {statsbomb_ingestion.py:30} INFO - Downloading https://raw.githubusercontent.com/statsbomb/open-data/master/data/matches/37/4.json
[2025-05-05T10:11:51.985+0000] {base.py:73} INFO - Using connection ID 'minio_default' for task execution.
[2025-05-05T10:11:51.989+0000] {connection_wrapper.py:340} INFO - AWS Connection (conn_id='minio_default', conn_type='s3') credentials retrieved from login and password.
[2025-05-05T10:11:52.444+0000] {statsbomb_ingestion.py:42} INFO - Uploaded to s3://statsbomb/matches/37/4.json
[2025-05-05T10:11:52.450+0000] {statsbomb_ingestion.py:30} INFO - Downloading https://raw.githubusercontent.com/statsbomb/open-data/master/data/matches/1470/274.json
[2025-05-05T10:11:52.834+0000] {base.py:73} INFO - Using connection ID 'minio_default' for task execution.
[2025-05-05T10:11:52.836+0000] {connection_wrapper.py:340} INFO - AWS Connection (conn_id='minio_default', conn_type='s3') credentials retrieved from login and password.
[2025-05-05T10:11:53.074+0000] {statsbomb_ingestion.py:42} INFO - Uploaded to s3://statsbomb/matches/1470/274.json
[2025-05-05T10:11:53.079+0000] {statsbomb_ingestion.py:30} INFO - Downloading https://raw.githubusercontent.com/statsbomb/open-data/master/data/matches/43/106.json
[2025-05-05T10:11:53.469+0000] {base.py:73} INFO - Using connection ID 'minio_default' for task execution.
[2025-05-05T10:11:53.471+0000] {connection_wrapper.py:340} INFO - AWS Connection (conn_id='minio_default', conn_type='s3') credentials retrieved from login and password.
[2025-05-05T10:11:53.672+0000] {statsbomb_ingestion.py:42} INFO - Uploaded to s3://statsbomb/matches/43/106.json
[2025-05-05T10:11:53.677+0000] {statsbomb_ingestion.py:30} INFO - Downloading https://raw.githubusercontent.com/statsbomb/open-data/master/data/matches/43/3.json
[2025-05-05T10:11:54.131+0000] {base.py:73} INFO - Using connection ID 'minio_default' for task execution.
[2025-05-05T10:11:54.134+0000] {connection_wrapper.py:340} INFO - AWS Connection (conn_id='minio_default', conn_type='s3') credentials retrieved from login and password.
[2025-05-05T10:11:54.357+0000] {statsbomb_ingestion.py:42} INFO - Uploaded to s3://statsbomb/matches/43/3.json
[2025-05-05T10:11:54.362+0000] {statsbomb_ingestion.py:30} INFO - Downloading https://raw.githubusercontent.com/statsbomb/open-data/master/data/matches/43/55.json
[2025-05-05T10:11:54.742+0000] {base.py:73} INFO - Using connection ID 'minio_default' for task execution.
[2025-05-05T10:11:54.745+0000] {connection_wrapper.py:340} INFO - AWS Connection (conn_id='minio_default', conn_type='s3') credentials retrieved from login and password.
[2025-05-05T10:11:55.149+0000] {statsbomb_ingestion.py:42} INFO - Uploaded to s3://statsbomb/matches/43/55.json
[2025-05-05T10:11:55.156+0000] {statsbomb_ingestion.py:30} INFO - Downloading https://raw.githubusercontent.com/statsbomb/open-data/master/data/matches/43/54.json
[2025-05-05T10:11:55.864+0000] {base.py:73} INFO - Using connection ID 'minio_default' for task execution.
[2025-05-05T10:11:55.873+0000] {connection_wrapper.py:340} INFO - AWS Connection (conn_id='minio_default', conn_type='s3') credentials retrieved from login and password.
[2025-05-05T10:11:56.102+0000] {statsbomb_ingestion.py:42} INFO - Uploaded to s3://statsbomb/matches/43/54.json
[2025-05-05T10:11:56.109+0000] {statsbomb_ingestion.py:30} INFO - Downloading https://raw.githubusercontent.com/statsbomb/open-data/master/data/matches/43/51.json
[2025-05-05T10:11:56.544+0000] {base.py:73} INFO - Using connection ID 'minio_default' for task execution.
[2025-05-05T10:11:56.546+0000] {connection_wrapper.py:340} INFO - AWS Connection (conn_id='minio_default', conn_type='s3') credentials retrieved from login and password.
[2025-05-05T10:11:56.749+0000] {statsbomb_ingestion.py:42} INFO - Uploaded to s3://statsbomb/matches/43/51.json
[2025-05-05T10:11:56.754+0000] {statsbomb_ingestion.py:30} INFO - Downloading https://raw.githubusercontent.com/statsbomb/open-data/master/data/matches/43/272.json
[2025-05-05T10:11:57.146+0000] {base.py:73} INFO - Using connection ID 'minio_default' for task execution.
[2025-05-05T10:11:57.149+0000] {connection_wrapper.py:340} INFO - AWS Connection (conn_id='minio_default', conn_type='s3') credentials retrieved from login and password.
[2025-05-05T10:11:57.402+0000] {statsbomb_ingestion.py:42} INFO - Uploaded to s3://statsbomb/matches/43/272.json
[2025-05-05T10:11:57.407+0000] {statsbomb_ingestion.py:30} INFO - Downloading https://raw.githubusercontent.com/statsbomb/open-data/master/data/matches/43/270.json
[2025-05-05T10:11:57.815+0000] {base.py:73} INFO - Using connection ID 'minio_default' for task execution.
[2025-05-05T10:11:57.817+0000] {connection_wrapper.py:340} INFO - AWS Connection (conn_id='minio_default', conn_type='s3') credentials retrieved from login and password.
[2025-05-05T10:11:58.321+0000] {statsbomb_ingestion.py:42} INFO - Uploaded to s3://statsbomb/matches/43/270.json
[2025-05-05T10:11:58.327+0000] {statsbomb_ingestion.py:30} INFO - Downloading https://raw.githubusercontent.com/statsbomb/open-data/master/data/matches/43/269.json
[2025-05-05T10:11:58.828+0000] {base.py:73} INFO - Using connection ID 'minio_default' for task execution.
[2025-05-05T10:11:58.830+0000] {connection_wrapper.py:340} INFO - AWS Connection (conn_id='minio_default', conn_type='s3') credentials retrieved from login and password.
[2025-05-05T10:11:59.011+0000] {statsbomb_ingestion.py:42} INFO - Uploaded to s3://statsbomb/matches/43/269.json
[2025-05-05T10:11:59.016+0000] {statsbomb_ingestion.py:30} INFO - Downloading https://raw.githubusercontent.com/statsbomb/open-data/master/data/matches/1238/108.json
[2025-05-05T10:11:59.549+0000] {base.py:73} INFO - Using connection ID 'minio_default' for task execution.
[2025-05-05T10:11:59.552+0000] {connection_wrapper.py:340} INFO - AWS Connection (conn_id='minio_default', conn_type='s3') credentials retrieved from login and password.
[2025-05-05T10:11:59.749+0000] {statsbomb_ingestion.py:42} INFO - Uploaded to s3://statsbomb/matches/1238/108.json
[2025-05-05T10:11:59.754+0000] {statsbomb_ingestion.py:30} INFO - Downloading https://raw.githubusercontent.com/statsbomb/open-data/master/data/matches/11/90.json
[2025-05-05T10:12:00.291+0000] {base.py:73} INFO - Using connection ID 'minio_default' for task execution.
[2025-05-05T10:12:00.294+0000] {connection_wrapper.py:340} INFO - AWS Connection (conn_id='minio_default', conn_type='s3') credentials retrieved from login and password.
[2025-05-05T10:12:00.536+0000] {statsbomb_ingestion.py:42} INFO - Uploaded to s3://statsbomb/matches/11/90.json
[2025-05-05T10:12:00.540+0000] {statsbomb_ingestion.py:30} INFO - Downloading https://raw.githubusercontent.com/statsbomb/open-data/master/data/matches/11/42.json
[2025-05-05T10:12:01.018+0000] {base.py:73} INFO - Using connection ID 'minio_default' for task execution.
[2025-05-05T10:12:01.020+0000] {connection_wrapper.py:340} INFO - AWS Connection (conn_id='minio_default', conn_type='s3') credentials retrieved from login and password.
[2025-05-05T10:12:01.432+0000] {statsbomb_ingestion.py:42} INFO - Uploaded to s3://statsbomb/matches/11/42.json
[2025-05-05T10:12:01.437+0000] {statsbomb_ingestion.py:30} INFO - Downloading https://raw.githubusercontent.com/statsbomb/open-data/master/data/matches/11/4.json
[2025-05-05T10:12:02.120+0000] {base.py:73} INFO - Using connection ID 'minio_default' for task execution.
[2025-05-05T10:12:02.123+0000] {connection_wrapper.py:340} INFO - AWS Connection (conn_id='minio_default', conn_type='s3') credentials retrieved from login and password.
[2025-05-05T10:12:02.381+0000] {statsbomb_ingestion.py:42} INFO - Uploaded to s3://statsbomb/matches/11/4.json
[2025-05-05T10:12:02.387+0000] {statsbomb_ingestion.py:30} INFO - Downloading https://raw.githubusercontent.com/statsbomb/open-data/master/data/matches/11/1.json
[2025-05-05T10:12:02.951+0000] {base.py:73} INFO - Using connection ID 'minio_default' for task execution.
[2025-05-05T10:12:02.955+0000] {connection_wrapper.py:340} INFO - AWS Connection (conn_id='minio_default', conn_type='s3') credentials retrieved from login and password.
[2025-05-05T10:12:03.372+0000] {statsbomb_ingestion.py:42} INFO - Uploaded to s3://statsbomb/matches/11/1.json
[2025-05-05T10:12:03.380+0000] {statsbomb_ingestion.py:30} INFO - Downloading https://raw.githubusercontent.com/statsbomb/open-data/master/data/matches/11/2.json
[2025-05-05T10:12:03.861+0000] {base.py:73} INFO - Using connection ID 'minio_default' for task execution.
[2025-05-05T10:12:03.864+0000] {connection_wrapper.py:340} INFO - AWS Connection (conn_id='minio_default', conn_type='s3') credentials retrieved from login and password.
[2025-05-05T10:12:04.158+0000] {statsbomb_ingestion.py:42} INFO - Uploaded to s3://statsbomb/matches/11/2.json
[2025-05-05T10:12:04.167+0000] {statsbomb_ingestion.py:30} INFO - Downloading https://raw.githubusercontent.com/statsbomb/open-data/master/data/matches/11/27.json
[2025-05-05T10:12:04.773+0000] {base.py:73} INFO - Using connection ID 'minio_default' for task execution.
[2025-05-05T10:12:04.779+0000] {connection_wrapper.py:340} INFO - AWS Connection (conn_id='minio_default', conn_type='s3') credentials retrieved from login and password.
[2025-05-05T10:12:06.047+0000] {statsbomb_ingestion.py:42} INFO - Uploaded to s3://statsbomb/matches/11/27.json
[2025-05-05T10:12:06.054+0000] {statsbomb_ingestion.py:30} INFO - Downloading https://raw.githubusercontent.com/statsbomb/open-data/master/data/matches/11/26.json
[2025-05-05T10:12:06.564+0000] {base.py:73} INFO - Using connection ID 'minio_default' for task execution.
[2025-05-05T10:12:06.570+0000] {connection_wrapper.py:340} INFO - AWS Connection (conn_id='minio_default', conn_type='s3') credentials retrieved from login and password.
[2025-05-05T10:12:07.061+0000] {statsbomb_ingestion.py:42} INFO - Uploaded to s3://statsbomb/matches/11/26.json
[2025-05-05T10:12:07.066+0000] {statsbomb_ingestion.py:30} INFO - Downloading https://raw.githubusercontent.com/statsbomb/open-data/master/data/matches/11/25.json
[2025-05-05T10:12:07.551+0000] {base.py:73} INFO - Using connection ID 'minio_default' for task execution.
[2025-05-05T10:12:07.554+0000] {connection_wrapper.py:340} INFO - AWS Connection (conn_id='minio_default', conn_type='s3') credentials retrieved from login and password.
[2025-05-05T10:12:07.837+0000] {statsbomb_ingestion.py:42} INFO - Uploaded to s3://statsbomb/matches/11/25.json
[2025-05-05T10:12:07.842+0000] {statsbomb_ingestion.py:30} INFO - Downloading https://raw.githubusercontent.com/statsbomb/open-data/master/data/matches/11/24.json
[2025-05-05T10:12:08.278+0000] {base.py:73} INFO - Using connection ID 'minio_default' for task execution.
[2025-05-05T10:12:08.281+0000] {connection_wrapper.py:340} INFO - AWS Connection (conn_id='minio_default', conn_type='s3') credentials retrieved from login and password.
[2025-05-05T10:12:08.463+0000] {statsbomb_ingestion.py:42} INFO - Uploaded to s3://statsbomb/matches/11/24.json
[2025-05-05T10:12:08.470+0000] {statsbomb_ingestion.py:30} INFO - Downloading https://raw.githubusercontent.com/statsbomb/open-data/master/data/matches/11/23.json
[2025-05-05T10:12:08.940+0000] {base.py:73} INFO - Using connection ID 'minio_default' for task execution.
[2025-05-05T10:12:08.943+0000] {connection_wrapper.py:340} INFO - AWS Connection (conn_id='minio_default', conn_type='s3') credentials retrieved from login and password.
[2025-05-05T10:12:09.456+0000] {statsbomb_ingestion.py:42} INFO - Uploaded to s3://statsbomb/matches/11/23.json
[2025-05-05T10:12:09.461+0000] {statsbomb_ingestion.py:30} INFO - Downloading https://raw.githubusercontent.com/statsbomb/open-data/master/data/matches/11/22.json
[2025-05-05T10:12:09.874+0000] {base.py:73} INFO - Using connection ID 'minio_default' for task execution.
[2025-05-05T10:12:09.877+0000] {connection_wrapper.py:340} INFO - AWS Connection (conn_id='minio_default', conn_type='s3') credentials retrieved from login and password.
[2025-05-05T10:12:10.109+0000] {statsbomb_ingestion.py:42} INFO - Uploaded to s3://statsbomb/matches/11/22.json
[2025-05-05T10:12:10.113+0000] {statsbomb_ingestion.py:30} INFO - Downloading https://raw.githubusercontent.com/statsbomb/open-data/master/data/matches/11/21.json
[2025-05-05T10:12:11.037+0000] {base.py:73} INFO - Using connection ID 'minio_default' for task execution.
[2025-05-05T10:12:11.041+0000] {connection_wrapper.py:340} INFO - AWS Connection (conn_id='minio_default', conn_type='s3') credentials retrieved from login and password.
[2025-05-05T10:12:11.262+0000] {statsbomb_ingestion.py:42} INFO - Uploaded to s3://statsbomb/matches/11/21.json
[2025-05-05T10:12:11.267+0000] {statsbomb_ingestion.py:30} INFO - Downloading https://raw.githubusercontent.com/statsbomb/open-data/master/data/matches/11/41.json
[2025-05-05T10:12:11.702+0000] {base.py:73} INFO - Using connection ID 'minio_default' for task execution.
[2025-05-05T10:12:11.704+0000] {connection_wrapper.py:340} INFO - AWS Connection (conn_id='minio_default', conn_type='s3') credentials retrieved from login and password.
[2025-05-05T10:12:11.909+0000] {statsbomb_ingestion.py:42} INFO - Uploaded to s3://statsbomb/matches/11/41.json
[2025-05-05T10:12:11.915+0000] {statsbomb_ingestion.py:30} INFO - Downloading https://raw.githubusercontent.com/statsbomb/open-data/master/data/matches/11/40.json
[2025-05-05T10:12:12.382+0000] {base.py:73} INFO - Using connection ID 'minio_default' for task execution.
[2025-05-05T10:12:12.384+0000] {connection_wrapper.py:340} INFO - AWS Connection (conn_id='minio_default', conn_type='s3') credentials retrieved from login and password.
[2025-05-05T10:12:12.819+0000] {statsbomb_ingestion.py:42} INFO - Uploaded to s3://statsbomb/matches/11/40.json
[2025-05-05T10:12:12.825+0000] {statsbomb_ingestion.py:30} INFO - Downloading https://raw.githubusercontent.com/statsbomb/open-data/master/data/matches/11/39.json
[2025-05-05T10:12:13.255+0000] {base.py:73} INFO - Using connection ID 'minio_default' for task execution.
[2025-05-05T10:12:13.259+0000] {connection_wrapper.py:340} INFO - AWS Connection (conn_id='minio_default', conn_type='s3') credentials retrieved from login and password.
[2025-05-05T10:12:13.478+0000] {statsbomb_ingestion.py:42} INFO - Uploaded to s3://statsbomb/matches/11/39.json
[2025-05-05T10:12:13.483+0000] {statsbomb_ingestion.py:30} INFO - Downloading https://raw.githubusercontent.com/statsbomb/open-data/master/data/matches/11/38.json
[2025-05-05T10:12:13.870+0000] {base.py:73} INFO - Using connection ID 'minio_default' for task execution.
[2025-05-05T10:12:13.873+0000] {connection_wrapper.py:340} INFO - AWS Connection (conn_id='minio_default', conn_type='s3') credentials retrieved from login and password.
[2025-05-05T10:12:14.050+0000] {statsbomb_ingestion.py:42} INFO - Uploaded to s3://statsbomb/matches/11/38.json
[2025-05-05T10:12:14.056+0000] {statsbomb_ingestion.py:30} INFO - Downloading https://raw.githubusercontent.com/statsbomb/open-data/master/data/matches/11/37.json
[2025-05-05T10:12:14.462+0000] {base.py:73} INFO - Using connection ID 'minio_default' for task execution.
[2025-05-05T10:12:14.464+0000] {connection_wrapper.py:340} INFO - AWS Connection (conn_id='minio_default', conn_type='s3') credentials retrieved from login and password.
[2025-05-05T10:12:14.642+0000] {statsbomb_ingestion.py:42} INFO - Uploaded to s3://statsbomb/matches/11/37.json
[2025-05-05T10:12:14.647+0000] {statsbomb_ingestion.py:30} INFO - Downloading https://raw.githubusercontent.com/statsbomb/open-data/master/data/matches/11/278.json
[2025-05-05T10:12:15.049+0000] {base.py:73} INFO - Using connection ID 'minio_default' for task execution.
[2025-05-05T10:12:15.052+0000] {connection_wrapper.py:340} INFO - AWS Connection (conn_id='minio_default', conn_type='s3') credentials retrieved from login and password.
[2025-05-05T10:12:15.393+0000] {statsbomb_ingestion.py:42} INFO - Uploaded to s3://statsbomb/matches/11/278.json
[2025-05-05T10:12:15.400+0000] {statsbomb_ingestion.py:30} INFO - Downloading https://raw.githubusercontent.com/statsbomb/open-data/master/data/matches/81/48.json
[2025-05-05T10:12:15.831+0000] {base.py:73} INFO - Using connection ID 'minio_default' for task execution.
[2025-05-05T10:12:15.833+0000] {connection_wrapper.py:340} INFO - AWS Connection (conn_id='minio_default', conn_type='s3') credentials retrieved from login and password.
[2025-05-05T10:12:16.017+0000] {statsbomb_ingestion.py:42} INFO - Uploaded to s3://statsbomb/matches/81/48.json
[2025-05-05T10:12:16.024+0000] {statsbomb_ingestion.py:30} INFO - Downloading https://raw.githubusercontent.com/statsbomb/open-data/master/data/matches/81/275.json
[2025-05-05T10:12:16.443+0000] {base.py:73} INFO - Using connection ID 'minio_default' for task execution.
[2025-05-05T10:12:16.446+0000] {connection_wrapper.py:340} INFO - AWS Connection (conn_id='minio_default', conn_type='s3') credentials retrieved from login and password.
[2025-05-05T10:12:16.604+0000] {statsbomb_ingestion.py:42} INFO - Uploaded to s3://statsbomb/matches/81/275.json
[2025-05-05T10:12:16.609+0000] {statsbomb_ingestion.py:30} INFO - Downloading https://raw.githubusercontent.com/statsbomb/open-data/master/data/matches/7/235.json
[2025-05-05T10:12:17.035+0000] {base.py:73} INFO - Using connection ID 'minio_default' for task execution.
[2025-05-05T10:12:17.037+0000] {connection_wrapper.py:340} INFO - AWS Connection (conn_id='minio_default', conn_type='s3') credentials retrieved from login and password.
[2025-05-05T10:12:17.229+0000] {statsbomb_ingestion.py:42} INFO - Uploaded to s3://statsbomb/matches/7/235.json
[2025-05-05T10:12:17.234+0000] {statsbomb_ingestion.py:30} INFO - Downloading https://raw.githubusercontent.com/statsbomb/open-data/master/data/matches/7/108.json
[2025-05-05T10:12:17.644+0000] {base.py:73} INFO - Using connection ID 'minio_default' for task execution.
[2025-05-05T10:12:17.646+0000] {connection_wrapper.py:340} INFO - AWS Connection (conn_id='minio_default', conn_type='s3') credentials retrieved from login and password.
[2025-05-05T10:12:18.046+0000] {statsbomb_ingestion.py:42} INFO - Uploaded to s3://statsbomb/matches/7/108.json
[2025-05-05T10:12:18.052+0000] {statsbomb_ingestion.py:30} INFO - Downloading https://raw.githubusercontent.com/statsbomb/open-data/master/data/matches/7/27.json
[2025-05-05T10:12:18.588+0000] {base.py:73} INFO - Using connection ID 'minio_default' for task execution.
[2025-05-05T10:12:18.592+0000] {connection_wrapper.py:340} INFO - AWS Connection (conn_id='minio_default', conn_type='s3') credentials retrieved from login and password.
[2025-05-05T10:12:18.784+0000] {statsbomb_ingestion.py:42} INFO - Uploaded to s3://statsbomb/matches/7/27.json
[2025-05-05T10:12:18.789+0000] {statsbomb_ingestion.py:30} INFO - Downloading https://raw.githubusercontent.com/statsbomb/open-data/master/data/matches/44/107.json
[2025-05-05T10:12:19.178+0000] {base.py:73} INFO - Using connection ID 'minio_default' for task execution.
[2025-05-05T10:12:19.183+0000] {connection_wrapper.py:340} INFO - AWS Connection (conn_id='minio_default', conn_type='s3') credentials retrieved from login and password.
[2025-05-05T10:12:19.348+0000] {statsbomb_ingestion.py:42} INFO - Uploaded to s3://statsbomb/matches/44/107.json
[2025-05-05T10:12:19.353+0000] {statsbomb_ingestion.py:30} INFO - Downloading https://raw.githubusercontent.com/statsbomb/open-data/master/data/matches/116/68.json
[2025-05-05T10:12:19.861+0000] {base.py:73} INFO - Using connection ID 'minio_default' for task execution.
[2025-05-05T10:12:19.863+0000] {connection_wrapper.py:340} INFO - AWS Connection (conn_id='minio_default', conn_type='s3') credentials retrieved from login and password.
[2025-05-05T10:12:20.046+0000] {statsbomb_ingestion.py:42} INFO - Uploaded to s3://statsbomb/matches/116/68.json
[2025-05-05T10:12:20.051+0000] {statsbomb_ingestion.py:30} INFO - Downloading https://raw.githubusercontent.com/statsbomb/open-data/master/data/matches/49/3.json
[2025-05-05T10:12:20.496+0000] {base.py:73} INFO - Using connection ID 'minio_default' for task execution.
[2025-05-05T10:12:20.498+0000] {connection_wrapper.py:340} INFO - AWS Connection (conn_id='minio_default', conn_type='s3') credentials retrieved from login and password.
[2025-05-05T10:12:20.901+0000] {statsbomb_ingestion.py:42} INFO - Uploaded to s3://statsbomb/matches/49/3.json
[2025-05-05T10:12:20.907+0000] {statsbomb_ingestion.py:30} INFO - Downloading https://raw.githubusercontent.com/statsbomb/open-data/master/data/matches/2/27.json
[2025-05-05T10:12:21.401+0000] {base.py:73} INFO - Using connection ID 'minio_default' for task execution.
[2025-05-05T10:12:21.403+0000] {connection_wrapper.py:340} INFO - AWS Connection (conn_id='minio_default', conn_type='s3') credentials retrieved from login and password.
[2025-05-05T10:12:21.660+0000] {statsbomb_ingestion.py:42} INFO - Uploaded to s3://statsbomb/matches/2/27.json
[2025-05-05T10:12:21.665+0000] {statsbomb_ingestion.py:30} INFO - Downloading https://raw.githubusercontent.com/statsbomb/open-data/master/data/matches/2/44.json
[2025-05-05T10:12:22.078+0000] {base.py:73} INFO - Using connection ID 'minio_default' for task execution.
[2025-05-05T10:12:22.081+0000] {connection_wrapper.py:340} INFO - AWS Connection (conn_id='minio_default', conn_type='s3') credentials retrieved from login and password.
[2025-05-05T10:12:22.285+0000] {statsbomb_ingestion.py:42} INFO - Uploaded to s3://statsbomb/matches/2/44.json
[2025-05-05T10:12:22.292+0000] {statsbomb_ingestion.py:30} INFO - Downloading https://raw.githubusercontent.com/statsbomb/open-data/master/data/matches/12/27.json
[2025-05-05T10:12:22.824+0000] {base.py:73} INFO - Using connection ID 'minio_default' for task execution.
[2025-05-05T10:12:22.826+0000] {connection_wrapper.py:340} INFO - AWS Connection (conn_id='minio_default', conn_type='s3') credentials retrieved from login and password.
[2025-05-05T10:12:23.020+0000] {statsbomb_ingestion.py:42} INFO - Uploaded to s3://statsbomb/matches/12/27.json
[2025-05-05T10:12:23.028+0000] {statsbomb_ingestion.py:30} INFO - Downloading https://raw.githubusercontent.com/statsbomb/open-data/master/data/matches/12/86.json
[2025-05-05T10:12:23.418+0000] {base.py:73} INFO - Using connection ID 'minio_default' for task execution.
[2025-05-05T10:12:23.421+0000] {connection_wrapper.py:340} INFO - AWS Connection (conn_id='minio_default', conn_type='s3') credentials retrieved from login and password.
[2025-05-05T10:12:23.879+0000] {statsbomb_ingestion.py:42} INFO - Uploaded to s3://statsbomb/matches/12/86.json
[2025-05-05T10:12:23.888+0000] {statsbomb_ingestion.py:30} INFO - Downloading https://raw.githubusercontent.com/statsbomb/open-data/master/data/matches/55/282.json
[2025-05-05T10:12:24.295+0000] {base.py:73} INFO - Using connection ID 'minio_default' for task execution.
[2025-05-05T10:12:24.298+0000] {connection_wrapper.py:340} INFO - AWS Connection (conn_id='minio_default', conn_type='s3') credentials retrieved from login and password.
[2025-05-05T10:12:24.492+0000] {statsbomb_ingestion.py:42} INFO - Uploaded to s3://statsbomb/matches/55/282.json
[2025-05-05T10:12:24.500+0000] {statsbomb_ingestion.py:30} INFO - Downloading https://raw.githubusercontent.com/statsbomb/open-data/master/data/matches/55/43.json
[2025-05-05T10:12:24.952+0000] {base.py:73} INFO - Using connection ID 'minio_default' for task execution.
[2025-05-05T10:12:24.954+0000] {connection_wrapper.py:340} INFO - AWS Connection (conn_id='minio_default', conn_type='s3') credentials retrieved from login and password.
[2025-05-05T10:12:25.159+0000] {statsbomb_ingestion.py:42} INFO - Uploaded to s3://statsbomb/matches/55/43.json
[2025-05-05T10:12:25.166+0000] {statsbomb_ingestion.py:30} INFO - Downloading https://raw.githubusercontent.com/statsbomb/open-data/master/data/matches/35/75.json
[2025-05-05T10:12:25.715+0000] {base.py:73} INFO - Using connection ID 'minio_default' for task execution.
[2025-05-05T10:12:25.718+0000] {connection_wrapper.py:340} INFO - AWS Connection (conn_id='minio_default', conn_type='s3') credentials retrieved from login and password.
[2025-05-05T10:12:25.899+0000] {statsbomb_ingestion.py:42} INFO - Uploaded to s3://statsbomb/matches/35/75.json
[2025-05-05T10:12:25.906+0000] {statsbomb_ingestion.py:30} INFO - Downloading https://raw.githubusercontent.com/statsbomb/open-data/master/data/matches/53/106.json
[2025-05-05T10:12:26.360+0000] {base.py:73} INFO - Using connection ID 'minio_default' for task execution.
[2025-05-05T10:12:26.363+0000] {connection_wrapper.py:340} INFO - AWS Connection (conn_id='minio_default', conn_type='s3') credentials retrieved from login and password.
[2025-05-05T10:12:26.776+0000] {statsbomb_ingestion.py:42} INFO - Uploaded to s3://statsbomb/matches/53/106.json
[2025-05-05T10:12:26.781+0000] {statsbomb_ingestion.py:30} INFO - Downloading https://raw.githubusercontent.com/statsbomb/open-data/master/data/matches/72/107.json
[2025-05-05T10:12:27.251+0000] {base.py:73} INFO - Using connection ID 'minio_default' for task execution.
[2025-05-05T10:12:27.253+0000] {connection_wrapper.py:340} INFO - AWS Connection (conn_id='minio_default', conn_type='s3') credentials retrieved from login and password.
[2025-05-05T10:12:27.506+0000] {statsbomb_ingestion.py:42} INFO - Uploaded to s3://statsbomb/matches/72/107.json
[2025-05-05T10:12:27.514+0000] {statsbomb_ingestion.py:30} INFO - Downloading https://raw.githubusercontent.com/statsbomb/open-data/master/data/matches/72/30.json
[2025-05-05T10:12:27.987+0000] {base.py:73} INFO - Using connection ID 'minio_default' for task execution.
[2025-05-05T10:12:27.992+0000] {connection_wrapper.py:340} INFO - AWS Connection (conn_id='minio_default', conn_type='s3') credentials retrieved from login and password.
[2025-05-05T10:12:28.224+0000] {statsbomb_ingestion.py:42} INFO - Uploaded to s3://statsbomb/matches/72/30.json
[2025-05-05T10:12:28.274+0000] {python.py:194} INFO - Done. Returned value was: None
[2025-05-05T10:12:28.364+0000] {taskinstance.py:1398} INFO - Marking task as SUCCESS. dag_id=statsbomb_full_ingestion, task_id=ingest_matches, execution_date=20250504T000000, start_date=20250505T101127, end_date=20250505T101228
[2025-05-05T10:12:28.481+0000] {local_task_job_runner.py:228} INFO - Task exited with return code 0
[2025-05-05T10:12:28.969+0000] {taskinstance.py:2776} INFO - 1 downstream tasks scheduled from follow-on schedule check
